[0.039s] Invoking command in '/simulation/ros2_sim_ws/build/robot_pkg': CMAKE_PREFIX_PATH=${CMAKE_PREFIX_PATH}:/opt/ros/humble /usr/bin/cmake /simulation/ros2_sim_ws/src/robot_pkg -DAMENT_CMAKE_SYMLINK_INSTALL=1 -DCMAKE_INSTALL_PREFIX=/simulation/ros2_sim_ws/install/robot_pkg
[0.236s] -- The C compiler identification is GNU 11.4.0
[0.399s] -- The CXX compiler identification is GNU 11.4.0
[0.420s] -- Detecting C compiler ABI info
[0.589s] -- Detecting C compiler ABI info - done
[0.610s] -- Check for working C compiler: /usr/bin/cc - skipped
[0.610s] -- Detecting C compile features
[0.611s] -- Detecting C compile features - done
[0.620s] -- Detecting CXX compiler ABI info
[0.775s] -- Detecting CXX compiler ABI info - done
[0.794s] -- Check for working CXX compiler: /usr/bin/c++ - skipped
[0.795s] -- Detecting CXX compile features
[0.796s] -- Detecting CXX compile features - done
[0.803s] -- Found ament_cmake: 1.3.10 (/opt/ros/humble/share/ament_cmake/cmake)
[1.133s] -- Found Python3: /usr/bin/python3 (found version "3.10.12") found components: Interpreter 
[1.274s] -- Override CMake install command with custom implementation using symlinks instead of copying resources
[1.345s] -- Found ament_lint_auto: 0.12.11 (/opt/ros/humble/share/ament_lint_auto/cmake)
[1.525s] -- Added test 'flake8' to check Python code syntax and style conventions
[1.526s] -- Added test 'lint_cmake' to check CMake code style
[1.527s] -- Added test 'pep257' to check Python code against some of the docstring style conventions in PEP 257
[1.529s] -- Added test 'xmllint' to check XML markup files
[1.532s] -- Configuring done
[1.537s] -- Generating done
[1.540s] -- Build files have been written to: /simulation/ros2_sim_ws/build/robot_pkg
[1.552s] Invoked command in '/simulation/ros2_sim_ws/build/robot_pkg' returned '0': CMAKE_PREFIX_PATH=${CMAKE_PREFIX_PATH}:/opt/ros/humble /usr/bin/cmake /simulation/ros2_sim_ws/src/robot_pkg -DAMENT_CMAKE_SYMLINK_INSTALL=1 -DCMAKE_INSTALL_PREFIX=/simulation/ros2_sim_ws/install/robot_pkg
[1.556s] Invoking command in '/simulation/ros2_sim_ws/build/robot_pkg': CMAKE_PREFIX_PATH=${CMAKE_PREFIX_PATH}:/opt/ros/humble /usr/bin/cmake --build /simulation/ros2_sim_ws/build/robot_pkg -- -j8 -l8
[1.636s] Invoked command in '/simulation/ros2_sim_ws/build/robot_pkg' returned '0': CMAKE_PREFIX_PATH=${CMAKE_PREFIX_PATH}:/opt/ros/humble /usr/bin/cmake --build /simulation/ros2_sim_ws/build/robot_pkg -- -j8 -l8
[1.700s] Invoking command in '/simulation/ros2_sim_ws/build/robot_pkg': CMAKE_PREFIX_PATH=${CMAKE_PREFIX_PATH}:/opt/ros/humble /usr/bin/cmake --install /simulation/ros2_sim_ws/build/robot_pkg
[1.714s] -- Install configuration: ""
[1.715s] -- Execute custom install script
[1.716s] -- Symlinking: /simulation/ros2_sim_ws/install/robot_pkg/share/ament_index/resource_index/package_run_dependencies/robot_pkg
[1.734s] -- Symlinking: /simulation/ros2_sim_ws/install/robot_pkg/share/ament_index/resource_index/parent_prefix_path/robot_pkg
[1.752s] -- Symlinking: /simulation/ros2_sim_ws/install/robot_pkg/share/robot_pkg/environment/ament_prefix_path.sh
[1.769s] -- Symlinking: /simulation/ros2_sim_ws/install/robot_pkg/share/robot_pkg/environment/ament_prefix_path.dsv
[1.785s] -- Symlinking: /simulation/ros2_sim_ws/install/robot_pkg/share/robot_pkg/environment/path.sh
[1.804s] -- Symlinking: /simulation/ros2_sim_ws/install/robot_pkg/share/robot_pkg/environment/path.dsv
[1.821s] -- Symlinking: /simulation/ros2_sim_ws/install/robot_pkg/share/robot_pkg/local_setup.bash
[1.837s] -- Symlinking: /simulation/ros2_sim_ws/install/robot_pkg/share/robot_pkg/local_setup.sh
[1.854s] -- Symlinking: /simulation/ros2_sim_ws/install/robot_pkg/share/robot_pkg/local_setup.zsh
[1.868s] -- Symlinking: /simulation/ros2_sim_ws/install/robot_pkg/share/robot_pkg/local_setup.dsv
[1.885s] -- Symlinking: /simulation/ros2_sim_ws/install/robot_pkg/share/robot_pkg/package.dsv
[1.902s] -- Symlinking: /simulation/ros2_sim_ws/install/robot_pkg/share/ament_index/resource_index/packages/robot_pkg
[1.919s] -- Symlinking: /simulation/ros2_sim_ws/install/robot_pkg/share/robot_pkg/cmake/robot_pkgConfig.cmake
[1.936s] -- Symlinking: /simulation/ros2_sim_ws/install/robot_pkg/share/robot_pkg/cmake/robot_pkgConfig-version.cmake
[1.952s] -- Symlinking: /simulation/ros2_sim_ws/install/robot_pkg/share/robot_pkg/package.xml
[1.997s] Invoked command in '/simulation/ros2_sim_ws/build/robot_pkg' returned '0': CMAKE_PREFIX_PATH=${CMAKE_PREFIX_PATH}:/opt/ros/humble /usr/bin/cmake --install /simulation/ros2_sim_ws/build/robot_pkg
