[0.488s] Invoking command in '/simulation/ros2_sim_ws/build/robot_pkg': CMAKE_PREFIX_PATH=${CMAKE_PREFIX_PATH}:/simulation/ros2_sim_ws/install/joystick_tester:/opt/ros/humble /usr/bin/cmake --build /simulation/ros2_sim_ws/build/robot_pkg -- -j8 -l8
[0.566s] Invoked command in '/simulation/ros2_sim_ws/build/robot_pkg' returned '0': CMAKE_PREFIX_PATH=${CMAKE_PREFIX_PATH}:/simulation/ros2_sim_ws/install/joystick_tester:/opt/ros/humble /usr/bin/cmake --build /simulation/ros2_sim_ws/build/robot_pkg -- -j8 -l8
[0.634s] Invoking command in '/simulation/ros2_sim_ws/build/robot_pkg': CMAKE_PREFIX_PATH=${CMAKE_PREFIX_PATH}:/simulation/ros2_sim_ws/install/joystick_tester:/opt/ros/humble /usr/bin/cmake --install /simulation/ros2_sim_ws/build/robot_pkg
[0.649s] -- Install configuration: ""
[0.649s] -- Execute custom install script
[0.650s] -- Symlinking: /simulation/ros2_sim_ws/install/robot_pkg/share/robot_pkg/launch/joystic_kuba.launch.py
[0.666s] -- Up-to-date symlink: /simulation/ros2_sim_ws/install/robot_pkg/share/robot_pkg/launch/joystick.launch.py
[0.667s] -- Up-to-date symlink: /simulation/ros2_sim_ws/install/robot_pkg/share/robot_pkg/launch/launch_sim.launch.py
[0.667s] -- Up-to-date symlink: /simulation/ros2_sim_ws/install/robot_pkg/share/robot_pkg/launch/robot_urdf.launch.py
[0.667s] -- Up-to-date symlink: /simulation/ros2_sim_ws/install/robot_pkg/share/robot_pkg/description/gazebo_control.xacro
[0.667s] -- Up-to-date symlink: /simulation/ros2_sim_ws/install/robot_pkg/share/robot_pkg/description/inertial_macros.xacro
[0.667s] -- Up-to-date symlink: /simulation/ros2_sim_ws/install/robot_pkg/share/robot_pkg/description/lidar.xacro
[0.667s] -- Up-to-date symlink: /simulation/ros2_sim_ws/install/robot_pkg/share/robot_pkg/description/robot.urdf.xacro
[0.668s] -- Up-to-date symlink: /simulation/ros2_sim_ws/install/robot_pkg/share/robot_pkg/description/robot_core.xacro
[0.668s] -- Up-to-date symlink: /simulation/ros2_sim_ws/install/robot_pkg/share/robot_pkg/config/joystick.yaml
[0.668s] -- Up-to-date symlink: /simulation/ros2_sim_ws/install/robot_pkg/share/robot_pkg/config/robot_sim.rviz
[0.668s] -- Up-to-date symlink: /simulation/ros2_sim_ws/install/robot_pkg/share/robot_pkg/config/twist_mux.yaml
[0.669s] -- Up-to-date symlink: /simulation/ros2_sim_ws/install/robot_pkg/share/ament_index/resource_index/package_run_dependencies/robot_pkg
[0.669s] -- Up-to-date symlink: /simulation/ros2_sim_ws/install/robot_pkg/share/ament_index/resource_index/parent_prefix_path/robot_pkg
[0.669s] -- Up-to-date symlink: /simulation/ros2_sim_ws/install/robot_pkg/share/robot_pkg/environment/ament_prefix_path.sh
[0.670s] -- Up-to-date symlink: /simulation/ros2_sim_ws/install/robot_pkg/share/robot_pkg/environment/ament_prefix_path.dsv
[0.670s] -- Up-to-date symlink: /simulation/ros2_sim_ws/install/robot_pkg/share/robot_pkg/environment/path.sh
[0.670s] -- Up-to-date symlink: /simulation/ros2_sim_ws/install/robot_pkg/share/robot_pkg/environment/path.dsv
[0.671s] -- Up-to-date symlink: /simulation/ros2_sim_ws/install/robot_pkg/share/robot_pkg/local_setup.bash
[0.671s] -- Up-to-date symlink: /simulation/ros2_sim_ws/install/robot_pkg/share/robot_pkg/local_setup.sh
[0.671s] -- Up-to-date symlink: /simulation/ros2_sim_ws/install/robot_pkg/share/robot_pkg/local_setup.zsh
[0.671s] -- Up-to-date symlink: /simulation/ros2_sim_ws/install/robot_pkg/share/robot_pkg/local_setup.dsv
[0.671s] -- Symlinking: /simulation/ros2_sim_ws/install/robot_pkg/share/robot_pkg/package.dsv
[0.687s] -- Up-to-date symlink: /simulation/ros2_sim_ws/install/robot_pkg/share/ament_index/resource_index/packages/robot_pkg
[0.688s] -- Up-to-date symlink: /simulation/ros2_sim_ws/install/robot_pkg/share/robot_pkg/cmake/robot_pkgConfig.cmake
[0.688s] -- Up-to-date symlink: /simulation/ros2_sim_ws/install/robot_pkg/share/robot_pkg/cmake/robot_pkgConfig-version.cmake
[0.688s] -- Up-to-date symlink: /simulation/ros2_sim_ws/install/robot_pkg/share/robot_pkg/package.xml
[0.692s] Invoked command in '/simulation/ros2_sim_ws/build/robot_pkg' returned '0': CMAKE_PREFIX_PATH=${CMAKE_PREFIX_PATH}:/simulation/ros2_sim_ws/install/joystick_tester:/opt/ros/humble /usr/bin/cmake --install /simulation/ros2_sim_ws/build/robot_pkg
