[0.021s] Invoking command in '/simulation/build/navigation_pkg': CMAKE_PREFIX_PATH=${CMAKE_PREFIX_PATH}:/opt/ros/humble /usr/bin/cmake /simulation/ros2_sim_ws/src/navigation_pkg -DCMAKE_INSTALL_PREFIX=/simulation/install/navigation_pkg
[0.050s] -- Found ament_cmake: 1.3.11 (/opt/ros/humble/share/ament_cmake/cmake)
[0.222s] -- Override CMake install command with custom implementation using symlinks instead of copying resources
[0.230s] -- Found ament_lint_auto: 0.12.11 (/opt/ros/humble/share/ament_lint_auto/cmake)
[0.311s] -- Added test 'lint_cmake' to check CMake code style
[0.311s] -- Added test 'xmllint' to check XML markup files
[0.313s] -- Configuring done
[0.316s] -- Generating done
[0.318s] -- Build files have been written to: /simulation/build/navigation_pkg
[0.320s] Invoked command in '/simulation/build/navigation_pkg' returned '0': CMAKE_PREFIX_PATH=${CMAKE_PREFIX_PATH}:/opt/ros/humble /usr/bin/cmake /simulation/ros2_sim_ws/src/navigation_pkg -DCMAKE_INSTALL_PREFIX=/simulation/install/navigation_pkg
[0.322s] Invoking command in '/simulation/build/navigation_pkg': CMAKE_PREFIX_PATH=${CMAKE_PREFIX_PATH}:/opt/ros/humble /usr/bin/cmake --build /simulation/build/navigation_pkg -- -j12 -l12
[0.401s] Invoked command in '/simulation/build/navigation_pkg' returned '0': CMAKE_PREFIX_PATH=${CMAKE_PREFIX_PATH}:/opt/ros/humble /usr/bin/cmake --build /simulation/build/navigation_pkg -- -j12 -l12
[0.402s] Invoking command in '/simulation/build/navigation_pkg': CMAKE_PREFIX_PATH=${CMAKE_PREFIX_PATH}:/opt/ros/humble /usr/bin/cmake --install /simulation/build/navigation_pkg
[0.413s] -- Install configuration: ""
[0.413s] -- Execute custom install script
[0.414s] -- Up-to-date symlink: /simulation/install/navigation_pkg/share/ament_index/resource_index/package_run_dependencies/navigation_pkg
[0.414s] -- Up-to-date symlink: /simulation/install/navigation_pkg/share/ament_index/resource_index/parent_prefix_path/navigation_pkg
[0.414s] -- Up-to-date symlink: /simulation/install/navigation_pkg/share/navigation_pkg/environment/ament_prefix_path.sh
[0.415s] -- Up-to-date symlink: /simulation/install/navigation_pkg/share/navigation_pkg/environment/ament_prefix_path.dsv
[0.415s] -- Up-to-date symlink: /simulation/install/navigation_pkg/share/navigation_pkg/environment/path.sh
[0.415s] -- Up-to-date symlink: /simulation/install/navigation_pkg/share/navigation_pkg/environment/path.dsv
[0.415s] -- Up-to-date symlink: /simulation/install/navigation_pkg/share/navigation_pkg/local_setup.bash
[0.415s] -- Up-to-date symlink: /simulation/install/navigation_pkg/share/navigation_pkg/local_setup.sh
[0.415s] -- Up-to-date symlink: /simulation/install/navigation_pkg/share/navigation_pkg/local_setup.zsh
[0.415s] -- Up-to-date symlink: /simulation/install/navigation_pkg/share/navigation_pkg/local_setup.dsv
[0.416s] -- Symlinking: /simulation/install/navigation_pkg/share/navigation_pkg/package.dsv
[0.428s] -- Up-to-date symlink: /simulation/install/navigation_pkg/share/ament_index/resource_index/packages/navigation_pkg
[0.428s] -- Up-to-date symlink: /simulation/install/navigation_pkg/share/navigation_pkg/cmake/navigation_pkgConfig.cmake
[0.428s] -- Up-to-date symlink: /simulation/install/navigation_pkg/share/navigation_pkg/cmake/navigation_pkgConfig-version.cmake
[0.429s] -- Up-to-date symlink: /simulation/install/navigation_pkg/share/navigation_pkg/package.xml
[0.430s] Invoked command in '/simulation/build/navigation_pkg' returned '0': CMAKE_PREFIX_PATH=${CMAKE_PREFIX_PATH}:/opt/ros/humble /usr/bin/cmake --install /simulation/build/navigation_pkg
