[0.013s] Invoking command in '/simulation/build/slam_pkg': CMAKE_PREFIX_PATH=${CMAKE_PREFIX_PATH}:/opt/ros/humble /usr/bin/cmake --build /simulation/build/slam_pkg -- -j12 -l12
[0.046s] Invoked command in '/simulation/build/slam_pkg' returned '0': CMAKE_PREFIX_PATH=${CMAKE_PREFIX_PATH}:/opt/ros/humble /usr/bin/cmake --build /simulation/build/slam_pkg -- -j12 -l12
[0.048s] Invoking command in '/simulation/build/slam_pkg': CMAKE_PREFIX_PATH=${CMAKE_PREFIX_PATH}:/opt/ros/humble /usr/bin/cmake --install /simulation/build/slam_pkg
[0.055s] -- Install configuration: ""
[0.057s] -- Execute custom install script
[0.057s] -- Up-to-date symlink: /simulation/install/slam_pkg/share/ament_index/resource_index/package_run_dependencies/slam_pkg
[0.057s] -- Up-to-date symlink: /simulation/install/slam_pkg/share/ament_index/resource_index/parent_prefix_path/slam_pkg
[0.057s] -- Up-to-date symlink: /simulation/install/slam_pkg/share/slam_pkg/environment/ament_prefix_path.sh
[0.057s] -- Up-to-date symlink: /simulation/install/slam_pkg/share/slam_pkg/environment/ament_prefix_path.dsv
[0.057s] -- Up-to-date symlink: /simulation/install/slam_pkg/share/slam_pkg/environment/path.sh
[0.057s] -- Up-to-date symlink: /simulation/install/slam_pkg/share/slam_pkg/environment/path.dsv
[0.057s] -- Up-to-date symlink: /simulation/install/slam_pkg/share/slam_pkg/local_setup.bash
[0.057s] -- Up-to-date symlink: /simulation/install/slam_pkg/share/slam_pkg/local_setup.sh
[0.057s] -- Up-to-date symlink: /simulation/install/slam_pkg/share/slam_pkg/local_setup.zsh
[0.057s] -- Up-to-date symlink: /simulation/install/slam_pkg/share/slam_pkg/local_setup.dsv
[0.057s] -- Symlinking: /simulation/install/slam_pkg/share/slam_pkg/package.dsv
[0.063s] -- Up-to-date symlink: /simulation/install/slam_pkg/share/ament_index/resource_index/packages/slam_pkg
[0.063s] -- Up-to-date symlink: /simulation/install/slam_pkg/share/slam_pkg/cmake/slam_pkgConfig.cmake
[0.063s] -- Up-to-date symlink: /simulation/install/slam_pkg/share/slam_pkg/cmake/slam_pkgConfig-version.cmake
[0.063s] -- Up-to-date symlink: /simulation/install/slam_pkg/share/slam_pkg/package.xml
[0.084s] Invoked command in '/simulation/build/slam_pkg' returned '0': CMAKE_PREFIX_PATH=${CMAKE_PREFIX_PATH}:/opt/ros/humble /usr/bin/cmake --install /simulation/build/slam_pkg
