[0.045s] Invoking command in '/simulation/ros2_sim_ws/build/navigation_pkg': CMAKE_PREFIX_PATH=${CMAKE_PREFIX_PATH}:/opt/ros/humble /usr/bin/cmake --build /simulation/ros2_sim_ws/build/navigation_pkg -- -j8 -l8
[0.129s] Invoked command in '/simulation/ros2_sim_ws/build/navigation_pkg' returned '0': CMAKE_PREFIX_PATH=${CMAKE_PREFIX_PATH}:/opt/ros/humble /usr/bin/cmake --build /simulation/ros2_sim_ws/build/navigation_pkg -- -j8 -l8
[0.193s] Invoking command in '/simulation/ros2_sim_ws/build/navigation_pkg': CMAKE_PREFIX_PATH=${CMAKE_PREFIX_PATH}:/opt/ros/humble /usr/bin/cmake --install /simulation/ros2_sim_ws/build/navigation_pkg
[0.209s] -- Install configuration: ""
[0.210s] -- Execute custom install script
[0.211s] -- Up-to-date symlink: /simulation/ros2_sim_ws/install/navigation_pkg/share/ament_index/resource_index/package_run_dependencies/navigation_pkg
[0.213s] -- Up-to-date symlink: /simulation/ros2_sim_ws/install/navigation_pkg/share/ament_index/resource_index/parent_prefix_path/navigation_pkg
[0.213s] -- Up-to-date symlink: /simulation/ros2_sim_ws/install/navigation_pkg/share/navigation_pkg/environment/ament_prefix_path.sh
[0.213s] -- Up-to-date symlink: /simulation/ros2_sim_ws/install/navigation_pkg/share/navigation_pkg/environment/ament_prefix_path.dsv
[0.216s] -- Up-to-date symlink: /simulation/ros2_sim_ws/install/navigation_pkg/share/navigation_pkg/environment/path.sh
[0.217s] -- Up-to-date symlink: /simulation/ros2_sim_ws/install/navigation_pkg/share/navigation_pkg/environment/path.dsv
[0.217s] -- Up-to-date symlink: /simulation/ros2_sim_ws/install/navigation_pkg/share/navigation_pkg/local_setup.bash
[0.217s] -- Up-to-date symlink: /simulation/ros2_sim_ws/install/navigation_pkg/share/navigation_pkg/local_setup.sh
[0.218s] -- Up-to-date symlink: /simulation/ros2_sim_ws/install/navigation_pkg/share/navigation_pkg/local_setup.zsh
[0.218s] -- Up-to-date symlink: /simulation/ros2_sim_ws/install/navigation_pkg/share/navigation_pkg/local_setup.dsv
[0.218s] -- Symlinking: /simulation/ros2_sim_ws/install/navigation_pkg/share/navigation_pkg/package.dsv
[0.240s] -- Up-to-date symlink: /simulation/ros2_sim_ws/install/navigation_pkg/share/ament_index/resource_index/packages/navigation_pkg
[0.240s] -- Up-to-date symlink: /simulation/ros2_sim_ws/install/navigation_pkg/share/navigation_pkg/cmake/navigation_pkgConfig.cmake
[0.241s] -- Up-to-date symlink: /simulation/ros2_sim_ws/install/navigation_pkg/share/navigation_pkg/cmake/navigation_pkgConfig-version.cmake
[0.241s] -- Up-to-date symlink: /simulation/ros2_sim_ws/install/navigation_pkg/share/navigation_pkg/package.xml
[0.296s] Invoked command in '/simulation/ros2_sim_ws/build/navigation_pkg' returned '0': CMAKE_PREFIX_PATH=${CMAKE_PREFIX_PATH}:/opt/ros/humble /usr/bin/cmake --install /simulation/ros2_sim_ws/build/navigation_pkg
