[0.009s] Invoking command in '/simulation/ros2_sim_ws/build/ldlidar_stl_ros2': CMAKE_PREFIX_PATH=/opt/ros/humble /usr/bin/cmake /simulation/ros2_sim_ws/src/ldlidar_stl_ros2 -DCMAKE_INSTALL_PREFIX=/simulation/ros2_sim_ws/install/ldlidar_stl_ros2
[0.063s] -- The C compiler identification is GNU 11.4.0
[0.101s] -- The CXX compiler identification is GNU 11.4.0
[0.107s] -- Detecting C compiler ABI info
[0.178s] -- Detecting C compiler ABI info - done
[0.183s] -- Check for working C compiler: /usr/bin/cc - skipped
[0.183s] -- Detecting C compile features
[0.183s] -- Detecting C compile features - done
[0.185s] -- Detecting CXX compiler ABI info
[0.254s] -- Detecting CXX compiler ABI info - done
[0.258s] -- Check for working CXX compiler: /usr/bin/c++ - skipped
[0.259s] -- Detecting CXX compile features
[0.259s] -- Detecting CXX compile features - done
[0.263s] -- Found ament_cmake: 1.3.11 (/opt/ros/humble/share/ament_cmake/cmake)
[0.361s] -- Found Python3: /usr/bin/python3 (found version "3.10.12") found components: Interpreter 
[0.430s] -- Found rclcpp: 16.0.11 (/opt/ros/humble/share/rclcpp/cmake)
[0.469s] -- Found rosidl_generator_c: 3.1.6 (/opt/ros/humble/share/rosidl_generator_c/cmake)
[0.473s] -- Found rosidl_adapter: 3.1.6 (/opt/ros/humble/share/rosidl_adapter/cmake)
[0.484s] -- Found rosidl_generator_cpp: 3.1.6 (/opt/ros/humble/share/rosidl_generator_cpp/cmake)
[0.499s] -- Using all available rosidl_typesupport_c: rosidl_typesupport_fastrtps_c;rosidl_typesupport_introspection_c
[0.518s] -- Using all available rosidl_typesupport_cpp: rosidl_typesupport_fastrtps_cpp;rosidl_typesupport_introspection_cpp
[0.581s] -- Found rmw_implementation_cmake: 6.1.2 (/opt/ros/humble/share/rmw_implementation_cmake/cmake)
[0.586s] -- Found rmw_fastrtps_cpp: 6.2.7 (/opt/ros/humble/share/rmw_fastrtps_cpp/cmake)
[0.700s] -- Found OpenSSL: /usr/lib/x86_64-linux-gnu/libcrypto.so (found version "3.0.2")  
[0.743s] -- Found FastRTPS: /opt/ros/humble/include  
[0.794s] -- Using RMW implementation 'rmw_fastrtps_cpp' as default
[0.802s] -- Looking for pthread.h
[0.872s] -- Looking for pthread.h - found
[0.872s] -- Performing Test CMAKE_HAVE_LIBC_PTHREAD
[0.940s] -- Performing Test CMAKE_HAVE_LIBC_PTHREAD - Success
[0.941s] -- Found Threads: TRUE  
[0.979s] -- Found sensor_msgs: 4.2.4 (/opt/ros/humble/share/sensor_msgs/cmake)
[0.998s] -- Found ament_lint_auto: 0.12.11 (/opt/ros/humble/share/ament_lint_auto/cmake)
[1.065s] -- Added test 'copyright' to check source files copyright and LICENSE
[1.068s] -- Added test 'cppcheck' to perform static code analysis on C / C++ code
[1.068s] -- Configured cppcheck include dirs: /simulation/ros2_sim_ws/src/ldlidar_stl_ros2/include;/simulation/ros2_sim_ws/src/ldlidar_stl_ros2/ldlidar_driver/include/core;/simulation/ros2_sim_ws/src/ldlidar_stl_ros2/ldlidar_driver/include/dataprocess;/simulation/ros2_sim_ws/src/ldlidar_stl_ros2/ldlidar_driver/include/filter;/simulation/ros2_sim_ws/src/ldlidar_stl_ros2/ldlidar_driver/include/logger;/simulation/ros2_sim_ws/src/ldlidar_stl_ros2/ldlidar_driver/include/networkcom;/simulation/ros2_sim_ws/src/ldlidar_stl_ros2/ldlidar_driver/include/serialcom
[1.068s] -- Configured cppcheck exclude dirs and/or files: 
[1.070s] -- Added test 'cpplint' to check C / C++ code against the Google style
[1.070s] -- Configured cpplint exclude dirs and/or files: 
[1.071s] -- Added test 'flake8' to check Python code syntax and style conventions
[1.072s] -- Added test 'lint_cmake' to check CMake code style
[1.073s] -- Added test 'pep257' to check Python code against some of the docstring style conventions in PEP 257
[1.075s] -- Added test 'uncrustify' to check C / C++ code style
[1.075s] -- Configured uncrustify additional arguments: 
[1.076s] -- Added test 'xmllint' to check XML markup files
[1.077s] -- Configuring done
[1.084s] -- Generating done
[1.087s] -- Build files have been written to: /simulation/ros2_sim_ws/build/ldlidar_stl_ros2
[1.093s] Invoked command in '/simulation/ros2_sim_ws/build/ldlidar_stl_ros2' returned '0': CMAKE_PREFIX_PATH=/opt/ros/humble /usr/bin/cmake /simulation/ros2_sim_ws/src/ldlidar_stl_ros2 -DCMAKE_INSTALL_PREFIX=/simulation/ros2_sim_ws/install/ldlidar_stl_ros2
[1.095s] Invoking command in '/simulation/ros2_sim_ws/build/ldlidar_stl_ros2': CMAKE_PREFIX_PATH=/opt/ros/humble /usr/bin/cmake --build /simulation/ros2_sim_ws/build/ldlidar_stl_ros2 -- -j12 -l12
[1.141s] [ 37%] [32mBuilding CXX object CMakeFiles/ldlidar_stl_ros2_node.dir/ldlidar_driver/src/core/ldlidar_driver.cpp.o[0m
[1.141s] [ 37%] [32mBuilding CXX object CMakeFiles/ldlidar_stl_ros2_node.dir/src/demo.cpp.o[0m
[1.141s] [ 37%] [32mBuilding CXX object CMakeFiles/ldlidar_stl_ros2_node.dir/ldlidar_driver/src/filter/tofbf.cpp.o[0m
[1.141s] [ 50%] [32mBuilding CXX object CMakeFiles/ldlidar_stl_ros2_node.dir/ldlidar_driver/src/serialcom/serial_interface_linux.cpp.o[0m
[1.144s] [ 62%] [32mBuilding CXX object CMakeFiles/ldlidar_stl_ros2_node.dir/ldlidar_driver/src/dataprocess/lipkg.cpp.o[0m
[1.144s] [ 75%] [32mBuilding CXX object CMakeFiles/ldlidar_stl_ros2_node.dir/ldlidar_driver/src/logger/log_module.cpp.o[0m
[1.146s] [ 87%] [32mBuilding CXX object CMakeFiles/ldlidar_stl_ros2_node.dir/ldlidar_driver/src/networkcom/network_socket_interface_linux.cpp.o[0m
[4.900s] [100%] [32m[1mLinking CXX executable ldlidar_stl_ros2_node[0m
[5.064s] [100%] Built target ldlidar_stl_ros2_node
[5.071s] Invoked command in '/simulation/ros2_sim_ws/build/ldlidar_stl_ros2' returned '0': CMAKE_PREFIX_PATH=/opt/ros/humble /usr/bin/cmake --build /simulation/ros2_sim_ws/build/ldlidar_stl_ros2 -- -j12 -l12
[5.078s] Invoking command in '/simulation/ros2_sim_ws/build/ldlidar_stl_ros2': CMAKE_PREFIX_PATH=/opt/ros/humble /usr/bin/cmake --install /simulation/ros2_sim_ws/build/ldlidar_stl_ros2
[5.086s] -- Install configuration: ""
[5.086s] -- Installing: /simulation/ros2_sim_ws/install/ldlidar_stl_ros2/lib/ldlidar_stl_ros2/ldlidar_stl_ros2_node
[5.087s] -- Set runtime path of "/simulation/ros2_sim_ws/install/ldlidar_stl_ros2/lib/ldlidar_stl_ros2/ldlidar_stl_ros2_node" to ""
[5.087s] -- Installing: /simulation/ros2_sim_ws/install/ldlidar_stl_ros2/share/ldlidar_stl_ros2//launch
[5.087s] -- Installing: /simulation/ros2_sim_ws/install/ldlidar_stl_ros2/share/ldlidar_stl_ros2//launch/viewer_stl27l.launch.py
[5.087s] -- Installing: /simulation/ros2_sim_ws/install/ldlidar_stl_ros2/share/ldlidar_stl_ros2//launch/viewer_ld19.launch.py
[5.087s] -- Installing: /simulation/ros2_sim_ws/install/ldlidar_stl_ros2/share/ldlidar_stl_ros2//launch/viewer_ld06.launch.py
[5.087s] -- Installing: /simulation/ros2_sim_ws/install/ldlidar_stl_ros2/share/ldlidar_stl_ros2//launch/stl27l.launch.py
[5.087s] -- Installing: /simulation/ros2_sim_ws/install/ldlidar_stl_ros2/share/ldlidar_stl_ros2//launch/ld06.launch.py
[5.088s] -- Installing: /simulation/ros2_sim_ws/install/ldlidar_stl_ros2/share/ldlidar_stl_ros2//launch/ld19.launch.py
[5.088s] -- Installing: /simulation/ros2_sim_ws/install/ldlidar_stl_ros2/share/ldlidar_stl_ros2//rviz2
[5.088s] -- Installing: /simulation/ros2_sim_ws/install/ldlidar_stl_ros2/share/ldlidar_stl_ros2//rviz2/ldlidar.rviz
[5.088s] -- Installing: /simulation/ros2_sim_ws/install/ldlidar_stl_ros2/share/ament_index/resource_index/package_run_dependencies/ldlidar_stl_ros2
[5.088s] -- Installing: /simulation/ros2_sim_ws/install/ldlidar_stl_ros2/share/ament_index/resource_index/parent_prefix_path/ldlidar_stl_ros2
[5.088s] -- Installing: /simulation/ros2_sim_ws/install/ldlidar_stl_ros2/share/ldlidar_stl_ros2/environment/ament_prefix_path.sh
[5.088s] -- Installing: /simulation/ros2_sim_ws/install/ldlidar_stl_ros2/share/ldlidar_stl_ros2/environment/ament_prefix_path.dsv
[5.088s] -- Installing: /simulation/ros2_sim_ws/install/ldlidar_stl_ros2/share/ldlidar_stl_ros2/environment/path.sh
[5.088s] -- Installing: /simulation/ros2_sim_ws/install/ldlidar_stl_ros2/share/ldlidar_stl_ros2/environment/path.dsv
[5.088s] -- Installing: /simulation/ros2_sim_ws/install/ldlidar_stl_ros2/share/ldlidar_stl_ros2/local_setup.bash
[5.089s] -- Installing: /simulation/ros2_sim_ws/install/ldlidar_stl_ros2/share/ldlidar_stl_ros2/local_setup.sh
[5.089s] -- Installing: /simulation/ros2_sim_ws/install/ldlidar_stl_ros2/share/ldlidar_stl_ros2/local_setup.zsh
[5.089s] -- Installing: /simulation/ros2_sim_ws/install/ldlidar_stl_ros2/share/ldlidar_stl_ros2/local_setup.dsv
[5.089s] -- Installing: /simulation/ros2_sim_ws/install/ldlidar_stl_ros2/share/ldlidar_stl_ros2/package.dsv
[5.089s] -- Installing: /simulation/ros2_sim_ws/install/ldlidar_stl_ros2/share/ament_index/resource_index/packages/ldlidar_stl_ros2
[5.089s] -- Installing: /simulation/ros2_sim_ws/install/ldlidar_stl_ros2/share/ldlidar_stl_ros2/cmake/ldlidar_stl_ros2Config.cmake
[5.089s] -- Installing: /simulation/ros2_sim_ws/install/ldlidar_stl_ros2/share/ldlidar_stl_ros2/cmake/ldlidar_stl_ros2Config-version.cmake
[5.089s] -- Installing: /simulation/ros2_sim_ws/install/ldlidar_stl_ros2/share/ldlidar_stl_ros2/package.xml
[5.090s] Invoked command in '/simulation/ros2_sim_ws/build/ldlidar_stl_ros2' returned '0': CMAKE_PREFIX_PATH=/opt/ros/humble /usr/bin/cmake --install /simulation/ros2_sim_ws/build/ldlidar_stl_ros2
