[0.017s] Invoking command in '/simulation/build/ldlidar_stl_ros2': CMAKE_PREFIX_PATH=/opt/ros/humble /usr/bin/cmake /simulation/ros2_sim_ws/src/ldlidar_stl_ros2 -DAMENT_CMAKE_SYMLINK_INSTALL=1 -DCMAKE_INSTALL_PREFIX=/simulation/install/ldlidar_stl_ros2
[0.087s] -- The C compiler identification is GNU 11.4.0
[0.146s] -- The CXX compiler identification is GNU 11.4.0
[0.154s] -- Detecting C compiler ABI info
[0.229s] -- Detecting C compiler ABI info - done
[0.237s] -- Check for working C compiler: /usr/bin/cc - skipped
[0.237s] -- Detecting C compile features
[0.238s] -- Detecting C compile features - done
[0.241s] -- Detecting CXX compiler ABI info
[0.322s] -- Detecting CXX compiler ABI info - done
[0.332s] -- Check for working CXX compiler: /usr/bin/c++ - skipped
[0.332s] -- Detecting CXX compile features
[0.333s] -- Detecting CXX compile features - done
[0.337s] -- Found ament_cmake: 1.3.11 (/opt/ros/humble/share/ament_cmake/cmake)
[0.492s] -- Found Python3: /usr/bin/python3 (found version "3.10.12") found components: Interpreter 
[0.558s] -- Override CMake install command with custom implementation using symlinks instead of copying resources
[0.608s] -- Found rclcpp: 16.0.11 (/opt/ros/humble/share/rclcpp/cmake)
[0.681s] -- Found rosidl_generator_c: 3.1.6 (/opt/ros/humble/share/rosidl_generator_c/cmake)
[0.691s] -- Found rosidl_adapter: 3.1.6 (/opt/ros/humble/share/rosidl_adapter/cmake)
[0.704s] -- Found rosidl_generator_cpp: 3.1.6 (/opt/ros/humble/share/rosidl_generator_cpp/cmake)
[0.725s] -- Using all available rosidl_typesupport_c: rosidl_typesupport_fastrtps_c;rosidl_typesupport_introspection_c
[0.751s] -- Using all available rosidl_typesupport_cpp: rosidl_typesupport_fastrtps_cpp;rosidl_typesupport_introspection_cpp
[0.807s] -- Found rmw_implementation_cmake: 6.1.2 (/opt/ros/humble/share/rmw_implementation_cmake/cmake)
[0.811s] -- Found rmw_fastrtps_cpp: 6.2.7 (/opt/ros/humble/share/rmw_fastrtps_cpp/cmake)
[0.927s] -- Found OpenSSL: /usr/lib/x86_64-linux-gnu/libcrypto.so (found version "3.0.2")  
[0.963s] -- Found FastRTPS: /opt/ros/humble/include  
[1.026s] -- Using RMW implementation 'rmw_fastrtps_cpp' as default
[1.039s] -- Looking for pthread.h
[1.124s] -- Looking for pthread.h - found
[1.125s] -- Performing Test CMAKE_HAVE_LIBC_PTHREAD
[1.217s] -- Performing Test CMAKE_HAVE_LIBC_PTHREAD - Success
[1.219s] -- Found Threads: TRUE  
[1.264s] -- Found sensor_msgs: 4.2.4 (/opt/ros/humble/share/sensor_msgs/cmake)
[1.284s] -- Found ament_lint_auto: 0.12.11 (/opt/ros/humble/share/ament_lint_auto/cmake)
[1.369s] -- Added test 'copyright' to check source files copyright and LICENSE
[1.371s] -- Added test 'cppcheck' to perform static code analysis on C / C++ code
[1.372s] -- Configured cppcheck include dirs: /simulation/ros2_sim_ws/src/ldlidar_stl_ros2/include;/simulation/ros2_sim_ws/src/ldlidar_stl_ros2/ldlidar_driver/include/core;/simulation/ros2_sim_ws/src/ldlidar_stl_ros2/ldlidar_driver/include/dataprocess;/simulation/ros2_sim_ws/src/ldlidar_stl_ros2/ldlidar_driver/include/filter;/simulation/ros2_sim_ws/src/ldlidar_stl_ros2/ldlidar_driver/include/logger;/simulation/ros2_sim_ws/src/ldlidar_stl_ros2/ldlidar_driver/include/networkcom;/simulation/ros2_sim_ws/src/ldlidar_stl_ros2/ldlidar_driver/include/serialcom
[1.372s] -- Configured cppcheck exclude dirs and/or files: 
[1.374s] -- Added test 'cpplint' to check C / C++ code against the Google style
[1.374s] -- Configured cpplint exclude dirs and/or files: 
[1.374s] -- Added test 'flake8' to check Python code syntax and style conventions
[1.375s] -- Added test 'lint_cmake' to check CMake code style
[1.376s] -- Added test 'pep257' to check Python code against some of the docstring style conventions in PEP 257
[1.378s] -- Added test 'uncrustify' to check C / C++ code style
[1.378s] -- Configured uncrustify additional arguments: 
[1.378s] -- Added test 'xmllint' to check XML markup files
[1.379s] -- Configuring done
[1.386s] -- Generating done
[1.388s] -- Build files have been written to: /simulation/build/ldlidar_stl_ros2
[1.395s] Invoked command in '/simulation/build/ldlidar_stl_ros2' returned '0': CMAKE_PREFIX_PATH=/opt/ros/humble /usr/bin/cmake /simulation/ros2_sim_ws/src/ldlidar_stl_ros2 -DAMENT_CMAKE_SYMLINK_INSTALL=1 -DCMAKE_INSTALL_PREFIX=/simulation/install/ldlidar_stl_ros2
[1.395s] Invoking command in '/simulation/build/ldlidar_stl_ros2': CMAKE_PREFIX_PATH=/opt/ros/humble /usr/bin/cmake --build /simulation/build/ldlidar_stl_ros2 -- -j12 -l12
[1.448s] [ 12%] [32mBuilding CXX object CMakeFiles/ldlidar_stl_ros2_node.dir/ldlidar_driver/src/core/ldlidar_driver.cpp.o[0m
[1.448s] [ 25%] [32mBuilding CXX object CMakeFiles/ldlidar_stl_ros2_node.dir/ldlidar_driver/src/filter/tofbf.cpp.o[0m
[1.449s] [ 37%] [32mBuilding CXX object CMakeFiles/ldlidar_stl_ros2_node.dir/src/demo.cpp.o[0m
[1.449s] [ 50%] [32mBuilding CXX object CMakeFiles/ldlidar_stl_ros2_node.dir/ldlidar_driver/src/networkcom/network_socket_interface_linux.cpp.o[0m
[1.454s] [ 62%] [32mBuilding CXX object CMakeFiles/ldlidar_stl_ros2_node.dir/ldlidar_driver/src/logger/log_module.cpp.o[0m
[1.454s] [ 75%] [32mBuilding CXX object CMakeFiles/ldlidar_stl_ros2_node.dir/ldlidar_driver/src/dataprocess/lipkg.cpp.o[0m
[1.456s] [ 87%] [32mBuilding CXX object CMakeFiles/ldlidar_stl_ros2_node.dir/ldlidar_driver/src/serialcom/serial_interface_linux.cpp.o[0m
[4.711s] [100%] [32m[1mLinking CXX executable ldlidar_stl_ros2_node[0m
[4.873s] [100%] Built target ldlidar_stl_ros2_node
[4.883s] Invoked command in '/simulation/build/ldlidar_stl_ros2' returned '0': CMAKE_PREFIX_PATH=/opt/ros/humble /usr/bin/cmake --build /simulation/build/ldlidar_stl_ros2 -- -j12 -l12
[4.885s] Invoking command in '/simulation/build/ldlidar_stl_ros2': CMAKE_PREFIX_PATH=/opt/ros/humble /usr/bin/cmake --install /simulation/build/ldlidar_stl_ros2
[4.890s] -- Install configuration: ""
[4.890s] -- Execute custom install script
[4.891s] -- Symlinking: /simulation/install/ldlidar_stl_ros2/lib/ldlidar_stl_ros2/ldlidar_stl_ros2_node
[4.897s] -- Symlinking: /simulation/install/ldlidar_stl_ros2/share/ldlidar_stl_ros2//launch/ld06.launch.py
[4.903s] -- Symlinking: /simulation/install/ldlidar_stl_ros2/share/ldlidar_stl_ros2//launch/ld19.launch.py
[4.910s] -- Symlinking: /simulation/install/ldlidar_stl_ros2/share/ldlidar_stl_ros2//launch/stl27l.launch.py
[4.918s] -- Symlinking: /simulation/install/ldlidar_stl_ros2/share/ldlidar_stl_ros2//launch/viewer_ld06.launch.py
[4.926s] -- Symlinking: /simulation/install/ldlidar_stl_ros2/share/ldlidar_stl_ros2//launch/viewer_ld19.launch.py
[4.937s] -- Symlinking: /simulation/install/ldlidar_stl_ros2/share/ldlidar_stl_ros2//launch/viewer_stl27l.launch.py
[4.945s] -- Symlinking: /simulation/install/ldlidar_stl_ros2/share/ldlidar_stl_ros2//rviz2/ldlidar.rviz
[4.952s] -- Symlinking: /simulation/install/ldlidar_stl_ros2/share/ament_index/resource_index/package_run_dependencies/ldlidar_stl_ros2
[4.959s] -- Symlinking: /simulation/install/ldlidar_stl_ros2/share/ament_index/resource_index/parent_prefix_path/ldlidar_stl_ros2
[4.965s] -- Symlinking: /simulation/install/ldlidar_stl_ros2/share/ldlidar_stl_ros2/environment/ament_prefix_path.sh
[4.973s] -- Symlinking: /simulation/install/ldlidar_stl_ros2/share/ldlidar_stl_ros2/environment/ament_prefix_path.dsv
[4.981s] -- Symlinking: /simulation/install/ldlidar_stl_ros2/share/ldlidar_stl_ros2/environment/path.sh
[4.988s] -- Symlinking: /simulation/install/ldlidar_stl_ros2/share/ldlidar_stl_ros2/environment/path.dsv
[4.996s] -- Symlinking: /simulation/install/ldlidar_stl_ros2/share/ldlidar_stl_ros2/local_setup.bash
[5.002s] -- Symlinking: /simulation/install/ldlidar_stl_ros2/share/ldlidar_stl_ros2/local_setup.sh
[5.010s] -- Symlinking: /simulation/install/ldlidar_stl_ros2/share/ldlidar_stl_ros2/local_setup.zsh
[5.017s] -- Symlinking: /simulation/install/ldlidar_stl_ros2/share/ldlidar_stl_ros2/local_setup.dsv
[5.025s] -- Symlinking: /simulation/install/ldlidar_stl_ros2/share/ldlidar_stl_ros2/package.dsv
[5.035s] -- Symlinking: /simulation/install/ldlidar_stl_ros2/share/ament_index/resource_index/packages/ldlidar_stl_ros2
[5.044s] -- Symlinking: /simulation/install/ldlidar_stl_ros2/share/ldlidar_stl_ros2/cmake/ldlidar_stl_ros2Config.cmake
[5.052s] -- Symlinking: /simulation/install/ldlidar_stl_ros2/share/ldlidar_stl_ros2/cmake/ldlidar_stl_ros2Config-version.cmake
[5.060s] -- Symlinking: /simulation/install/ldlidar_stl_ros2/share/ldlidar_stl_ros2/package.xml
[5.069s] Invoked command in '/simulation/build/ldlidar_stl_ros2' returned '0': CMAKE_PREFIX_PATH=/opt/ros/humble /usr/bin/cmake --install /simulation/build/ldlidar_stl_ros2
