[0.016s] Invoking command in '/simulation/build/ldlidar_stl_ros2': CMAKE_PREFIX_PATH=${CMAKE_PREFIX_PATH}:/opt/ros/humble /usr/bin/cmake --build /simulation/build/ldlidar_stl_ros2 -- -j12 -l12
[0.070s] [100%] Built target ldlidar_stl_ros2_node
[0.101s] Invoked command in '/simulation/build/ldlidar_stl_ros2' returned '0': CMAKE_PREFIX_PATH=${CMAKE_PREFIX_PATH}:/opt/ros/humble /usr/bin/cmake --build /simulation/build/ldlidar_stl_ros2 -- -j12 -l12
[0.103s] Invoking command in '/simulation/build/ldlidar_stl_ros2': CMAKE_PREFIX_PATH=${CMAKE_PREFIX_PATH}:/opt/ros/humble /usr/bin/cmake --install /simulation/build/ldlidar_stl_ros2
[0.111s] -- Install configuration: ""
[0.112s] -- Execute custom install script
[0.114s] -- Up-to-date symlink: /simulation/install/ldlidar_stl_ros2/lib/ldlidar_stl_ros2/ldlidar_stl_ros2_node
[0.114s] -- Up-to-date symlink: /simulation/install/ldlidar_stl_ros2/share/ldlidar_stl_ros2//launch/ld06.launch.py
[0.114s] -- Up-to-date symlink: /simulation/install/ldlidar_stl_ros2/share/ldlidar_stl_ros2//launch/ld19.launch.py
[0.115s] -- Up-to-date symlink: /simulation/install/ldlidar_stl_ros2/share/ldlidar_stl_ros2//launch/lidar_launch.launch.py
[0.115s] -- Up-to-date symlink: /simulation/install/ldlidar_stl_ros2/share/ldlidar_stl_ros2//launch/stl27l.launch.py
[0.116s] -- Up-to-date symlink: /simulation/install/ldlidar_stl_ros2/share/ldlidar_stl_ros2//launch/viewer_ld06.launch.py
[0.116s] -- Up-to-date symlink: /simulation/install/ldlidar_stl_ros2/share/ldlidar_stl_ros2//launch/viewer_ld19.launch.py
[0.116s] -- Up-to-date symlink: /simulation/install/ldlidar_stl_ros2/share/ldlidar_stl_ros2//launch/viewer_stl27l.launch.py
[0.117s] -- Up-to-date symlink: /simulation/install/ldlidar_stl_ros2/share/ldlidar_stl_ros2//rviz2/ldlidar.rviz
[0.117s] -- Up-to-date symlink: /simulation/install/ldlidar_stl_ros2/share/ament_index/resource_index/package_run_dependencies/ldlidar_stl_ros2
[0.117s] -- Up-to-date symlink: /simulation/install/ldlidar_stl_ros2/share/ament_index/resource_index/parent_prefix_path/ldlidar_stl_ros2
[0.117s] -- Up-to-date symlink: /simulation/install/ldlidar_stl_ros2/share/ldlidar_stl_ros2/environment/ament_prefix_path.sh
[0.117s] -- Up-to-date symlink: /simulation/install/ldlidar_stl_ros2/share/ldlidar_stl_ros2/environment/ament_prefix_path.dsv
[0.117s] -- Up-to-date symlink: /simulation/install/ldlidar_stl_ros2/share/ldlidar_stl_ros2/environment/path.sh
[0.117s] -- Up-to-date symlink: /simulation/install/ldlidar_stl_ros2/share/ldlidar_stl_ros2/environment/path.dsv
[0.118s] -- Up-to-date symlink: /simulation/install/ldlidar_stl_ros2/share/ldlidar_stl_ros2/local_setup.bash
[0.118s] -- Up-to-date symlink: /simulation/install/ldlidar_stl_ros2/share/ldlidar_stl_ros2/local_setup.sh
[0.118s] -- Up-to-date symlink: /simulation/install/ldlidar_stl_ros2/share/ldlidar_stl_ros2/local_setup.zsh
[0.118s] -- Up-to-date symlink: /simulation/install/ldlidar_stl_ros2/share/ldlidar_stl_ros2/local_setup.dsv
[0.119s] -- Symlinking: /simulation/install/ldlidar_stl_ros2/share/ldlidar_stl_ros2/package.dsv
[0.123s] -- Up-to-date symlink: /simulation/install/ldlidar_stl_ros2/share/ament_index/resource_index/packages/ldlidar_stl_ros2
[0.123s] -- Up-to-date symlink: /simulation/install/ldlidar_stl_ros2/share/ldlidar_stl_ros2/cmake/ldlidar_stl_ros2Config.cmake
[0.123s] -- Up-to-date symlink: /simulation/install/ldlidar_stl_ros2/share/ldlidar_stl_ros2/cmake/ldlidar_stl_ros2Config-version.cmake
[0.123s] -- Up-to-date symlink: /simulation/install/ldlidar_stl_ros2/share/ldlidar_stl_ros2/package.xml
[0.125s] Invoked command in '/simulation/build/ldlidar_stl_ros2' returned '0': CMAKE_PREFIX_PATH=${CMAKE_PREFIX_PATH}:/opt/ros/humble /usr/bin/cmake --install /simulation/build/ldlidar_stl_ros2
