[0.030s] Invoking command in '/simulation/turtlebot3_ws/build/turtlebot3_fake_node': CMAKE_PREFIX_PATH=/opt/ros/humble /usr/bin/cmake /simulation/turtlebot3_ws/src/turtlebot3_simulations/turtlebot3_fake_node -DAMENT_CMAKE_SYMLINK_INSTALL=1 -DCMAKE_INSTALL_PREFIX=/simulation/turtlebot3_ws/install/turtlebot3_fake_node
[0.228s] -- The C compiler identification is GNU 11.4.0
[0.369s] -- The CXX compiler identification is GNU 11.4.0
[0.389s] -- Detecting C compiler ABI info
[0.525s] -- Detecting C compiler ABI info - done
[0.540s] -- Check for working C compiler: /usr/bin/cc - skipped
[0.541s] -- Detecting C compile features
[0.543s] -- Detecting C compile features - done
[0.551s] -- Detecting CXX compiler ABI info
[0.743s] -- Detecting CXX compiler ABI info - done
[0.762s] -- Check for working CXX compiler: /usr/bin/c++ - skipped
[0.763s] -- Detecting CXX compile features
[0.764s] -- Detecting CXX compile features - done
[0.779s] -- Found ament_cmake: 1.3.10 (/opt/ros/humble/share/ament_cmake/cmake)
[1.078s] -- Found Python3: /usr/bin/python3 (found version "3.10.12") found components: Interpreter 
[1.225s] -- Override CMake install command with custom implementation using symlinks instead of copying resources
[1.309s] -- Found geometry_msgs: 4.2.4 (/opt/ros/humble/share/geometry_msgs/cmake)
[1.415s] -- Found rosidl_generator_c: 3.1.5 (/opt/ros/humble/share/rosidl_generator_c/cmake)
[1.433s] -- Found rosidl_adapter: 3.1.5 (/opt/ros/humble/share/rosidl_adapter/cmake)
[1.457s] -- Found rosidl_generator_cpp: 3.1.5 (/opt/ros/humble/share/rosidl_generator_cpp/cmake)
[1.491s] -- Using all available rosidl_typesupport_c: rosidl_typesupport_fastrtps_c;rosidl_typesupport_introspection_c
[1.537s] -- Using all available rosidl_typesupport_cpp: rosidl_typesupport_fastrtps_cpp;rosidl_typesupport_introspection_cpp
[1.644s] -- Found nav_msgs: 4.2.4 (/opt/ros/humble/share/nav_msgs/cmake)
[1.692s] -- Found rclcpp: 16.0.10 (/opt/ros/humble/share/rclcpp/cmake)
[1.804s] -- Found rmw_implementation_cmake: 6.1.2 (/opt/ros/humble/share/rmw_implementation_cmake/cmake)
[1.813s] -- Found rmw_fastrtps_cpp: 6.2.7 (/opt/ros/humble/share/rmw_fastrtps_cpp/cmake)
[2.040s] -- Found OpenSSL: /usr/lib/x86_64-linux-gnu/libcrypto.so (found version "3.0.2")  
[2.111s] -- Found FastRTPS: /opt/ros/humble/include  
[2.215s] -- Using RMW implementation 'rmw_fastrtps_cpp' as default
[2.250s] -- Looking for pthread.h
[2.406s] -- Looking for pthread.h - found
[2.406s] -- Performing Test CMAKE_HAVE_LIBC_PTHREAD
[2.554s] -- Performing Test CMAKE_HAVE_LIBC_PTHREAD - Success
[2.557s] -- Found Threads: TRUE  
[2.669s] -- Found sensor_msgs: 4.2.4 (/opt/ros/humble/share/sensor_msgs/cmake)
[2.732s] -- Found tf2: 0.25.8 (/opt/ros/humble/share/tf2/cmake)
[2.765s] -- Found tf2_msgs: 0.25.8 (/opt/ros/humble/share/tf2_msgs/cmake)
[2.902s] [31mCMake Error at CMakeLists.txt:25 (find_package):
[2.902s]   By not providing "Findturtlebot3_msgs.cmake" in CMAKE_MODULE_PATH this
[2.902s]   project has asked CMake to find a package configuration file provided by
[2.902s]   "turtlebot3_msgs", but CMake did not find one.
[2.903s] 
[2.903s]   Could not find a package configuration file provided by "turtlebot3_msgs"
[2.903s]   with any of the following names:
[2.903s] 
[2.903s]     turtlebot3_msgsConfig.cmake
[2.903s]     turtlebot3_msgs-config.cmake
[2.903s] 
[2.904s]   Add the installation prefix of "turtlebot3_msgs" to CMAKE_PREFIX_PATH or
[2.904s]   set "turtlebot3_msgs_DIR" to a directory containing one of the above files.
[2.904s]   If "turtlebot3_msgs" provides a separate development package or SDK, be
[2.904s]   sure it has been installed.
[2.904s] 
[2.904s] [0m
[2.904s] -- Configuring incomplete, errors occurred!
[2.904s] See also "/simulation/turtlebot3_ws/build/turtlebot3_fake_node/CMakeFiles/CMakeOutput.log".
