-- Found ament_cmake: 1.3.11 (/opt/ros/humble/share/ament_cmake/cmake)
-- Override CMake install command with custom implementation using symlinks instead of copying resources
-- Found ament_lint_auto: 0.12.11 (/opt/ros/humble/share/ament_lint_auto/cmake)
-- Added test 'lint_cmake' to check CMake code style
-- Added test 'xmllint' to check XML markup files
-- Configuring done
-- Generating done
-- Build files have been written to: /simulation/build/navigation_pkg
-- Install configuration: ""
-- Execute custom install script
-- Up-to-date symlink: /simulation/install/navigation_pkg/share/ament_index/resource_index/package_run_dependencies/navigation_pkg
-- Up-to-date symlink: /simulation/install/navigation_pkg/share/ament_index/resource_index/parent_prefix_path/navigation_pkg
-- Up-to-date symlink: /simulation/install/navigation_pkg/share/navigation_pkg/environment/ament_prefix_path.sh
-- Up-to-date symlink: /simulation/install/navigation_pkg/share/navigation_pkg/environment/ament_prefix_path.dsv
-- Up-to-date symlink: /simulation/install/navigation_pkg/share/navigation_pkg/environment/path.sh
-- Up-to-date symlink: /simulation/install/navigation_pkg/share/navigation_pkg/environment/path.dsv
-- Up-to-date symlink: /simulation/install/navigation_pkg/share/navigation_pkg/local_setup.bash
-- Up-to-date symlink: /simulation/install/navigation_pkg/share/navigation_pkg/local_setup.sh
-- Up-to-date symlink: /simulation/install/navigation_pkg/share/navigation_pkg/local_setup.zsh
-- Up-to-date symlink: /simulation/install/navigation_pkg/share/navigation_pkg/local_setup.dsv
-- Symlinking: /simulation/install/navigation_pkg/share/navigation_pkg/package.dsv
-- Up-to-date symlink: /simulation/install/navigation_pkg/share/ament_index/resource_index/packages/navigation_pkg
-- Up-to-date symlink: /simulation/install/navigation_pkg/share/navigation_pkg/cmake/navigation_pkgConfig.cmake
-- Up-to-date symlink: /simulation/install/navigation_pkg/share/navigation_pkg/cmake/navigation_pkgConfig-version.cmake
-- Up-to-date symlink: /simulation/install/navigation_pkg/share/navigation_pkg/package.xml
