[0.013s] Invoking command in '/simulation/build/navigation_pkg': CMAKE_PREFIX_PATH=/opt/ros/humble /usr/bin/cmake --build /simulation/build/navigation_pkg -- -j12 -l12
[0.033s] -- Found ament_cmake: 1.3.11 (/opt/ros/humble/share/ament_cmake/cmake)
[0.132s] -- Override CMake install command with custom implementation using symlinks instead of copying resources
[0.138s] -- Found ament_lint_auto: 0.12.11 (/opt/ros/humble/share/ament_lint_auto/cmake)
[0.197s] -- Added test 'lint_cmake' to check CMake code style
[0.197s] -- Added test 'xmllint' to check XML markup files
[0.198s] -- Configuring done
[0.200s] -- Generating done
[0.201s] -- Build files have been written to: /simulation/build/navigation_pkg
[0.224s] Invoked command in '/simulation/build/navigation_pkg' returned '0': CMAKE_PREFIX_PATH=/opt/ros/humble /usr/bin/cmake --build /simulation/build/navigation_pkg -- -j12 -l12
[0.225s] Invoking command in '/simulation/build/navigation_pkg': CMAKE_PREFIX_PATH=/opt/ros/humble /usr/bin/cmake --install /simulation/build/navigation_pkg
[0.232s] -- Install configuration: ""
[0.233s] -- Execute custom install script
[0.233s] -- Up-to-date symlink: /simulation/install/navigation_pkg/share/ament_index/resource_index/package_run_dependencies/navigation_pkg
[0.233s] -- Up-to-date symlink: /simulation/install/navigation_pkg/share/ament_index/resource_index/parent_prefix_path/navigation_pkg
[0.233s] -- Up-to-date symlink: /simulation/install/navigation_pkg/share/navigation_pkg/environment/ament_prefix_path.sh
[0.233s] -- Up-to-date symlink: /simulation/install/navigation_pkg/share/navigation_pkg/environment/ament_prefix_path.dsv
[0.233s] -- Up-to-date symlink: /simulation/install/navigation_pkg/share/navigation_pkg/environment/path.sh
[0.233s] -- Up-to-date symlink: /simulation/install/navigation_pkg/share/navigation_pkg/environment/path.dsv
[0.233s] -- Up-to-date symlink: /simulation/install/navigation_pkg/share/navigation_pkg/local_setup.bash
[0.233s] -- Up-to-date symlink: /simulation/install/navigation_pkg/share/navigation_pkg/local_setup.sh
[0.234s] -- Up-to-date symlink: /simulation/install/navigation_pkg/share/navigation_pkg/local_setup.zsh
[0.234s] -- Up-to-date symlink: /simulation/install/navigation_pkg/share/navigation_pkg/local_setup.dsv
[0.234s] -- Symlinking: /simulation/install/navigation_pkg/share/navigation_pkg/package.dsv
[0.241s] -- Up-to-date symlink: /simulation/install/navigation_pkg/share/ament_index/resource_index/packages/navigation_pkg
[0.241s] -- Up-to-date symlink: /simulation/install/navigation_pkg/share/navigation_pkg/cmake/navigation_pkgConfig.cmake
[0.241s] -- Up-to-date symlink: /simulation/install/navigation_pkg/share/navigation_pkg/cmake/navigation_pkgConfig-version.cmake
[0.241s] -- Up-to-date symlink: /simulation/install/navigation_pkg/share/navigation_pkg/package.xml
[0.243s] Invoked command in '/simulation/build/navigation_pkg' returned '0': CMAKE_PREFIX_PATH=/opt/ros/humble /usr/bin/cmake --install /simulation/build/navigation_pkg
