[0.048s] Invoking command in '/simulation/ros2_sim_ws/build/navigation_pkg': CMAKE_PREFIX_PATH=${CMAKE_PREFIX_PATH}:/opt/ros/humble /usr/bin/cmake /simulation/ros2_sim_ws/src/navigation_pkg -DCMAKE_INSTALL_PREFIX=/simulation/ros2_sim_ws/install/navigation_pkg
[0.077s] -- Found ament_cmake: 1.3.10 (/opt/ros/humble/share/ament_cmake/cmake)
[0.363s] -- Override CMake install command with custom implementation using symlinks instead of copying resources
[0.387s] -- Found ament_lint_auto: 0.12.11 (/opt/ros/humble/share/ament_lint_auto/cmake)
[0.616s] -- Added test 'lint_cmake' to check CMake code style
[0.616s] -- Added test 'xmllint' to check XML markup files
[0.618s] -- Configuring done
[0.625s] -- Generating done
[0.628s] -- Build files have been written to: /simulation/ros2_sim_ws/build/navigation_pkg
[0.635s] Invoked command in '/simulation/ros2_sim_ws/build/navigation_pkg' returned '0': CMAKE_PREFIX_PATH=${CMAKE_PREFIX_PATH}:/opt/ros/humble /usr/bin/cmake /simulation/ros2_sim_ws/src/navigation_pkg -DCMAKE_INSTALL_PREFIX=/simulation/ros2_sim_ws/install/navigation_pkg
[0.638s] Invoking command in '/simulation/ros2_sim_ws/build/navigation_pkg': CMAKE_PREFIX_PATH=${CMAKE_PREFIX_PATH}:/opt/ros/humble /usr/bin/cmake --build /simulation/ros2_sim_ws/build/navigation_pkg -- -j8 -l8
[0.750s] Invoked command in '/simulation/ros2_sim_ws/build/navigation_pkg' returned '0': CMAKE_PREFIX_PATH=${CMAKE_PREFIX_PATH}:/opt/ros/humble /usr/bin/cmake --build /simulation/ros2_sim_ws/build/navigation_pkg -- -j8 -l8
[0.824s] Invoking command in '/simulation/ros2_sim_ws/build/navigation_pkg': CMAKE_PREFIX_PATH=${CMAKE_PREFIX_PATH}:/opt/ros/humble /usr/bin/cmake --install /simulation/ros2_sim_ws/build/navigation_pkg
[0.843s] -- Install configuration: ""
[0.846s] -- Execute custom install script
[0.848s] -- Up-to-date symlink: /simulation/ros2_sim_ws/install/navigation_pkg/share/ament_index/resource_index/package_run_dependencies/navigation_pkg
[0.848s] -- Up-to-date symlink: /simulation/ros2_sim_ws/install/navigation_pkg/share/ament_index/resource_index/parent_prefix_path/navigation_pkg
[0.851s] -- Up-to-date symlink: /simulation/ros2_sim_ws/install/navigation_pkg/share/navigation_pkg/environment/ament_prefix_path.sh
[0.851s] -- Up-to-date symlink: /simulation/ros2_sim_ws/install/navigation_pkg/share/navigation_pkg/environment/ament_prefix_path.dsv
[0.851s] -- Up-to-date symlink: /simulation/ros2_sim_ws/install/navigation_pkg/share/navigation_pkg/environment/path.sh
[0.851s] -- Up-to-date symlink: /simulation/ros2_sim_ws/install/navigation_pkg/share/navigation_pkg/environment/path.dsv
[0.851s] -- Up-to-date symlink: /simulation/ros2_sim_ws/install/navigation_pkg/share/navigation_pkg/local_setup.bash
[0.852s] -- Up-to-date symlink: /simulation/ros2_sim_ws/install/navigation_pkg/share/navigation_pkg/local_setup.sh
[0.852s] -- Up-to-date symlink: /simulation/ros2_sim_ws/install/navigation_pkg/share/navigation_pkg/local_setup.zsh
[0.852s] -- Up-to-date symlink: /simulation/ros2_sim_ws/install/navigation_pkg/share/navigation_pkg/local_setup.dsv
[0.852s] -- Symlinking: /simulation/ros2_sim_ws/install/navigation_pkg/share/navigation_pkg/package.dsv
[0.874s] -- Up-to-date symlink: /simulation/ros2_sim_ws/install/navigation_pkg/share/ament_index/resource_index/packages/navigation_pkg
[0.874s] -- Up-to-date symlink: /simulation/ros2_sim_ws/install/navigation_pkg/share/navigation_pkg/cmake/navigation_pkgConfig.cmake
[0.875s] -- Up-to-date symlink: /simulation/ros2_sim_ws/install/navigation_pkg/share/navigation_pkg/cmake/navigation_pkgConfig-version.cmake
[0.875s] -- Up-to-date symlink: /simulation/ros2_sim_ws/install/navigation_pkg/share/navigation_pkg/package.xml
[0.893s] Invoked command in '/simulation/ros2_sim_ws/build/navigation_pkg' returned '0': CMAKE_PREFIX_PATH=${CMAKE_PREFIX_PATH}:/opt/ros/humble /usr/bin/cmake --install /simulation/ros2_sim_ws/build/navigation_pkg
