[0.026s] Invoking command in '/simulation/ros2_sim_ws/build/learning_package': CMAKE_PREFIX_PATH=/opt/ros/humble /usr/bin/cmake /simulation/ros2_sim_ws/src/learning_package -DAMENT_CMAKE_SYMLINK_INSTALL=1 -DCMAKE_INSTALL_PREFIX=/simulation/ros2_sim_ws/install/learning_package
[0.048s] -- Found ament_cmake: 1.3.10 (/opt/ros/humble/share/ament_cmake/cmake)
[0.197s] -- Override CMake install command with custom implementation using symlinks instead of copying resources
[0.214s] -- Found ament_lint_auto: 0.12.11 (/opt/ros/humble/share/ament_lint_auto/cmake)
[0.299s] -- Added test 'flake8' to check Python code syntax and style conventions
[0.300s] -- Added test 'lint_cmake' to check CMake code style
[0.300s] -- Added test 'pep257' to check Python code against some of the docstring style conventions in PEP 257
[0.301s] -- Added test 'xmllint' to check XML markup files
[0.303s] -- Configuring done
[0.309s] -- Generating done
[0.310s] -- Build files have been written to: /simulation/ros2_sim_ws/build/learning_package
[0.318s] Invoked command in '/simulation/ros2_sim_ws/build/learning_package' returned '0': CMAKE_PREFIX_PATH=/opt/ros/humble /usr/bin/cmake /simulation/ros2_sim_ws/src/learning_package -DAMENT_CMAKE_SYMLINK_INSTALL=1 -DCMAKE_INSTALL_PREFIX=/simulation/ros2_sim_ws/install/learning_package
[0.319s] Invoking command in '/simulation/ros2_sim_ws/build/learning_package': CMAKE_PREFIX_PATH=/opt/ros/humble /usr/bin/cmake --build /simulation/ros2_sim_ws/build/learning_package -- -j8 -l8
[0.363s] Invoked command in '/simulation/ros2_sim_ws/build/learning_package' returned '0': CMAKE_PREFIX_PATH=/opt/ros/humble /usr/bin/cmake --build /simulation/ros2_sim_ws/build/learning_package -- -j8 -l8
[0.394s] Invoking command in '/simulation/ros2_sim_ws/build/learning_package': CMAKE_PREFIX_PATH=/opt/ros/humble /usr/bin/cmake --install /simulation/ros2_sim_ws/build/learning_package
[0.400s] -- Install configuration: ""
[0.401s] -- Execute custom install script
[0.401s] -- Up-to-date symlink: /simulation/ros2_sim_ws/install/learning_package/share/learning_package/launch/listener.launch.py
[0.402s] -- Up-to-date symlink: /simulation/ros2_sim_ws/install/learning_package/share/learning_package/launch/robot_sim.launch.py
[0.402s] -- Up-to-date symlink: /simulation/ros2_sim_ws/install/learning_package/share/learning_package/launch/robot_urdf.launch.py
[0.402s] -- Up-to-date symlink: /simulation/ros2_sim_ws/install/learning_package/share/learning_package/launch/talker.launch.py
[0.402s] -- Up-to-date symlink: /simulation/ros2_sim_ws/install/learning_package/share/learning_package/description/example_gazebo.xacro
[0.402s] -- Up-to-date symlink: /simulation/ros2_sim_ws/install/learning_package/share/learning_package/description/example_include.xacro
[0.402s] -- Up-to-date symlink: /simulation/ros2_sim_ws/install/learning_package/share/learning_package/description/example_robot.urdf.xacro
[0.402s] -- Up-to-date symlink: /simulation/ros2_sim_ws/install/learning_package/share/ament_index/resource_index/package_run_dependencies/learning_package
[0.403s] -- Up-to-date symlink: /simulation/ros2_sim_ws/install/learning_package/share/ament_index/resource_index/parent_prefix_path/learning_package
[0.403s] -- Up-to-date symlink: /simulation/ros2_sim_ws/install/learning_package/share/learning_package/environment/ament_prefix_path.sh
[0.403s] -- Up-to-date symlink: /simulation/ros2_sim_ws/install/learning_package/share/learning_package/environment/ament_prefix_path.dsv
[0.403s] -- Up-to-date symlink: /simulation/ros2_sim_ws/install/learning_package/share/learning_package/environment/path.sh
[0.404s] -- Up-to-date symlink: /simulation/ros2_sim_ws/install/learning_package/share/learning_package/environment/path.dsv
[0.404s] -- Up-to-date symlink: /simulation/ros2_sim_ws/install/learning_package/share/learning_package/local_setup.bash
[0.404s] -- Up-to-date symlink: /simulation/ros2_sim_ws/install/learning_package/share/learning_package/local_setup.sh
[0.404s] -- Up-to-date symlink: /simulation/ros2_sim_ws/install/learning_package/share/learning_package/local_setup.zsh
[0.404s] -- Up-to-date symlink: /simulation/ros2_sim_ws/install/learning_package/share/learning_package/local_setup.dsv
[0.405s] -- Symlinking: /simulation/ros2_sim_ws/install/learning_package/share/learning_package/package.dsv
[0.417s] -- Up-to-date symlink: /simulation/ros2_sim_ws/install/learning_package/share/ament_index/resource_index/packages/learning_package
[0.417s] -- Up-to-date symlink: /simulation/ros2_sim_ws/install/learning_package/share/learning_package/cmake/learning_packageConfig.cmake
[0.417s] -- Up-to-date symlink: /simulation/ros2_sim_ws/install/learning_package/share/learning_package/cmake/learning_packageConfig-version.cmake
[0.417s] -- Up-to-date symlink: /simulation/ros2_sim_ws/install/learning_package/share/learning_package/package.xml
[0.450s] Invoked command in '/simulation/ros2_sim_ws/build/learning_package' returned '0': CMAKE_PREFIX_PATH=/opt/ros/humble /usr/bin/cmake --install /simulation/ros2_sim_ws/build/learning_package
