[0.045s] Invoking command in '/simulation/ros2_sim_ws/build/robot_pkg': CMAKE_PREFIX_PATH=${CMAKE_PREFIX_PATH}:/opt/ros/humble /usr/bin/cmake --build /simulation/ros2_sim_ws/build/robot_pkg -- -j8 -l8
[0.096s] -- Found ament_cmake: 1.3.10 (/opt/ros/humble/share/ament_cmake/cmake)
[0.384s] -- Override CMake install command with custom implementation using symlinks instead of copying resources
[0.400s] -- Found ament_lint_auto: 0.12.11 (/opt/ros/humble/share/ament_lint_auto/cmake)
[0.555s] -- Added test 'flake8' to check Python code syntax and style conventions
[0.556s] -- Added test 'lint_cmake' to check CMake code style
[0.557s] -- Added test 'pep257' to check Python code against some of the docstring style conventions in PEP 257
[0.559s] -- Added test 'xmllint' to check XML markup files
[0.560s] -- Configuring done
[0.567s] -- Generating done
[0.569s] -- Build files have been written to: /simulation/ros2_sim_ws/build/robot_pkg
[0.609s] Invoked command in '/simulation/ros2_sim_ws/build/robot_pkg' returned '0': CMAKE_PREFIX_PATH=${CMAKE_PREFIX_PATH}:/opt/ros/humble /usr/bin/cmake --build /simulation/ros2_sim_ws/build/robot_pkg -- -j8 -l8
[0.654s] Invoking command in '/simulation/ros2_sim_ws/build/robot_pkg': CMAKE_PREFIX_PATH=${CMAKE_PREFIX_PATH}:/opt/ros/humble /usr/bin/cmake --install /simulation/ros2_sim_ws/build/robot_pkg
[0.667s] -- Install configuration: ""
[0.668s] -- Execute custom install script
[0.669s] -- Symlinking: /simulation/ros2_sim_ws/install/robot_pkg/share/robot_pkg/launch/robot_urdf.launch.py
[0.685s] -- Symlinking: /simulation/ros2_sim_ws/install/robot_pkg/share/robot_pkg/description/robot.urdf.xacro
[0.702s] -- Up-to-date symlink: /simulation/ros2_sim_ws/install/robot_pkg/share/ament_index/resource_index/package_run_dependencies/robot_pkg
[0.703s] -- Up-to-date symlink: /simulation/ros2_sim_ws/install/robot_pkg/share/ament_index/resource_index/parent_prefix_path/robot_pkg
[0.703s] -- Up-to-date symlink: /simulation/ros2_sim_ws/install/robot_pkg/share/robot_pkg/environment/ament_prefix_path.sh
[0.703s] -- Up-to-date symlink: /simulation/ros2_sim_ws/install/robot_pkg/share/robot_pkg/environment/ament_prefix_path.dsv
[0.703s] -- Up-to-date symlink: /simulation/ros2_sim_ws/install/robot_pkg/share/robot_pkg/environment/path.sh
[0.704s] -- Up-to-date symlink: /simulation/ros2_sim_ws/install/robot_pkg/share/robot_pkg/environment/path.dsv
[0.704s] -- Up-to-date symlink: /simulation/ros2_sim_ws/install/robot_pkg/share/robot_pkg/local_setup.bash
[0.704s] -- Up-to-date symlink: /simulation/ros2_sim_ws/install/robot_pkg/share/robot_pkg/local_setup.sh
[0.704s] -- Up-to-date symlink: /simulation/ros2_sim_ws/install/robot_pkg/share/robot_pkg/local_setup.zsh
[0.704s] -- Up-to-date symlink: /simulation/ros2_sim_ws/install/robot_pkg/share/robot_pkg/local_setup.dsv
[0.704s] -- Symlinking: /simulation/ros2_sim_ws/install/robot_pkg/share/robot_pkg/package.dsv
[0.721s] -- Up-to-date symlink: /simulation/ros2_sim_ws/install/robot_pkg/share/ament_index/resource_index/packages/robot_pkg
[0.722s] -- Up-to-date symlink: /simulation/ros2_sim_ws/install/robot_pkg/share/robot_pkg/cmake/robot_pkgConfig.cmake
[0.722s] -- Up-to-date symlink: /simulation/ros2_sim_ws/install/robot_pkg/share/robot_pkg/cmake/robot_pkgConfig-version.cmake
[0.722s] -- Up-to-date symlink: /simulation/ros2_sim_ws/install/robot_pkg/share/robot_pkg/package.xml
[0.727s] Invoked command in '/simulation/ros2_sim_ws/build/robot_pkg' returned '0': CMAKE_PREFIX_PATH=${CMAKE_PREFIX_PATH}:/opt/ros/humble /usr/bin/cmake --install /simulation/ros2_sim_ws/build/robot_pkg
