[0.034s] Invoking command in '/simulation/ros2_sim_ws/build/learning_package': CMAKE_PREFIX_PATH=/opt/ros/humble /usr/bin/cmake /simulation/ros2_sim_ws/src/learning_package -DAMENT_CMAKE_SYMLINK_INSTALL=1 -DCMAKE_INSTALL_PREFIX=/simulation/ros2_sim_ws/install/learning_package
[0.159s] -- The C compiler identification is GNU 11.4.0
[0.273s] -- The CXX compiler identification is GNU 11.4.0
[0.289s] -- Detecting C compiler ABI info
[0.446s] -- Detecting C compiler ABI info - done
[0.463s] -- Check for working C compiler: /usr/bin/cc - skipped
[0.464s] -- Detecting C compile features
[0.464s] -- Detecting C compile features - done
[0.471s] -- Detecting CXX compiler ABI info
[0.724s] -- Detecting CXX compiler ABI info - done
[0.740s] -- Check for working CXX compiler: /usr/bin/c++ - skipped
[0.741s] -- Detecting CXX compile features
[0.741s] -- Detecting CXX compile features - done
[0.746s] -- Found ament_cmake: 1.3.10 (/opt/ros/humble/share/ament_cmake/cmake)
[1.029s] -- Found Python3: /usr/bin/python3 (found version "3.10.12") found components: Interpreter 
[1.170s] -- Override CMake install command with custom implementation using symlinks instead of copying resources
[1.241s] -- Found ament_lint_auto: 0.12.11 (/opt/ros/humble/share/ament_lint_auto/cmake)
[1.411s] -- Added test 'flake8' to check Python code syntax and style conventions
[1.413s] -- Added test 'lint_cmake' to check CMake code style
[1.413s] -- Added test 'pep257' to check Python code against some of the docstring style conventions in PEP 257
[1.415s] -- Added test 'xmllint' to check XML markup files
[1.419s] -- Configuring done
[1.424s] -- Generating done
[1.427s] -- Build files have been written to: /simulation/ros2_sim_ws/build/learning_package
[1.436s] Invoked command in '/simulation/ros2_sim_ws/build/learning_package' returned '0': CMAKE_PREFIX_PATH=/opt/ros/humble /usr/bin/cmake /simulation/ros2_sim_ws/src/learning_package -DAMENT_CMAKE_SYMLINK_INSTALL=1 -DCMAKE_INSTALL_PREFIX=/simulation/ros2_sim_ws/install/learning_package
[1.440s] Invoking command in '/simulation/ros2_sim_ws/build/learning_package': CMAKE_PREFIX_PATH=/opt/ros/humble /usr/bin/cmake --build /simulation/ros2_sim_ws/build/learning_package -- -j8 -l8
[1.515s] Invoked command in '/simulation/ros2_sim_ws/build/learning_package' returned '0': CMAKE_PREFIX_PATH=/opt/ros/humble /usr/bin/cmake --build /simulation/ros2_sim_ws/build/learning_package -- -j8 -l8
[1.583s] Invoking command in '/simulation/ros2_sim_ws/build/learning_package': CMAKE_PREFIX_PATH=/opt/ros/humble /usr/bin/cmake --install /simulation/ros2_sim_ws/build/learning_package
[1.597s] -- Install configuration: ""
[1.599s] -- Execute custom install script
[1.600s] -- Symlinking: /simulation/ros2_sim_ws/install/learning_package/share/learning_package/launch/listener.launch.py
[1.618s] -- Symlinking: /simulation/ros2_sim_ws/install/learning_package/share/learning_package/launch/talker.launch.py
[1.637s] -- Symlinking: /simulation/ros2_sim_ws/install/learning_package/share/ament_index/resource_index/package_run_dependencies/learning_package
[1.654s] -- Symlinking: /simulation/ros2_sim_ws/install/learning_package/share/ament_index/resource_index/parent_prefix_path/learning_package
[1.672s] -- Symlinking: /simulation/ros2_sim_ws/install/learning_package/share/learning_package/environment/ament_prefix_path.sh
[1.690s] -- Symlinking: /simulation/ros2_sim_ws/install/learning_package/share/learning_package/environment/ament_prefix_path.dsv
[1.707s] -- Symlinking: /simulation/ros2_sim_ws/install/learning_package/share/learning_package/environment/path.sh
[1.728s] -- Symlinking: /simulation/ros2_sim_ws/install/learning_package/share/learning_package/environment/path.dsv
[1.746s] -- Symlinking: /simulation/ros2_sim_ws/install/learning_package/share/learning_package/local_setup.bash
[1.763s] -- Symlinking: /simulation/ros2_sim_ws/install/learning_package/share/learning_package/local_setup.sh
[1.780s] -- Symlinking: /simulation/ros2_sim_ws/install/learning_package/share/learning_package/local_setup.zsh
[1.797s] -- Symlinking: /simulation/ros2_sim_ws/install/learning_package/share/learning_package/local_setup.dsv
[1.814s] -- Symlinking: /simulation/ros2_sim_ws/install/learning_package/share/learning_package/package.dsv
[1.834s] -- Symlinking: /simulation/ros2_sim_ws/install/learning_package/share/ament_index/resource_index/packages/learning_package
[1.856s] -- Symlinking: /simulation/ros2_sim_ws/install/learning_package/share/learning_package/cmake/learning_packageConfig.cmake
[1.873s] -- Symlinking: /simulation/ros2_sim_ws/install/learning_package/share/learning_package/cmake/learning_packageConfig-version.cmake
[1.892s] -- Symlinking: /simulation/ros2_sim_ws/install/learning_package/share/learning_package/package.xml
[1.921s] Invoked command in '/simulation/ros2_sim_ws/build/learning_package' returned '0': CMAKE_PREFIX_PATH=/opt/ros/humble /usr/bin/cmake --install /simulation/ros2_sim_ws/build/learning_package
