[0.196s] DEBUG:colcon:Command line arguments: ['/usr/bin/colcon', 'build', '--symlink-install']
[0.196s] DEBUG:colcon:Parsed command line arguments: Namespace(log_base=None, log_level=None, verb_name='build', build_base='build', install_base='install', merge_install=False, symlink_install=True, test_result_base=None, continue_on_error=False, executor='parallel', parallel_workers=8, event_handlers=None, ignore_user_meta=False, metas=['./colcon.meta'], base_paths=['.'], packages_ignore=None, packages_ignore_regex=None, paths=None, packages_up_to=None, packages_up_to_regex=None, packages_above=None, packages_above_and_dependencies=None, packages_above_depth=None, packages_select_by_dep=None, packages_skip_by_dep=None, packages_skip_up_to=None, packages_select_build_failed=False, packages_skip_build_finished=False, packages_select_test_failures=False, packages_skip_test_passed=False, packages_select=None, packages_skip=None, packages_select_regex=None, packages_skip_regex=None, packages_start=None, packages_end=None, cmake_args=None, cmake_target=None, cmake_target_skip_unavailable=False, cmake_clean_cache=False, cmake_clean_first=False, cmake_force_configure=False, ament_cmake_args=None, catkin_cmake_args=None, catkin_skip_building_tests=False, mixin_files=None, mixin=None, verb_parser=<colcon_mixin.mixin.mixin_argument.MixinArgumentDecorator object at 0x7462fd0c79d0>, verb_extension=<colcon_core.verb.build.BuildVerb object at 0x7462fd2480d0>, main=<bound method BuildVerb.main of <colcon_core.verb.build.BuildVerb object at 0x7462fd2480d0>>, mixin_verb=('build',))
[0.429s] Level 1:colcon.colcon_core.package_discovery:discover_packages(colcon_meta) check parameters
[0.430s] Level 1:colcon.colcon_core.package_discovery:discover_packages(recursive) check parameters
[0.430s] Level 1:colcon.colcon_core.package_discovery:discover_packages(ignore) check parameters
[0.430s] Level 1:colcon.colcon_core.package_discovery:discover_packages(path) check parameters
[0.430s] Level 1:colcon.colcon_core.package_discovery:discover_packages(colcon_meta) discover
[0.430s] Level 1:colcon.colcon_core.package_discovery:discover_packages(recursive) discover
[0.430s] INFO:colcon.colcon_core.package_discovery:Crawling recursively for packages in '/simulation/ros2_sim_ws'
[0.430s] Level 1:colcon.colcon_core.package_identification:_identify(.) by extensions ['ignore', 'ignore_ament_install']
[0.430s] Level 1:colcon.colcon_core.package_identification:_identify(.) by extension 'ignore'
[0.430s] Level 1:colcon.colcon_core.package_identification:_identify(.) by extension 'ignore_ament_install'
[0.430s] Level 1:colcon.colcon_core.package_identification:_identify(.) by extensions ['colcon_pkg']
[0.430s] Level 1:colcon.colcon_core.package_identification:_identify(.) by extension 'colcon_pkg'
[0.431s] Level 1:colcon.colcon_core.package_identification:_identify(.) by extensions ['colcon_meta']
[0.431s] Level 1:colcon.colcon_core.package_identification:_identify(.) by extension 'colcon_meta'
[0.431s] Level 1:colcon.colcon_core.package_identification:_identify(.) by extensions ['ros']
[0.431s] Level 1:colcon.colcon_core.package_identification:_identify(.) by extension 'ros'
[0.452s] Level 1:colcon.colcon_core.package_identification:_identify(.) by extensions ['cmake', 'python']
[0.452s] Level 1:colcon.colcon_core.package_identification:_identify(.) by extension 'cmake'
[0.452s] Level 1:colcon.colcon_core.package_identification:_identify(.) by extension 'python'
[0.452s] Level 1:colcon.colcon_core.package_identification:_identify(.) by extensions ['python_setup_py']
[0.452s] Level 1:colcon.colcon_core.package_identification:_identify(.) by extension 'python_setup_py'
[0.453s] Level 1:colcon.colcon_core.package_identification:_identify(build) by extensions ['ignore', 'ignore_ament_install']
[0.453s] Level 1:colcon.colcon_core.package_identification:_identify(build) by extension 'ignore'
[0.453s] Level 1:colcon.colcon_core.package_identification:_identify(build) ignored
[0.453s] Level 1:colcon.colcon_core.package_identification:_identify(install) by extensions ['ignore', 'ignore_ament_install']
[0.453s] Level 1:colcon.colcon_core.package_identification:_identify(install) by extension 'ignore'
[0.453s] Level 1:colcon.colcon_core.package_identification:_identify(install) ignored
[0.454s] Level 1:colcon.colcon_core.package_identification:_identify(log) by extensions ['ignore', 'ignore_ament_install']
[0.454s] Level 1:colcon.colcon_core.package_identification:_identify(log) by extension 'ignore'
[0.454s] Level 1:colcon.colcon_core.package_identification:_identify(log) ignored
[0.454s] Level 1:colcon.colcon_core.package_identification:_identify(src) by extensions ['ignore', 'ignore_ament_install']
[0.454s] Level 1:colcon.colcon_core.package_identification:_identify(src) by extension 'ignore'
[0.454s] Level 1:colcon.colcon_core.package_identification:_identify(src) by extension 'ignore_ament_install'
[0.454s] Level 1:colcon.colcon_core.package_identification:_identify(src) by extensions ['colcon_pkg']
[0.454s] Level 1:colcon.colcon_core.package_identification:_identify(src) by extension 'colcon_pkg'
[0.454s] Level 1:colcon.colcon_core.package_identification:_identify(src) by extensions ['colcon_meta']
[0.455s] Level 1:colcon.colcon_core.package_identification:_identify(src) by extension 'colcon_meta'
[0.455s] Level 1:colcon.colcon_core.package_identification:_identify(src) by extensions ['ros']
[0.455s] Level 1:colcon.colcon_core.package_identification:_identify(src) by extension 'ros'
[0.455s] Level 1:colcon.colcon_core.package_identification:_identify(src) by extensions ['cmake', 'python']
[0.455s] Level 1:colcon.colcon_core.package_identification:_identify(src) by extension 'cmake'
[0.455s] Level 1:colcon.colcon_core.package_identification:_identify(src) by extension 'python'
[0.455s] Level 1:colcon.colcon_core.package_identification:_identify(src) by extensions ['python_setup_py']
[0.455s] Level 1:colcon.colcon_core.package_identification:_identify(src) by extension 'python_setup_py'
[0.455s] Level 1:colcon.colcon_core.package_identification:_identify(src/joystick_tester) by extensions ['ignore', 'ignore_ament_install']
[0.455s] Level 1:colcon.colcon_core.package_identification:_identify(src/joystick_tester) by extension 'ignore'
[0.455s] Level 1:colcon.colcon_core.package_identification:_identify(src/joystick_tester) by extension 'ignore_ament_install'
[0.456s] Level 1:colcon.colcon_core.package_identification:_identify(src/joystick_tester) by extensions ['colcon_pkg']
[0.456s] Level 1:colcon.colcon_core.package_identification:_identify(src/joystick_tester) by extension 'colcon_pkg'
[0.456s] Level 1:colcon.colcon_core.package_identification:_identify(src/joystick_tester) by extensions ['colcon_meta']
[0.456s] Level 1:colcon.colcon_core.package_identification:_identify(src/joystick_tester) by extension 'colcon_meta'
[0.456s] Level 1:colcon.colcon_core.package_identification:_identify(src/joystick_tester) by extensions ['ros']
[0.456s] Level 1:colcon.colcon_core.package_identification:_identify(src/joystick_tester) by extension 'ros'
[0.461s] DEBUG:colcon.colcon_core.package_identification:Package 'src/joystick_tester' with type 'ros.ament_python' and name 'joystick_tester'
[0.461s] Level 1:colcon.colcon_core.package_identification:_identify(src/ldlidar_stl_ros2) by extensions ['ignore', 'ignore_ament_install']
[0.461s] Level 1:colcon.colcon_core.package_identification:_identify(src/ldlidar_stl_ros2) by extension 'ignore'
[0.461s] Level 1:colcon.colcon_core.package_identification:_identify(src/ldlidar_stl_ros2) by extension 'ignore_ament_install'
[0.461s] Level 1:colcon.colcon_core.package_identification:_identify(src/ldlidar_stl_ros2) by extensions ['colcon_pkg']
[0.461s] Level 1:colcon.colcon_core.package_identification:_identify(src/ldlidar_stl_ros2) by extension 'colcon_pkg'
[0.461s] Level 1:colcon.colcon_core.package_identification:_identify(src/ldlidar_stl_ros2) by extensions ['colcon_meta']
[0.461s] Level 1:colcon.colcon_core.package_identification:_identify(src/ldlidar_stl_ros2) by extension 'colcon_meta'
[0.462s] Level 1:colcon.colcon_core.package_identification:_identify(src/ldlidar_stl_ros2) by extensions ['ros']
[0.462s] Level 1:colcon.colcon_core.package_identification:_identify(src/ldlidar_stl_ros2) by extension 'ros'
[0.462s] Level 1:colcon.colcon_core.package_identification:_identify(src/ldlidar_stl_ros2) by extensions ['cmake', 'python']
[0.462s] Level 1:colcon.colcon_core.package_identification:_identify(src/ldlidar_stl_ros2) by extension 'cmake'
[0.462s] Level 1:colcon.colcon_core.package_identification:_identify(src/ldlidar_stl_ros2) by extension 'python'
[0.462s] Level 1:colcon.colcon_core.package_identification:_identify(src/ldlidar_stl_ros2) by extensions ['python_setup_py']
[0.462s] Level 1:colcon.colcon_core.package_identification:_identify(src/ldlidar_stl_ros2) by extension 'python_setup_py'
[0.462s] Level 1:colcon.colcon_core.package_identification:_identify(src/robot_pkg) by extensions ['ignore', 'ignore_ament_install']
[0.462s] Level 1:colcon.colcon_core.package_identification:_identify(src/robot_pkg) by extension 'ignore'
[0.462s] Level 1:colcon.colcon_core.package_identification:_identify(src/robot_pkg) by extension 'ignore_ament_install'
[0.463s] Level 1:colcon.colcon_core.package_identification:_identify(src/robot_pkg) by extensions ['colcon_pkg']
[0.463s] Level 1:colcon.colcon_core.package_identification:_identify(src/robot_pkg) by extension 'colcon_pkg'
[0.463s] Level 1:colcon.colcon_core.package_identification:_identify(src/robot_pkg) by extensions ['colcon_meta']
[0.463s] Level 1:colcon.colcon_core.package_identification:_identify(src/robot_pkg) by extension 'colcon_meta'
[0.463s] Level 1:colcon.colcon_core.package_identification:_identify(src/robot_pkg) by extensions ['ros']
[0.463s] Level 1:colcon.colcon_core.package_identification:_identify(src/robot_pkg) by extension 'ros'
[0.464s] DEBUG:colcon.colcon_core.package_identification:Package 'src/robot_pkg' with type 'ros.ament_cmake' and name 'robot_pkg'
[0.464s] Level 1:colcon.colcon_core.package_discovery:discover_packages(recursive) using defaults
[0.464s] Level 1:colcon.colcon_core.package_discovery:discover_packages(ignore) discover
[0.464s] Level 1:colcon.colcon_core.package_discovery:discover_packages(ignore) using defaults
[0.464s] Level 1:colcon.colcon_core.package_discovery:discover_packages(path) discover
[0.465s] Level 1:colcon.colcon_core.package_discovery:discover_packages(path) using defaults
[0.504s] Level 5:colcon.colcon_core.verb:set package 'joystick_tester' build argument 'cmake_args' from command line to 'None'
[0.504s] Level 5:colcon.colcon_core.verb:set package 'joystick_tester' build argument 'cmake_target' from command line to 'None'
[0.504s] Level 5:colcon.colcon_core.verb:set package 'joystick_tester' build argument 'cmake_target_skip_unavailable' from command line to 'False'
[0.504s] Level 5:colcon.colcon_core.verb:set package 'joystick_tester' build argument 'cmake_clean_cache' from command line to 'False'
[0.504s] Level 5:colcon.colcon_core.verb:set package 'joystick_tester' build argument 'cmake_clean_first' from command line to 'False'
[0.504s] Level 5:colcon.colcon_core.verb:set package 'joystick_tester' build argument 'cmake_force_configure' from command line to 'False'
[0.504s] Level 5:colcon.colcon_core.verb:set package 'joystick_tester' build argument 'ament_cmake_args' from command line to 'None'
[0.504s] Level 5:colcon.colcon_core.verb:set package 'joystick_tester' build argument 'catkin_cmake_args' from command line to 'None'
[0.504s] Level 5:colcon.colcon_core.verb:set package 'joystick_tester' build argument 'catkin_skip_building_tests' from command line to 'False'
[0.504s] DEBUG:colcon.colcon_core.verb:Building package 'joystick_tester' with the following arguments: {'ament_cmake_args': None, 'build_base': '/simulation/ros2_sim_ws/build/joystick_tester', 'catkin_cmake_args': None, 'catkin_skip_building_tests': False, 'cmake_args': None, 'cmake_clean_cache': False, 'cmake_clean_first': False, 'cmake_force_configure': False, 'cmake_target': None, 'cmake_target_skip_unavailable': False, 'install_base': '/simulation/ros2_sim_ws/install/joystick_tester', 'merge_install': False, 'path': '/simulation/ros2_sim_ws/src/joystick_tester', 'symlink_install': True, 'test_result_base': None}
[0.505s] Level 5:colcon.colcon_core.verb:set package 'robot_pkg' build argument 'cmake_args' from command line to 'None'
[0.505s] Level 5:colcon.colcon_core.verb:set package 'robot_pkg' build argument 'cmake_target' from command line to 'None'
[0.505s] Level 5:colcon.colcon_core.verb:set package 'robot_pkg' build argument 'cmake_target_skip_unavailable' from command line to 'False'
[0.505s] Level 5:colcon.colcon_core.verb:set package 'robot_pkg' build argument 'cmake_clean_cache' from command line to 'False'
[0.505s] Level 5:colcon.colcon_core.verb:set package 'robot_pkg' build argument 'cmake_clean_first' from command line to 'False'
[0.505s] Level 5:colcon.colcon_core.verb:set package 'robot_pkg' build argument 'cmake_force_configure' from command line to 'False'
[0.505s] Level 5:colcon.colcon_core.verb:set package 'robot_pkg' build argument 'ament_cmake_args' from command line to 'None'
[0.505s] Level 5:colcon.colcon_core.verb:set package 'robot_pkg' build argument 'catkin_cmake_args' from command line to 'None'
[0.505s] Level 5:colcon.colcon_core.verb:set package 'robot_pkg' build argument 'catkin_skip_building_tests' from command line to 'False'
[0.505s] DEBUG:colcon.colcon_core.verb:Building package 'robot_pkg' with the following arguments: {'ament_cmake_args': None, 'build_base': '/simulation/ros2_sim_ws/build/robot_pkg', 'catkin_cmake_args': None, 'catkin_skip_building_tests': False, 'cmake_args': None, 'cmake_clean_cache': False, 'cmake_clean_first': False, 'cmake_force_configure': False, 'cmake_target': None, 'cmake_target_skip_unavailable': False, 'install_base': '/simulation/ros2_sim_ws/install/robot_pkg', 'merge_install': False, 'path': '/simulation/ros2_sim_ws/src/robot_pkg', 'symlink_install': True, 'test_result_base': None}
[0.505s] INFO:colcon.colcon_core.executor:Executing jobs using 'parallel' executor
[0.507s] DEBUG:colcon.colcon_parallel_executor.executor.parallel:run_until_complete
[0.508s] INFO:colcon.colcon_ros.task.ament_python.build:Building ROS package in '/simulation/ros2_sim_ws/src/joystick_tester' with build type 'ament_python'
[0.508s] Level 1:colcon.colcon_core.shell:create_environment_hook('joystick_tester', 'ament_prefix_path')
[0.512s] INFO:colcon.colcon_core.plugin_system:Skipping extension 'colcon_core.shell.bat': Not used on non-Windows systems
[0.512s] INFO:colcon.colcon_core.shell:Creating environment hook '/simulation/ros2_sim_ws/install/joystick_tester/share/joystick_tester/hook/ament_prefix_path.ps1'
[0.513s] INFO:colcon.colcon_core.shell:Creating environment descriptor '/simulation/ros2_sim_ws/install/joystick_tester/share/joystick_tester/hook/ament_prefix_path.dsv'
[0.514s] INFO:colcon.colcon_core.shell:Creating environment hook '/simulation/ros2_sim_ws/install/joystick_tester/share/joystick_tester/hook/ament_prefix_path.sh'
[0.516s] INFO:colcon.colcon_core.shell:Skip shell extension 'powershell' for command environment: Not usable outside of PowerShell
[0.516s] DEBUG:colcon.colcon_core.shell:Skip shell extension 'dsv' for command environment
[0.525s] INFO:colcon.colcon_ros.task.ament_cmake.build:Building ROS package in '/simulation/ros2_sim_ws/src/robot_pkg' with build type 'ament_cmake'
[0.526s] INFO:colcon.colcon_cmake.task.cmake.build:Building CMake package in '/simulation/ros2_sim_ws/src/robot_pkg'
[0.526s] INFO:colcon.colcon_core.shell:Skip shell extension 'powershell' for command environment: Not usable outside of PowerShell
[0.526s] DEBUG:colcon.colcon_core.shell:Skip shell extension 'dsv' for command environment
[0.984s] INFO:colcon.colcon_core.task.python.build:Building Python package in '/simulation/ros2_sim_ws/src/joystick_tester'
[0.984s] INFO:colcon.colcon_core.shell:Skip shell extension 'powershell' for command environment: Not usable outside of PowerShell
[0.984s] DEBUG:colcon.colcon_core.shell:Skip shell extension 'dsv' for command environment
[1.002s] DEBUG:colcon.colcon_core.event_handler.log_command:Invoking command in '/simulation/ros2_sim_ws/build/robot_pkg': CMAKE_PREFIX_PATH=${CMAKE_PREFIX_PATH}:/simulation/ros2_sim_ws/install/joystick_tester:/opt/ros/humble /usr/bin/cmake --build /simulation/ros2_sim_ws/build/robot_pkg -- -j8 -l8
[1.083s] DEBUG:colcon.colcon_core.event_handler.log_command:Invoked command in '/simulation/ros2_sim_ws/build/robot_pkg' returned '0': CMAKE_PREFIX_PATH=${CMAKE_PREFIX_PATH}:/simulation/ros2_sim_ws/install/joystick_tester:/opt/ros/humble /usr/bin/cmake --build /simulation/ros2_sim_ws/build/robot_pkg -- -j8 -l8
[1.145s] DEBUG:colcon.colcon_core.event_handler.log_command:Invoking command in '/simulation/ros2_sim_ws/build/robot_pkg': CMAKE_PREFIX_PATH=${CMAKE_PREFIX_PATH}:/simulation/ros2_sim_ws/install/joystick_tester:/opt/ros/humble /usr/bin/cmake --install /simulation/ros2_sim_ws/build/robot_pkg
[1.187s] Level 1:colcon.colcon_core.environment:create_environment_scripts_only(robot_pkg)
[1.187s] DEBUG:colcon.colcon_core.event_handler.log_command:Invoked command in '/simulation/ros2_sim_ws/build/robot_pkg' returned '0': CMAKE_PREFIX_PATH=${CMAKE_PREFIX_PATH}:/simulation/ros2_sim_ws/install/joystick_tester:/opt/ros/humble /usr/bin/cmake --install /simulation/ros2_sim_ws/build/robot_pkg
[1.192s] Level 1:colcon.colcon_core.environment:checking '/simulation/ros2_sim_ws/install/robot_pkg' for CMake module files
[1.192s] Level 1:colcon.colcon_core.environment:checking '/simulation/ros2_sim_ws/install/robot_pkg' for CMake config files
[1.193s] Level 1:colcon.colcon_core.shell:create_environment_hook('robot_pkg', 'cmake_prefix_path')
[1.193s] INFO:colcon.colcon_core.shell:Creating environment hook '/simulation/ros2_sim_ws/install/robot_pkg/share/robot_pkg/hook/cmake_prefix_path.ps1'
[1.194s] INFO:colcon.colcon_core.shell:Creating environment descriptor '/simulation/ros2_sim_ws/install/robot_pkg/share/robot_pkg/hook/cmake_prefix_path.dsv'
[1.195s] INFO:colcon.colcon_core.shell:Creating environment hook '/simulation/ros2_sim_ws/install/robot_pkg/share/robot_pkg/hook/cmake_prefix_path.sh'
[1.196s] Level 1:colcon.colcon_core.environment:checking '/simulation/ros2_sim_ws/install/robot_pkg/bin'
[1.197s] Level 1:colcon.colcon_core.environment:checking '/simulation/ros2_sim_ws/install/robot_pkg/lib/pkgconfig/robot_pkg.pc'
[1.197s] Level 1:colcon.colcon_core.environment:checking '/simulation/ros2_sim_ws/install/robot_pkg/lib/python3.10/site-packages'
[1.197s] Level 1:colcon.colcon_core.environment:checking '/simulation/ros2_sim_ws/install/robot_pkg/bin'
[1.198s] INFO:colcon.colcon_core.shell:Creating package script '/simulation/ros2_sim_ws/install/robot_pkg/share/robot_pkg/package.ps1'
[1.200s] INFO:colcon.colcon_core.shell:Creating package descriptor '/simulation/ros2_sim_ws/install/robot_pkg/share/robot_pkg/package.dsv'
[1.201s] INFO:colcon.colcon_core.shell:Creating package script '/simulation/ros2_sim_ws/install/robot_pkg/share/robot_pkg/package.sh'
[1.202s] INFO:colcon.colcon_core.shell:Creating package script '/simulation/ros2_sim_ws/install/robot_pkg/share/robot_pkg/package.bash'
[1.204s] INFO:colcon.colcon_core.shell:Creating package script '/simulation/ros2_sim_ws/install/robot_pkg/share/robot_pkg/package.zsh'
[1.205s] Level 1:colcon.colcon_core.environment:create_file_with_runtime_dependencies(/simulation/ros2_sim_ws/install/robot_pkg/share/colcon-core/packages/robot_pkg)
[1.247s] Level 1:colcon.colcon_core.environment:create_environment_scripts_only(robot_pkg)
[1.248s] Level 1:colcon.colcon_core.environment:checking '/simulation/ros2_sim_ws/install/robot_pkg' for CMake module files
[1.249s] Level 1:colcon.colcon_core.environment:checking '/simulation/ros2_sim_ws/install/robot_pkg' for CMake config files
[1.249s] Level 1:colcon.colcon_core.shell:create_environment_hook('robot_pkg', 'cmake_prefix_path')
[1.250s] INFO:colcon.colcon_core.shell:Creating environment hook '/simulation/ros2_sim_ws/install/robot_pkg/share/robot_pkg/hook/cmake_prefix_path.ps1'
[1.251s] INFO:colcon.colcon_core.shell:Creating environment descriptor '/simulation/ros2_sim_ws/install/robot_pkg/share/robot_pkg/hook/cmake_prefix_path.dsv'
[1.251s] INFO:colcon.colcon_core.shell:Creating environment hook '/simulation/ros2_sim_ws/install/robot_pkg/share/robot_pkg/hook/cmake_prefix_path.sh'
[1.253s] Level 1:colcon.colcon_core.environment:checking '/simulation/ros2_sim_ws/install/robot_pkg/bin'
[1.253s] Level 1:colcon.colcon_core.environment:checking '/simulation/ros2_sim_ws/install/robot_pkg/lib/pkgconfig/robot_pkg.pc'
[1.253s] Level 1:colcon.colcon_core.environment:checking '/simulation/ros2_sim_ws/install/robot_pkg/lib/python3.10/site-packages'
[1.254s] Level 1:colcon.colcon_core.environment:checking '/simulation/ros2_sim_ws/install/robot_pkg/bin'
[1.255s] INFO:colcon.colcon_core.shell:Creating package script '/simulation/ros2_sim_ws/install/robot_pkg/share/robot_pkg/package.ps1'
[1.256s] INFO:colcon.colcon_core.shell:Creating package descriptor '/simulation/ros2_sim_ws/install/robot_pkg/share/robot_pkg/package.dsv'
[1.257s] INFO:colcon.colcon_core.shell:Creating package script '/simulation/ros2_sim_ws/install/robot_pkg/share/robot_pkg/package.sh'
[1.258s] INFO:colcon.colcon_core.shell:Creating package script '/simulation/ros2_sim_ws/install/robot_pkg/share/robot_pkg/package.bash'
[1.259s] INFO:colcon.colcon_core.shell:Creating package script '/simulation/ros2_sim_ws/install/robot_pkg/share/robot_pkg/package.zsh'
[1.259s] Level 1:colcon.colcon_core.environment:create_file_with_runtime_dependencies(/simulation/ros2_sim_ws/install/robot_pkg/share/colcon-core/packages/robot_pkg)
[1.672s] DEBUG:colcon.colcon_core.event_handler.log_command:Invoking command in '/simulation/ros2_sim_ws/build/joystick_tester': PYTHONPATH=/simulation/ros2_sim_ws/build/joystick_tester/prefix_override:/usr/lib/python3/dist-packages/colcon_core/task/python/colcon_distutils_commands:/simulation/ros2_sim_ws/install/joystick_tester/lib/python3.10/site-packages:${PYTHONPATH} /usr/bin/python3 -W ignore:setup.py install is deprecated setup.py develop --editable --build-directory /simulation/ros2_sim_ws/build/joystick_tester/build --no-deps symlink_data
[2.383s] Level 1:colcon.colcon_core.shell:create_environment_hook('joystick_tester', 'pythonpath_develop')
[2.384s] INFO:colcon.colcon_core.shell:Creating environment hook '/simulation/ros2_sim_ws/build/joystick_tester/share/joystick_tester/hook/pythonpath_develop.ps1'
[2.385s] DEBUG:colcon.colcon_core.event_handler.log_command:Invoked command in '/simulation/ros2_sim_ws/build/joystick_tester' returned '0': PYTHONPATH=/simulation/ros2_sim_ws/build/joystick_tester/prefix_override:/usr/lib/python3/dist-packages/colcon_core/task/python/colcon_distutils_commands:/simulation/ros2_sim_ws/install/joystick_tester/lib/python3.10/site-packages:${PYTHONPATH} /usr/bin/python3 -W ignore:setup.py install is deprecated setup.py develop --editable --build-directory /simulation/ros2_sim_ws/build/joystick_tester/build --no-deps symlink_data
[2.386s] INFO:colcon.colcon_core.shell:Creating environment descriptor '/simulation/ros2_sim_ws/build/joystick_tester/share/joystick_tester/hook/pythonpath_develop.dsv'
[2.387s] INFO:colcon.colcon_core.shell:Creating environment hook '/simulation/ros2_sim_ws/build/joystick_tester/share/joystick_tester/hook/pythonpath_develop.sh'
[2.388s] Level 1:colcon.colcon_core.environment:checking '/simulation/ros2_sim_ws/install/joystick_tester' for CMake module files
[2.388s] Level 1:colcon.colcon_core.environment:checking '/simulation/ros2_sim_ws/install/joystick_tester' for CMake config files
[2.389s] Level 1:colcon.colcon_core.environment:checking '/simulation/ros2_sim_ws/install/joystick_tester/lib'
[2.390s] Level 1:colcon.colcon_core.environment:checking '/simulation/ros2_sim_ws/install/joystick_tester/bin'
[2.390s] Level 1:colcon.colcon_core.environment:checking '/simulation/ros2_sim_ws/install/joystick_tester/lib/pkgconfig/joystick_tester.pc'
[2.390s] Level 1:colcon.colcon_core.environment:checking '/simulation/ros2_sim_ws/install/joystick_tester/lib/python3.10/site-packages'
[2.391s] Level 1:colcon.colcon_core.shell:create_environment_hook('joystick_tester', 'pythonpath')
[2.391s] INFO:colcon.colcon_core.shell:Creating environment hook '/simulation/ros2_sim_ws/install/joystick_tester/share/joystick_tester/hook/pythonpath.ps1'
[2.392s] INFO:colcon.colcon_core.shell:Creating environment descriptor '/simulation/ros2_sim_ws/install/joystick_tester/share/joystick_tester/hook/pythonpath.dsv'
[2.393s] INFO:colcon.colcon_core.shell:Creating environment hook '/simulation/ros2_sim_ws/install/joystick_tester/share/joystick_tester/hook/pythonpath.sh'
[2.394s] Level 1:colcon.colcon_core.environment:checking '/simulation/ros2_sim_ws/install/joystick_tester/bin'
[2.394s] Level 1:colcon.colcon_core.environment:create_environment_scripts_only(joystick_tester)
[2.395s] INFO:colcon.colcon_core.shell:Creating package script '/simulation/ros2_sim_ws/install/joystick_tester/share/joystick_tester/package.ps1'
[2.396s] INFO:colcon.colcon_core.shell:Creating package descriptor '/simulation/ros2_sim_ws/install/joystick_tester/share/joystick_tester/package.dsv'
[2.397s] INFO:colcon.colcon_core.shell:Creating package script '/simulation/ros2_sim_ws/install/joystick_tester/share/joystick_tester/package.sh'
[2.398s] INFO:colcon.colcon_core.shell:Creating package script '/simulation/ros2_sim_ws/install/joystick_tester/share/joystick_tester/package.bash'
[2.398s] INFO:colcon.colcon_core.shell:Creating package script '/simulation/ros2_sim_ws/install/joystick_tester/share/joystick_tester/package.zsh'
[2.399s] Level 1:colcon.colcon_core.environment:create_file_with_runtime_dependencies(/simulation/ros2_sim_ws/install/joystick_tester/share/colcon-core/packages/joystick_tester)
[2.400s] DEBUG:colcon.colcon_parallel_executor.executor.parallel:closing loop
[2.400s] DEBUG:colcon.colcon_parallel_executor.executor.parallel:loop closed
[2.401s] DEBUG:colcon.colcon_parallel_executor.executor.parallel:run_until_complete finished with '0'
[2.401s] DEBUG:colcon.colcon_core.event_reactor:joining thread
[2.411s] INFO:colcon.colcon_core.plugin_system:Skipping extension 'colcon_notification.desktop_notification.notify_send': Could not find 'notify-send'
[2.412s] INFO:colcon.colcon_core.plugin_system:Skipping extension 'colcon_notification.desktop_notification.terminal_notifier': Not used on non-Darwin systems
[2.412s] INFO:colcon.colcon_core.plugin_system:Skipping extension 'colcon_notification.desktop_notification.win32': Not used on non-Windows systems
[2.412s] INFO:colcon.colcon_notification.desktop_notification:Sending desktop notification using 'notify2'
[2.416s] DEBUG:colcon.colcon_notification.desktop_notification.notify2:Failed to initialize notify2: org.freedesktop.DBus.Error.Spawn.ExecFailed: /usr/bin/dbus-launch terminated abnormally without any error message
[2.417s] DEBUG:colcon.colcon_core.event_reactor:joined thread
[2.418s] INFO:colcon.colcon_core.shell:Creating prefix script '/simulation/ros2_sim_ws/install/local_setup.ps1'
[2.422s] INFO:colcon.colcon_core.shell:Creating prefix util module '/simulation/ros2_sim_ws/install/_local_setup_util_ps1.py'
[2.427s] INFO:colcon.colcon_core.shell:Creating prefix chain script '/simulation/ros2_sim_ws/install/setup.ps1'
[2.432s] INFO:colcon.colcon_core.shell:Creating prefix script '/simulation/ros2_sim_ws/install/local_setup.sh'
[2.434s] INFO:colcon.colcon_core.shell:Creating prefix util module '/simulation/ros2_sim_ws/install/_local_setup_util_sh.py'
[2.436s] INFO:colcon.colcon_core.shell:Creating prefix chain script '/simulation/ros2_sim_ws/install/setup.sh'
[2.439s] INFO:colcon.colcon_core.shell:Creating prefix script '/simulation/ros2_sim_ws/install/local_setup.bash'
[2.440s] INFO:colcon.colcon_core.shell:Creating prefix chain script '/simulation/ros2_sim_ws/install/setup.bash'
[2.442s] INFO:colcon.colcon_core.shell:Creating prefix script '/simulation/ros2_sim_ws/install/local_setup.zsh'
[2.443s] INFO:colcon.colcon_core.shell:Creating prefix chain script '/simulation/ros2_sim_ws/install/setup.zsh'
