[0.076s] DEBUG:colcon:Command line arguments: ['/usr/bin/colcon', 'build', '--symlink-install']
[0.076s] DEBUG:colcon:Parsed command line arguments: Namespace(log_base=None, log_level=None, verb_name='build', build_base='build', install_base='install', merge_install=False, symlink_install=True, test_result_base=None, continue_on_error=False, executor='parallel', parallel_workers=8, event_handlers=None, ignore_user_meta=False, metas=['./colcon.meta'], base_paths=['.'], packages_ignore=None, packages_ignore_regex=None, paths=None, packages_up_to=None, packages_up_to_regex=None, packages_above=None, packages_above_and_dependencies=None, packages_above_depth=None, packages_select_by_dep=None, packages_skip_by_dep=None, packages_skip_up_to=None, packages_select_build_failed=False, packages_skip_build_finished=False, packages_select_test_failures=False, packages_skip_test_passed=False, packages_select=None, packages_skip=None, packages_select_regex=None, packages_skip_regex=None, packages_start=None, packages_end=None, cmake_args=None, cmake_target=None, cmake_target_skip_unavailable=False, cmake_clean_cache=False, cmake_clean_first=False, cmake_force_configure=False, ament_cmake_args=None, catkin_cmake_args=None, catkin_skip_building_tests=False, mixin_files=None, mixin=None, verb_parser=<colcon_mixin.mixin.mixin_argument.MixinArgumentDecorator object at 0x7b7f12412b60>, verb_extension=<colcon_core.verb.build.BuildVerb object at 0x7b7f125572b0>, main=<bound method BuildVerb.main of <colcon_core.verb.build.BuildVerb object at 0x7b7f125572b0>>, mixin_verb=('build',))
[0.157s] Level 1:colcon.colcon_core.package_discovery:discover_packages(colcon_meta) check parameters
[0.157s] Level 1:colcon.colcon_core.package_discovery:discover_packages(recursive) check parameters
[0.157s] Level 1:colcon.colcon_core.package_discovery:discover_packages(ignore) check parameters
[0.157s] Level 1:colcon.colcon_core.package_discovery:discover_packages(path) check parameters
[0.157s] Level 1:colcon.colcon_core.package_discovery:discover_packages(colcon_meta) discover
[0.157s] Level 1:colcon.colcon_core.package_discovery:discover_packages(recursive) discover
[0.157s] INFO:colcon.colcon_core.package_discovery:Crawling recursively for packages in '/simulation/ros2_sim_ws'
[0.157s] Level 1:colcon.colcon_core.package_identification:_identify(.) by extensions ['ignore', 'ignore_ament_install']
[0.157s] Level 1:colcon.colcon_core.package_identification:_identify(.) by extension 'ignore'
[0.157s] Level 1:colcon.colcon_core.package_identification:_identify(.) by extension 'ignore_ament_install'
[0.157s] Level 1:colcon.colcon_core.package_identification:_identify(.) by extensions ['colcon_pkg']
[0.157s] Level 1:colcon.colcon_core.package_identification:_identify(.) by extension 'colcon_pkg'
[0.158s] Level 1:colcon.colcon_core.package_identification:_identify(.) by extensions ['colcon_meta']
[0.158s] Level 1:colcon.colcon_core.package_identification:_identify(.) by extension 'colcon_meta'
[0.158s] Level 1:colcon.colcon_core.package_identification:_identify(.) by extensions ['ros']
[0.158s] Level 1:colcon.colcon_core.package_identification:_identify(.) by extension 'ros'
[0.166s] Level 1:colcon.colcon_core.package_identification:_identify(.) by extensions ['cmake', 'python']
[0.166s] Level 1:colcon.colcon_core.package_identification:_identify(.) by extension 'cmake'
[0.166s] Level 1:colcon.colcon_core.package_identification:_identify(.) by extension 'python'
[0.166s] Level 1:colcon.colcon_core.package_identification:_identify(.) by extensions ['python_setup_py']
[0.166s] Level 1:colcon.colcon_core.package_identification:_identify(.) by extension 'python_setup_py'
[0.166s] Level 1:colcon.colcon_core.package_identification:_identify(build) by extensions ['ignore', 'ignore_ament_install']
[0.166s] Level 1:colcon.colcon_core.package_identification:_identify(build) by extension 'ignore'
[0.166s] Level 1:colcon.colcon_core.package_identification:_identify(build) ignored
[0.166s] Level 1:colcon.colcon_core.package_identification:_identify(install) by extensions ['ignore', 'ignore_ament_install']
[0.167s] Level 1:colcon.colcon_core.package_identification:_identify(install) by extension 'ignore'
[0.167s] Level 1:colcon.colcon_core.package_identification:_identify(install) ignored
[0.167s] Level 1:colcon.colcon_core.package_identification:_identify(log) by extensions ['ignore', 'ignore_ament_install']
[0.167s] Level 1:colcon.colcon_core.package_identification:_identify(log) by extension 'ignore'
[0.167s] Level 1:colcon.colcon_core.package_identification:_identify(log) ignored
[0.167s] Level 1:colcon.colcon_core.package_identification:_identify(src) by extensions ['ignore', 'ignore_ament_install']
[0.167s] Level 1:colcon.colcon_core.package_identification:_identify(src) by extension 'ignore'
[0.167s] Level 1:colcon.colcon_core.package_identification:_identify(src) by extension 'ignore_ament_install'
[0.167s] Level 1:colcon.colcon_core.package_identification:_identify(src) by extensions ['colcon_pkg']
[0.167s] Level 1:colcon.colcon_core.package_identification:_identify(src) by extension 'colcon_pkg'
[0.167s] Level 1:colcon.colcon_core.package_identification:_identify(src) by extensions ['colcon_meta']
[0.167s] Level 1:colcon.colcon_core.package_identification:_identify(src) by extension 'colcon_meta'
[0.167s] Level 1:colcon.colcon_core.package_identification:_identify(src) by extensions ['ros']
[0.167s] Level 1:colcon.colcon_core.package_identification:_identify(src) by extension 'ros'
[0.167s] Level 1:colcon.colcon_core.package_identification:_identify(src) by extensions ['cmake', 'python']
[0.167s] Level 1:colcon.colcon_core.package_identification:_identify(src) by extension 'cmake'
[0.167s] Level 1:colcon.colcon_core.package_identification:_identify(src) by extension 'python'
[0.167s] Level 1:colcon.colcon_core.package_identification:_identify(src) by extensions ['python_setup_py']
[0.167s] Level 1:colcon.colcon_core.package_identification:_identify(src) by extension 'python_setup_py'
[0.167s] Level 1:colcon.colcon_core.package_identification:_identify(src/learning_package) by extensions ['ignore', 'ignore_ament_install']
[0.167s] Level 1:colcon.colcon_core.package_identification:_identify(src/learning_package) by extension 'ignore'
[0.167s] Level 1:colcon.colcon_core.package_identification:_identify(src/learning_package) by extension 'ignore_ament_install'
[0.167s] Level 1:colcon.colcon_core.package_identification:_identify(src/learning_package) by extensions ['colcon_pkg']
[0.167s] Level 1:colcon.colcon_core.package_identification:_identify(src/learning_package) by extension 'colcon_pkg'
[0.167s] Level 1:colcon.colcon_core.package_identification:_identify(src/learning_package) by extensions ['colcon_meta']
[0.167s] Level 1:colcon.colcon_core.package_identification:_identify(src/learning_package) by extension 'colcon_meta'
[0.167s] Level 1:colcon.colcon_core.package_identification:_identify(src/learning_package) by extensions ['ros']
[0.167s] Level 1:colcon.colcon_core.package_identification:_identify(src/learning_package) by extension 'ros'
[0.169s] DEBUG:colcon.colcon_core.package_identification:Package 'src/learning_package' with type 'ros.ament_cmake' and name 'learning_package'
[0.169s] Level 1:colcon.colcon_core.package_identification:_identify(src/navigation_pkg) by extensions ['ignore', 'ignore_ament_install']
[0.169s] Level 1:colcon.colcon_core.package_identification:_identify(src/navigation_pkg) by extension 'ignore'
[0.169s] Level 1:colcon.colcon_core.package_identification:_identify(src/navigation_pkg) by extension 'ignore_ament_install'
[0.169s] Level 1:colcon.colcon_core.package_identification:_identify(src/navigation_pkg) by extensions ['colcon_pkg']
[0.169s] Level 1:colcon.colcon_core.package_identification:_identify(src/navigation_pkg) by extension 'colcon_pkg'
[0.169s] Level 1:colcon.colcon_core.package_identification:_identify(src/navigation_pkg) by extensions ['colcon_meta']
[0.169s] Level 1:colcon.colcon_core.package_identification:_identify(src/navigation_pkg) by extension 'colcon_meta'
[0.169s] Level 1:colcon.colcon_core.package_identification:_identify(src/navigation_pkg) by extensions ['ros']
[0.169s] Level 1:colcon.colcon_core.package_identification:_identify(src/navigation_pkg) by extension 'ros'
[0.170s] DEBUG:colcon.colcon_core.package_identification:Package 'src/navigation_pkg' with type 'ros.ament_cmake' and name 'navigation_pkg'
[0.170s] Level 1:colcon.colcon_core.package_identification:_identify(src/robot_pkg) by extensions ['ignore', 'ignore_ament_install']
[0.170s] Level 1:colcon.colcon_core.package_identification:_identify(src/robot_pkg) by extension 'ignore'
[0.170s] Level 1:colcon.colcon_core.package_identification:_identify(src/robot_pkg) by extension 'ignore_ament_install'
[0.170s] Level 1:colcon.colcon_core.package_identification:_identify(src/robot_pkg) by extensions ['colcon_pkg']
[0.170s] Level 1:colcon.colcon_core.package_identification:_identify(src/robot_pkg) by extension 'colcon_pkg'
[0.170s] Level 1:colcon.colcon_core.package_identification:_identify(src/robot_pkg) by extensions ['colcon_meta']
[0.170s] Level 1:colcon.colcon_core.package_identification:_identify(src/robot_pkg) by extension 'colcon_meta'
[0.170s] Level 1:colcon.colcon_core.package_identification:_identify(src/robot_pkg) by extensions ['ros']
[0.170s] Level 1:colcon.colcon_core.package_identification:_identify(src/robot_pkg) by extension 'ros'
[0.171s] DEBUG:colcon.colcon_core.package_identification:Package 'src/robot_pkg' with type 'ros.ament_cmake' and name 'robot_pkg'
[0.171s] Level 1:colcon.colcon_core.package_identification:_identify(src/slam_pkg) by extensions ['ignore', 'ignore_ament_install']
[0.171s] Level 1:colcon.colcon_core.package_identification:_identify(src/slam_pkg) by extension 'ignore'
[0.171s] Level 1:colcon.colcon_core.package_identification:_identify(src/slam_pkg) by extension 'ignore_ament_install'
[0.171s] Level 1:colcon.colcon_core.package_identification:_identify(src/slam_pkg) by extensions ['colcon_pkg']
[0.171s] Level 1:colcon.colcon_core.package_identification:_identify(src/slam_pkg) by extension 'colcon_pkg'
[0.171s] Level 1:colcon.colcon_core.package_identification:_identify(src/slam_pkg) by extensions ['colcon_meta']
[0.171s] Level 1:colcon.colcon_core.package_identification:_identify(src/slam_pkg) by extension 'colcon_meta'
[0.171s] Level 1:colcon.colcon_core.package_identification:_identify(src/slam_pkg) by extensions ['ros']
[0.171s] Level 1:colcon.colcon_core.package_identification:_identify(src/slam_pkg) by extension 'ros'
[0.171s] DEBUG:colcon.colcon_core.package_identification:Package 'src/slam_pkg' with type 'ros.ament_cmake' and name 'slam_pkg'
[0.171s] Level 1:colcon.colcon_core.package_discovery:discover_packages(recursive) using defaults
[0.171s] Level 1:colcon.colcon_core.package_discovery:discover_packages(ignore) discover
[0.171s] Level 1:colcon.colcon_core.package_discovery:discover_packages(ignore) using defaults
[0.171s] Level 1:colcon.colcon_core.package_discovery:discover_packages(path) discover
[0.171s] Level 1:colcon.colcon_core.package_discovery:discover_packages(path) using defaults
[0.185s] Level 5:colcon.colcon_core.verb:set package 'learning_package' build argument 'cmake_args' from command line to 'None'
[0.185s] Level 5:colcon.colcon_core.verb:set package 'learning_package' build argument 'cmake_target' from command line to 'None'
[0.185s] Level 5:colcon.colcon_core.verb:set package 'learning_package' build argument 'cmake_target_skip_unavailable' from command line to 'False'
[0.185s] Level 5:colcon.colcon_core.verb:set package 'learning_package' build argument 'cmake_clean_cache' from command line to 'False'
[0.185s] Level 5:colcon.colcon_core.verb:set package 'learning_package' build argument 'cmake_clean_first' from command line to 'False'
[0.185s] Level 5:colcon.colcon_core.verb:set package 'learning_package' build argument 'cmake_force_configure' from command line to 'False'
[0.185s] Level 5:colcon.colcon_core.verb:set package 'learning_package' build argument 'ament_cmake_args' from command line to 'None'
[0.185s] Level 5:colcon.colcon_core.verb:set package 'learning_package' build argument 'catkin_cmake_args' from command line to 'None'
[0.185s] Level 5:colcon.colcon_core.verb:set package 'learning_package' build argument 'catkin_skip_building_tests' from command line to 'False'
[0.185s] DEBUG:colcon.colcon_core.verb:Building package 'learning_package' with the following arguments: {'ament_cmake_args': None, 'build_base': '/simulation/ros2_sim_ws/build/learning_package', 'catkin_cmake_args': None, 'catkin_skip_building_tests': False, 'cmake_args': None, 'cmake_clean_cache': False, 'cmake_clean_first': False, 'cmake_force_configure': False, 'cmake_target': None, 'cmake_target_skip_unavailable': False, 'install_base': '/simulation/ros2_sim_ws/install/learning_package', 'merge_install': False, 'path': '/simulation/ros2_sim_ws/src/learning_package', 'symlink_install': True, 'test_result_base': None}
[0.186s] Level 5:colcon.colcon_core.verb:set package 'navigation_pkg' build argument 'cmake_args' from command line to 'None'
[0.186s] Level 5:colcon.colcon_core.verb:set package 'navigation_pkg' build argument 'cmake_target' from command line to 'None'
[0.186s] Level 5:colcon.colcon_core.verb:set package 'navigation_pkg' build argument 'cmake_target_skip_unavailable' from command line to 'False'
[0.186s] Level 5:colcon.colcon_core.verb:set package 'navigation_pkg' build argument 'cmake_clean_cache' from command line to 'False'
[0.186s] Level 5:colcon.colcon_core.verb:set package 'navigation_pkg' build argument 'cmake_clean_first' from command line to 'False'
[0.186s] Level 5:colcon.colcon_core.verb:set package 'navigation_pkg' build argument 'cmake_force_configure' from command line to 'False'
[0.186s] Level 5:colcon.colcon_core.verb:set package 'navigation_pkg' build argument 'ament_cmake_args' from command line to 'None'
[0.186s] Level 5:colcon.colcon_core.verb:set package 'navigation_pkg' build argument 'catkin_cmake_args' from command line to 'None'
[0.186s] Level 5:colcon.colcon_core.verb:set package 'navigation_pkg' build argument 'catkin_skip_building_tests' from command line to 'False'
[0.186s] DEBUG:colcon.colcon_core.verb:Building package 'navigation_pkg' with the following arguments: {'ament_cmake_args': None, 'build_base': '/simulation/ros2_sim_ws/build/navigation_pkg', 'catkin_cmake_args': None, 'catkin_skip_building_tests': False, 'cmake_args': None, 'cmake_clean_cache': False, 'cmake_clean_first': False, 'cmake_force_configure': False, 'cmake_target': None, 'cmake_target_skip_unavailable': False, 'install_base': '/simulation/ros2_sim_ws/install/navigation_pkg', 'merge_install': False, 'path': '/simulation/ros2_sim_ws/src/navigation_pkg', 'symlink_install': True, 'test_result_base': None}
[0.186s] Level 5:colcon.colcon_core.verb:set package 'robot_pkg' build argument 'cmake_args' from command line to 'None'
[0.186s] Level 5:colcon.colcon_core.verb:set package 'robot_pkg' build argument 'cmake_target' from command line to 'None'
[0.186s] Level 5:colcon.colcon_core.verb:set package 'robot_pkg' build argument 'cmake_target_skip_unavailable' from command line to 'False'
[0.186s] Level 5:colcon.colcon_core.verb:set package 'robot_pkg' build argument 'cmake_clean_cache' from command line to 'False'
[0.186s] Level 5:colcon.colcon_core.verb:set package 'robot_pkg' build argument 'cmake_clean_first' from command line to 'False'
[0.186s] Level 5:colcon.colcon_core.verb:set package 'robot_pkg' build argument 'cmake_force_configure' from command line to 'False'
[0.186s] Level 5:colcon.colcon_core.verb:set package 'robot_pkg' build argument 'ament_cmake_args' from command line to 'None'
[0.186s] Level 5:colcon.colcon_core.verb:set package 'robot_pkg' build argument 'catkin_cmake_args' from command line to 'None'
[0.186s] Level 5:colcon.colcon_core.verb:set package 'robot_pkg' build argument 'catkin_skip_building_tests' from command line to 'False'
[0.186s] DEBUG:colcon.colcon_core.verb:Building package 'robot_pkg' with the following arguments: {'ament_cmake_args': None, 'build_base': '/simulation/ros2_sim_ws/build/robot_pkg', 'catkin_cmake_args': None, 'catkin_skip_building_tests': False, 'cmake_args': None, 'cmake_clean_cache': False, 'cmake_clean_first': False, 'cmake_force_configure': False, 'cmake_target': None, 'cmake_target_skip_unavailable': False, 'install_base': '/simulation/ros2_sim_ws/install/robot_pkg', 'merge_install': False, 'path': '/simulation/ros2_sim_ws/src/robot_pkg', 'symlink_install': True, 'test_result_base': None}
[0.187s] Level 5:colcon.colcon_core.verb:set package 'slam_pkg' build argument 'cmake_args' from command line to 'None'
[0.187s] Level 5:colcon.colcon_core.verb:set package 'slam_pkg' build argument 'cmake_target' from command line to 'None'
[0.187s] Level 5:colcon.colcon_core.verb:set package 'slam_pkg' build argument 'cmake_target_skip_unavailable' from command line to 'False'
[0.187s] Level 5:colcon.colcon_core.verb:set package 'slam_pkg' build argument 'cmake_clean_cache' from command line to 'False'
[0.187s] Level 5:colcon.colcon_core.verb:set package 'slam_pkg' build argument 'cmake_clean_first' from command line to 'False'
[0.187s] Level 5:colcon.colcon_core.verb:set package 'slam_pkg' build argument 'cmake_force_configure' from command line to 'False'
[0.187s] Level 5:colcon.colcon_core.verb:set package 'slam_pkg' build argument 'ament_cmake_args' from command line to 'None'
[0.187s] Level 5:colcon.colcon_core.verb:set package 'slam_pkg' build argument 'catkin_cmake_args' from command line to 'None'
[0.187s] Level 5:colcon.colcon_core.verb:set package 'slam_pkg' build argument 'catkin_skip_building_tests' from command line to 'False'
[0.187s] DEBUG:colcon.colcon_core.verb:Building package 'slam_pkg' with the following arguments: {'ament_cmake_args': None, 'build_base': '/simulation/ros2_sim_ws/build/slam_pkg', 'catkin_cmake_args': None, 'catkin_skip_building_tests': False, 'cmake_args': None, 'cmake_clean_cache': False, 'cmake_clean_first': False, 'cmake_force_configure': False, 'cmake_target': None, 'cmake_target_skip_unavailable': False, 'install_base': '/simulation/ros2_sim_ws/install/slam_pkg', 'merge_install': False, 'path': '/simulation/ros2_sim_ws/src/slam_pkg', 'symlink_install': True, 'test_result_base': None}
[0.187s] INFO:colcon.colcon_core.executor:Executing jobs using 'parallel' executor
[0.188s] DEBUG:colcon.colcon_parallel_executor.executor.parallel:run_until_complete
[0.188s] INFO:colcon.colcon_ros.task.ament_cmake.build:Building ROS package in '/simulation/ros2_sim_ws/src/learning_package' with build type 'ament_cmake'
[0.188s] INFO:colcon.colcon_cmake.task.cmake.build:Building CMake package in '/simulation/ros2_sim_ws/src/learning_package'
[0.190s] INFO:colcon.colcon_core.plugin_system:Skipping extension 'colcon_core.shell.bat': Not used on non-Windows systems
[0.190s] INFO:colcon.colcon_core.shell:Skip shell extension 'powershell' for command environment: Not usable outside of PowerShell
[0.190s] DEBUG:colcon.colcon_core.shell:Skip shell extension 'dsv' for command environment
[0.194s] INFO:colcon.colcon_ros.task.ament_cmake.build:Building ROS package in '/simulation/ros2_sim_ws/src/navigation_pkg' with build type 'ament_cmake'
[0.194s] INFO:colcon.colcon_cmake.task.cmake.build:Building CMake package in '/simulation/ros2_sim_ws/src/navigation_pkg'
[0.194s] INFO:colcon.colcon_core.shell:Skip shell extension 'powershell' for command environment: Not usable outside of PowerShell
[0.194s] DEBUG:colcon.colcon_core.shell:Skip shell extension 'dsv' for command environment
[0.196s] INFO:colcon.colcon_ros.task.ament_cmake.build:Building ROS package in '/simulation/ros2_sim_ws/src/robot_pkg' with build type 'ament_cmake'
[0.197s] INFO:colcon.colcon_cmake.task.cmake.build:Building CMake package in '/simulation/ros2_sim_ws/src/robot_pkg'
[0.197s] INFO:colcon.colcon_core.shell:Skip shell extension 'powershell' for command environment: Not usable outside of PowerShell
[0.197s] DEBUG:colcon.colcon_core.shell:Skip shell extension 'dsv' for command environment
[0.199s] INFO:colcon.colcon_ros.task.ament_cmake.build:Building ROS package in '/simulation/ros2_sim_ws/src/slam_pkg' with build type 'ament_cmake'
[0.200s] INFO:colcon.colcon_cmake.task.cmake.build:Building CMake package in '/simulation/ros2_sim_ws/src/slam_pkg'
[0.200s] INFO:colcon.colcon_core.shell:Skip shell extension 'powershell' for command environment: Not usable outside of PowerShell
[0.200s] DEBUG:colcon.colcon_core.shell:Skip shell extension 'dsv' for command environment
[0.208s] DEBUG:colcon.colcon_core.event_handler.log_command:Invoking command in '/simulation/ros2_sim_ws/build/learning_package': CMAKE_PREFIX_PATH=${CMAKE_PREFIX_PATH}:/opt/ros/humble /usr/bin/cmake --build /simulation/ros2_sim_ws/build/learning_package -- -j8 -l8
[0.211s] DEBUG:colcon.colcon_core.event_handler.log_command:Invoking command in '/simulation/ros2_sim_ws/build/navigation_pkg': CMAKE_PREFIX_PATH=${CMAKE_PREFIX_PATH}:/opt/ros/humble /usr/bin/cmake --build /simulation/ros2_sim_ws/build/navigation_pkg -- -j8 -l8
[0.214s] DEBUG:colcon.colcon_core.event_handler.log_command:Invoking command in '/simulation/ros2_sim_ws/build/robot_pkg': CMAKE_PREFIX_PATH=${CMAKE_PREFIX_PATH}:/opt/ros/humble /usr/bin/cmake --build /simulation/ros2_sim_ws/build/robot_pkg -- -j8 -l8
[0.219s] DEBUG:colcon.colcon_core.event_handler.log_command:Invoking command in '/simulation/ros2_sim_ws/build/slam_pkg': CMAKE_PREFIX_PATH=${CMAKE_PREFIX_PATH}:/opt/ros/humble /usr/bin/cmake --build /simulation/ros2_sim_ws/build/slam_pkg -- -j8 -l8
[0.245s] DEBUG:colcon.colcon_core.event_handler.log_command:Invoked command in '/simulation/ros2_sim_ws/build/learning_package' returned '0': CMAKE_PREFIX_PATH=${CMAKE_PREFIX_PATH}:/opt/ros/humble /usr/bin/cmake --build /simulation/ros2_sim_ws/build/learning_package -- -j8 -l8
[0.246s] DEBUG:colcon.colcon_core.event_handler.log_command:Invoked command in '/simulation/ros2_sim_ws/build/navigation_pkg' returned '0': CMAKE_PREFIX_PATH=${CMAKE_PREFIX_PATH}:/opt/ros/humble /usr/bin/cmake --build /simulation/ros2_sim_ws/build/navigation_pkg -- -j8 -l8
[0.250s] DEBUG:colcon.colcon_core.event_handler.log_command:Invoked command in '/simulation/ros2_sim_ws/build/robot_pkg' returned '0': CMAKE_PREFIX_PATH=${CMAKE_PREFIX_PATH}:/opt/ros/humble /usr/bin/cmake --build /simulation/ros2_sim_ws/build/robot_pkg -- -j8 -l8
[0.253s] DEBUG:colcon.colcon_core.event_handler.log_command:Invoked command in '/simulation/ros2_sim_ws/build/slam_pkg' returned '0': CMAKE_PREFIX_PATH=${CMAKE_PREFIX_PATH}:/opt/ros/humble /usr/bin/cmake --build /simulation/ros2_sim_ws/build/slam_pkg -- -j8 -l8
[0.271s] DEBUG:colcon.colcon_core.event_handler.log_command:Invoking command in '/simulation/ros2_sim_ws/build/learning_package': CMAKE_PREFIX_PATH=${CMAKE_PREFIX_PATH}:/opt/ros/humble /usr/bin/cmake --install /simulation/ros2_sim_ws/build/learning_package
[0.272s] DEBUG:colcon.colcon_core.event_handler.log_command:Invoking command in '/simulation/ros2_sim_ws/build/navigation_pkg': CMAKE_PREFIX_PATH=${CMAKE_PREFIX_PATH}:/opt/ros/humble /usr/bin/cmake --install /simulation/ros2_sim_ws/build/navigation_pkg
[0.273s] DEBUG:colcon.colcon_core.event_handler.log_command:Invoking command in '/simulation/ros2_sim_ws/build/robot_pkg': CMAKE_PREFIX_PATH=${CMAKE_PREFIX_PATH}:/opt/ros/humble /usr/bin/cmake --install /simulation/ros2_sim_ws/build/robot_pkg
[0.275s] DEBUG:colcon.colcon_core.event_handler.log_command:Invoking command in '/simulation/ros2_sim_ws/build/slam_pkg': CMAKE_PREFIX_PATH=${CMAKE_PREFIX_PATH}:/opt/ros/humble /usr/bin/cmake --install /simulation/ros2_sim_ws/build/slam_pkg
[0.293s] Level 1:colcon.colcon_core.environment:create_environment_scripts_only(navigation_pkg)
[0.293s] DEBUG:colcon.colcon_core.event_handler.log_command:Invoked command in '/simulation/ros2_sim_ws/build/navigation_pkg' returned '0': CMAKE_PREFIX_PATH=${CMAKE_PREFIX_PATH}:/opt/ros/humble /usr/bin/cmake --install /simulation/ros2_sim_ws/build/navigation_pkg
[0.295s] Level 1:colcon.colcon_core.environment:checking '/simulation/ros2_sim_ws/install/navigation_pkg' for CMake module files
[0.296s] Level 1:colcon.colcon_core.environment:checking '/simulation/ros2_sim_ws/install/navigation_pkg' for CMake config files
[0.296s] Level 1:colcon.colcon_core.shell:create_environment_hook('navigation_pkg', 'cmake_prefix_path')
[0.296s] INFO:colcon.colcon_core.shell:Creating environment hook '/simulation/ros2_sim_ws/install/navigation_pkg/share/navigation_pkg/hook/cmake_prefix_path.ps1'
[0.297s] INFO:colcon.colcon_core.shell:Creating environment descriptor '/simulation/ros2_sim_ws/install/navigation_pkg/share/navigation_pkg/hook/cmake_prefix_path.dsv'
[0.297s] INFO:colcon.colcon_core.shell:Creating environment hook '/simulation/ros2_sim_ws/install/navigation_pkg/share/navigation_pkg/hook/cmake_prefix_path.sh'
[0.298s] Level 1:colcon.colcon_core.environment:checking '/simulation/ros2_sim_ws/install/navigation_pkg/bin'
[0.298s] Level 1:colcon.colcon_core.environment:checking '/simulation/ros2_sim_ws/install/navigation_pkg/lib/pkgconfig/navigation_pkg.pc'
[0.299s] Level 1:colcon.colcon_core.environment:checking '/simulation/ros2_sim_ws/install/navigation_pkg/lib/python3.10/site-packages'
[0.299s] Level 1:colcon.colcon_core.environment:checking '/simulation/ros2_sim_ws/install/navigation_pkg/bin'
[0.300s] INFO:colcon.colcon_core.shell:Creating package script '/simulation/ros2_sim_ws/install/navigation_pkg/share/navigation_pkg/package.ps1'
[0.300s] INFO:colcon.colcon_core.shell:Creating package descriptor '/simulation/ros2_sim_ws/install/navigation_pkg/share/navigation_pkg/package.dsv'
[0.301s] INFO:colcon.colcon_core.shell:Creating package script '/simulation/ros2_sim_ws/install/navigation_pkg/share/navigation_pkg/package.sh'
[0.302s] INFO:colcon.colcon_core.shell:Creating package script '/simulation/ros2_sim_ws/install/navigation_pkg/share/navigation_pkg/package.bash'
[0.303s] INFO:colcon.colcon_core.shell:Creating package script '/simulation/ros2_sim_ws/install/navigation_pkg/share/navigation_pkg/package.zsh'
[0.303s] Level 1:colcon.colcon_core.environment:create_file_with_runtime_dependencies(/simulation/ros2_sim_ws/install/navigation_pkg/share/colcon-core/packages/navigation_pkg)
[0.304s] Level 1:colcon.colcon_core.environment:create_environment_scripts_only(learning_package)
[0.305s] Level 1:colcon.colcon_core.environment:checking '/simulation/ros2_sim_ws/install/learning_package' for CMake module files
[0.305s] DEBUG:colcon.colcon_core.event_handler.log_command:Invoked command in '/simulation/ros2_sim_ws/build/learning_package' returned '0': CMAKE_PREFIX_PATH=${CMAKE_PREFIX_PATH}:/opt/ros/humble /usr/bin/cmake --install /simulation/ros2_sim_ws/build/learning_package
[0.305s] Level 1:colcon.colcon_core.environment:checking '/simulation/ros2_sim_ws/install/learning_package' for CMake config files
[0.305s] Level 1:colcon.colcon_core.shell:create_environment_hook('learning_package', 'cmake_prefix_path')
[0.306s] INFO:colcon.colcon_core.shell:Creating environment hook '/simulation/ros2_sim_ws/install/learning_package/share/learning_package/hook/cmake_prefix_path.ps1'
[0.306s] INFO:colcon.colcon_core.shell:Creating environment descriptor '/simulation/ros2_sim_ws/install/learning_package/share/learning_package/hook/cmake_prefix_path.dsv'
[0.306s] INFO:colcon.colcon_core.shell:Creating environment hook '/simulation/ros2_sim_ws/install/learning_package/share/learning_package/hook/cmake_prefix_path.sh'
[0.307s] Level 1:colcon.colcon_core.environment:checking '/simulation/ros2_sim_ws/install/learning_package/bin'
[0.307s] Level 1:colcon.colcon_core.environment:checking '/simulation/ros2_sim_ws/install/learning_package/lib/pkgconfig/learning_package.pc'
[0.307s] Level 1:colcon.colcon_core.environment:checking '/simulation/ros2_sim_ws/install/learning_package/lib/python3.10/site-packages'
[0.307s] Level 1:colcon.colcon_core.environment:checking '/simulation/ros2_sim_ws/install/learning_package/bin'
[0.307s] INFO:colcon.colcon_core.shell:Creating package script '/simulation/ros2_sim_ws/install/learning_package/share/learning_package/package.ps1'
[0.307s] INFO:colcon.colcon_core.shell:Creating package descriptor '/simulation/ros2_sim_ws/install/learning_package/share/learning_package/package.dsv'
[0.308s] INFO:colcon.colcon_core.shell:Creating package script '/simulation/ros2_sim_ws/install/learning_package/share/learning_package/package.sh'
[0.308s] INFO:colcon.colcon_core.shell:Creating package script '/simulation/ros2_sim_ws/install/learning_package/share/learning_package/package.bash'
[0.308s] INFO:colcon.colcon_core.shell:Creating package script '/simulation/ros2_sim_ws/install/learning_package/share/learning_package/package.zsh'
[0.308s] Level 1:colcon.colcon_core.environment:create_file_with_runtime_dependencies(/simulation/ros2_sim_ws/install/learning_package/share/colcon-core/packages/learning_package)
[0.310s] Level 1:colcon.colcon_core.environment:create_environment_scripts_only(slam_pkg)
[0.310s] Level 1:colcon.colcon_core.environment:checking '/simulation/ros2_sim_ws/install/slam_pkg' for CMake module files
[0.310s] DEBUG:colcon.colcon_core.event_handler.log_command:Invoked command in '/simulation/ros2_sim_ws/build/slam_pkg' returned '0': CMAKE_PREFIX_PATH=${CMAKE_PREFIX_PATH}:/opt/ros/humble /usr/bin/cmake --install /simulation/ros2_sim_ws/build/slam_pkg
[0.311s] Level 1:colcon.colcon_core.environment:checking '/simulation/ros2_sim_ws/install/slam_pkg' for CMake config files
[0.311s] Level 1:colcon.colcon_core.shell:create_environment_hook('slam_pkg', 'cmake_prefix_path')
[0.311s] INFO:colcon.colcon_core.shell:Creating environment hook '/simulation/ros2_sim_ws/install/slam_pkg/share/slam_pkg/hook/cmake_prefix_path.ps1'
[0.311s] INFO:colcon.colcon_core.shell:Creating environment descriptor '/simulation/ros2_sim_ws/install/slam_pkg/share/slam_pkg/hook/cmake_prefix_path.dsv'
[0.312s] INFO:colcon.colcon_core.shell:Creating environment hook '/simulation/ros2_sim_ws/install/slam_pkg/share/slam_pkg/hook/cmake_prefix_path.sh'
[0.312s] Level 1:colcon.colcon_core.environment:checking '/simulation/ros2_sim_ws/install/slam_pkg/bin'
[0.312s] Level 1:colcon.colcon_core.environment:checking '/simulation/ros2_sim_ws/install/slam_pkg/lib/pkgconfig/slam_pkg.pc'
[0.312s] Level 1:colcon.colcon_core.environment:checking '/simulation/ros2_sim_ws/install/slam_pkg/lib/python3.10/site-packages'
[0.312s] Level 1:colcon.colcon_core.environment:checking '/simulation/ros2_sim_ws/install/slam_pkg/bin'
[0.313s] INFO:colcon.colcon_core.shell:Creating package script '/simulation/ros2_sim_ws/install/slam_pkg/share/slam_pkg/package.ps1'
[0.313s] INFO:colcon.colcon_core.shell:Creating package descriptor '/simulation/ros2_sim_ws/install/slam_pkg/share/slam_pkg/package.dsv'
[0.313s] INFO:colcon.colcon_core.shell:Creating package script '/simulation/ros2_sim_ws/install/slam_pkg/share/slam_pkg/package.sh'
[0.314s] INFO:colcon.colcon_core.shell:Creating package script '/simulation/ros2_sim_ws/install/slam_pkg/share/slam_pkg/package.bash'
[0.314s] INFO:colcon.colcon_core.shell:Creating package script '/simulation/ros2_sim_ws/install/slam_pkg/share/slam_pkg/package.zsh'
[0.314s] Level 1:colcon.colcon_core.environment:create_file_with_runtime_dependencies(/simulation/ros2_sim_ws/install/slam_pkg/share/colcon-core/packages/slam_pkg)
[0.315s] Level 1:colcon.colcon_core.environment:create_environment_scripts_only(robot_pkg)
[0.316s] DEBUG:colcon.colcon_core.event_handler.log_command:Invoked command in '/simulation/ros2_sim_ws/build/robot_pkg' returned '0': CMAKE_PREFIX_PATH=${CMAKE_PREFIX_PATH}:/opt/ros/humble /usr/bin/cmake --install /simulation/ros2_sim_ws/build/robot_pkg
[0.316s] Level 1:colcon.colcon_core.environment:checking '/simulation/ros2_sim_ws/install/robot_pkg' for CMake module files
[0.317s] Level 1:colcon.colcon_core.environment:checking '/simulation/ros2_sim_ws/install/robot_pkg' for CMake config files
[0.317s] Level 1:colcon.colcon_core.shell:create_environment_hook('robot_pkg', 'cmake_prefix_path')
[0.317s] INFO:colcon.colcon_core.shell:Creating environment hook '/simulation/ros2_sim_ws/install/robot_pkg/share/robot_pkg/hook/cmake_prefix_path.ps1'
[0.318s] INFO:colcon.colcon_core.shell:Creating environment descriptor '/simulation/ros2_sim_ws/install/robot_pkg/share/robot_pkg/hook/cmake_prefix_path.dsv'
[0.318s] INFO:colcon.colcon_core.shell:Creating environment hook '/simulation/ros2_sim_ws/install/robot_pkg/share/robot_pkg/hook/cmake_prefix_path.sh'
[0.319s] Level 1:colcon.colcon_core.environment:checking '/simulation/ros2_sim_ws/install/robot_pkg/bin'
[0.319s] Level 1:colcon.colcon_core.environment:checking '/simulation/ros2_sim_ws/install/robot_pkg/lib/pkgconfig/robot_pkg.pc'
[0.319s] Level 1:colcon.colcon_core.environment:checking '/simulation/ros2_sim_ws/install/robot_pkg/lib/python3.10/site-packages'
[0.320s] Level 1:colcon.colcon_core.environment:checking '/simulation/ros2_sim_ws/install/robot_pkg/bin'
[0.320s] INFO:colcon.colcon_core.shell:Creating package script '/simulation/ros2_sim_ws/install/robot_pkg/share/robot_pkg/package.ps1'
[0.320s] INFO:colcon.colcon_core.shell:Creating package descriptor '/simulation/ros2_sim_ws/install/robot_pkg/share/robot_pkg/package.dsv'
[0.321s] INFO:colcon.colcon_core.shell:Creating package script '/simulation/ros2_sim_ws/install/robot_pkg/share/robot_pkg/package.sh'
[0.321s] INFO:colcon.colcon_core.shell:Creating package script '/simulation/ros2_sim_ws/install/robot_pkg/share/robot_pkg/package.bash'
[0.322s] INFO:colcon.colcon_core.shell:Creating package script '/simulation/ros2_sim_ws/install/robot_pkg/share/robot_pkg/package.zsh'
[0.322s] Level 1:colcon.colcon_core.environment:create_file_with_runtime_dependencies(/simulation/ros2_sim_ws/install/robot_pkg/share/colcon-core/packages/robot_pkg)
[0.323s] Level 1:colcon.colcon_core.environment:create_environment_scripts_only(navigation_pkg)
[0.324s] Level 1:colcon.colcon_core.environment:checking '/simulation/ros2_sim_ws/install/navigation_pkg' for CMake module files
[0.324s] Level 1:colcon.colcon_core.environment:checking '/simulation/ros2_sim_ws/install/navigation_pkg' for CMake config files
[0.324s] Level 1:colcon.colcon_core.shell:create_environment_hook('navigation_pkg', 'cmake_prefix_path')
[0.324s] INFO:colcon.colcon_core.shell:Creating environment hook '/simulation/ros2_sim_ws/install/navigation_pkg/share/navigation_pkg/hook/cmake_prefix_path.ps1'
[0.325s] INFO:colcon.colcon_core.shell:Creating environment descriptor '/simulation/ros2_sim_ws/install/navigation_pkg/share/navigation_pkg/hook/cmake_prefix_path.dsv'
[0.325s] INFO:colcon.colcon_core.shell:Creating environment hook '/simulation/ros2_sim_ws/install/navigation_pkg/share/navigation_pkg/hook/cmake_prefix_path.sh'
[0.326s] Level 1:colcon.colcon_core.environment:checking '/simulation/ros2_sim_ws/install/navigation_pkg/bin'
[0.326s] Level 1:colcon.colcon_core.environment:checking '/simulation/ros2_sim_ws/install/navigation_pkg/lib/pkgconfig/navigation_pkg.pc'
[0.326s] Level 1:colcon.colcon_core.environment:checking '/simulation/ros2_sim_ws/install/navigation_pkg/lib/python3.10/site-packages'
[0.326s] Level 1:colcon.colcon_core.environment:checking '/simulation/ros2_sim_ws/install/navigation_pkg/bin'
[0.327s] INFO:colcon.colcon_core.shell:Creating package script '/simulation/ros2_sim_ws/install/navigation_pkg/share/navigation_pkg/package.ps1'
[0.327s] INFO:colcon.colcon_core.shell:Creating package descriptor '/simulation/ros2_sim_ws/install/navigation_pkg/share/navigation_pkg/package.dsv'
[0.328s] INFO:colcon.colcon_core.shell:Creating package script '/simulation/ros2_sim_ws/install/navigation_pkg/share/navigation_pkg/package.sh'
[0.328s] INFO:colcon.colcon_core.shell:Creating package script '/simulation/ros2_sim_ws/install/navigation_pkg/share/navigation_pkg/package.bash'
[0.328s] INFO:colcon.colcon_core.shell:Creating package script '/simulation/ros2_sim_ws/install/navigation_pkg/share/navigation_pkg/package.zsh'
[0.329s] Level 1:colcon.colcon_core.environment:create_file_with_runtime_dependencies(/simulation/ros2_sim_ws/install/navigation_pkg/share/colcon-core/packages/navigation_pkg)
[0.330s] Level 1:colcon.colcon_core.environment:create_environment_scripts_only(learning_package)
[0.330s] Level 1:colcon.colcon_core.environment:checking '/simulation/ros2_sim_ws/install/learning_package' for CMake module files
[0.331s] Level 1:colcon.colcon_core.environment:checking '/simulation/ros2_sim_ws/install/learning_package' for CMake config files
[0.331s] Level 1:colcon.colcon_core.shell:create_environment_hook('learning_package', 'cmake_prefix_path')
[0.331s] INFO:colcon.colcon_core.shell:Creating environment hook '/simulation/ros2_sim_ws/install/learning_package/share/learning_package/hook/cmake_prefix_path.ps1'
[0.332s] INFO:colcon.colcon_core.shell:Creating environment descriptor '/simulation/ros2_sim_ws/install/learning_package/share/learning_package/hook/cmake_prefix_path.dsv'
[0.332s] INFO:colcon.colcon_core.shell:Creating environment hook '/simulation/ros2_sim_ws/install/learning_package/share/learning_package/hook/cmake_prefix_path.sh'
[0.333s] Level 1:colcon.colcon_core.environment:checking '/simulation/ros2_sim_ws/install/learning_package/bin'
[0.333s] Level 1:colcon.colcon_core.environment:checking '/simulation/ros2_sim_ws/install/learning_package/lib/pkgconfig/learning_package.pc'
[0.333s] Level 1:colcon.colcon_core.environment:checking '/simulation/ros2_sim_ws/install/learning_package/lib/python3.10/site-packages'
[0.333s] Level 1:colcon.colcon_core.environment:checking '/simulation/ros2_sim_ws/install/learning_package/bin'
[0.333s] INFO:colcon.colcon_core.shell:Creating package script '/simulation/ros2_sim_ws/install/learning_package/share/learning_package/package.ps1'
[0.334s] INFO:colcon.colcon_core.shell:Creating package descriptor '/simulation/ros2_sim_ws/install/learning_package/share/learning_package/package.dsv'
[0.334s] INFO:colcon.colcon_core.shell:Creating package script '/simulation/ros2_sim_ws/install/learning_package/share/learning_package/package.sh'
[0.334s] INFO:colcon.colcon_core.shell:Creating package script '/simulation/ros2_sim_ws/install/learning_package/share/learning_package/package.bash'
[0.335s] INFO:colcon.colcon_core.shell:Creating package script '/simulation/ros2_sim_ws/install/learning_package/share/learning_package/package.zsh'
[0.335s] Level 1:colcon.colcon_core.environment:create_file_with_runtime_dependencies(/simulation/ros2_sim_ws/install/learning_package/share/colcon-core/packages/learning_package)
[0.336s] Level 1:colcon.colcon_core.environment:create_environment_scripts_only(slam_pkg)
[0.336s] Level 1:colcon.colcon_core.environment:checking '/simulation/ros2_sim_ws/install/slam_pkg' for CMake module files
[0.336s] Level 1:colcon.colcon_core.environment:checking '/simulation/ros2_sim_ws/install/slam_pkg' for CMake config files
[0.337s] Level 1:colcon.colcon_core.shell:create_environment_hook('slam_pkg', 'cmake_prefix_path')
[0.337s] INFO:colcon.colcon_core.shell:Creating environment hook '/simulation/ros2_sim_ws/install/slam_pkg/share/slam_pkg/hook/cmake_prefix_path.ps1'
[0.337s] INFO:colcon.colcon_core.shell:Creating environment descriptor '/simulation/ros2_sim_ws/install/slam_pkg/share/slam_pkg/hook/cmake_prefix_path.dsv'
[0.337s] INFO:colcon.colcon_core.shell:Creating environment hook '/simulation/ros2_sim_ws/install/slam_pkg/share/slam_pkg/hook/cmake_prefix_path.sh'
[0.338s] Level 1:colcon.colcon_core.environment:checking '/simulation/ros2_sim_ws/install/slam_pkg/bin'
[0.338s] Level 1:colcon.colcon_core.environment:checking '/simulation/ros2_sim_ws/install/slam_pkg/lib/pkgconfig/slam_pkg.pc'
[0.338s] Level 1:colcon.colcon_core.environment:checking '/simulation/ros2_sim_ws/install/slam_pkg/lib/python3.10/site-packages'
[0.338s] Level 1:colcon.colcon_core.environment:checking '/simulation/ros2_sim_ws/install/slam_pkg/bin'
[0.339s] INFO:colcon.colcon_core.shell:Creating package script '/simulation/ros2_sim_ws/install/slam_pkg/share/slam_pkg/package.ps1'
[0.339s] INFO:colcon.colcon_core.shell:Creating package descriptor '/simulation/ros2_sim_ws/install/slam_pkg/share/slam_pkg/package.dsv'
[0.339s] INFO:colcon.colcon_core.shell:Creating package script '/simulation/ros2_sim_ws/install/slam_pkg/share/slam_pkg/package.sh'
[0.340s] INFO:colcon.colcon_core.shell:Creating package script '/simulation/ros2_sim_ws/install/slam_pkg/share/slam_pkg/package.bash'
[0.340s] INFO:colcon.colcon_core.shell:Creating package script '/simulation/ros2_sim_ws/install/slam_pkg/share/slam_pkg/package.zsh'
[0.340s] Level 1:colcon.colcon_core.environment:create_file_with_runtime_dependencies(/simulation/ros2_sim_ws/install/slam_pkg/share/colcon-core/packages/slam_pkg)
[0.341s] Level 1:colcon.colcon_core.environment:create_environment_scripts_only(robot_pkg)
[0.341s] Level 1:colcon.colcon_core.environment:checking '/simulation/ros2_sim_ws/install/robot_pkg' for CMake module files
[0.342s] Level 1:colcon.colcon_core.environment:checking '/simulation/ros2_sim_ws/install/robot_pkg' for CMake config files
[0.342s] Level 1:colcon.colcon_core.shell:create_environment_hook('robot_pkg', 'cmake_prefix_path')
[0.342s] INFO:colcon.colcon_core.shell:Creating environment hook '/simulation/ros2_sim_ws/install/robot_pkg/share/robot_pkg/hook/cmake_prefix_path.ps1'
[0.342s] INFO:colcon.colcon_core.shell:Creating environment descriptor '/simulation/ros2_sim_ws/install/robot_pkg/share/robot_pkg/hook/cmake_prefix_path.dsv'
[0.343s] INFO:colcon.colcon_core.shell:Creating environment hook '/simulation/ros2_sim_ws/install/robot_pkg/share/robot_pkg/hook/cmake_prefix_path.sh'
[0.343s] Level 1:colcon.colcon_core.environment:checking '/simulation/ros2_sim_ws/install/robot_pkg/bin'
[0.343s] Level 1:colcon.colcon_core.environment:checking '/simulation/ros2_sim_ws/install/robot_pkg/lib/pkgconfig/robot_pkg.pc'
[0.343s] Level 1:colcon.colcon_core.environment:checking '/simulation/ros2_sim_ws/install/robot_pkg/lib/python3.10/site-packages'
[0.343s] Level 1:colcon.colcon_core.environment:checking '/simulation/ros2_sim_ws/install/robot_pkg/bin'
[0.344s] INFO:colcon.colcon_core.shell:Creating package script '/simulation/ros2_sim_ws/install/robot_pkg/share/robot_pkg/package.ps1'
[0.344s] INFO:colcon.colcon_core.shell:Creating package descriptor '/simulation/ros2_sim_ws/install/robot_pkg/share/robot_pkg/package.dsv'
[0.344s] INFO:colcon.colcon_core.shell:Creating package script '/simulation/ros2_sim_ws/install/robot_pkg/share/robot_pkg/package.sh'
[0.345s] INFO:colcon.colcon_core.shell:Creating package script '/simulation/ros2_sim_ws/install/robot_pkg/share/robot_pkg/package.bash'
[0.345s] INFO:colcon.colcon_core.shell:Creating package script '/simulation/ros2_sim_ws/install/robot_pkg/share/robot_pkg/package.zsh'
[0.345s] Level 1:colcon.colcon_core.environment:create_file_with_runtime_dependencies(/simulation/ros2_sim_ws/install/robot_pkg/share/colcon-core/packages/robot_pkg)
[0.346s] DEBUG:colcon.colcon_parallel_executor.executor.parallel:closing loop
[0.346s] DEBUG:colcon.colcon_parallel_executor.executor.parallel:loop closed
[0.346s] DEBUG:colcon.colcon_parallel_executor.executor.parallel:run_until_complete finished with '0'
[0.346s] DEBUG:colcon.colcon_core.event_reactor:joining thread
[0.351s] INFO:colcon.colcon_core.plugin_system:Skipping extension 'colcon_notification.desktop_notification.notify_send': Could not find 'notify-send'
[0.351s] INFO:colcon.colcon_core.plugin_system:Skipping extension 'colcon_notification.desktop_notification.terminal_notifier': Not used on non-Darwin systems
[0.351s] INFO:colcon.colcon_core.plugin_system:Skipping extension 'colcon_notification.desktop_notification.win32': Not used on non-Windows systems
[0.351s] INFO:colcon.colcon_notification.desktop_notification:Sending desktop notification using 'notify2'
[0.354s] DEBUG:colcon.colcon_notification.desktop_notification.notify2:Failed to initialize notify2: org.freedesktop.DBus.Error.Spawn.ExecFailed: /usr/bin/dbus-launch terminated abnormally without any error message
[0.354s] DEBUG:colcon.colcon_core.event_reactor:joined thread
[0.355s] INFO:colcon.colcon_core.shell:Creating prefix script '/simulation/ros2_sim_ws/install/local_setup.ps1'
[0.356s] INFO:colcon.colcon_core.shell:Creating prefix util module '/simulation/ros2_sim_ws/install/_local_setup_util_ps1.py'
[0.357s] INFO:colcon.colcon_core.shell:Creating prefix chain script '/simulation/ros2_sim_ws/install/setup.ps1'
[0.358s] INFO:colcon.colcon_core.shell:Creating prefix script '/simulation/ros2_sim_ws/install/local_setup.sh'
[0.358s] INFO:colcon.colcon_core.shell:Creating prefix util module '/simulation/ros2_sim_ws/install/_local_setup_util_sh.py'
[0.359s] INFO:colcon.colcon_core.shell:Creating prefix chain script '/simulation/ros2_sim_ws/install/setup.sh'
[0.360s] INFO:colcon.colcon_core.shell:Creating prefix script '/simulation/ros2_sim_ws/install/local_setup.bash'
[0.360s] INFO:colcon.colcon_core.shell:Creating prefix chain script '/simulation/ros2_sim_ws/install/setup.bash'
[0.361s] INFO:colcon.colcon_core.shell:Creating prefix script '/simulation/ros2_sim_ws/install/local_setup.zsh'
[0.362s] INFO:colcon.colcon_core.shell:Creating prefix chain script '/simulation/ros2_sim_ws/install/setup.zsh'
