[0.017s] Invoking command in '/simulation/build/navigation_pkg': CMAKE_PREFIX_PATH=/opt/ros/humble /usr/bin/cmake /simulation/ros2_sim_ws/src/navigation_pkg -DAMENT_CMAKE_SYMLINK_INSTALL=1 -DCMAKE_INSTALL_PREFIX=/simulation/install/navigation_pkg
[0.100s] -- The C compiler identification is GNU 11.4.0
[0.157s] -- The CXX compiler identification is GNU 11.4.0
[0.163s] -- Detecting C compiler ABI info
[0.215s] -- Detecting C compiler ABI info - done
[0.220s] -- Check for working C compiler: /usr/bin/cc - skipped
[0.220s] -- Detecting C compile features
[0.220s] -- Detecting C compile features - done
[0.223s] -- Detecting CXX compiler ABI info
[0.277s] -- Detecting CXX compiler ABI info - done
[0.284s] -- Check for working CXX compiler: /usr/bin/c++ - skipped
[0.285s] -- Detecting CXX compile features
[0.285s] -- Detecting CXX compile features - done
[0.288s] -- Found ament_cmake: 1.3.11 (/opt/ros/humble/share/ament_cmake/cmake)
[0.405s] -- Found Python3: /usr/bin/python3 (found version "3.10.12") found components: Interpreter 
[0.458s] -- Override CMake install command with custom implementation using symlinks instead of copying resources
[0.496s] -- Found ament_lint_auto: 0.12.11 (/opt/ros/humble/share/ament_lint_auto/cmake)
[0.560s] -- Added test 'lint_cmake' to check CMake code style
[0.561s] -- Added test 'xmllint' to check XML markup files
[0.562s] -- Configuring done
[0.565s] -- Generating done
[0.565s] -- Build files have been written to: /simulation/build/navigation_pkg
[0.567s] Invoked command in '/simulation/build/navigation_pkg' returned '0': CMAKE_PREFIX_PATH=/opt/ros/humble /usr/bin/cmake /simulation/ros2_sim_ws/src/navigation_pkg -DAMENT_CMAKE_SYMLINK_INSTALL=1 -DCMAKE_INSTALL_PREFIX=/simulation/install/navigation_pkg
[0.568s] Invoking command in '/simulation/build/navigation_pkg': CMAKE_PREFIX_PATH=/opt/ros/humble /usr/bin/cmake --build /simulation/build/navigation_pkg -- -j12 -l12
[0.592s] Invoked command in '/simulation/build/navigation_pkg' returned '0': CMAKE_PREFIX_PATH=/opt/ros/humble /usr/bin/cmake --build /simulation/build/navigation_pkg -- -j12 -l12
[0.598s] Invoking command in '/simulation/build/navigation_pkg': CMAKE_PREFIX_PATH=/opt/ros/humble /usr/bin/cmake --install /simulation/build/navigation_pkg
[0.603s] -- Install configuration: ""
[0.603s] -- Execute custom install script
[0.603s] -- Symlinking: /simulation/install/navigation_pkg/share/ament_index/resource_index/package_run_dependencies/navigation_pkg
[0.612s] -- Symlinking: /simulation/install/navigation_pkg/share/ament_index/resource_index/parent_prefix_path/navigation_pkg
[0.620s] -- Symlinking: /simulation/install/navigation_pkg/share/navigation_pkg/environment/ament_prefix_path.sh
[0.625s] -- Symlinking: /simulation/install/navigation_pkg/share/navigation_pkg/environment/ament_prefix_path.dsv
[0.633s] -- Symlinking: /simulation/install/navigation_pkg/share/navigation_pkg/environment/path.sh
[0.640s] -- Symlinking: /simulation/install/navigation_pkg/share/navigation_pkg/environment/path.dsv
[0.648s] -- Symlinking: /simulation/install/navigation_pkg/share/navigation_pkg/local_setup.bash
[0.656s] -- Symlinking: /simulation/install/navigation_pkg/share/navigation_pkg/local_setup.sh
[0.661s] -- Symlinking: /simulation/install/navigation_pkg/share/navigation_pkg/local_setup.zsh
[0.667s] -- Symlinking: /simulation/install/navigation_pkg/share/navigation_pkg/local_setup.dsv
[0.672s] -- Symlinking: /simulation/install/navigation_pkg/share/navigation_pkg/package.dsv
[0.678s] -- Symlinking: /simulation/install/navigation_pkg/share/ament_index/resource_index/packages/navigation_pkg
[0.684s] -- Symlinking: /simulation/install/navigation_pkg/share/navigation_pkg/cmake/navigation_pkgConfig.cmake
[0.689s] -- Symlinking: /simulation/install/navigation_pkg/share/navigation_pkg/cmake/navigation_pkgConfig-version.cmake
[0.694s] -- Symlinking: /simulation/install/navigation_pkg/share/navigation_pkg/package.xml
[0.721s] Invoked command in '/simulation/build/navigation_pkg' returned '0': CMAKE_PREFIX_PATH=/opt/ros/humble /usr/bin/cmake --install /simulation/build/navigation_pkg
