[0.035s] Invoking command in '/simulation/ros2_sim_ws/build/learning_package': CMAKE_PREFIX_PATH=/opt/ros/humble /usr/bin/cmake --build /simulation/ros2_sim_ws/build/learning_package -- -j8 -l8
[0.111s] Invoked command in '/simulation/ros2_sim_ws/build/learning_package' returned '0': CMAKE_PREFIX_PATH=/opt/ros/humble /usr/bin/cmake --build /simulation/ros2_sim_ws/build/learning_package -- -j8 -l8
[0.176s] Invoking command in '/simulation/ros2_sim_ws/build/learning_package': CMAKE_PREFIX_PATH=/opt/ros/humble /usr/bin/cmake --install /simulation/ros2_sim_ws/build/learning_package
[0.191s] -- Install configuration: ""
[0.192s] -- Execute custom install script
[0.192s] -- Up-to-date symlink: /simulation/ros2_sim_ws/install/learning_package/share/learning_package/launch/listener.launch.py
[0.193s] -- Symlinking: /simulation/ros2_sim_ws/install/learning_package/share/learning_package/launch/robot_sim.launch.py
[0.213s] -- Up-to-date symlink: /simulation/ros2_sim_ws/install/learning_package/share/learning_package/launch/robot_urdf.launch.py
[0.213s] -- Up-to-date symlink: /simulation/ros2_sim_ws/install/learning_package/share/learning_package/launch/talker.launch.py
[0.213s] -- Symlinking: /simulation/ros2_sim_ws/install/learning_package/share/learning_package/description/example_gazebo.xacro
[0.234s] -- Up-to-date symlink: /simulation/ros2_sim_ws/install/learning_package/share/learning_package/description/example_include.xacro
[0.235s] -- Up-to-date symlink: /simulation/ros2_sim_ws/install/learning_package/share/learning_package/description/example_robot.urdf.xacro
[0.235s] -- Up-to-date symlink: /simulation/ros2_sim_ws/install/learning_package/share/ament_index/resource_index/package_run_dependencies/learning_package
[0.236s] -- Up-to-date symlink: /simulation/ros2_sim_ws/install/learning_package/share/ament_index/resource_index/parent_prefix_path/learning_package
[0.236s] -- Up-to-date symlink: /simulation/ros2_sim_ws/install/learning_package/share/learning_package/environment/ament_prefix_path.sh
[0.236s] -- Up-to-date symlink: /simulation/ros2_sim_ws/install/learning_package/share/learning_package/environment/ament_prefix_path.dsv
[0.236s] -- Up-to-date symlink: /simulation/ros2_sim_ws/install/learning_package/share/learning_package/environment/path.sh
[0.237s] -- Up-to-date symlink: /simulation/ros2_sim_ws/install/learning_package/share/learning_package/environment/path.dsv
[0.238s] -- Up-to-date symlink: /simulation/ros2_sim_ws/install/learning_package/share/learning_package/local_setup.bash
[0.239s] -- Up-to-date symlink: /simulation/ros2_sim_ws/install/learning_package/share/learning_package/local_setup.sh
[0.239s] -- Up-to-date symlink: /simulation/ros2_sim_ws/install/learning_package/share/learning_package/local_setup.zsh
[0.240s] -- Up-to-date symlink: /simulation/ros2_sim_ws/install/learning_package/share/learning_package/local_setup.dsv
[0.240s] -- Symlinking: /simulation/ros2_sim_ws/install/learning_package/share/learning_package/package.dsv
[0.257s] -- Up-to-date symlink: /simulation/ros2_sim_ws/install/learning_package/share/ament_index/resource_index/packages/learning_package
[0.260s] -- Up-to-date symlink: /simulation/ros2_sim_ws/install/learning_package/share/learning_package/cmake/learning_packageConfig.cmake
[0.260s] -- Up-to-date symlink: /simulation/ros2_sim_ws/install/learning_package/share/learning_package/cmake/learning_packageConfig-version.cmake
[0.260s] -- Up-to-date symlink: /simulation/ros2_sim_ws/install/learning_package/share/learning_package/package.xml
[0.276s] Invoked command in '/simulation/ros2_sim_ws/build/learning_package' returned '0': CMAKE_PREFIX_PATH=/opt/ros/humble /usr/bin/cmake --install /simulation/ros2_sim_ws/build/learning_package
