[0.029s] Invoking command in '/simulation/ros2_sim_ws/build/navigation_pkg': CMAKE_PREFIX_PATH=/opt/ros/humble /usr/bin/cmake /simulation/ros2_sim_ws/src/navigation_pkg -DAMENT_CMAKE_SYMLINK_INSTALL=1 -DCMAKE_INSTALL_PREFIX=/simulation/ros2_sim_ws/install/navigation_pkg
[0.154s] -- The C compiler identification is GNU 11.4.0
[0.269s] -- The CXX compiler identification is GNU 11.4.0
[0.290s] -- Detecting C compiler ABI info
[0.440s] -- Detecting C compiler ABI info - done
[0.462s] -- Check for working C compiler: /usr/bin/cc - skipped
[0.462s] -- Detecting C compile features
[0.463s] -- Detecting C compile features - done
[0.469s] -- Detecting CXX compiler ABI info
[0.697s] -- Detecting CXX compiler ABI info - done
[0.726s] -- Check for working CXX compiler: /usr/bin/c++ - skipped
[0.727s] -- Detecting CXX compile features
[0.729s] -- Detecting CXX compile features - done
[0.736s] -- Found ament_cmake: 1.3.10 (/opt/ros/humble/share/ament_cmake/cmake)
[1.030s] -- Found Python3: /usr/bin/python3 (found version "3.10.12") found components: Interpreter 
[1.170s] -- Override CMake install command with custom implementation using symlinks instead of copying resources
[1.237s] -- Found ament_lint_auto: 0.12.11 (/opt/ros/humble/share/ament_lint_auto/cmake)
[1.407s] -- Added test 'lint_cmake' to check CMake code style
[1.409s] -- Added test 'xmllint' to check XML markup files
[1.412s] -- Configuring done
[1.421s] -- Generating done
[1.421s] -- Build files have been written to: /simulation/ros2_sim_ws/build/navigation_pkg
[1.429s] Invoked command in '/simulation/ros2_sim_ws/build/navigation_pkg' returned '0': CMAKE_PREFIX_PATH=/opt/ros/humble /usr/bin/cmake /simulation/ros2_sim_ws/src/navigation_pkg -DAMENT_CMAKE_SYMLINK_INSTALL=1 -DCMAKE_INSTALL_PREFIX=/simulation/ros2_sim_ws/install/navigation_pkg
[1.433s] Invoking command in '/simulation/ros2_sim_ws/build/navigation_pkg': CMAKE_PREFIX_PATH=/opt/ros/humble /usr/bin/cmake --build /simulation/ros2_sim_ws/build/navigation_pkg -- -j8 -l8
[1.508s] Invoked command in '/simulation/ros2_sim_ws/build/navigation_pkg' returned '0': CMAKE_PREFIX_PATH=/opt/ros/humble /usr/bin/cmake --build /simulation/ros2_sim_ws/build/navigation_pkg -- -j8 -l8
[1.573s] Invoking command in '/simulation/ros2_sim_ws/build/navigation_pkg': CMAKE_PREFIX_PATH=/opt/ros/humble /usr/bin/cmake --install /simulation/ros2_sim_ws/build/navigation_pkg
[1.588s] -- Install configuration: ""
[1.589s] -- Execute custom install script
[1.590s] -- Symlinking: /simulation/ros2_sim_ws/install/navigation_pkg/share/ament_index/resource_index/package_run_dependencies/navigation_pkg
[1.611s] -- Symlinking: /simulation/ros2_sim_ws/install/navigation_pkg/share/ament_index/resource_index/parent_prefix_path/navigation_pkg
[1.629s] -- Symlinking: /simulation/ros2_sim_ws/install/navigation_pkg/share/navigation_pkg/environment/ament_prefix_path.sh
[1.647s] -- Symlinking: /simulation/ros2_sim_ws/install/navigation_pkg/share/navigation_pkg/environment/ament_prefix_path.dsv
[1.666s] -- Symlinking: /simulation/ros2_sim_ws/install/navigation_pkg/share/navigation_pkg/environment/path.sh
[1.683s] -- Symlinking: /simulation/ros2_sim_ws/install/navigation_pkg/share/navigation_pkg/environment/path.dsv
[1.701s] -- Symlinking: /simulation/ros2_sim_ws/install/navigation_pkg/share/navigation_pkg/local_setup.bash
[1.720s] -- Symlinking: /simulation/ros2_sim_ws/install/navigation_pkg/share/navigation_pkg/local_setup.sh
[1.737s] -- Symlinking: /simulation/ros2_sim_ws/install/navigation_pkg/share/navigation_pkg/local_setup.zsh
[1.755s] -- Symlinking: /simulation/ros2_sim_ws/install/navigation_pkg/share/navigation_pkg/local_setup.dsv
[1.772s] -- Symlinking: /simulation/ros2_sim_ws/install/navigation_pkg/share/navigation_pkg/package.dsv
[1.789s] -- Symlinking: /simulation/ros2_sim_ws/install/navigation_pkg/share/ament_index/resource_index/packages/navigation_pkg
[1.808s] -- Symlinking: /simulation/ros2_sim_ws/install/navigation_pkg/share/navigation_pkg/cmake/navigation_pkgConfig.cmake
[1.826s] -- Symlinking: /simulation/ros2_sim_ws/install/navigation_pkg/share/navigation_pkg/cmake/navigation_pkgConfig-version.cmake
[1.843s] -- Symlinking: /simulation/ros2_sim_ws/install/navigation_pkg/share/navigation_pkg/package.xml
[1.864s] Invoked command in '/simulation/ros2_sim_ws/build/navigation_pkg' returned '0': CMAKE_PREFIX_PATH=/opt/ros/humble /usr/bin/cmake --install /simulation/ros2_sim_ws/build/navigation_pkg
