[0.015s] Invoking command in '/simulation/build/ldlidar_stl_ros2': CMAKE_PREFIX_PATH=/opt/ros/humble /usr/bin/cmake --build /simulation/build/ldlidar_stl_ros2 -- -j12 -l12
[0.049s] [35m[1mConsolidate compiler generated dependencies of target ldlidar_stl_ros2_node[0m
[0.068s] [100%] Built target ldlidar_stl_ros2_node
[0.091s] Invoked command in '/simulation/build/ldlidar_stl_ros2' returned '0': CMAKE_PREFIX_PATH=/opt/ros/humble /usr/bin/cmake --build /simulation/build/ldlidar_stl_ros2 -- -j12 -l12
[0.093s] Invoking command in '/simulation/build/ldlidar_stl_ros2': CMAKE_PREFIX_PATH=/opt/ros/humble /usr/bin/cmake --install /simulation/build/ldlidar_stl_ros2
[0.098s] -- Install configuration: ""
[0.098s] -- Execute custom install script
[0.098s] -- Up-to-date symlink: /simulation/install/ldlidar_stl_ros2/lib/ldlidar_stl_ros2/ldlidar_stl_ros2_node
[0.098s] -- Up-to-date symlink: /simulation/install/ldlidar_stl_ros2/share/ldlidar_stl_ros2//launch/ld06.launch.py
[0.099s] -- Up-to-date symlink: /simulation/install/ldlidar_stl_ros2/share/ldlidar_stl_ros2//launch/ld19.launch.py
[0.099s] -- Up-to-date symlink: /simulation/install/ldlidar_stl_ros2/share/ldlidar_stl_ros2//launch/lidar_launch.launch.py
[0.099s] -- Up-to-date symlink: /simulation/install/ldlidar_stl_ros2/share/ldlidar_stl_ros2//launch/stl27l.launch.py
[0.100s] -- Up-to-date symlink: /simulation/install/ldlidar_stl_ros2/share/ldlidar_stl_ros2//launch/viewer_ld06.launch.py
[0.100s] -- Up-to-date symlink: /simulation/install/ldlidar_stl_ros2/share/ldlidar_stl_ros2//launch/viewer_ld19.launch.py
[0.100s] -- Up-to-date symlink: /simulation/install/ldlidar_stl_ros2/share/ldlidar_stl_ros2//launch/viewer_stl27l.launch.py
[0.100s] -- Up-to-date symlink: /simulation/install/ldlidar_stl_ros2/share/ldlidar_stl_ros2//rviz2/ldlidar.rviz
[0.101s] -- Up-to-date symlink: /simulation/install/ldlidar_stl_ros2/share/ament_index/resource_index/package_run_dependencies/ldlidar_stl_ros2
[0.101s] -- Up-to-date symlink: /simulation/install/ldlidar_stl_ros2/share/ament_index/resource_index/parent_prefix_path/ldlidar_stl_ros2
[0.101s] -- Up-to-date symlink: /simulation/install/ldlidar_stl_ros2/share/ldlidar_stl_ros2/environment/ament_prefix_path.sh
[0.101s] -- Up-to-date symlink: /simulation/install/ldlidar_stl_ros2/share/ldlidar_stl_ros2/environment/ament_prefix_path.dsv
[0.101s] -- Up-to-date symlink: /simulation/install/ldlidar_stl_ros2/share/ldlidar_stl_ros2/environment/path.sh
[0.101s] -- Up-to-date symlink: /simulation/install/ldlidar_stl_ros2/share/ldlidar_stl_ros2/environment/path.dsv
[0.101s] -- Up-to-date symlink: /simulation/install/ldlidar_stl_ros2/share/ldlidar_stl_ros2/local_setup.bash
[0.101s] -- Up-to-date symlink: /simulation/install/ldlidar_stl_ros2/share/ldlidar_stl_ros2/local_setup.sh
[0.102s] -- Up-to-date symlink: /simulation/install/ldlidar_stl_ros2/share/ldlidar_stl_ros2/local_setup.zsh
[0.102s] -- Up-to-date symlink: /simulation/install/ldlidar_stl_ros2/share/ldlidar_stl_ros2/local_setup.dsv
[0.102s] -- Symlinking: /simulation/install/ldlidar_stl_ros2/share/ldlidar_stl_ros2/package.dsv
[0.107s] -- Up-to-date symlink: /simulation/install/ldlidar_stl_ros2/share/ament_index/resource_index/packages/ldlidar_stl_ros2
[0.107s] -- Up-to-date symlink: /simulation/install/ldlidar_stl_ros2/share/ldlidar_stl_ros2/cmake/ldlidar_stl_ros2Config.cmake
[0.107s] -- Up-to-date symlink: /simulation/install/ldlidar_stl_ros2/share/ldlidar_stl_ros2/cmake/ldlidar_stl_ros2Config-version.cmake
[0.107s] -- Up-to-date symlink: /simulation/install/ldlidar_stl_ros2/share/ldlidar_stl_ros2/package.xml
[0.116s] Invoked command in '/simulation/build/ldlidar_stl_ros2' returned '0': CMAKE_PREFIX_PATH=/opt/ros/humble /usr/bin/cmake --install /simulation/build/ldlidar_stl_ros2
