[0.018s] Invoking command in '/simulation/build/navigation_pkg': CMAKE_PREFIX_PATH=/opt/ros/humble /usr/bin/cmake /simulation/ros2_sim_ws/src/navigation_pkg -DAMENT_CMAKE_SYMLINK_INSTALL=1 -DCMAKE_INSTALL_PREFIX=/simulation/install/navigation_pkg
[0.077s] -- The C compiler identification is GNU 11.4.0
[0.142s] -- The CXX compiler identification is GNU 11.4.0
[0.149s] -- Detecting C compiler ABI info
[0.217s] -- Detecting C compiler ABI info - done
[0.228s] -- Check for working C compiler: /usr/bin/cc - skipped
[0.229s] -- Detecting C compile features
[0.229s] -- Detecting C compile features - done
[0.234s] -- Detecting CXX compiler ABI info
[0.324s] -- Detecting CXX compiler ABI info - done
[0.333s] -- Check for working CXX compiler: /usr/bin/c++ - skipped
[0.333s] -- Detecting CXX compile features
[0.334s] -- Detecting CXX compile features - done
[0.337s] -- Found ament_cmake: 1.3.11 (/opt/ros/humble/share/ament_cmake/cmake)
[0.478s] -- Found Python3: /usr/bin/python3 (found version "3.10.12") found components: Interpreter 
[0.539s] -- Override CMake install command with custom implementation using symlinks instead of copying resources
[0.587s] -- Found ament_lint_auto: 0.12.11 (/opt/ros/humble/share/ament_lint_auto/cmake)
[0.715s] -- Added test 'lint_cmake' to check CMake code style
[0.717s] -- Added test 'xmllint' to check XML markup files
[0.720s] -- Configuring done
[0.726s] -- Generating done
[0.729s] -- Build files have been written to: /simulation/build/navigation_pkg
[0.736s] Invoked command in '/simulation/build/navigation_pkg' returned '0': CMAKE_PREFIX_PATH=/opt/ros/humble /usr/bin/cmake /simulation/ros2_sim_ws/src/navigation_pkg -DAMENT_CMAKE_SYMLINK_INSTALL=1 -DCMAKE_INSTALL_PREFIX=/simulation/install/navigation_pkg
[0.739s] Invoking command in '/simulation/build/navigation_pkg': CMAKE_PREFIX_PATH=/opt/ros/humble /usr/bin/cmake --build /simulation/build/navigation_pkg -- -j12 -l12
[0.782s] Invoked command in '/simulation/build/navigation_pkg' returned '0': CMAKE_PREFIX_PATH=/opt/ros/humble /usr/bin/cmake --build /simulation/build/navigation_pkg -- -j12 -l12
[0.792s] Invoking command in '/simulation/build/navigation_pkg': CMAKE_PREFIX_PATH=/opt/ros/humble /usr/bin/cmake --install /simulation/build/navigation_pkg
[0.799s] -- Install configuration: ""
[0.800s] -- Execute custom install script
[0.800s] -- Symlinking: /simulation/install/navigation_pkg/share/ament_index/resource_index/package_run_dependencies/navigation_pkg
[0.808s] -- Symlinking: /simulation/install/navigation_pkg/share/ament_index/resource_index/parent_prefix_path/navigation_pkg
[0.823s] -- Symlinking: /simulation/install/navigation_pkg/share/navigation_pkg/environment/ament_prefix_path.sh
[0.832s] -- Symlinking: /simulation/install/navigation_pkg/share/navigation_pkg/environment/ament_prefix_path.dsv
[0.840s] -- Symlinking: /simulation/install/navigation_pkg/share/navigation_pkg/environment/path.sh
[0.850s] -- Symlinking: /simulation/install/navigation_pkg/share/navigation_pkg/environment/path.dsv
[0.859s] -- Symlinking: /simulation/install/navigation_pkg/share/navigation_pkg/local_setup.bash
[0.868s] -- Symlinking: /simulation/install/navigation_pkg/share/navigation_pkg/local_setup.sh
[0.875s] -- Symlinking: /simulation/install/navigation_pkg/share/navigation_pkg/local_setup.zsh
[0.883s] -- Symlinking: /simulation/install/navigation_pkg/share/navigation_pkg/local_setup.dsv
[0.891s] -- Symlinking: /simulation/install/navigation_pkg/share/navigation_pkg/package.dsv
[0.902s] -- Symlinking: /simulation/install/navigation_pkg/share/ament_index/resource_index/packages/navigation_pkg
[0.913s] -- Symlinking: /simulation/install/navigation_pkg/share/navigation_pkg/cmake/navigation_pkgConfig.cmake
[0.923s] -- Symlinking: /simulation/install/navigation_pkg/share/navigation_pkg/cmake/navigation_pkgConfig-version.cmake
[0.933s] -- Symlinking: /simulation/install/navigation_pkg/share/navigation_pkg/package.xml
[0.947s] Invoked command in '/simulation/build/navigation_pkg' returned '0': CMAKE_PREFIX_PATH=/opt/ros/humble /usr/bin/cmake --install /simulation/build/navigation_pkg
