[0.206s] DEBUG:colcon:Command line arguments: ['/usr/bin/colcon', 'build', '--symlink-install']
[0.206s] DEBUG:colcon:Parsed command line arguments: Namespace(log_base=None, log_level=None, verb_name='build', build_base='build', install_base='install', merge_install=False, symlink_install=True, test_result_base=None, continue_on_error=False, executor='parallel', parallel_workers=8, event_handlers=None, ignore_user_meta=False, metas=['./colcon.meta'], base_paths=['.'], packages_ignore=None, packages_ignore_regex=None, paths=None, packages_up_to=None, packages_up_to_regex=None, packages_above=None, packages_above_and_dependencies=None, packages_above_depth=None, packages_select_by_dep=None, packages_skip_by_dep=None, packages_skip_up_to=None, packages_select_build_failed=False, packages_skip_build_finished=False, packages_select_test_failures=False, packages_skip_test_passed=False, packages_select=None, packages_skip=None, packages_select_regex=None, packages_skip_regex=None, packages_start=None, packages_end=None, cmake_args=None, cmake_target=None, cmake_target_skip_unavailable=False, cmake_clean_cache=False, cmake_clean_first=False, cmake_force_configure=False, ament_cmake_args=None, catkin_cmake_args=None, catkin_skip_building_tests=False, mixin_files=None, mixin=None, verb_parser=<colcon_mixin.mixin.mixin_argument.MixinArgumentDecorator object at 0x7492978e6ad0>, verb_extension=<colcon_core.verb.build.BuildVerb object at 0x749297a23220>, main=<bound method BuildVerb.main of <colcon_core.verb.build.BuildVerb object at 0x749297a23220>>, mixin_verb=('build',))
[0.428s] Level 1:colcon.colcon_core.package_discovery:discover_packages(colcon_meta) check parameters
[0.428s] Level 1:colcon.colcon_core.package_discovery:discover_packages(recursive) check parameters
[0.428s] Level 1:colcon.colcon_core.package_discovery:discover_packages(ignore) check parameters
[0.428s] Level 1:colcon.colcon_core.package_discovery:discover_packages(path) check parameters
[0.428s] Level 1:colcon.colcon_core.package_discovery:discover_packages(colcon_meta) discover
[0.428s] Level 1:colcon.colcon_core.package_discovery:discover_packages(recursive) discover
[0.428s] INFO:colcon.colcon_core.package_discovery:Crawling recursively for packages in '/simulation/ros2_sim_ws'
[0.429s] Level 1:colcon.colcon_core.package_identification:_identify(.) by extensions ['ignore', 'ignore_ament_install']
[0.429s] Level 1:colcon.colcon_core.package_identification:_identify(.) by extension 'ignore'
[0.429s] Level 1:colcon.colcon_core.package_identification:_identify(.) by extension 'ignore_ament_install'
[0.429s] Level 1:colcon.colcon_core.package_identification:_identify(.) by extensions ['colcon_pkg']
[0.429s] Level 1:colcon.colcon_core.package_identification:_identify(.) by extension 'colcon_pkg'
[0.429s] Level 1:colcon.colcon_core.package_identification:_identify(.) by extensions ['colcon_meta']
[0.429s] Level 1:colcon.colcon_core.package_identification:_identify(.) by extension 'colcon_meta'
[0.429s] Level 1:colcon.colcon_core.package_identification:_identify(.) by extensions ['ros']
[0.429s] Level 1:colcon.colcon_core.package_identification:_identify(.) by extension 'ros'
[0.450s] Level 1:colcon.colcon_core.package_identification:_identify(.) by extensions ['cmake', 'python']
[0.450s] Level 1:colcon.colcon_core.package_identification:_identify(.) by extension 'cmake'
[0.450s] Level 1:colcon.colcon_core.package_identification:_identify(.) by extension 'python'
[0.450s] Level 1:colcon.colcon_core.package_identification:_identify(.) by extensions ['python_setup_py']
[0.450s] Level 1:colcon.colcon_core.package_identification:_identify(.) by extension 'python_setup_py'
[0.451s] Level 1:colcon.colcon_core.package_identification:_identify(build) by extensions ['ignore', 'ignore_ament_install']
[0.451s] Level 1:colcon.colcon_core.package_identification:_identify(build) by extension 'ignore'
[0.451s] Level 1:colcon.colcon_core.package_identification:_identify(build) ignored
[0.451s] Level 1:colcon.colcon_core.package_identification:_identify(install) by extensions ['ignore', 'ignore_ament_install']
[0.451s] Level 1:colcon.colcon_core.package_identification:_identify(install) by extension 'ignore'
[0.451s] Level 1:colcon.colcon_core.package_identification:_identify(install) ignored
[0.452s] Level 1:colcon.colcon_core.package_identification:_identify(log) by extensions ['ignore', 'ignore_ament_install']
[0.452s] Level 1:colcon.colcon_core.package_identification:_identify(log) by extension 'ignore'
[0.452s] Level 1:colcon.colcon_core.package_identification:_identify(log) ignored
[0.452s] Level 1:colcon.colcon_core.package_identification:_identify(src) by extensions ['ignore', 'ignore_ament_install']
[0.452s] Level 1:colcon.colcon_core.package_identification:_identify(src) by extension 'ignore'
[0.452s] Level 1:colcon.colcon_core.package_identification:_identify(src) by extension 'ignore_ament_install'
[0.452s] Level 1:colcon.colcon_core.package_identification:_identify(src) by extensions ['colcon_pkg']
[0.453s] Level 1:colcon.colcon_core.package_identification:_identify(src) by extension 'colcon_pkg'
[0.453s] Level 1:colcon.colcon_core.package_identification:_identify(src) by extensions ['colcon_meta']
[0.453s] Level 1:colcon.colcon_core.package_identification:_identify(src) by extension 'colcon_meta'
[0.453s] Level 1:colcon.colcon_core.package_identification:_identify(src) by extensions ['ros']
[0.453s] Level 1:colcon.colcon_core.package_identification:_identify(src) by extension 'ros'
[0.453s] Level 1:colcon.colcon_core.package_identification:_identify(src) by extensions ['cmake', 'python']
[0.453s] Level 1:colcon.colcon_core.package_identification:_identify(src) by extension 'cmake'
[0.453s] Level 1:colcon.colcon_core.package_identification:_identify(src) by extension 'python'
[0.453s] Level 1:colcon.colcon_core.package_identification:_identify(src) by extensions ['python_setup_py']
[0.453s] Level 1:colcon.colcon_core.package_identification:_identify(src) by extension 'python_setup_py'
[0.453s] Level 1:colcon.colcon_core.package_identification:_identify(src/learning_package) by extensions ['ignore', 'ignore_ament_install']
[0.454s] Level 1:colcon.colcon_core.package_identification:_identify(src/learning_package) by extension 'ignore'
[0.454s] Level 1:colcon.colcon_core.package_identification:_identify(src/learning_package) by extension 'ignore_ament_install'
[0.454s] Level 1:colcon.colcon_core.package_identification:_identify(src/learning_package) by extensions ['colcon_pkg']
[0.454s] Level 1:colcon.colcon_core.package_identification:_identify(src/learning_package) by extension 'colcon_pkg'
[0.454s] Level 1:colcon.colcon_core.package_identification:_identify(src/learning_package) by extensions ['colcon_meta']
[0.454s] Level 1:colcon.colcon_core.package_identification:_identify(src/learning_package) by extension 'colcon_meta'
[0.454s] Level 1:colcon.colcon_core.package_identification:_identify(src/learning_package) by extensions ['ros']
[0.454s] Level 1:colcon.colcon_core.package_identification:_identify(src/learning_package) by extension 'ros'
[0.459s] DEBUG:colcon.colcon_core.package_identification:Package 'src/learning_package' with type 'ros.ament_cmake' and name 'learning_package'
[0.459s] Level 1:colcon.colcon_core.package_identification:_identify(src/navigation_pkg) by extensions ['ignore', 'ignore_ament_install']
[0.459s] Level 1:colcon.colcon_core.package_identification:_identify(src/navigation_pkg) by extension 'ignore'
[0.459s] Level 1:colcon.colcon_core.package_identification:_identify(src/navigation_pkg) by extension 'ignore_ament_install'
[0.459s] Level 1:colcon.colcon_core.package_identification:_identify(src/navigation_pkg) by extensions ['colcon_pkg']
[0.459s] Level 1:colcon.colcon_core.package_identification:_identify(src/navigation_pkg) by extension 'colcon_pkg'
[0.459s] Level 1:colcon.colcon_core.package_identification:_identify(src/navigation_pkg) by extensions ['colcon_meta']
[0.460s] Level 1:colcon.colcon_core.package_identification:_identify(src/navigation_pkg) by extension 'colcon_meta'
[0.460s] Level 1:colcon.colcon_core.package_identification:_identify(src/navigation_pkg) by extensions ['ros']
[0.460s] Level 1:colcon.colcon_core.package_identification:_identify(src/navigation_pkg) by extension 'ros'
[0.461s] DEBUG:colcon.colcon_core.package_identification:Package 'src/navigation_pkg' with type 'ros.ament_cmake' and name 'navigation_pkg'
[0.461s] Level 1:colcon.colcon_core.package_identification:_identify(src/robot_pkg) by extensions ['ignore', 'ignore_ament_install']
[0.461s] Level 1:colcon.colcon_core.package_identification:_identify(src/robot_pkg) by extension 'ignore'
[0.461s] Level 1:colcon.colcon_core.package_identification:_identify(src/robot_pkg) by extension 'ignore_ament_install'
[0.461s] Level 1:colcon.colcon_core.package_identification:_identify(src/robot_pkg) by extensions ['colcon_pkg']
[0.461s] Level 1:colcon.colcon_core.package_identification:_identify(src/robot_pkg) by extension 'colcon_pkg'
[0.461s] Level 1:colcon.colcon_core.package_identification:_identify(src/robot_pkg) by extensions ['colcon_meta']
[0.461s] Level 1:colcon.colcon_core.package_identification:_identify(src/robot_pkg) by extension 'colcon_meta'
[0.462s] Level 1:colcon.colcon_core.package_identification:_identify(src/robot_pkg) by extensions ['ros']
[0.462s] Level 1:colcon.colcon_core.package_identification:_identify(src/robot_pkg) by extension 'ros'
[0.463s] DEBUG:colcon.colcon_core.package_identification:Package 'src/robot_pkg' with type 'ros.ament_cmake' and name 'robot_pkg'
[0.463s] Level 1:colcon.colcon_core.package_identification:_identify(src/slam_pkg) by extensions ['ignore', 'ignore_ament_install']
[0.463s] Level 1:colcon.colcon_core.package_identification:_identify(src/slam_pkg) by extension 'ignore'
[0.463s] Level 1:colcon.colcon_core.package_identification:_identify(src/slam_pkg) by extension 'ignore_ament_install'
[0.463s] Level 1:colcon.colcon_core.package_identification:_identify(src/slam_pkg) by extensions ['colcon_pkg']
[0.463s] Level 1:colcon.colcon_core.package_identification:_identify(src/slam_pkg) by extension 'colcon_pkg'
[0.464s] Level 1:colcon.colcon_core.package_identification:_identify(src/slam_pkg) by extensions ['colcon_meta']
[0.464s] Level 1:colcon.colcon_core.package_identification:_identify(src/slam_pkg) by extension 'colcon_meta'
[0.464s] Level 1:colcon.colcon_core.package_identification:_identify(src/slam_pkg) by extensions ['ros']
[0.464s] Level 1:colcon.colcon_core.package_identification:_identify(src/slam_pkg) by extension 'ros'
[0.465s] DEBUG:colcon.colcon_core.package_identification:Package 'src/slam_pkg' with type 'ros.ament_cmake' and name 'slam_pkg'
[0.465s] Level 1:colcon.colcon_core.package_discovery:discover_packages(recursive) using defaults
[0.465s] Level 1:colcon.colcon_core.package_discovery:discover_packages(ignore) discover
[0.465s] Level 1:colcon.colcon_core.package_discovery:discover_packages(ignore) using defaults
[0.465s] Level 1:colcon.colcon_core.package_discovery:discover_packages(path) discover
[0.465s] Level 1:colcon.colcon_core.package_discovery:discover_packages(path) using defaults
[0.504s] Level 5:colcon.colcon_core.verb:set package 'learning_package' build argument 'cmake_args' from command line to 'None'
[0.504s] Level 5:colcon.colcon_core.verb:set package 'learning_package' build argument 'cmake_target' from command line to 'None'
[0.504s] Level 5:colcon.colcon_core.verb:set package 'learning_package' build argument 'cmake_target_skip_unavailable' from command line to 'False'
[0.504s] Level 5:colcon.colcon_core.verb:set package 'learning_package' build argument 'cmake_clean_cache' from command line to 'False'
[0.504s] Level 5:colcon.colcon_core.verb:set package 'learning_package' build argument 'cmake_clean_first' from command line to 'False'
[0.504s] Level 5:colcon.colcon_core.verb:set package 'learning_package' build argument 'cmake_force_configure' from command line to 'False'
[0.504s] Level 5:colcon.colcon_core.verb:set package 'learning_package' build argument 'ament_cmake_args' from command line to 'None'
[0.504s] Level 5:colcon.colcon_core.verb:set package 'learning_package' build argument 'catkin_cmake_args' from command line to 'None'
[0.504s] Level 5:colcon.colcon_core.verb:set package 'learning_package' build argument 'catkin_skip_building_tests' from command line to 'False'
[0.504s] DEBUG:colcon.colcon_core.verb:Building package 'learning_package' with the following arguments: {'ament_cmake_args': None, 'build_base': '/simulation/ros2_sim_ws/build/learning_package', 'catkin_cmake_args': None, 'catkin_skip_building_tests': False, 'cmake_args': None, 'cmake_clean_cache': False, 'cmake_clean_first': False, 'cmake_force_configure': False, 'cmake_target': None, 'cmake_target_skip_unavailable': False, 'install_base': '/simulation/ros2_sim_ws/install/learning_package', 'merge_install': False, 'path': '/simulation/ros2_sim_ws/src/learning_package', 'symlink_install': True, 'test_result_base': None}
[0.505s] Level 5:colcon.colcon_core.verb:set package 'navigation_pkg' build argument 'cmake_args' from command line to 'None'
[0.505s] Level 5:colcon.colcon_core.verb:set package 'navigation_pkg' build argument 'cmake_target' from command line to 'None'
[0.505s] Level 5:colcon.colcon_core.verb:set package 'navigation_pkg' build argument 'cmake_target_skip_unavailable' from command line to 'False'
[0.505s] Level 5:colcon.colcon_core.verb:set package 'navigation_pkg' build argument 'cmake_clean_cache' from command line to 'False'
[0.505s] Level 5:colcon.colcon_core.verb:set package 'navigation_pkg' build argument 'cmake_clean_first' from command line to 'False'
[0.505s] Level 5:colcon.colcon_core.verb:set package 'navigation_pkg' build argument 'cmake_force_configure' from command line to 'False'
[0.505s] Level 5:colcon.colcon_core.verb:set package 'navigation_pkg' build argument 'ament_cmake_args' from command line to 'None'
[0.505s] Level 5:colcon.colcon_core.verb:set package 'navigation_pkg' build argument 'catkin_cmake_args' from command line to 'None'
[0.505s] Level 5:colcon.colcon_core.verb:set package 'navigation_pkg' build argument 'catkin_skip_building_tests' from command line to 'False'
[0.506s] DEBUG:colcon.colcon_core.verb:Building package 'navigation_pkg' with the following arguments: {'ament_cmake_args': None, 'build_base': '/simulation/ros2_sim_ws/build/navigation_pkg', 'catkin_cmake_args': None, 'catkin_skip_building_tests': False, 'cmake_args': None, 'cmake_clean_cache': False, 'cmake_clean_first': False, 'cmake_force_configure': False, 'cmake_target': None, 'cmake_target_skip_unavailable': False, 'install_base': '/simulation/ros2_sim_ws/install/navigation_pkg', 'merge_install': False, 'path': '/simulation/ros2_sim_ws/src/navigation_pkg', 'symlink_install': True, 'test_result_base': None}
[0.506s] Level 5:colcon.colcon_core.verb:set package 'robot_pkg' build argument 'cmake_args' from command line to 'None'
[0.506s] Level 5:colcon.colcon_core.verb:set package 'robot_pkg' build argument 'cmake_target' from command line to 'None'
[0.506s] Level 5:colcon.colcon_core.verb:set package 'robot_pkg' build argument 'cmake_target_skip_unavailable' from command line to 'False'
[0.506s] Level 5:colcon.colcon_core.verb:set package 'robot_pkg' build argument 'cmake_clean_cache' from command line to 'False'
[0.506s] Level 5:colcon.colcon_core.verb:set package 'robot_pkg' build argument 'cmake_clean_first' from command line to 'False'
[0.506s] Level 5:colcon.colcon_core.verb:set package 'robot_pkg' build argument 'cmake_force_configure' from command line to 'False'
[0.507s] Level 5:colcon.colcon_core.verb:set package 'robot_pkg' build argument 'ament_cmake_args' from command line to 'None'
[0.507s] Level 5:colcon.colcon_core.verb:set package 'robot_pkg' build argument 'catkin_cmake_args' from command line to 'None'
[0.507s] Level 5:colcon.colcon_core.verb:set package 'robot_pkg' build argument 'catkin_skip_building_tests' from command line to 'False'
[0.507s] DEBUG:colcon.colcon_core.verb:Building package 'robot_pkg' with the following arguments: {'ament_cmake_args': None, 'build_base': '/simulation/ros2_sim_ws/build/robot_pkg', 'catkin_cmake_args': None, 'catkin_skip_building_tests': False, 'cmake_args': None, 'cmake_clean_cache': False, 'cmake_clean_first': False, 'cmake_force_configure': False, 'cmake_target': None, 'cmake_target_skip_unavailable': False, 'install_base': '/simulation/ros2_sim_ws/install/robot_pkg', 'merge_install': False, 'path': '/simulation/ros2_sim_ws/src/robot_pkg', 'symlink_install': True, 'test_result_base': None}
[0.507s] Level 5:colcon.colcon_core.verb:set package 'slam_pkg' build argument 'cmake_args' from command line to 'None'
[0.507s] Level 5:colcon.colcon_core.verb:set package 'slam_pkg' build argument 'cmake_target' from command line to 'None'
[0.507s] Level 5:colcon.colcon_core.verb:set package 'slam_pkg' build argument 'cmake_target_skip_unavailable' from command line to 'False'
[0.507s] Level 5:colcon.colcon_core.verb:set package 'slam_pkg' build argument 'cmake_clean_cache' from command line to 'False'
[0.507s] Level 5:colcon.colcon_core.verb:set package 'slam_pkg' build argument 'cmake_clean_first' from command line to 'False'
[0.508s] Level 5:colcon.colcon_core.verb:set package 'slam_pkg' build argument 'cmake_force_configure' from command line to 'False'
[0.508s] Level 5:colcon.colcon_core.verb:set package 'slam_pkg' build argument 'ament_cmake_args' from command line to 'None'
[0.508s] Level 5:colcon.colcon_core.verb:set package 'slam_pkg' build argument 'catkin_cmake_args' from command line to 'None'
[0.508s] Level 5:colcon.colcon_core.verb:set package 'slam_pkg' build argument 'catkin_skip_building_tests' from command line to 'False'
[0.508s] DEBUG:colcon.colcon_core.verb:Building package 'slam_pkg' with the following arguments: {'ament_cmake_args': None, 'build_base': '/simulation/ros2_sim_ws/build/slam_pkg', 'catkin_cmake_args': None, 'catkin_skip_building_tests': False, 'cmake_args': None, 'cmake_clean_cache': False, 'cmake_clean_first': False, 'cmake_force_configure': False, 'cmake_target': None, 'cmake_target_skip_unavailable': False, 'install_base': '/simulation/ros2_sim_ws/install/slam_pkg', 'merge_install': False, 'path': '/simulation/ros2_sim_ws/src/slam_pkg', 'symlink_install': True, 'test_result_base': None}
[0.508s] INFO:colcon.colcon_core.executor:Executing jobs using 'parallel' executor
[0.510s] DEBUG:colcon.colcon_parallel_executor.executor.parallel:run_until_complete
[0.510s] INFO:colcon.colcon_ros.task.ament_cmake.build:Building ROS package in '/simulation/ros2_sim_ws/src/learning_package' with build type 'ament_cmake'
[0.511s] INFO:colcon.colcon_cmake.task.cmake.build:Building CMake package in '/simulation/ros2_sim_ws/src/learning_package'
[0.514s] INFO:colcon.colcon_core.plugin_system:Skipping extension 'colcon_core.shell.bat': Not used on non-Windows systems
[0.515s] INFO:colcon.colcon_core.shell:Skip shell extension 'powershell' for command environment: Not usable outside of PowerShell
[0.515s] DEBUG:colcon.colcon_core.shell:Skip shell extension 'dsv' for command environment
[0.524s] INFO:colcon.colcon_ros.task.ament_cmake.build:Building ROS package in '/simulation/ros2_sim_ws/src/navigation_pkg' with build type 'ament_cmake'
[0.524s] INFO:colcon.colcon_cmake.task.cmake.build:Building CMake package in '/simulation/ros2_sim_ws/src/navigation_pkg'
[0.525s] INFO:colcon.colcon_core.shell:Skip shell extension 'powershell' for command environment: Not usable outside of PowerShell
[0.525s] DEBUG:colcon.colcon_core.shell:Skip shell extension 'dsv' for command environment
[0.532s] INFO:colcon.colcon_ros.task.ament_cmake.build:Building ROS package in '/simulation/ros2_sim_ws/src/robot_pkg' with build type 'ament_cmake'
[0.533s] INFO:colcon.colcon_cmake.task.cmake.build:Building CMake package in '/simulation/ros2_sim_ws/src/robot_pkg'
[0.533s] INFO:colcon.colcon_core.shell:Skip shell extension 'powershell' for command environment: Not usable outside of PowerShell
[0.534s] DEBUG:colcon.colcon_core.shell:Skip shell extension 'dsv' for command environment
[0.541s] INFO:colcon.colcon_ros.task.ament_cmake.build:Building ROS package in '/simulation/ros2_sim_ws/src/slam_pkg' with build type 'ament_cmake'
[0.542s] INFO:colcon.colcon_cmake.task.cmake.build:Building CMake package in '/simulation/ros2_sim_ws/src/slam_pkg'
[0.542s] INFO:colcon.colcon_core.shell:Skip shell extension 'powershell' for command environment: Not usable outside of PowerShell
[0.542s] DEBUG:colcon.colcon_core.shell:Skip shell extension 'dsv' for command environment
[0.561s] DEBUG:colcon.colcon_core.event_handler.log_command:Invoking command in '/simulation/ros2_sim_ws/build/learning_package': CMAKE_PREFIX_PATH=${CMAKE_PREFIX_PATH}:/opt/ros/humble /usr/bin/cmake --build /simulation/ros2_sim_ws/build/learning_package -- -j8 -l8
[0.568s] DEBUG:colcon.colcon_core.event_handler.log_command:Invoking command in '/simulation/ros2_sim_ws/build/navigation_pkg': CMAKE_PREFIX_PATH=${CMAKE_PREFIX_PATH}:/opt/ros/humble /usr/bin/cmake --build /simulation/ros2_sim_ws/build/navigation_pkg -- -j8 -l8
[0.579s] DEBUG:colcon.colcon_core.event_handler.log_command:Invoking command in '/simulation/ros2_sim_ws/build/robot_pkg': CMAKE_PREFIX_PATH=${CMAKE_PREFIX_PATH}:/opt/ros/humble /usr/bin/cmake --build /simulation/ros2_sim_ws/build/robot_pkg -- -j8 -l8
[0.589s] DEBUG:colcon.colcon_core.event_handler.log_command:Invoking command in '/simulation/ros2_sim_ws/build/slam_pkg': CMAKE_PREFIX_PATH=${CMAKE_PREFIX_PATH}:/opt/ros/humble /usr/bin/cmake --build /simulation/ros2_sim_ws/build/slam_pkg -- -j8 -l8
[0.648s] DEBUG:colcon.colcon_core.event_handler.log_command:Invoked command in '/simulation/ros2_sim_ws/build/learning_package' returned '0': CMAKE_PREFIX_PATH=${CMAKE_PREFIX_PATH}:/opt/ros/humble /usr/bin/cmake --build /simulation/ros2_sim_ws/build/learning_package -- -j8 -l8
[0.651s] DEBUG:colcon.colcon_core.event_handler.log_command:Invoked command in '/simulation/ros2_sim_ws/build/navigation_pkg' returned '0': CMAKE_PREFIX_PATH=${CMAKE_PREFIX_PATH}:/opt/ros/humble /usr/bin/cmake --build /simulation/ros2_sim_ws/build/navigation_pkg -- -j8 -l8
[0.668s] DEBUG:colcon.colcon_core.event_handler.log_command:Invoked command in '/simulation/ros2_sim_ws/build/slam_pkg' returned '0': CMAKE_PREFIX_PATH=${CMAKE_PREFIX_PATH}:/opt/ros/humble /usr/bin/cmake --build /simulation/ros2_sim_ws/build/slam_pkg -- -j8 -l8
[0.710s] DEBUG:colcon.colcon_core.event_handler.log_command:Invoking command in '/simulation/ros2_sim_ws/build/learning_package': CMAKE_PREFIX_PATH=${CMAKE_PREFIX_PATH}:/opt/ros/humble /usr/bin/cmake --install /simulation/ros2_sim_ws/build/learning_package
[0.714s] DEBUG:colcon.colcon_core.event_handler.log_command:Invoking command in '/simulation/ros2_sim_ws/build/navigation_pkg': CMAKE_PREFIX_PATH=${CMAKE_PREFIX_PATH}:/opt/ros/humble /usr/bin/cmake --install /simulation/ros2_sim_ws/build/navigation_pkg
[0.718s] DEBUG:colcon.colcon_core.event_handler.log_command:Invoking command in '/simulation/ros2_sim_ws/build/slam_pkg': CMAKE_PREFIX_PATH=${CMAKE_PREFIX_PATH}:/opt/ros/humble /usr/bin/cmake --install /simulation/ros2_sim_ws/build/slam_pkg
[0.757s] Level 1:colcon.colcon_core.environment:create_environment_scripts_only(learning_package)
[0.758s] DEBUG:colcon.colcon_core.event_handler.log_command:Invoked command in '/simulation/ros2_sim_ws/build/learning_package' returned '0': CMAKE_PREFIX_PATH=${CMAKE_PREFIX_PATH}:/opt/ros/humble /usr/bin/cmake --install /simulation/ros2_sim_ws/build/learning_package
[0.765s] Level 1:colcon.colcon_core.environment:checking '/simulation/ros2_sim_ws/install/learning_package' for CMake module files
[0.766s] Level 1:colcon.colcon_core.environment:checking '/simulation/ros2_sim_ws/install/learning_package' for CMake config files
[0.767s] Level 1:colcon.colcon_core.shell:create_environment_hook('learning_package', 'cmake_prefix_path')
[0.767s] INFO:colcon.colcon_core.shell:Creating environment hook '/simulation/ros2_sim_ws/install/learning_package/share/learning_package/hook/cmake_prefix_path.ps1'
[0.769s] INFO:colcon.colcon_core.shell:Creating environment descriptor '/simulation/ros2_sim_ws/install/learning_package/share/learning_package/hook/cmake_prefix_path.dsv'
[0.770s] INFO:colcon.colcon_core.shell:Creating environment hook '/simulation/ros2_sim_ws/install/learning_package/share/learning_package/hook/cmake_prefix_path.sh'
[0.772s] Level 1:colcon.colcon_core.environment:checking '/simulation/ros2_sim_ws/install/learning_package/bin'
[0.772s] Level 1:colcon.colcon_core.environment:checking '/simulation/ros2_sim_ws/install/learning_package/lib/pkgconfig/learning_package.pc'
[0.775s] Level 1:colcon.colcon_core.environment:checking '/simulation/ros2_sim_ws/install/learning_package/lib/python3.10/site-packages'
[0.776s] Level 1:colcon.colcon_core.environment:checking '/simulation/ros2_sim_ws/install/learning_package/bin'
[0.776s] INFO:colcon.colcon_core.shell:Creating package script '/simulation/ros2_sim_ws/install/learning_package/share/learning_package/package.ps1'
[0.779s] INFO:colcon.colcon_core.shell:Creating package descriptor '/simulation/ros2_sim_ws/install/learning_package/share/learning_package/package.dsv'
[0.780s] INFO:colcon.colcon_core.shell:Creating package script '/simulation/ros2_sim_ws/install/learning_package/share/learning_package/package.sh'
[0.781s] INFO:colcon.colcon_core.shell:Creating package script '/simulation/ros2_sim_ws/install/learning_package/share/learning_package/package.bash'
[0.782s] INFO:colcon.colcon_core.shell:Creating package script '/simulation/ros2_sim_ws/install/learning_package/share/learning_package/package.zsh'
[0.784s] Level 1:colcon.colcon_core.environment:create_file_with_runtime_dependencies(/simulation/ros2_sim_ws/install/learning_package/share/colcon-core/packages/learning_package)
[0.787s] Level 1:colcon.colcon_core.environment:create_environment_scripts_only(slam_pkg)
[0.789s] Level 1:colcon.colcon_core.environment:checking '/simulation/ros2_sim_ws/install/slam_pkg' for CMake module files
[0.790s] DEBUG:colcon.colcon_core.event_handler.log_command:Invoked command in '/simulation/ros2_sim_ws/build/slam_pkg' returned '0': CMAKE_PREFIX_PATH=${CMAKE_PREFIX_PATH}:/opt/ros/humble /usr/bin/cmake --install /simulation/ros2_sim_ws/build/slam_pkg
[0.791s] Level 1:colcon.colcon_core.environment:checking '/simulation/ros2_sim_ws/install/slam_pkg' for CMake config files
[0.792s] Level 1:colcon.colcon_core.shell:create_environment_hook('slam_pkg', 'cmake_prefix_path')
[0.793s] INFO:colcon.colcon_core.shell:Creating environment hook '/simulation/ros2_sim_ws/install/slam_pkg/share/slam_pkg/hook/cmake_prefix_path.ps1'
[0.794s] INFO:colcon.colcon_core.shell:Creating environment descriptor '/simulation/ros2_sim_ws/install/slam_pkg/share/slam_pkg/hook/cmake_prefix_path.dsv'
[0.795s] INFO:colcon.colcon_core.shell:Creating environment hook '/simulation/ros2_sim_ws/install/slam_pkg/share/slam_pkg/hook/cmake_prefix_path.sh'
[0.797s] Level 1:colcon.colcon_core.environment:checking '/simulation/ros2_sim_ws/install/slam_pkg/bin'
[0.797s] Level 1:colcon.colcon_core.environment:checking '/simulation/ros2_sim_ws/install/slam_pkg/lib/pkgconfig/slam_pkg.pc'
[0.798s] Level 1:colcon.colcon_core.environment:checking '/simulation/ros2_sim_ws/install/slam_pkg/lib/python3.10/site-packages'
[0.799s] Level 1:colcon.colcon_core.environment:checking '/simulation/ros2_sim_ws/install/slam_pkg/bin'
[0.800s] INFO:colcon.colcon_core.shell:Creating package script '/simulation/ros2_sim_ws/install/slam_pkg/share/slam_pkg/package.ps1'
[0.801s] INFO:colcon.colcon_core.shell:Creating package descriptor '/simulation/ros2_sim_ws/install/slam_pkg/share/slam_pkg/package.dsv'
[0.802s] INFO:colcon.colcon_core.shell:Creating package script '/simulation/ros2_sim_ws/install/slam_pkg/share/slam_pkg/package.sh'
[0.804s] INFO:colcon.colcon_core.shell:Creating package script '/simulation/ros2_sim_ws/install/slam_pkg/share/slam_pkg/package.bash'
[0.805s] INFO:colcon.colcon_core.shell:Creating package script '/simulation/ros2_sim_ws/install/slam_pkg/share/slam_pkg/package.zsh'
[0.806s] Level 1:colcon.colcon_core.environment:create_file_with_runtime_dependencies(/simulation/ros2_sim_ws/install/slam_pkg/share/colcon-core/packages/slam_pkg)
[0.808s] Level 1:colcon.colcon_core.environment:create_environment_scripts_only(navigation_pkg)
[0.809s] Level 1:colcon.colcon_core.environment:checking '/simulation/ros2_sim_ws/install/navigation_pkg' for CMake module files
[0.811s] DEBUG:colcon.colcon_core.event_handler.log_command:Invoked command in '/simulation/ros2_sim_ws/build/navigation_pkg' returned '0': CMAKE_PREFIX_PATH=${CMAKE_PREFIX_PATH}:/opt/ros/humble /usr/bin/cmake --install /simulation/ros2_sim_ws/build/navigation_pkg
[0.812s] Level 1:colcon.colcon_core.environment:checking '/simulation/ros2_sim_ws/install/navigation_pkg' for CMake config files
[0.813s] Level 1:colcon.colcon_core.shell:create_environment_hook('navigation_pkg', 'cmake_prefix_path')
[0.814s] INFO:colcon.colcon_core.shell:Creating environment hook '/simulation/ros2_sim_ws/install/navigation_pkg/share/navigation_pkg/hook/cmake_prefix_path.ps1'
[0.815s] INFO:colcon.colcon_core.shell:Creating environment descriptor '/simulation/ros2_sim_ws/install/navigation_pkg/share/navigation_pkg/hook/cmake_prefix_path.dsv'
[0.816s] INFO:colcon.colcon_core.shell:Creating environment hook '/simulation/ros2_sim_ws/install/navigation_pkg/share/navigation_pkg/hook/cmake_prefix_path.sh'
[0.818s] Level 1:colcon.colcon_core.environment:checking '/simulation/ros2_sim_ws/install/navigation_pkg/bin'
[0.818s] Level 1:colcon.colcon_core.environment:checking '/simulation/ros2_sim_ws/install/navigation_pkg/lib/pkgconfig/navigation_pkg.pc'
[0.818s] Level 1:colcon.colcon_core.environment:checking '/simulation/ros2_sim_ws/install/navigation_pkg/lib/python3.10/site-packages'
[0.819s] Level 1:colcon.colcon_core.environment:checking '/simulation/ros2_sim_ws/install/navigation_pkg/bin'
[0.820s] INFO:colcon.colcon_core.shell:Creating package script '/simulation/ros2_sim_ws/install/navigation_pkg/share/navigation_pkg/package.ps1'
[0.821s] INFO:colcon.colcon_core.shell:Creating package descriptor '/simulation/ros2_sim_ws/install/navigation_pkg/share/navigation_pkg/package.dsv'
[0.822s] INFO:colcon.colcon_core.shell:Creating package script '/simulation/ros2_sim_ws/install/navigation_pkg/share/navigation_pkg/package.sh'
[0.823s] INFO:colcon.colcon_core.shell:Creating package script '/simulation/ros2_sim_ws/install/navigation_pkg/share/navigation_pkg/package.bash'
[0.824s] INFO:colcon.colcon_core.shell:Creating package script '/simulation/ros2_sim_ws/install/navigation_pkg/share/navigation_pkg/package.zsh'
[0.825s] Level 1:colcon.colcon_core.environment:create_file_with_runtime_dependencies(/simulation/ros2_sim_ws/install/navigation_pkg/share/colcon-core/packages/navigation_pkg)
[0.837s] Level 1:colcon.colcon_core.environment:create_environment_scripts_only(learning_package)
[0.838s] Level 1:colcon.colcon_core.environment:checking '/simulation/ros2_sim_ws/install/learning_package' for CMake module files
[0.840s] Level 1:colcon.colcon_core.environment:checking '/simulation/ros2_sim_ws/install/learning_package' for CMake config files
[0.841s] Level 1:colcon.colcon_core.shell:create_environment_hook('learning_package', 'cmake_prefix_path')
[0.842s] INFO:colcon.colcon_core.shell:Creating environment hook '/simulation/ros2_sim_ws/install/learning_package/share/learning_package/hook/cmake_prefix_path.ps1'
[0.844s] INFO:colcon.colcon_core.shell:Creating environment descriptor '/simulation/ros2_sim_ws/install/learning_package/share/learning_package/hook/cmake_prefix_path.dsv'
[0.845s] INFO:colcon.colcon_core.shell:Creating environment hook '/simulation/ros2_sim_ws/install/learning_package/share/learning_package/hook/cmake_prefix_path.sh'
[0.847s] Level 1:colcon.colcon_core.environment:checking '/simulation/ros2_sim_ws/install/learning_package/bin'
[0.847s] Level 1:colcon.colcon_core.environment:checking '/simulation/ros2_sim_ws/install/learning_package/lib/pkgconfig/learning_package.pc'
[0.848s] Level 1:colcon.colcon_core.environment:checking '/simulation/ros2_sim_ws/install/learning_package/lib/python3.10/site-packages'
[0.848s] Level 1:colcon.colcon_core.environment:checking '/simulation/ros2_sim_ws/install/learning_package/bin'
[0.849s] INFO:colcon.colcon_core.shell:Creating package script '/simulation/ros2_sim_ws/install/learning_package/share/learning_package/package.ps1'
[0.851s] INFO:colcon.colcon_core.shell:Creating package descriptor '/simulation/ros2_sim_ws/install/learning_package/share/learning_package/package.dsv'
[0.853s] INFO:colcon.colcon_core.shell:Creating package script '/simulation/ros2_sim_ws/install/learning_package/share/learning_package/package.sh'
[0.855s] INFO:colcon.colcon_core.shell:Creating package script '/simulation/ros2_sim_ws/install/learning_package/share/learning_package/package.bash'
[0.856s] INFO:colcon.colcon_core.shell:Creating package script '/simulation/ros2_sim_ws/install/learning_package/share/learning_package/package.zsh'
[0.858s] Level 1:colcon.colcon_core.environment:create_file_with_runtime_dependencies(/simulation/ros2_sim_ws/install/learning_package/share/colcon-core/packages/learning_package)
[0.861s] Level 1:colcon.colcon_core.environment:create_environment_scripts_only(slam_pkg)
[0.862s] Level 1:colcon.colcon_core.environment:checking '/simulation/ros2_sim_ws/install/slam_pkg' for CMake module files
[0.863s] Level 1:colcon.colcon_core.environment:checking '/simulation/ros2_sim_ws/install/slam_pkg' for CMake config files
[0.864s] Level 1:colcon.colcon_core.shell:create_environment_hook('slam_pkg', 'cmake_prefix_path')
[0.865s] INFO:colcon.colcon_core.shell:Creating environment hook '/simulation/ros2_sim_ws/install/slam_pkg/share/slam_pkg/hook/cmake_prefix_path.ps1'
[0.866s] INFO:colcon.colcon_core.shell:Creating environment descriptor '/simulation/ros2_sim_ws/install/slam_pkg/share/slam_pkg/hook/cmake_prefix_path.dsv'
[0.867s] INFO:colcon.colcon_core.shell:Creating environment hook '/simulation/ros2_sim_ws/install/slam_pkg/share/slam_pkg/hook/cmake_prefix_path.sh'
[0.869s] Level 1:colcon.colcon_core.environment:checking '/simulation/ros2_sim_ws/install/slam_pkg/bin'
[0.869s] Level 1:colcon.colcon_core.environment:checking '/simulation/ros2_sim_ws/install/slam_pkg/lib/pkgconfig/slam_pkg.pc'
[0.870s] Level 1:colcon.colcon_core.environment:checking '/simulation/ros2_sim_ws/install/slam_pkg/lib/python3.10/site-packages'
[0.870s] Level 1:colcon.colcon_core.environment:checking '/simulation/ros2_sim_ws/install/slam_pkg/bin'
[0.871s] INFO:colcon.colcon_core.shell:Creating package script '/simulation/ros2_sim_ws/install/slam_pkg/share/slam_pkg/package.ps1'
[0.873s] INFO:colcon.colcon_core.shell:Creating package descriptor '/simulation/ros2_sim_ws/install/slam_pkg/share/slam_pkg/package.dsv'
[0.875s] INFO:colcon.colcon_core.shell:Creating package script '/simulation/ros2_sim_ws/install/slam_pkg/share/slam_pkg/package.sh'
[0.876s] INFO:colcon.colcon_core.shell:Creating package script '/simulation/ros2_sim_ws/install/slam_pkg/share/slam_pkg/package.bash'
[0.877s] INFO:colcon.colcon_core.shell:Creating package script '/simulation/ros2_sim_ws/install/slam_pkg/share/slam_pkg/package.zsh'
[0.878s] Level 1:colcon.colcon_core.environment:create_file_with_runtime_dependencies(/simulation/ros2_sim_ws/install/slam_pkg/share/colcon-core/packages/slam_pkg)
[0.881s] Level 1:colcon.colcon_core.environment:create_environment_scripts_only(navigation_pkg)
[0.881s] Level 1:colcon.colcon_core.environment:checking '/simulation/ros2_sim_ws/install/navigation_pkg' for CMake module files
[0.883s] Level 1:colcon.colcon_core.environment:checking '/simulation/ros2_sim_ws/install/navigation_pkg' for CMake config files
[0.883s] Level 1:colcon.colcon_core.shell:create_environment_hook('navigation_pkg', 'cmake_prefix_path')
[0.884s] INFO:colcon.colcon_core.shell:Creating environment hook '/simulation/ros2_sim_ws/install/navigation_pkg/share/navigation_pkg/hook/cmake_prefix_path.ps1'
[0.885s] INFO:colcon.colcon_core.shell:Creating environment descriptor '/simulation/ros2_sim_ws/install/navigation_pkg/share/navigation_pkg/hook/cmake_prefix_path.dsv'
[0.885s] INFO:colcon.colcon_core.shell:Creating environment hook '/simulation/ros2_sim_ws/install/navigation_pkg/share/navigation_pkg/hook/cmake_prefix_path.sh'
[0.887s] Level 1:colcon.colcon_core.environment:checking '/simulation/ros2_sim_ws/install/navigation_pkg/bin'
[0.887s] Level 1:colcon.colcon_core.environment:checking '/simulation/ros2_sim_ws/install/navigation_pkg/lib/pkgconfig/navigation_pkg.pc'
[0.887s] Level 1:colcon.colcon_core.environment:checking '/simulation/ros2_sim_ws/install/navigation_pkg/lib/python3.10/site-packages'
[0.888s] Level 1:colcon.colcon_core.environment:checking '/simulation/ros2_sim_ws/install/navigation_pkg/bin'
[0.889s] INFO:colcon.colcon_core.shell:Creating package script '/simulation/ros2_sim_ws/install/navigation_pkg/share/navigation_pkg/package.ps1'
[0.890s] INFO:colcon.colcon_core.shell:Creating package descriptor '/simulation/ros2_sim_ws/install/navigation_pkg/share/navigation_pkg/package.dsv'
[0.891s] INFO:colcon.colcon_core.shell:Creating package script '/simulation/ros2_sim_ws/install/navigation_pkg/share/navigation_pkg/package.sh'
[0.892s] INFO:colcon.colcon_core.shell:Creating package script '/simulation/ros2_sim_ws/install/navigation_pkg/share/navigation_pkg/package.bash'
[0.893s] INFO:colcon.colcon_core.shell:Creating package script '/simulation/ros2_sim_ws/install/navigation_pkg/share/navigation_pkg/package.zsh'
[0.894s] Level 1:colcon.colcon_core.environment:create_file_with_runtime_dependencies(/simulation/ros2_sim_ws/install/navigation_pkg/share/colcon-core/packages/navigation_pkg)
[1.142s] DEBUG:colcon.colcon_core.event_handler.log_command:Invoked command in '/simulation/ros2_sim_ws/build/robot_pkg' returned '0': CMAKE_PREFIX_PATH=${CMAKE_PREFIX_PATH}:/opt/ros/humble /usr/bin/cmake --build /simulation/ros2_sim_ws/build/robot_pkg -- -j8 -l8
[1.188s] DEBUG:colcon.colcon_core.event_handler.log_command:Invoking command in '/simulation/ros2_sim_ws/build/robot_pkg': CMAKE_PREFIX_PATH=${CMAKE_PREFIX_PATH}:/opt/ros/humble /usr/bin/cmake --install /simulation/ros2_sim_ws/build/robot_pkg
[1.258s] Level 1:colcon.colcon_core.environment:create_environment_scripts_only(robot_pkg)
[1.259s] Level 1:colcon.colcon_core.environment:checking '/simulation/ros2_sim_ws/install/robot_pkg' for CMake module files
[1.260s] DEBUG:colcon.colcon_core.event_handler.log_command:Invoked command in '/simulation/ros2_sim_ws/build/robot_pkg' returned '0': CMAKE_PREFIX_PATH=${CMAKE_PREFIX_PATH}:/opt/ros/humble /usr/bin/cmake --install /simulation/ros2_sim_ws/build/robot_pkg
[1.260s] Level 1:colcon.colcon_core.environment:checking '/simulation/ros2_sim_ws/install/robot_pkg' for CMake config files
[1.261s] Level 1:colcon.colcon_core.shell:create_environment_hook('robot_pkg', 'cmake_prefix_path')
[1.262s] INFO:colcon.colcon_core.shell:Creating environment hook '/simulation/ros2_sim_ws/install/robot_pkg/share/robot_pkg/hook/cmake_prefix_path.ps1'
[1.263s] INFO:colcon.colcon_core.shell:Creating environment descriptor '/simulation/ros2_sim_ws/install/robot_pkg/share/robot_pkg/hook/cmake_prefix_path.dsv'
[1.264s] INFO:colcon.colcon_core.shell:Creating environment hook '/simulation/ros2_sim_ws/install/robot_pkg/share/robot_pkg/hook/cmake_prefix_path.sh'
[1.265s] Level 1:colcon.colcon_core.environment:checking '/simulation/ros2_sim_ws/install/robot_pkg/bin'
[1.265s] Level 1:colcon.colcon_core.environment:checking '/simulation/ros2_sim_ws/install/robot_pkg/lib/pkgconfig/robot_pkg.pc'
[1.265s] Level 1:colcon.colcon_core.environment:checking '/simulation/ros2_sim_ws/install/robot_pkg/lib/python3.10/site-packages'
[1.266s] Level 1:colcon.colcon_core.environment:checking '/simulation/ros2_sim_ws/install/robot_pkg/bin'
[1.266s] INFO:colcon.colcon_core.shell:Creating package script '/simulation/ros2_sim_ws/install/robot_pkg/share/robot_pkg/package.ps1'
[1.267s] INFO:colcon.colcon_core.shell:Creating package descriptor '/simulation/ros2_sim_ws/install/robot_pkg/share/robot_pkg/package.dsv'
[1.268s] INFO:colcon.colcon_core.shell:Creating package script '/simulation/ros2_sim_ws/install/robot_pkg/share/robot_pkg/package.sh'
[1.269s] INFO:colcon.colcon_core.shell:Creating package script '/simulation/ros2_sim_ws/install/robot_pkg/share/robot_pkg/package.bash'
[1.269s] INFO:colcon.colcon_core.shell:Creating package script '/simulation/ros2_sim_ws/install/robot_pkg/share/robot_pkg/package.zsh'
[1.270s] Level 1:colcon.colcon_core.environment:create_file_with_runtime_dependencies(/simulation/ros2_sim_ws/install/robot_pkg/share/colcon-core/packages/robot_pkg)
[1.311s] Level 1:colcon.colcon_core.environment:create_environment_scripts_only(robot_pkg)
[1.312s] Level 1:colcon.colcon_core.environment:checking '/simulation/ros2_sim_ws/install/robot_pkg' for CMake module files
[1.313s] Level 1:colcon.colcon_core.environment:checking '/simulation/ros2_sim_ws/install/robot_pkg' for CMake config files
[1.314s] Level 1:colcon.colcon_core.shell:create_environment_hook('robot_pkg', 'cmake_prefix_path')
[1.314s] INFO:colcon.colcon_core.shell:Creating environment hook '/simulation/ros2_sim_ws/install/robot_pkg/share/robot_pkg/hook/cmake_prefix_path.ps1'
[1.315s] INFO:colcon.colcon_core.shell:Creating environment descriptor '/simulation/ros2_sim_ws/install/robot_pkg/share/robot_pkg/hook/cmake_prefix_path.dsv'
[1.316s] INFO:colcon.colcon_core.shell:Creating environment hook '/simulation/ros2_sim_ws/install/robot_pkg/share/robot_pkg/hook/cmake_prefix_path.sh'
[1.317s] Level 1:colcon.colcon_core.environment:checking '/simulation/ros2_sim_ws/install/robot_pkg/bin'
[1.317s] Level 1:colcon.colcon_core.environment:checking '/simulation/ros2_sim_ws/install/robot_pkg/lib/pkgconfig/robot_pkg.pc'
[1.317s] Level 1:colcon.colcon_core.environment:checking '/simulation/ros2_sim_ws/install/robot_pkg/lib/python3.10/site-packages'
[1.318s] Level 1:colcon.colcon_core.environment:checking '/simulation/ros2_sim_ws/install/robot_pkg/bin'
[1.318s] INFO:colcon.colcon_core.shell:Creating package script '/simulation/ros2_sim_ws/install/robot_pkg/share/robot_pkg/package.ps1'
[1.319s] INFO:colcon.colcon_core.shell:Creating package descriptor '/simulation/ros2_sim_ws/install/robot_pkg/share/robot_pkg/package.dsv'
[1.320s] INFO:colcon.colcon_core.shell:Creating package script '/simulation/ros2_sim_ws/install/robot_pkg/share/robot_pkg/package.sh'
[1.321s] INFO:colcon.colcon_core.shell:Creating package script '/simulation/ros2_sim_ws/install/robot_pkg/share/robot_pkg/package.bash'
[1.322s] INFO:colcon.colcon_core.shell:Creating package script '/simulation/ros2_sim_ws/install/robot_pkg/share/robot_pkg/package.zsh'
[1.322s] Level 1:colcon.colcon_core.environment:create_file_with_runtime_dependencies(/simulation/ros2_sim_ws/install/robot_pkg/share/colcon-core/packages/robot_pkg)
[1.323s] DEBUG:colcon.colcon_parallel_executor.executor.parallel:closing loop
[1.324s] DEBUG:colcon.colcon_parallel_executor.executor.parallel:loop closed
[1.324s] DEBUG:colcon.colcon_parallel_executor.executor.parallel:run_until_complete finished with '0'
[1.324s] DEBUG:colcon.colcon_core.event_reactor:joining thread
[1.335s] INFO:colcon.colcon_core.plugin_system:Skipping extension 'colcon_notification.desktop_notification.notify_send': Could not find 'notify-send'
[1.335s] INFO:colcon.colcon_core.plugin_system:Skipping extension 'colcon_notification.desktop_notification.terminal_notifier': Not used on non-Darwin systems
[1.335s] INFO:colcon.colcon_core.plugin_system:Skipping extension 'colcon_notification.desktop_notification.win32': Not used on non-Windows systems
[1.335s] INFO:colcon.colcon_notification.desktop_notification:Sending desktop notification using 'notify2'
[1.339s] DEBUG:colcon.colcon_notification.desktop_notification.notify2:Failed to initialize notify2: org.freedesktop.DBus.Error.Spawn.ExecFailed: /usr/bin/dbus-launch terminated abnormally without any error message
[1.340s] DEBUG:colcon.colcon_core.event_reactor:joined thread
[1.341s] INFO:colcon.colcon_core.shell:Creating prefix script '/simulation/ros2_sim_ws/install/local_setup.ps1'
[1.344s] INFO:colcon.colcon_core.shell:Creating prefix util module '/simulation/ros2_sim_ws/install/_local_setup_util_ps1.py'
[1.347s] INFO:colcon.colcon_core.shell:Creating prefix chain script '/simulation/ros2_sim_ws/install/setup.ps1'
[1.349s] INFO:colcon.colcon_core.shell:Creating prefix script '/simulation/ros2_sim_ws/install/local_setup.sh'
[1.350s] INFO:colcon.colcon_core.shell:Creating prefix util module '/simulation/ros2_sim_ws/install/_local_setup_util_sh.py'
[1.351s] INFO:colcon.colcon_core.shell:Creating prefix chain script '/simulation/ros2_sim_ws/install/setup.sh'
[1.354s] INFO:colcon.colcon_core.shell:Creating prefix script '/simulation/ros2_sim_ws/install/local_setup.bash'
[1.355s] INFO:colcon.colcon_core.shell:Creating prefix chain script '/simulation/ros2_sim_ws/install/setup.bash'
[1.357s] INFO:colcon.colcon_core.shell:Creating prefix script '/simulation/ros2_sim_ws/install/local_setup.zsh'
[1.359s] INFO:colcon.colcon_core.shell:Creating prefix chain script '/simulation/ros2_sim_ws/install/setup.zsh'
