[0.053s] Invoking command in '/simulation/ros2_sim_ws/build/learning_package': CMAKE_PREFIX_PATH=${CMAKE_PREFIX_PATH}:/opt/ros/humble /usr/bin/cmake --build /simulation/ros2_sim_ws/build/learning_package -- -j8 -l8
[0.135s] Invoked command in '/simulation/ros2_sim_ws/build/learning_package' returned '0': CMAKE_PREFIX_PATH=${CMAKE_PREFIX_PATH}:/opt/ros/humble /usr/bin/cmake --build /simulation/ros2_sim_ws/build/learning_package -- -j8 -l8
[0.201s] Invoking command in '/simulation/ros2_sim_ws/build/learning_package': CMAKE_PREFIX_PATH=${CMAKE_PREFIX_PATH}:/opt/ros/humble /usr/bin/cmake --install /simulation/ros2_sim_ws/build/learning_package
[0.218s] -- Install configuration: ""
[0.219s] -- Execute custom install script
[0.220s] -- Up-to-date symlink: /simulation/ros2_sim_ws/install/learning_package/share/learning_package/launch/listener.launch.py
[0.220s] -- Up-to-date symlink: /simulation/ros2_sim_ws/install/learning_package/share/learning_package/launch/robot_sim.launch.py
[0.220s] -- Up-to-date symlink: /simulation/ros2_sim_ws/install/learning_package/share/learning_package/launch/robot_urdf.launch.py
[0.221s] -- Up-to-date symlink: /simulation/ros2_sim_ws/install/learning_package/share/learning_package/launch/talker.launch.py
[0.222s] -- Up-to-date symlink: /simulation/ros2_sim_ws/install/learning_package/share/learning_package/description/example_gazebo.xacro
[0.222s] -- Up-to-date symlink: /simulation/ros2_sim_ws/install/learning_package/share/learning_package/description/example_include.xacro
[0.222s] -- Up-to-date symlink: /simulation/ros2_sim_ws/install/learning_package/share/learning_package/description/example_robot.urdf.xacro
[0.223s] -- Up-to-date symlink: /simulation/ros2_sim_ws/install/learning_package/share/ament_index/resource_index/package_run_dependencies/learning_package
[0.223s] -- Up-to-date symlink: /simulation/ros2_sim_ws/install/learning_package/share/ament_index/resource_index/parent_prefix_path/learning_package
[0.224s] -- Up-to-date symlink: /simulation/ros2_sim_ws/install/learning_package/share/learning_package/environment/ament_prefix_path.sh
[0.224s] -- Up-to-date symlink: /simulation/ros2_sim_ws/install/learning_package/share/learning_package/environment/ament_prefix_path.dsv
[0.225s] -- Up-to-date symlink: /simulation/ros2_sim_ws/install/learning_package/share/learning_package/environment/path.sh
[0.225s] -- Up-to-date symlink: /simulation/ros2_sim_ws/install/learning_package/share/learning_package/environment/path.dsv
[0.226s] -- Up-to-date symlink: /simulation/ros2_sim_ws/install/learning_package/share/learning_package/local_setup.bash
[0.226s] -- Up-to-date symlink: /simulation/ros2_sim_ws/install/learning_package/share/learning_package/local_setup.sh
[0.226s] -- Up-to-date symlink: /simulation/ros2_sim_ws/install/learning_package/share/learning_package/local_setup.zsh
[0.227s] -- Up-to-date symlink: /simulation/ros2_sim_ws/install/learning_package/share/learning_package/local_setup.dsv
[0.228s] -- Symlinking: /simulation/ros2_sim_ws/install/learning_package/share/learning_package/package.dsv
[0.249s] -- Up-to-date symlink: /simulation/ros2_sim_ws/install/learning_package/share/ament_index/resource_index/packages/learning_package
[0.249s] -- Up-to-date symlink: /simulation/ros2_sim_ws/install/learning_package/share/learning_package/cmake/learning_packageConfig.cmake
[0.250s] -- Up-to-date symlink: /simulation/ros2_sim_ws/install/learning_package/share/learning_package/cmake/learning_packageConfig-version.cmake
[0.250s] -- Up-to-date symlink: /simulation/ros2_sim_ws/install/learning_package/share/learning_package/package.xml
[0.255s] Invoked command in '/simulation/ros2_sim_ws/build/learning_package' returned '0': CMAKE_PREFIX_PATH=${CMAKE_PREFIX_PATH}:/opt/ros/humble /usr/bin/cmake --install /simulation/ros2_sim_ws/build/learning_package
