[0.012s] Invoking command in '/simulation/build/robot_pkg': CMAKE_PREFIX_PATH=${CMAKE_PREFIX_PATH}:/opt/ros/humble /usr/bin/cmake --build /simulation/build/robot_pkg -- -j12 -l12
[0.046s] Invoked command in '/simulation/build/robot_pkg' returned '0': CMAKE_PREFIX_PATH=${CMAKE_PREFIX_PATH}:/opt/ros/humble /usr/bin/cmake --build /simulation/build/robot_pkg -- -j12 -l12
[0.048s] Invoking command in '/simulation/build/robot_pkg': CMAKE_PREFIX_PATH=${CMAKE_PREFIX_PATH}:/opt/ros/humble /usr/bin/cmake --install /simulation/build/robot_pkg
[0.053s] -- Install configuration: ""
[0.053s] -- Execute custom install script
[0.054s] -- Up-to-date symlink: /simulation/install/robot_pkg/share/robot_pkg/launch/joystick.launch.py
[0.054s] -- Up-to-date symlink: /simulation/install/robot_pkg/share/robot_pkg/launch/launch_sim.launch.py
[0.054s] -- Up-to-date symlink: /simulation/install/robot_pkg/share/robot_pkg/launch/robot_urdf.launch.py
[0.054s] -- Up-to-date symlink: /simulation/install/robot_pkg/share/robot_pkg/description/gazebo_control.xacro
[0.054s] -- Up-to-date symlink: /simulation/install/robot_pkg/share/robot_pkg/description/inertial_macros.xacro
[0.054s] -- Up-to-date symlink: /simulation/install/robot_pkg/share/robot_pkg/description/lidar.xacro
[0.054s] -- Up-to-date symlink: /simulation/install/robot_pkg/share/robot_pkg/description/robot.urdf.xacro
[0.055s] -- Up-to-date symlink: /simulation/install/robot_pkg/share/robot_pkg/description/robot_core.xacro
[0.055s] -- Up-to-date symlink: /simulation/install/robot_pkg/share/robot_pkg/config/joystick.yaml
[0.055s] -- Up-to-date symlink: /simulation/install/robot_pkg/share/robot_pkg/config/robot_sim.rviz
[0.055s] -- Up-to-date symlink: /simulation/install/robot_pkg/share/robot_pkg/config/twist_mux.yaml
[0.055s] -- Up-to-date symlink: /simulation/install/robot_pkg/share/ament_index/resource_index/package_run_dependencies/robot_pkg
[0.055s] -- Up-to-date symlink: /simulation/install/robot_pkg/share/ament_index/resource_index/parent_prefix_path/robot_pkg
[0.055s] -- Up-to-date symlink: /simulation/install/robot_pkg/share/robot_pkg/environment/ament_prefix_path.sh
[0.055s] -- Up-to-date symlink: /simulation/install/robot_pkg/share/robot_pkg/environment/ament_prefix_path.dsv
[0.055s] -- Up-to-date symlink: /simulation/install/robot_pkg/share/robot_pkg/environment/path.sh
[0.055s] -- Up-to-date symlink: /simulation/install/robot_pkg/share/robot_pkg/environment/path.dsv
[0.055s] -- Up-to-date symlink: /simulation/install/robot_pkg/share/robot_pkg/local_setup.bash
[0.055s] -- Up-to-date symlink: /simulation/install/robot_pkg/share/robot_pkg/local_setup.sh
[0.056s] -- Up-to-date symlink: /simulation/install/robot_pkg/share/robot_pkg/local_setup.zsh
[0.056s] -- Up-to-date symlink: /simulation/install/robot_pkg/share/robot_pkg/local_setup.dsv
[0.056s] -- Symlinking: /simulation/install/robot_pkg/share/robot_pkg/package.dsv
[0.065s] -- Up-to-date symlink: /simulation/install/robot_pkg/share/ament_index/resource_index/packages/robot_pkg
[0.065s] -- Up-to-date symlink: /simulation/install/robot_pkg/share/robot_pkg/cmake/robot_pkgConfig.cmake
[0.065s] -- Up-to-date symlink: /simulation/install/robot_pkg/share/robot_pkg/cmake/robot_pkgConfig-version.cmake
[0.065s] -- Up-to-date symlink: /simulation/install/robot_pkg/share/robot_pkg/package.xml
[0.080s] Invoked command in '/simulation/build/robot_pkg' returned '0': CMAKE_PREFIX_PATH=${CMAKE_PREFIX_PATH}:/opt/ros/humble /usr/bin/cmake --install /simulation/build/robot_pkg
