-- The C compiler identification is GNU 11.4.0
-- The CXX compiler identification is GNU 11.4.0
-- Detecting C compiler ABI info
-- Detecting C compiler ABI info - done
-- Check for working C compiler: /usr/bin/cc - skipped
-- Detecting C compile features
-- Detecting C compile features - done
-- Detecting CXX compiler ABI info
-- Detecting CXX compiler ABI info - done
-- Check for working CXX compiler: /usr/bin/c++ - skipped
-- Detecting CXX compile features
-- Detecting CXX compile features - done
-- Found ament_cmake: 1.3.11 (/opt/ros/humble/share/ament_cmake/cmake)
-- Found Python3: /usr/bin/python3 (found version "3.10.12") found components: Interpreter 
-- Override CMake install command with custom implementation using symlinks instead of copying resources
-- Found ament_lint_auto: 0.12.11 (/opt/ros/humble/share/ament_lint_auto/cmake)
-- Added test 'flake8' to check Python code syntax and style conventions
-- Added test 'lint_cmake' to check CMake code style
-- Added test 'pep257' to check Python code against some of the docstring style conventions in PEP 257
-- Added test 'xmllint' to check XML markup files
-- Configuring done
-- Generating done
-- Build files have been written to: /simulation/build/robot_pkg
-- Install configuration: ""
-- Execute custom install script
-- Symlinking: /simulation/install/robot_pkg/share/robot_pkg/launch/launch_sim.launch.py
-- Symlinking: /simulation/install/robot_pkg/share/robot_pkg/launch/robot_urdf.launch.py
-- Symlinking: /simulation/install/robot_pkg/share/robot_pkg/description/gazebo_control.xacro
-- Symlinking: /simulation/install/robot_pkg/share/robot_pkg/description/inertial_macros.xacro
-- Symlinking: /simulation/install/robot_pkg/share/robot_pkg/description/robot.urdf.xacro
-- Symlinking: /simulation/install/robot_pkg/share/robot_pkg/description/robot_core.xacro
-- Symlinking: /simulation/install/robot_pkg/share/robot_pkg/config/robot_sim.rviz
-- Symlinking: /simulation/install/robot_pkg/share/ament_index/resource_index/package_run_dependencies/robot_pkg
-- Symlinking: /simulation/install/robot_pkg/share/ament_index/resource_index/parent_prefix_path/robot_pkg
-- Symlinking: /simulation/install/robot_pkg/share/robot_pkg/environment/ament_prefix_path.sh
-- Symlinking: /simulation/install/robot_pkg/share/robot_pkg/environment/ament_prefix_path.dsv
-- Symlinking: /simulation/install/robot_pkg/share/robot_pkg/environment/path.sh
-- Symlinking: /simulation/install/robot_pkg/share/robot_pkg/environment/path.dsv
-- Symlinking: /simulation/install/robot_pkg/share/robot_pkg/local_setup.bash
-- Symlinking: /simulation/install/robot_pkg/share/robot_pkg/local_setup.sh
-- Symlinking: /simulation/install/robot_pkg/share/robot_pkg/local_setup.zsh
-- Symlinking: /simulation/install/robot_pkg/share/robot_pkg/local_setup.dsv
-- Symlinking: /simulation/install/robot_pkg/share/robot_pkg/package.dsv
-- Symlinking: /simulation/install/robot_pkg/share/ament_index/resource_index/packages/robot_pkg
-- Symlinking: /simulation/install/robot_pkg/share/robot_pkg/cmake/robot_pkgConfig.cmake
-- Symlinking: /simulation/install/robot_pkg/share/robot_pkg/cmake/robot_pkgConfig-version.cmake
-- Symlinking: /simulation/install/robot_pkg/share/robot_pkg/package.xml
