[0.020s] Invoking command in '/simulation/build/robot_pkg': CMAKE_PREFIX_PATH=/opt/ros/humble /usr/bin/cmake /simulation/ros2_sim_ws/src/robot_pkg -DAMENT_CMAKE_SYMLINK_INSTALL=1 -DCMAKE_INSTALL_PREFIX=/simulation/install/robot_pkg
[0.075s] -- The C compiler identification is GNU 11.4.0
[0.143s] -- The CXX compiler identification is GNU 11.4.0
[0.150s] -- Detecting C compiler ABI info
[0.227s] -- Detecting C compiler ABI info - done
[0.236s] -- Check for working C compiler: /usr/bin/cc - skipped
[0.236s] -- Detecting C compile features
[0.236s] -- Detecting C compile features - done
[0.240s] -- Detecting CXX compiler ABI info
[0.316s] -- Detecting CXX compiler ABI info - done
[0.331s] -- Check for working CXX compiler: /usr/bin/c++ - skipped
[0.331s] -- Detecting CXX compile features
[0.332s] -- Detecting CXX compile features - done
[0.336s] -- Found ament_cmake: 1.3.11 (/opt/ros/humble/share/ament_cmake/cmake)
[0.473s] -- Found Python3: /usr/bin/python3 (found version "3.10.12") found components: Interpreter 
[0.539s] -- Override CMake install command with custom implementation using symlinks instead of copying resources
[0.591s] -- Found ament_lint_auto: 0.12.11 (/opt/ros/humble/share/ament_lint_auto/cmake)
[0.725s] -- Added test 'flake8' to check Python code syntax and style conventions
[0.726s] -- Added test 'lint_cmake' to check CMake code style
[0.726s] -- Added test 'pep257' to check Python code against some of the docstring style conventions in PEP 257
[0.728s] -- Added test 'xmllint' to check XML markup files
[0.730s] -- Configuring done
[0.733s] -- Generating done
[0.735s] -- Build files have been written to: /simulation/build/robot_pkg
[0.739s] Invoked command in '/simulation/build/robot_pkg' returned '0': CMAKE_PREFIX_PATH=/opt/ros/humble /usr/bin/cmake /simulation/ros2_sim_ws/src/robot_pkg -DAMENT_CMAKE_SYMLINK_INSTALL=1 -DCMAKE_INSTALL_PREFIX=/simulation/install/robot_pkg
[0.742s] Invoking command in '/simulation/build/robot_pkg': CMAKE_PREFIX_PATH=/opt/ros/humble /usr/bin/cmake --build /simulation/build/robot_pkg -- -j12 -l12
[0.791s] Invoked command in '/simulation/build/robot_pkg' returned '0': CMAKE_PREFIX_PATH=/opt/ros/humble /usr/bin/cmake --build /simulation/build/robot_pkg -- -j12 -l12
[0.793s] Invoking command in '/simulation/build/robot_pkg': CMAKE_PREFIX_PATH=/opt/ros/humble /usr/bin/cmake --install /simulation/build/robot_pkg
[0.800s] -- Install configuration: ""
[0.801s] -- Execute custom install script
[0.801s] -- Symlinking: /simulation/install/robot_pkg/share/robot_pkg/launch/launch_sim.launch.py
[0.809s] -- Symlinking: /simulation/install/robot_pkg/share/robot_pkg/launch/robot_urdf.launch.py
[0.820s] -- Symlinking: /simulation/install/robot_pkg/share/robot_pkg/description/gazebo_control.xacro
[0.830s] -- Symlinking: /simulation/install/robot_pkg/share/robot_pkg/description/inertial_macros.xacro
[0.841s] -- Symlinking: /simulation/install/robot_pkg/share/robot_pkg/description/robot.urdf.xacro
[0.851s] -- Symlinking: /simulation/install/robot_pkg/share/robot_pkg/description/robot_core.xacro
[0.861s] -- Symlinking: /simulation/install/robot_pkg/share/robot_pkg/config/robot_sim.rviz
[0.868s] -- Symlinking: /simulation/install/robot_pkg/share/ament_index/resource_index/package_run_dependencies/robot_pkg
[0.876s] -- Symlinking: /simulation/install/robot_pkg/share/ament_index/resource_index/parent_prefix_path/robot_pkg
[0.884s] -- Symlinking: /simulation/install/robot_pkg/share/robot_pkg/environment/ament_prefix_path.sh
[0.891s] -- Symlinking: /simulation/install/robot_pkg/share/robot_pkg/environment/ament_prefix_path.dsv
[0.898s] -- Symlinking: /simulation/install/robot_pkg/share/robot_pkg/environment/path.sh
[0.908s] -- Symlinking: /simulation/install/robot_pkg/share/robot_pkg/environment/path.dsv
[0.917s] -- Symlinking: /simulation/install/robot_pkg/share/robot_pkg/local_setup.bash
[0.926s] -- Symlinking: /simulation/install/robot_pkg/share/robot_pkg/local_setup.sh
[0.934s] -- Symlinking: /simulation/install/robot_pkg/share/robot_pkg/local_setup.zsh
[0.944s] -- Symlinking: /simulation/install/robot_pkg/share/robot_pkg/local_setup.dsv
[0.954s] -- Symlinking: /simulation/install/robot_pkg/share/robot_pkg/package.dsv
[0.962s] -- Symlinking: /simulation/install/robot_pkg/share/ament_index/resource_index/packages/robot_pkg
[0.970s] -- Symlinking: /simulation/install/robot_pkg/share/robot_pkg/cmake/robot_pkgConfig.cmake
[0.981s] -- Symlinking: /simulation/install/robot_pkg/share/robot_pkg/cmake/robot_pkgConfig-version.cmake
[0.992s] -- Symlinking: /simulation/install/robot_pkg/share/robot_pkg/package.xml
[1.004s] Invoked command in '/simulation/build/robot_pkg' returned '0': CMAKE_PREFIX_PATH=/opt/ros/humble /usr/bin/cmake --install /simulation/build/robot_pkg
