[0.039s] Invoking command in '/simulation/ros2_sim_ws/build/slam_pkg': CMAKE_PREFIX_PATH=/opt/ros/humble /usr/bin/cmake --build /simulation/ros2_sim_ws/build/slam_pkg -- -j8 -l8
[0.129s] Invoked command in '/simulation/ros2_sim_ws/build/slam_pkg' returned '0': CMAKE_PREFIX_PATH=/opt/ros/humble /usr/bin/cmake --build /simulation/ros2_sim_ws/build/slam_pkg -- -j8 -l8
[0.199s] Invoking command in '/simulation/ros2_sim_ws/build/slam_pkg': CMAKE_PREFIX_PATH=/opt/ros/humble /usr/bin/cmake --install /simulation/ros2_sim_ws/build/slam_pkg
[0.217s] -- Install configuration: ""
[0.218s] -- Execute custom install script
[0.219s] -- Up-to-date symlink: /simulation/ros2_sim_ws/install/slam_pkg/share/ament_index/resource_index/package_run_dependencies/slam_pkg
[0.219s] -- Up-to-date symlink: /simulation/ros2_sim_ws/install/slam_pkg/share/ament_index/resource_index/parent_prefix_path/slam_pkg
[0.220s] -- Up-to-date symlink: /simulation/ros2_sim_ws/install/slam_pkg/share/slam_pkg/environment/ament_prefix_path.sh
[0.221s] -- Up-to-date symlink: /simulation/ros2_sim_ws/install/slam_pkg/share/slam_pkg/environment/ament_prefix_path.dsv
[0.221s] -- Up-to-date symlink: /simulation/ros2_sim_ws/install/slam_pkg/share/slam_pkg/environment/path.sh
[0.222s] -- Up-to-date symlink: /simulation/ros2_sim_ws/install/slam_pkg/share/slam_pkg/environment/path.dsv
[0.222s] -- Up-to-date symlink: /simulation/ros2_sim_ws/install/slam_pkg/share/slam_pkg/local_setup.bash
[0.222s] -- Up-to-date symlink: /simulation/ros2_sim_ws/install/slam_pkg/share/slam_pkg/local_setup.sh
[0.223s] -- Up-to-date symlink: /simulation/ros2_sim_ws/install/slam_pkg/share/slam_pkg/local_setup.zsh
[0.223s] -- Up-to-date symlink: /simulation/ros2_sim_ws/install/slam_pkg/share/slam_pkg/local_setup.dsv
[0.223s] -- Symlinking: /simulation/ros2_sim_ws/install/slam_pkg/share/slam_pkg/package.dsv
[0.249s] -- Up-to-date symlink: /simulation/ros2_sim_ws/install/slam_pkg/share/ament_index/resource_index/packages/slam_pkg
[0.250s] -- Up-to-date symlink: /simulation/ros2_sim_ws/install/slam_pkg/share/slam_pkg/cmake/slam_pkgConfig.cmake
[0.250s] -- Up-to-date symlink: /simulation/ros2_sim_ws/install/slam_pkg/share/slam_pkg/cmake/slam_pkgConfig-version.cmake
[0.252s] -- Up-to-date symlink: /simulation/ros2_sim_ws/install/slam_pkg/share/slam_pkg/package.xml
[0.301s] Invoked command in '/simulation/ros2_sim_ws/build/slam_pkg' returned '0': CMAKE_PREFIX_PATH=/opt/ros/humble /usr/bin/cmake --install /simulation/ros2_sim_ws/build/slam_pkg
