[0.019s] Invoking command in '/simulation/ros2_sim_ws/build/slam_pkg': CMAKE_PREFIX_PATH=${CMAKE_PREFIX_PATH}:/opt/ros/humble /usr/bin/cmake --build /simulation/ros2_sim_ws/build/slam_pkg -- -j8 -l8
[0.051s] Invoked command in '/simulation/ros2_sim_ws/build/slam_pkg' returned '0': CMAKE_PREFIX_PATH=${CMAKE_PREFIX_PATH}:/opt/ros/humble /usr/bin/cmake --build /simulation/ros2_sim_ws/build/slam_pkg -- -j8 -l8
[0.071s] Invoking command in '/simulation/ros2_sim_ws/build/slam_pkg': CMAKE_PREFIX_PATH=${CMAKE_PREFIX_PATH}:/opt/ros/humble /usr/bin/cmake --install /simulation/ros2_sim_ws/build/slam_pkg
[0.077s] -- Install configuration: ""
[0.078s] -- Execute custom install script
[0.078s] -- Up-to-date symlink: /simulation/ros2_sim_ws/install/slam_pkg/share/ament_index/resource_index/package_run_dependencies/slam_pkg
[0.078s] -- Up-to-date symlink: /simulation/ros2_sim_ws/install/slam_pkg/share/ament_index/resource_index/parent_prefix_path/slam_pkg
[0.079s] -- Up-to-date symlink: /simulation/ros2_sim_ws/install/slam_pkg/share/slam_pkg/environment/ament_prefix_path.sh
[0.079s] -- Up-to-date symlink: /simulation/ros2_sim_ws/install/slam_pkg/share/slam_pkg/environment/ament_prefix_path.dsv
[0.079s] -- Up-to-date symlink: /simulation/ros2_sim_ws/install/slam_pkg/share/slam_pkg/environment/path.sh
[0.080s] -- Up-to-date symlink: /simulation/ros2_sim_ws/install/slam_pkg/share/slam_pkg/environment/path.dsv
[0.080s] -- Up-to-date symlink: /simulation/ros2_sim_ws/install/slam_pkg/share/slam_pkg/local_setup.bash
[0.080s] -- Up-to-date symlink: /simulation/ros2_sim_ws/install/slam_pkg/share/slam_pkg/local_setup.sh
[0.080s] -- Up-to-date symlink: /simulation/ros2_sim_ws/install/slam_pkg/share/slam_pkg/local_setup.zsh
[0.080s] -- Up-to-date symlink: /simulation/ros2_sim_ws/install/slam_pkg/share/slam_pkg/local_setup.dsv
[0.080s] -- Symlinking: /simulation/ros2_sim_ws/install/slam_pkg/share/slam_pkg/package.dsv
[0.090s] -- Up-to-date symlink: /simulation/ros2_sim_ws/install/slam_pkg/share/ament_index/resource_index/packages/slam_pkg
[0.090s] -- Up-to-date symlink: /simulation/ros2_sim_ws/install/slam_pkg/share/slam_pkg/cmake/slam_pkgConfig.cmake
[0.090s] -- Up-to-date symlink: /simulation/ros2_sim_ws/install/slam_pkg/share/slam_pkg/cmake/slam_pkgConfig-version.cmake
[0.090s] -- Up-to-date symlink: /simulation/ros2_sim_ws/install/slam_pkg/share/slam_pkg/package.xml
[0.108s] Invoked command in '/simulation/ros2_sim_ws/build/slam_pkg' returned '0': CMAKE_PREFIX_PATH=${CMAKE_PREFIX_PATH}:/opt/ros/humble /usr/bin/cmake --install /simulation/ros2_sim_ws/build/slam_pkg
