[0.024s] Invoking command in '/simulation/build/slam_pkg': CMAKE_PREFIX_PATH=${CMAKE_PREFIX_PATH}:/opt/ros/humble /usr/bin/cmake /simulation/ros2_sim_ws/src/slam_pkg -DCMAKE_INSTALL_PREFIX=/simulation/install/slam_pkg
[0.046s] -- Found ament_cmake: 1.3.11 (/opt/ros/humble/share/ament_cmake/cmake)
[0.179s] -- Override CMake install command with custom implementation using symlinks instead of copying resources
[0.195s] -- Found ament_lint_auto: 0.12.11 (/opt/ros/humble/share/ament_lint_auto/cmake)
[0.272s] -- Added test 'lint_cmake' to check CMake code style
[0.272s] -- Added test 'xmllint' to check XML markup files
[0.274s] -- Configuring done
[0.277s] -- Generating done
[0.278s] -- Build files have been written to: /simulation/build/slam_pkg
[0.281s] Invoked command in '/simulation/build/slam_pkg' returned '0': CMAKE_PREFIX_PATH=${CMAKE_PREFIX_PATH}:/opt/ros/humble /usr/bin/cmake /simulation/ros2_sim_ws/src/slam_pkg -DCMAKE_INSTALL_PREFIX=/simulation/install/slam_pkg
[0.284s] Invoking command in '/simulation/build/slam_pkg': CMAKE_PREFIX_PATH=${CMAKE_PREFIX_PATH}:/opt/ros/humble /usr/bin/cmake --build /simulation/build/slam_pkg -- -j12 -l12
[0.323s] Invoked command in '/simulation/build/slam_pkg' returned '0': CMAKE_PREFIX_PATH=${CMAKE_PREFIX_PATH}:/opt/ros/humble /usr/bin/cmake --build /simulation/build/slam_pkg -- -j12 -l12
[0.333s] Invoking command in '/simulation/build/slam_pkg': CMAKE_PREFIX_PATH=${CMAKE_PREFIX_PATH}:/opt/ros/humble /usr/bin/cmake --install /simulation/build/slam_pkg
[0.343s] -- Install configuration: ""
[0.344s] -- Execute custom install script
[0.345s] -- Up-to-date symlink: /simulation/install/slam_pkg/share/ament_index/resource_index/package_run_dependencies/slam_pkg
[0.345s] -- Up-to-date symlink: /simulation/install/slam_pkg/share/ament_index/resource_index/parent_prefix_path/slam_pkg
[0.346s] -- Up-to-date symlink: /simulation/install/slam_pkg/share/slam_pkg/environment/ament_prefix_path.sh
[0.346s] -- Up-to-date symlink: /simulation/install/slam_pkg/share/slam_pkg/environment/ament_prefix_path.dsv
[0.346s] -- Up-to-date symlink: /simulation/install/slam_pkg/share/slam_pkg/environment/path.sh
[0.346s] -- Up-to-date symlink: /simulation/install/slam_pkg/share/slam_pkg/environment/path.dsv
[0.346s] -- Up-to-date symlink: /simulation/install/slam_pkg/share/slam_pkg/local_setup.bash
[0.347s] -- Up-to-date symlink: /simulation/install/slam_pkg/share/slam_pkg/local_setup.sh
[0.347s] -- Up-to-date symlink: /simulation/install/slam_pkg/share/slam_pkg/local_setup.zsh
[0.347s] -- Up-to-date symlink: /simulation/install/slam_pkg/share/slam_pkg/local_setup.dsv
[0.347s] -- Symlinking: /simulation/install/slam_pkg/share/slam_pkg/package.dsv
[0.355s] -- Up-to-date symlink: /simulation/install/slam_pkg/share/ament_index/resource_index/packages/slam_pkg
[0.355s] -- Up-to-date symlink: /simulation/install/slam_pkg/share/slam_pkg/cmake/slam_pkgConfig.cmake
[0.355s] -- Up-to-date symlink: /simulation/install/slam_pkg/share/slam_pkg/cmake/slam_pkgConfig-version.cmake
[0.355s] -- Up-to-date symlink: /simulation/install/slam_pkg/share/slam_pkg/package.xml
[0.381s] Invoked command in '/simulation/build/slam_pkg' returned '0': CMAKE_PREFIX_PATH=${CMAKE_PREFIX_PATH}:/opt/ros/humble /usr/bin/cmake --install /simulation/build/slam_pkg
