[0.018s] Invoking command in '/simulation/build/robot_pkg': CMAKE_PREFIX_PATH=/opt/ros/humble /usr/bin/cmake /simulation/ros2_sim_ws/src/robot_pkg -DAMENT_CMAKE_SYMLINK_INSTALL=1 -DCMAKE_INSTALL_PREFIX=/simulation/install/robot_pkg
[0.096s] -- The C compiler identification is GNU 11.4.0
[0.162s] -- The CXX compiler identification is GNU 11.4.0
[0.167s] -- Detecting C compiler ABI info
[0.212s] -- Detecting C compiler ABI info - done
[0.217s] -- Check for working C compiler: /usr/bin/cc - skipped
[0.217s] -- Detecting C compile features
[0.218s] -- Detecting C compile features - done
[0.221s] -- Detecting CXX compiler ABI info
[0.274s] -- Detecting CXX compiler ABI info - done
[0.279s] -- Check for working CXX compiler: /usr/bin/c++ - skipped
[0.279s] -- Detecting CXX compile features
[0.279s] -- Detecting CXX compile features - done
[0.285s] -- Found ament_cmake: 1.3.11 (/opt/ros/humble/share/ament_cmake/cmake)
[0.389s] -- Found Python3: /usr/bin/python3 (found version "3.10.12") found components: Interpreter 
[0.455s] -- Override CMake install command with custom implementation using symlinks instead of copying resources
[0.494s] -- Found ament_lint_auto: 0.12.11 (/opt/ros/humble/share/ament_lint_auto/cmake)
[0.553s] -- Added test 'flake8' to check Python code syntax and style conventions
[0.554s] -- Added test 'lint_cmake' to check CMake code style
[0.554s] -- Added test 'pep257' to check Python code against some of the docstring style conventions in PEP 257
[0.555s] -- Added test 'xmllint' to check XML markup files
[0.556s] -- Configuring done
[0.557s] -- Generating done
[0.558s] -- Build files have been written to: /simulation/build/robot_pkg
[0.561s] Invoked command in '/simulation/build/robot_pkg' returned '0': CMAKE_PREFIX_PATH=/opt/ros/humble /usr/bin/cmake /simulation/ros2_sim_ws/src/robot_pkg -DAMENT_CMAKE_SYMLINK_INSTALL=1 -DCMAKE_INSTALL_PREFIX=/simulation/install/robot_pkg
[0.562s] Invoking command in '/simulation/build/robot_pkg': CMAKE_PREFIX_PATH=/opt/ros/humble /usr/bin/cmake --build /simulation/build/robot_pkg -- -j12 -l12
[0.598s] Invoked command in '/simulation/build/robot_pkg' returned '0': CMAKE_PREFIX_PATH=/opt/ros/humble /usr/bin/cmake --build /simulation/build/robot_pkg -- -j12 -l12
[0.600s] Invoking command in '/simulation/build/robot_pkg': CMAKE_PREFIX_PATH=/opt/ros/humble /usr/bin/cmake --install /simulation/build/robot_pkg
[0.604s] -- Install configuration: ""
[0.605s] -- Execute custom install script
[0.605s] -- Symlinking: /simulation/install/robot_pkg/share/robot_pkg/launch/launch_sim.launch.py
[0.611s] -- Symlinking: /simulation/install/robot_pkg/share/robot_pkg/launch/robot_urdf.launch.py
[0.617s] -- Symlinking: /simulation/install/robot_pkg/share/robot_pkg/description/gazebo_control.xacro
[0.624s] -- Symlinking: /simulation/install/robot_pkg/share/robot_pkg/description/inertial_macros.xacro
[0.629s] -- Symlinking: /simulation/install/robot_pkg/share/robot_pkg/description/lidar.xacro
[0.635s] -- Symlinking: /simulation/install/robot_pkg/share/robot_pkg/description/robot.urdf.xacro
[0.642s] -- Symlinking: /simulation/install/robot_pkg/share/robot_pkg/description/robot_core.xacro
[0.648s] -- Symlinking: /simulation/install/robot_pkg/share/robot_pkg/config/robot_sim.rviz
[0.654s] -- Symlinking: /simulation/install/robot_pkg/share/ament_index/resource_index/package_run_dependencies/robot_pkg
[0.661s] -- Symlinking: /simulation/install/robot_pkg/share/ament_index/resource_index/parent_prefix_path/robot_pkg
[0.667s] -- Symlinking: /simulation/install/robot_pkg/share/robot_pkg/environment/ament_prefix_path.sh
[0.674s] -- Symlinking: /simulation/install/robot_pkg/share/robot_pkg/environment/ament_prefix_path.dsv
[0.681s] -- Symlinking: /simulation/install/robot_pkg/share/robot_pkg/environment/path.sh
[0.687s] -- Symlinking: /simulation/install/robot_pkg/share/robot_pkg/environment/path.dsv
[0.692s] -- Symlinking: /simulation/install/robot_pkg/share/robot_pkg/local_setup.bash
[0.697s] -- Symlinking: /simulation/install/robot_pkg/share/robot_pkg/local_setup.sh
[0.704s] -- Symlinking: /simulation/install/robot_pkg/share/robot_pkg/local_setup.zsh
[0.713s] -- Symlinking: /simulation/install/robot_pkg/share/robot_pkg/local_setup.dsv
[0.720s] -- Symlinking: /simulation/install/robot_pkg/share/robot_pkg/package.dsv
[0.726s] -- Symlinking: /simulation/install/robot_pkg/share/ament_index/resource_index/packages/robot_pkg
[0.732s] -- Symlinking: /simulation/install/robot_pkg/share/robot_pkg/cmake/robot_pkgConfig.cmake
[0.740s] -- Symlinking: /simulation/install/robot_pkg/share/robot_pkg/cmake/robot_pkgConfig-version.cmake
[0.749s] -- Symlinking: /simulation/install/robot_pkg/share/robot_pkg/package.xml
[0.757s] Invoked command in '/simulation/build/robot_pkg' returned '0': CMAKE_PREFIX_PATH=/opt/ros/humble /usr/bin/cmake --install /simulation/build/robot_pkg
