[0.194s] DEBUG:colcon:Command line arguments: ['/usr/bin/colcon', 'build']
[0.194s] DEBUG:colcon:Parsed command line arguments: Namespace(log_base=None, log_level=None, verb_name='build', build_base='build', install_base='install', merge_install=False, symlink_install=False, test_result_base=None, continue_on_error=False, executor='parallel', parallel_workers=8, event_handlers=None, ignore_user_meta=False, metas=['./colcon.meta'], base_paths=['.'], packages_ignore=None, packages_ignore_regex=None, paths=None, packages_up_to=None, packages_up_to_regex=None, packages_above=None, packages_above_and_dependencies=None, packages_above_depth=None, packages_select_by_dep=None, packages_skip_by_dep=None, packages_skip_up_to=None, packages_select_build_failed=False, packages_skip_build_finished=False, packages_select_test_failures=False, packages_skip_test_passed=False, packages_select=None, packages_skip=None, packages_select_regex=None, packages_skip_regex=None, packages_start=None, packages_end=None, cmake_args=None, cmake_target=None, cmake_target_skip_unavailable=False, cmake_clean_cache=False, cmake_clean_first=False, cmake_force_configure=False, ament_cmake_args=None, catkin_cmake_args=None, catkin_skip_building_tests=False, mixin_files=None, mixin=None, verb_parser=<colcon_mixin.mixin.mixin_argument.MixinArgumentDecorator object at 0x7381f8c0ead0>, verb_extension=<colcon_core.verb.build.BuildVerb object at 0x7381f8d4b220>, main=<bound method BuildVerb.main of <colcon_core.verb.build.BuildVerb object at 0x7381f8d4b220>>, mixin_verb=('build',))
[0.419s] Level 1:colcon.colcon_core.package_discovery:discover_packages(colcon_meta) check parameters
[0.419s] Level 1:colcon.colcon_core.package_discovery:discover_packages(recursive) check parameters
[0.420s] Level 1:colcon.colcon_core.package_discovery:discover_packages(ignore) check parameters
[0.420s] Level 1:colcon.colcon_core.package_discovery:discover_packages(path) check parameters
[0.420s] Level 1:colcon.colcon_core.package_discovery:discover_packages(colcon_meta) discover
[0.420s] Level 1:colcon.colcon_core.package_discovery:discover_packages(recursive) discover
[0.420s] INFO:colcon.colcon_core.package_discovery:Crawling recursively for packages in '/simulation/ros2_sim_ws'
[0.420s] Level 1:colcon.colcon_core.package_identification:_identify(.) by extensions ['ignore', 'ignore_ament_install']
[0.420s] Level 1:colcon.colcon_core.package_identification:_identify(.) by extension 'ignore'
[0.420s] Level 1:colcon.colcon_core.package_identification:_identify(.) by extension 'ignore_ament_install'
[0.420s] Level 1:colcon.colcon_core.package_identification:_identify(.) by extensions ['colcon_pkg']
[0.420s] Level 1:colcon.colcon_core.package_identification:_identify(.) by extension 'colcon_pkg'
[0.421s] Level 1:colcon.colcon_core.package_identification:_identify(.) by extensions ['colcon_meta']
[0.421s] Level 1:colcon.colcon_core.package_identification:_identify(.) by extension 'colcon_meta'
[0.421s] Level 1:colcon.colcon_core.package_identification:_identify(.) by extensions ['ros']
[0.421s] Level 1:colcon.colcon_core.package_identification:_identify(.) by extension 'ros'
[0.442s] Level 1:colcon.colcon_core.package_identification:_identify(.) by extensions ['cmake', 'python']
[0.442s] Level 1:colcon.colcon_core.package_identification:_identify(.) by extension 'cmake'
[0.442s] Level 1:colcon.colcon_core.package_identification:_identify(.) by extension 'python'
[0.442s] Level 1:colcon.colcon_core.package_identification:_identify(.) by extensions ['python_setup_py']
[0.442s] Level 1:colcon.colcon_core.package_identification:_identify(.) by extension 'python_setup_py'
[0.443s] Level 1:colcon.colcon_core.package_identification:_identify(build) by extensions ['ignore', 'ignore_ament_install']
[0.443s] Level 1:colcon.colcon_core.package_identification:_identify(build) by extension 'ignore'
[0.443s] Level 1:colcon.colcon_core.package_identification:_identify(build) ignored
[0.443s] Level 1:colcon.colcon_core.package_identification:_identify(install) by extensions ['ignore', 'ignore_ament_install']
[0.443s] Level 1:colcon.colcon_core.package_identification:_identify(install) by extension 'ignore'
[0.444s] Level 1:colcon.colcon_core.package_identification:_identify(install) ignored
[0.444s] Level 1:colcon.colcon_core.package_identification:_identify(log) by extensions ['ignore', 'ignore_ament_install']
[0.444s] Level 1:colcon.colcon_core.package_identification:_identify(log) by extension 'ignore'
[0.444s] Level 1:colcon.colcon_core.package_identification:_identify(log) ignored
[0.444s] Level 1:colcon.colcon_core.package_identification:_identify(src) by extensions ['ignore', 'ignore_ament_install']
[0.444s] Level 1:colcon.colcon_core.package_identification:_identify(src) by extension 'ignore'
[0.444s] Level 1:colcon.colcon_core.package_identification:_identify(src) by extension 'ignore_ament_install'
[0.444s] Level 1:colcon.colcon_core.package_identification:_identify(src) by extensions ['colcon_pkg']
[0.445s] Level 1:colcon.colcon_core.package_identification:_identify(src) by extension 'colcon_pkg'
[0.445s] Level 1:colcon.colcon_core.package_identification:_identify(src) by extensions ['colcon_meta']
[0.445s] Level 1:colcon.colcon_core.package_identification:_identify(src) by extension 'colcon_meta'
[0.445s] Level 1:colcon.colcon_core.package_identification:_identify(src) by extensions ['ros']
[0.445s] Level 1:colcon.colcon_core.package_identification:_identify(src) by extension 'ros'
[0.445s] Level 1:colcon.colcon_core.package_identification:_identify(src) by extensions ['cmake', 'python']
[0.445s] Level 1:colcon.colcon_core.package_identification:_identify(src) by extension 'cmake'
[0.445s] Level 1:colcon.colcon_core.package_identification:_identify(src) by extension 'python'
[0.445s] Level 1:colcon.colcon_core.package_identification:_identify(src) by extensions ['python_setup_py']
[0.445s] Level 1:colcon.colcon_core.package_identification:_identify(src) by extension 'python_setup_py'
[0.445s] Level 1:colcon.colcon_core.package_identification:_identify(src/learning_package) by extensions ['ignore', 'ignore_ament_install']
[0.446s] Level 1:colcon.colcon_core.package_identification:_identify(src/learning_package) by extension 'ignore'
[0.446s] Level 1:colcon.colcon_core.package_identification:_identify(src/learning_package) by extension 'ignore_ament_install'
[0.446s] Level 1:colcon.colcon_core.package_identification:_identify(src/learning_package) by extensions ['colcon_pkg']
[0.446s] Level 1:colcon.colcon_core.package_identification:_identify(src/learning_package) by extension 'colcon_pkg'
[0.446s] Level 1:colcon.colcon_core.package_identification:_identify(src/learning_package) by extensions ['colcon_meta']
[0.446s] Level 1:colcon.colcon_core.package_identification:_identify(src/learning_package) by extension 'colcon_meta'
[0.446s] Level 1:colcon.colcon_core.package_identification:_identify(src/learning_package) by extensions ['ros']
[0.446s] Level 1:colcon.colcon_core.package_identification:_identify(src/learning_package) by extension 'ros'
[0.451s] DEBUG:colcon.colcon_core.package_identification:Package 'src/learning_package' with type 'ros.ament_cmake' and name 'learning_package'
[0.451s] Level 1:colcon.colcon_core.package_identification:_identify(src/navigation_pkg) by extensions ['ignore', 'ignore_ament_install']
[0.451s] Level 1:colcon.colcon_core.package_identification:_identify(src/navigation_pkg) by extension 'ignore'
[0.451s] Level 1:colcon.colcon_core.package_identification:_identify(src/navigation_pkg) by extension 'ignore_ament_install'
[0.451s] Level 1:colcon.colcon_core.package_identification:_identify(src/navigation_pkg) by extensions ['colcon_pkg']
[0.451s] Level 1:colcon.colcon_core.package_identification:_identify(src/navigation_pkg) by extension 'colcon_pkg'
[0.452s] Level 1:colcon.colcon_core.package_identification:_identify(src/navigation_pkg) by extensions ['colcon_meta']
[0.452s] Level 1:colcon.colcon_core.package_identification:_identify(src/navigation_pkg) by extension 'colcon_meta'
[0.452s] Level 1:colcon.colcon_core.package_identification:_identify(src/navigation_pkg) by extensions ['ros']
[0.452s] Level 1:colcon.colcon_core.package_identification:_identify(src/navigation_pkg) by extension 'ros'
[0.453s] DEBUG:colcon.colcon_core.package_identification:Package 'src/navigation_pkg' with type 'ros.ament_cmake' and name 'navigation_pkg'
[0.453s] Level 1:colcon.colcon_core.package_identification:_identify(src/robot_pkg) by extensions ['ignore', 'ignore_ament_install']
[0.453s] Level 1:colcon.colcon_core.package_identification:_identify(src/robot_pkg) by extension 'ignore'
[0.453s] Level 1:colcon.colcon_core.package_identification:_identify(src/robot_pkg) by extension 'ignore_ament_install'
[0.453s] Level 1:colcon.colcon_core.package_identification:_identify(src/robot_pkg) by extensions ['colcon_pkg']
[0.453s] Level 1:colcon.colcon_core.package_identification:_identify(src/robot_pkg) by extension 'colcon_pkg'
[0.454s] Level 1:colcon.colcon_core.package_identification:_identify(src/robot_pkg) by extensions ['colcon_meta']
[0.454s] Level 1:colcon.colcon_core.package_identification:_identify(src/robot_pkg) by extension 'colcon_meta'
[0.454s] Level 1:colcon.colcon_core.package_identification:_identify(src/robot_pkg) by extensions ['ros']
[0.454s] Level 1:colcon.colcon_core.package_identification:_identify(src/robot_pkg) by extension 'ros'
[0.455s] DEBUG:colcon.colcon_core.package_identification:Package 'src/robot_pkg' with type 'ros.ament_cmake' and name 'robot_pkg'
[0.455s] Level 1:colcon.colcon_core.package_identification:_identify(src/slam_pkg) by extensions ['ignore', 'ignore_ament_install']
[0.455s] Level 1:colcon.colcon_core.package_identification:_identify(src/slam_pkg) by extension 'ignore'
[0.455s] Level 1:colcon.colcon_core.package_identification:_identify(src/slam_pkg) by extension 'ignore_ament_install'
[0.456s] Level 1:colcon.colcon_core.package_identification:_identify(src/slam_pkg) by extensions ['colcon_pkg']
[0.456s] Level 1:colcon.colcon_core.package_identification:_identify(src/slam_pkg) by extension 'colcon_pkg'
[0.456s] Level 1:colcon.colcon_core.package_identification:_identify(src/slam_pkg) by extensions ['colcon_meta']
[0.456s] Level 1:colcon.colcon_core.package_identification:_identify(src/slam_pkg) by extension 'colcon_meta'
[0.456s] Level 1:colcon.colcon_core.package_identification:_identify(src/slam_pkg) by extensions ['ros']
[0.456s] Level 1:colcon.colcon_core.package_identification:_identify(src/slam_pkg) by extension 'ros'
[0.457s] DEBUG:colcon.colcon_core.package_identification:Package 'src/slam_pkg' with type 'ros.ament_cmake' and name 'slam_pkg'
[0.457s] Level 1:colcon.colcon_core.package_discovery:discover_packages(recursive) using defaults
[0.457s] Level 1:colcon.colcon_core.package_discovery:discover_packages(ignore) discover
[0.457s] Level 1:colcon.colcon_core.package_discovery:discover_packages(ignore) using defaults
[0.457s] Level 1:colcon.colcon_core.package_discovery:discover_packages(path) discover
[0.457s] Level 1:colcon.colcon_core.package_discovery:discover_packages(path) using defaults
[0.498s] Level 5:colcon.colcon_core.verb:set package 'learning_package' build argument 'cmake_args' from command line to 'None'
[0.498s] Level 5:colcon.colcon_core.verb:set package 'learning_package' build argument 'cmake_target' from command line to 'None'
[0.498s] Level 5:colcon.colcon_core.verb:set package 'learning_package' build argument 'cmake_target_skip_unavailable' from command line to 'False'
[0.498s] Level 5:colcon.colcon_core.verb:set package 'learning_package' build argument 'cmake_clean_cache' from command line to 'False'
[0.498s] Level 5:colcon.colcon_core.verb:set package 'learning_package' build argument 'cmake_clean_first' from command line to 'False'
[0.498s] Level 5:colcon.colcon_core.verb:set package 'learning_package' build argument 'cmake_force_configure' from command line to 'False'
[0.498s] Level 5:colcon.colcon_core.verb:set package 'learning_package' build argument 'ament_cmake_args' from command line to 'None'
[0.498s] Level 5:colcon.colcon_core.verb:set package 'learning_package' build argument 'catkin_cmake_args' from command line to 'None'
[0.498s] Level 5:colcon.colcon_core.verb:set package 'learning_package' build argument 'catkin_skip_building_tests' from command line to 'False'
[0.499s] DEBUG:colcon.colcon_core.verb:Building package 'learning_package' with the following arguments: {'ament_cmake_args': None, 'build_base': '/simulation/ros2_sim_ws/build/learning_package', 'catkin_cmake_args': None, 'catkin_skip_building_tests': False, 'cmake_args': None, 'cmake_clean_cache': False, 'cmake_clean_first': False, 'cmake_force_configure': False, 'cmake_target': None, 'cmake_target_skip_unavailable': False, 'install_base': '/simulation/ros2_sim_ws/install/learning_package', 'merge_install': False, 'path': '/simulation/ros2_sim_ws/src/learning_package', 'symlink_install': False, 'test_result_base': None}
[0.499s] Level 5:colcon.colcon_core.verb:set package 'navigation_pkg' build argument 'cmake_args' from command line to 'None'
[0.499s] Level 5:colcon.colcon_core.verb:set package 'navigation_pkg' build argument 'cmake_target' from command line to 'None'
[0.499s] Level 5:colcon.colcon_core.verb:set package 'navigation_pkg' build argument 'cmake_target_skip_unavailable' from command line to 'False'
[0.499s] Level 5:colcon.colcon_core.verb:set package 'navigation_pkg' build argument 'cmake_clean_cache' from command line to 'False'
[0.499s] Level 5:colcon.colcon_core.verb:set package 'navigation_pkg' build argument 'cmake_clean_first' from command line to 'False'
[0.500s] Level 5:colcon.colcon_core.verb:set package 'navigation_pkg' build argument 'cmake_force_configure' from command line to 'False'
[0.500s] Level 5:colcon.colcon_core.verb:set package 'navigation_pkg' build argument 'ament_cmake_args' from command line to 'None'
[0.500s] Level 5:colcon.colcon_core.verb:set package 'navigation_pkg' build argument 'catkin_cmake_args' from command line to 'None'
[0.500s] Level 5:colcon.colcon_core.verb:set package 'navigation_pkg' build argument 'catkin_skip_building_tests' from command line to 'False'
[0.500s] DEBUG:colcon.colcon_core.verb:Building package 'navigation_pkg' with the following arguments: {'ament_cmake_args': None, 'build_base': '/simulation/ros2_sim_ws/build/navigation_pkg', 'catkin_cmake_args': None, 'catkin_skip_building_tests': False, 'cmake_args': None, 'cmake_clean_cache': False, 'cmake_clean_first': False, 'cmake_force_configure': False, 'cmake_target': None, 'cmake_target_skip_unavailable': False, 'install_base': '/simulation/ros2_sim_ws/install/navigation_pkg', 'merge_install': False, 'path': '/simulation/ros2_sim_ws/src/navigation_pkg', 'symlink_install': False, 'test_result_base': None}
[0.501s] Level 5:colcon.colcon_core.verb:set package 'robot_pkg' build argument 'cmake_args' from command line to 'None'
[0.501s] Level 5:colcon.colcon_core.verb:set package 'robot_pkg' build argument 'cmake_target' from command line to 'None'
[0.501s] Level 5:colcon.colcon_core.verb:set package 'robot_pkg' build argument 'cmake_target_skip_unavailable' from command line to 'False'
[0.501s] Level 5:colcon.colcon_core.verb:set package 'robot_pkg' build argument 'cmake_clean_cache' from command line to 'False'
[0.501s] Level 5:colcon.colcon_core.verb:set package 'robot_pkg' build argument 'cmake_clean_first' from command line to 'False'
[0.501s] Level 5:colcon.colcon_core.verb:set package 'robot_pkg' build argument 'cmake_force_configure' from command line to 'False'
[0.501s] Level 5:colcon.colcon_core.verb:set package 'robot_pkg' build argument 'ament_cmake_args' from command line to 'None'
[0.501s] Level 5:colcon.colcon_core.verb:set package 'robot_pkg' build argument 'catkin_cmake_args' from command line to 'None'
[0.501s] Level 5:colcon.colcon_core.verb:set package 'robot_pkg' build argument 'catkin_skip_building_tests' from command line to 'False'
[0.501s] DEBUG:colcon.colcon_core.verb:Building package 'robot_pkg' with the following arguments: {'ament_cmake_args': None, 'build_base': '/simulation/ros2_sim_ws/build/robot_pkg', 'catkin_cmake_args': None, 'catkin_skip_building_tests': False, 'cmake_args': None, 'cmake_clean_cache': False, 'cmake_clean_first': False, 'cmake_force_configure': False, 'cmake_target': None, 'cmake_target_skip_unavailable': False, 'install_base': '/simulation/ros2_sim_ws/install/robot_pkg', 'merge_install': False, 'path': '/simulation/ros2_sim_ws/src/robot_pkg', 'symlink_install': False, 'test_result_base': None}
[0.502s] Level 5:colcon.colcon_core.verb:set package 'slam_pkg' build argument 'cmake_args' from command line to 'None'
[0.502s] Level 5:colcon.colcon_core.verb:set package 'slam_pkg' build argument 'cmake_target' from command line to 'None'
[0.502s] Level 5:colcon.colcon_core.verb:set package 'slam_pkg' build argument 'cmake_target_skip_unavailable' from command line to 'False'
[0.502s] Level 5:colcon.colcon_core.verb:set package 'slam_pkg' build argument 'cmake_clean_cache' from command line to 'False'
[0.502s] Level 5:colcon.colcon_core.verb:set package 'slam_pkg' build argument 'cmake_clean_first' from command line to 'False'
[0.502s] Level 5:colcon.colcon_core.verb:set package 'slam_pkg' build argument 'cmake_force_configure' from command line to 'False'
[0.502s] Level 5:colcon.colcon_core.verb:set package 'slam_pkg' build argument 'ament_cmake_args' from command line to 'None'
[0.502s] Level 5:colcon.colcon_core.verb:set package 'slam_pkg' build argument 'catkin_cmake_args' from command line to 'None'
[0.502s] Level 5:colcon.colcon_core.verb:set package 'slam_pkg' build argument 'catkin_skip_building_tests' from command line to 'False'
[0.502s] DEBUG:colcon.colcon_core.verb:Building package 'slam_pkg' with the following arguments: {'ament_cmake_args': None, 'build_base': '/simulation/ros2_sim_ws/build/slam_pkg', 'catkin_cmake_args': None, 'catkin_skip_building_tests': False, 'cmake_args': None, 'cmake_clean_cache': False, 'cmake_clean_first': False, 'cmake_force_configure': False, 'cmake_target': None, 'cmake_target_skip_unavailable': False, 'install_base': '/simulation/ros2_sim_ws/install/slam_pkg', 'merge_install': False, 'path': '/simulation/ros2_sim_ws/src/slam_pkg', 'symlink_install': False, 'test_result_base': None}
[0.502s] INFO:colcon.colcon_core.executor:Executing jobs using 'parallel' executor
[0.504s] DEBUG:colcon.colcon_parallel_executor.executor.parallel:run_until_complete
[0.505s] INFO:colcon.colcon_ros.task.ament_cmake.build:Building ROS package in '/simulation/ros2_sim_ws/src/learning_package' with build type 'ament_cmake'
[0.505s] INFO:colcon.colcon_cmake.task.cmake.build:Building CMake package in '/simulation/ros2_sim_ws/src/learning_package'
[0.509s] INFO:colcon.colcon_core.plugin_system:Skipping extension 'colcon_core.shell.bat': Not used on non-Windows systems
[0.509s] INFO:colcon.colcon_core.shell:Skip shell extension 'powershell' for command environment: Not usable outside of PowerShell
[0.510s] DEBUG:colcon.colcon_core.shell:Skip shell extension 'dsv' for command environment
[0.519s] INFO:colcon.colcon_ros.task.ament_cmake.build:Building ROS package in '/simulation/ros2_sim_ws/src/navigation_pkg' with build type 'ament_cmake'
[0.520s] INFO:colcon.colcon_cmake.task.cmake.build:Building CMake package in '/simulation/ros2_sim_ws/src/navigation_pkg'
[0.520s] INFO:colcon.colcon_core.shell:Skip shell extension 'powershell' for command environment: Not usable outside of PowerShell
[0.520s] DEBUG:colcon.colcon_core.shell:Skip shell extension 'dsv' for command environment
[0.528s] INFO:colcon.colcon_ros.task.ament_cmake.build:Building ROS package in '/simulation/ros2_sim_ws/src/robot_pkg' with build type 'ament_cmake'
[0.529s] INFO:colcon.colcon_cmake.task.cmake.build:Building CMake package in '/simulation/ros2_sim_ws/src/robot_pkg'
[0.530s] INFO:colcon.colcon_core.shell:Skip shell extension 'powershell' for command environment: Not usable outside of PowerShell
[0.530s] DEBUG:colcon.colcon_core.shell:Skip shell extension 'dsv' for command environment
[0.540s] INFO:colcon.colcon_ros.task.ament_cmake.build:Building ROS package in '/simulation/ros2_sim_ws/src/slam_pkg' with build type 'ament_cmake'
[0.541s] INFO:colcon.colcon_cmake.task.cmake.build:Building CMake package in '/simulation/ros2_sim_ws/src/slam_pkg'
[0.541s] INFO:colcon.colcon_core.shell:Skip shell extension 'powershell' for command environment: Not usable outside of PowerShell
[0.542s] DEBUG:colcon.colcon_core.shell:Skip shell extension 'dsv' for command environment
[0.562s] DEBUG:colcon.colcon_core.event_handler.log_command:Invoking command in '/simulation/ros2_sim_ws/build/learning_package': CMAKE_PREFIX_PATH=${CMAKE_PREFIX_PATH}:/opt/ros/humble /usr/bin/cmake /simulation/ros2_sim_ws/src/learning_package -DCMAKE_INSTALL_PREFIX=/simulation/ros2_sim_ws/install/learning_package
[0.569s] DEBUG:colcon.colcon_core.event_handler.log_command:Invoking command in '/simulation/ros2_sim_ws/build/navigation_pkg': CMAKE_PREFIX_PATH=${CMAKE_PREFIX_PATH}:/opt/ros/humble /usr/bin/cmake /simulation/ros2_sim_ws/src/navigation_pkg -DCMAKE_INSTALL_PREFIX=/simulation/ros2_sim_ws/install/navigation_pkg
[0.576s] DEBUG:colcon.colcon_core.event_handler.log_command:Invoking command in '/simulation/ros2_sim_ws/build/robot_pkg': CMAKE_PREFIX_PATH=${CMAKE_PREFIX_PATH}:/opt/ros/humble /usr/bin/cmake /simulation/ros2_sim_ws/src/robot_pkg -DCMAKE_INSTALL_PREFIX=/simulation/ros2_sim_ws/install/robot_pkg
[0.584s] DEBUG:colcon.colcon_core.event_handler.log_command:Invoking command in '/simulation/ros2_sim_ws/build/slam_pkg': CMAKE_PREFIX_PATH=${CMAKE_PREFIX_PATH}:/opt/ros/humble /usr/bin/cmake /simulation/ros2_sim_ws/src/slam_pkg -DCMAKE_INSTALL_PREFIX=/simulation/ros2_sim_ws/install/slam_pkg
[1.089s] DEBUG:colcon.colcon_core.event_handler.log_command:Invoked command in '/simulation/ros2_sim_ws/build/robot_pkg' returned '0': CMAKE_PREFIX_PATH=${CMAKE_PREFIX_PATH}:/opt/ros/humble /usr/bin/cmake /simulation/ros2_sim_ws/src/robot_pkg -DCMAKE_INSTALL_PREFIX=/simulation/ros2_sim_ws/install/robot_pkg
[1.096s] DEBUG:colcon.colcon_core.event_handler.log_command:Invoking command in '/simulation/ros2_sim_ws/build/robot_pkg': CMAKE_PREFIX_PATH=${CMAKE_PREFIX_PATH}:/opt/ros/humble /usr/bin/cmake --build /simulation/ros2_sim_ws/build/robot_pkg -- -j8 -l8
[1.099s] DEBUG:colcon.colcon_core.event_handler.log_command:Invoked command in '/simulation/ros2_sim_ws/build/learning_package' returned '0': CMAKE_PREFIX_PATH=${CMAKE_PREFIX_PATH}:/opt/ros/humble /usr/bin/cmake /simulation/ros2_sim_ws/src/learning_package -DCMAKE_INSTALL_PREFIX=/simulation/ros2_sim_ws/install/learning_package
[1.104s] DEBUG:colcon.colcon_core.event_handler.log_command:Invoking command in '/simulation/ros2_sim_ws/build/learning_package': CMAKE_PREFIX_PATH=${CMAKE_PREFIX_PATH}:/opt/ros/humble /usr/bin/cmake --build /simulation/ros2_sim_ws/build/learning_package -- -j8 -l8
[1.132s] DEBUG:colcon.colcon_core.event_handler.log_command:Invoked command in '/simulation/ros2_sim_ws/build/slam_pkg' returned '0': CMAKE_PREFIX_PATH=${CMAKE_PREFIX_PATH}:/opt/ros/humble /usr/bin/cmake /simulation/ros2_sim_ws/src/slam_pkg -DCMAKE_INSTALL_PREFIX=/simulation/ros2_sim_ws/install/slam_pkg
[1.133s] DEBUG:colcon.colcon_core.event_handler.log_command:Invoking command in '/simulation/ros2_sim_ws/build/slam_pkg': CMAKE_PREFIX_PATH=${CMAKE_PREFIX_PATH}:/opt/ros/humble /usr/bin/cmake --build /simulation/ros2_sim_ws/build/slam_pkg -- -j8 -l8
[1.156s] DEBUG:colcon.colcon_core.event_handler.log_command:Invoked command in '/simulation/ros2_sim_ws/build/navigation_pkg' returned '0': CMAKE_PREFIX_PATH=${CMAKE_PREFIX_PATH}:/opt/ros/humble /usr/bin/cmake /simulation/ros2_sim_ws/src/navigation_pkg -DCMAKE_INSTALL_PREFIX=/simulation/ros2_sim_ws/install/navigation_pkg
[1.158s] DEBUG:colcon.colcon_core.event_handler.log_command:Invoking command in '/simulation/ros2_sim_ws/build/navigation_pkg': CMAKE_PREFIX_PATH=${CMAKE_PREFIX_PATH}:/opt/ros/humble /usr/bin/cmake --build /simulation/ros2_sim_ws/build/navigation_pkg -- -j8 -l8
[1.196s] DEBUG:colcon.colcon_core.event_handler.log_command:Invoked command in '/simulation/ros2_sim_ws/build/robot_pkg' returned '0': CMAKE_PREFIX_PATH=${CMAKE_PREFIX_PATH}:/opt/ros/humble /usr/bin/cmake --build /simulation/ros2_sim_ws/build/robot_pkg -- -j8 -l8
[1.201s] DEBUG:colcon.colcon_core.event_handler.log_command:Invoked command in '/simulation/ros2_sim_ws/build/learning_package' returned '0': CMAKE_PREFIX_PATH=${CMAKE_PREFIX_PATH}:/opt/ros/humble /usr/bin/cmake --build /simulation/ros2_sim_ws/build/learning_package -- -j8 -l8
[1.222s] DEBUG:colcon.colcon_core.event_handler.log_command:Invoked command in '/simulation/ros2_sim_ws/build/slam_pkg' returned '0': CMAKE_PREFIX_PATH=${CMAKE_PREFIX_PATH}:/opt/ros/humble /usr/bin/cmake --build /simulation/ros2_sim_ws/build/slam_pkg -- -j8 -l8
[1.263s] DEBUG:colcon.colcon_core.event_handler.log_command:Invoking command in '/simulation/ros2_sim_ws/build/robot_pkg': CMAKE_PREFIX_PATH=${CMAKE_PREFIX_PATH}:/opt/ros/humble /usr/bin/cmake --install /simulation/ros2_sim_ws/build/robot_pkg
[1.268s] DEBUG:colcon.colcon_core.event_handler.log_command:Invoking command in '/simulation/ros2_sim_ws/build/learning_package': CMAKE_PREFIX_PATH=${CMAKE_PREFIX_PATH}:/opt/ros/humble /usr/bin/cmake --install /simulation/ros2_sim_ws/build/learning_package
[1.270s] DEBUG:colcon.colcon_core.event_handler.log_command:Invoked command in '/simulation/ros2_sim_ws/build/navigation_pkg' returned '0': CMAKE_PREFIX_PATH=${CMAKE_PREFIX_PATH}:/opt/ros/humble /usr/bin/cmake --build /simulation/ros2_sim_ws/build/navigation_pkg -- -j8 -l8
[1.276s] DEBUG:colcon.colcon_core.event_handler.log_command:Invoking command in '/simulation/ros2_sim_ws/build/slam_pkg': CMAKE_PREFIX_PATH=${CMAKE_PREFIX_PATH}:/opt/ros/humble /usr/bin/cmake --install /simulation/ros2_sim_ws/build/slam_pkg
[1.309s] Level 1:colcon.colcon_core.environment:create_environment_scripts_only(robot_pkg)
[1.310s] DEBUG:colcon.colcon_core.event_handler.log_command:Invoked command in '/simulation/ros2_sim_ws/build/robot_pkg' returned '0': CMAKE_PREFIX_PATH=${CMAKE_PREFIX_PATH}:/opt/ros/humble /usr/bin/cmake --install /simulation/ros2_sim_ws/build/robot_pkg
[1.318s] Level 1:colcon.colcon_core.environment:checking '/simulation/ros2_sim_ws/install/robot_pkg' for CMake module files
[1.319s] Level 1:colcon.colcon_core.environment:checking '/simulation/ros2_sim_ws/install/robot_pkg' for CMake config files
[1.320s] Level 1:colcon.colcon_core.shell:create_environment_hook('robot_pkg', 'cmake_prefix_path')
[1.321s] INFO:colcon.colcon_core.shell:Creating environment hook '/simulation/ros2_sim_ws/install/robot_pkg/share/robot_pkg/hook/cmake_prefix_path.ps1'
[1.323s] INFO:colcon.colcon_core.shell:Creating environment descriptor '/simulation/ros2_sim_ws/install/robot_pkg/share/robot_pkg/hook/cmake_prefix_path.dsv'
[1.324s] INFO:colcon.colcon_core.shell:Creating environment hook '/simulation/ros2_sim_ws/install/robot_pkg/share/robot_pkg/hook/cmake_prefix_path.sh'
[1.326s] Level 1:colcon.colcon_core.environment:checking '/simulation/ros2_sim_ws/install/robot_pkg/bin'
[1.326s] Level 1:colcon.colcon_core.environment:checking '/simulation/ros2_sim_ws/install/robot_pkg/lib/pkgconfig/robot_pkg.pc'
[1.330s] Level 1:colcon.colcon_core.environment:checking '/simulation/ros2_sim_ws/install/robot_pkg/lib/python3.10/site-packages'
[1.330s] Level 1:colcon.colcon_core.environment:checking '/simulation/ros2_sim_ws/install/robot_pkg/bin'
[1.331s] INFO:colcon.colcon_core.shell:Creating package script '/simulation/ros2_sim_ws/install/robot_pkg/share/robot_pkg/package.ps1'
[1.333s] INFO:colcon.colcon_core.shell:Creating package descriptor '/simulation/ros2_sim_ws/install/robot_pkg/share/robot_pkg/package.dsv'
[1.334s] INFO:colcon.colcon_core.shell:Creating package script '/simulation/ros2_sim_ws/install/robot_pkg/share/robot_pkg/package.sh'
[1.336s] INFO:colcon.colcon_core.shell:Creating package script '/simulation/ros2_sim_ws/install/robot_pkg/share/robot_pkg/package.bash'
[1.337s] INFO:colcon.colcon_core.shell:Creating package script '/simulation/ros2_sim_ws/install/robot_pkg/share/robot_pkg/package.zsh'
[1.338s] Level 1:colcon.colcon_core.environment:create_file_with_runtime_dependencies(/simulation/ros2_sim_ws/install/robot_pkg/share/colcon-core/packages/robot_pkg)
[1.345s] DEBUG:colcon.colcon_core.event_handler.log_command:Invoking command in '/simulation/ros2_sim_ws/build/navigation_pkg': CMAKE_PREFIX_PATH=${CMAKE_PREFIX_PATH}:/opt/ros/humble /usr/bin/cmake --install /simulation/ros2_sim_ws/build/navigation_pkg
[1.346s] Level 1:colcon.colcon_core.environment:create_environment_scripts_only(slam_pkg)
[1.347s] Level 1:colcon.colcon_core.environment:checking '/simulation/ros2_sim_ws/install/slam_pkg' for CMake module files
[1.347s] DEBUG:colcon.colcon_core.event_handler.log_command:Invoked command in '/simulation/ros2_sim_ws/build/slam_pkg' returned '0': CMAKE_PREFIX_PATH=${CMAKE_PREFIX_PATH}:/opt/ros/humble /usr/bin/cmake --install /simulation/ros2_sim_ws/build/slam_pkg
[1.349s] Level 1:colcon.colcon_core.environment:checking '/simulation/ros2_sim_ws/install/slam_pkg' for CMake config files
[1.350s] Level 1:colcon.colcon_core.shell:create_environment_hook('slam_pkg', 'cmake_prefix_path')
[1.351s] INFO:colcon.colcon_core.shell:Creating environment hook '/simulation/ros2_sim_ws/install/slam_pkg/share/slam_pkg/hook/cmake_prefix_path.ps1'
[1.352s] INFO:colcon.colcon_core.shell:Creating environment descriptor '/simulation/ros2_sim_ws/install/slam_pkg/share/slam_pkg/hook/cmake_prefix_path.dsv'
[1.353s] INFO:colcon.colcon_core.shell:Creating environment hook '/simulation/ros2_sim_ws/install/slam_pkg/share/slam_pkg/hook/cmake_prefix_path.sh'
[1.355s] Level 1:colcon.colcon_core.environment:checking '/simulation/ros2_sim_ws/install/slam_pkg/bin'
[1.355s] Level 1:colcon.colcon_core.environment:checking '/simulation/ros2_sim_ws/install/slam_pkg/lib/pkgconfig/slam_pkg.pc'
[1.355s] Level 1:colcon.colcon_core.environment:checking '/simulation/ros2_sim_ws/install/slam_pkg/lib/python3.10/site-packages'
[1.356s] Level 1:colcon.colcon_core.environment:checking '/simulation/ros2_sim_ws/install/slam_pkg/bin'
[1.357s] INFO:colcon.colcon_core.shell:Creating package script '/simulation/ros2_sim_ws/install/slam_pkg/share/slam_pkg/package.ps1'
[1.359s] INFO:colcon.colcon_core.shell:Creating package descriptor '/simulation/ros2_sim_ws/install/slam_pkg/share/slam_pkg/package.dsv'
[1.360s] INFO:colcon.colcon_core.shell:Creating package script '/simulation/ros2_sim_ws/install/slam_pkg/share/slam_pkg/package.sh'
[1.361s] INFO:colcon.colcon_core.shell:Creating package script '/simulation/ros2_sim_ws/install/slam_pkg/share/slam_pkg/package.bash'
[1.362s] INFO:colcon.colcon_core.shell:Creating package script '/simulation/ros2_sim_ws/install/slam_pkg/share/slam_pkg/package.zsh'
[1.363s] Level 1:colcon.colcon_core.environment:create_file_with_runtime_dependencies(/simulation/ros2_sim_ws/install/slam_pkg/share/colcon-core/packages/slam_pkg)
[1.366s] Level 1:colcon.colcon_core.environment:create_environment_scripts_only(learning_package)
[1.367s] Level 1:colcon.colcon_core.environment:checking '/simulation/ros2_sim_ws/install/learning_package' for CMake module files
[1.370s] DEBUG:colcon.colcon_core.event_handler.log_command:Invoked command in '/simulation/ros2_sim_ws/build/learning_package' returned '0': CMAKE_PREFIX_PATH=${CMAKE_PREFIX_PATH}:/opt/ros/humble /usr/bin/cmake --install /simulation/ros2_sim_ws/build/learning_package
[1.371s] Level 1:colcon.colcon_core.environment:checking '/simulation/ros2_sim_ws/install/learning_package' for CMake config files
[1.373s] Level 1:colcon.colcon_core.shell:create_environment_hook('learning_package', 'cmake_prefix_path')
[1.374s] INFO:colcon.colcon_core.shell:Creating environment hook '/simulation/ros2_sim_ws/install/learning_package/share/learning_package/hook/cmake_prefix_path.ps1'
[1.376s] INFO:colcon.colcon_core.shell:Creating environment descriptor '/simulation/ros2_sim_ws/install/learning_package/share/learning_package/hook/cmake_prefix_path.dsv'
[1.377s] INFO:colcon.colcon_core.shell:Creating environment hook '/simulation/ros2_sim_ws/install/learning_package/share/learning_package/hook/cmake_prefix_path.sh'
[1.378s] Level 1:colcon.colcon_core.environment:checking '/simulation/ros2_sim_ws/install/learning_package/bin'
[1.379s] Level 1:colcon.colcon_core.environment:checking '/simulation/ros2_sim_ws/install/learning_package/lib/pkgconfig/learning_package.pc'
[1.379s] Level 1:colcon.colcon_core.environment:checking '/simulation/ros2_sim_ws/install/learning_package/lib/python3.10/site-packages'
[1.380s] Level 1:colcon.colcon_core.environment:checking '/simulation/ros2_sim_ws/install/learning_package/bin'
[1.381s] INFO:colcon.colcon_core.shell:Creating package script '/simulation/ros2_sim_ws/install/learning_package/share/learning_package/package.ps1'
[1.382s] INFO:colcon.colcon_core.shell:Creating package descriptor '/simulation/ros2_sim_ws/install/learning_package/share/learning_package/package.dsv'
[1.383s] INFO:colcon.colcon_core.shell:Creating package script '/simulation/ros2_sim_ws/install/learning_package/share/learning_package/package.sh'
[1.384s] INFO:colcon.colcon_core.shell:Creating package script '/simulation/ros2_sim_ws/install/learning_package/share/learning_package/package.bash'
[1.385s] INFO:colcon.colcon_core.shell:Creating package script '/simulation/ros2_sim_ws/install/learning_package/share/learning_package/package.zsh'
[1.386s] Level 1:colcon.colcon_core.environment:create_file_with_runtime_dependencies(/simulation/ros2_sim_ws/install/learning_package/share/colcon-core/packages/learning_package)
[1.391s] Level 1:colcon.colcon_core.environment:create_environment_scripts_only(robot_pkg)
[1.392s] Level 1:colcon.colcon_core.environment:checking '/simulation/ros2_sim_ws/install/robot_pkg' for CMake module files
[1.394s] Level 1:colcon.colcon_core.environment:checking '/simulation/ros2_sim_ws/install/robot_pkg' for CMake config files
[1.396s] Level 1:colcon.colcon_core.shell:create_environment_hook('robot_pkg', 'cmake_prefix_path')
[1.397s] INFO:colcon.colcon_core.shell:Creating environment hook '/simulation/ros2_sim_ws/install/robot_pkg/share/robot_pkg/hook/cmake_prefix_path.ps1'
[1.398s] INFO:colcon.colcon_core.shell:Creating environment descriptor '/simulation/ros2_sim_ws/install/robot_pkg/share/robot_pkg/hook/cmake_prefix_path.dsv'
[1.399s] INFO:colcon.colcon_core.shell:Creating environment hook '/simulation/ros2_sim_ws/install/robot_pkg/share/robot_pkg/hook/cmake_prefix_path.sh'
[1.400s] Level 1:colcon.colcon_core.environment:checking '/simulation/ros2_sim_ws/install/robot_pkg/bin'
[1.400s] Level 1:colcon.colcon_core.environment:checking '/simulation/ros2_sim_ws/install/robot_pkg/lib/pkgconfig/robot_pkg.pc'
[1.401s] Level 1:colcon.colcon_core.environment:checking '/simulation/ros2_sim_ws/install/robot_pkg/lib/python3.10/site-packages'
[1.401s] Level 1:colcon.colcon_core.environment:checking '/simulation/ros2_sim_ws/install/robot_pkg/bin'
[1.402s] INFO:colcon.colcon_core.shell:Creating package script '/simulation/ros2_sim_ws/install/robot_pkg/share/robot_pkg/package.ps1'
[1.403s] INFO:colcon.colcon_core.shell:Creating package descriptor '/simulation/ros2_sim_ws/install/robot_pkg/share/robot_pkg/package.dsv'
[1.404s] INFO:colcon.colcon_core.shell:Creating package script '/simulation/ros2_sim_ws/install/robot_pkg/share/robot_pkg/package.sh'
[1.405s] INFO:colcon.colcon_core.shell:Creating package script '/simulation/ros2_sim_ws/install/robot_pkg/share/robot_pkg/package.bash'
[1.407s] INFO:colcon.colcon_core.shell:Creating package script '/simulation/ros2_sim_ws/install/robot_pkg/share/robot_pkg/package.zsh'
[1.408s] Level 1:colcon.colcon_core.environment:create_file_with_runtime_dependencies(/simulation/ros2_sim_ws/install/robot_pkg/share/colcon-core/packages/robot_pkg)
[1.411s] Level 1:colcon.colcon_core.environment:create_environment_scripts_only(navigation_pkg)
[1.413s] Level 1:colcon.colcon_core.environment:checking '/simulation/ros2_sim_ws/install/navigation_pkg' for CMake module files
[1.413s] DEBUG:colcon.colcon_core.event_handler.log_command:Invoked command in '/simulation/ros2_sim_ws/build/navigation_pkg' returned '0': CMAKE_PREFIX_PATH=${CMAKE_PREFIX_PATH}:/opt/ros/humble /usr/bin/cmake --install /simulation/ros2_sim_ws/build/navigation_pkg
[1.415s] Level 1:colcon.colcon_core.environment:checking '/simulation/ros2_sim_ws/install/navigation_pkg' for CMake config files
[1.416s] Level 1:colcon.colcon_core.shell:create_environment_hook('navigation_pkg', 'cmake_prefix_path')
[1.417s] INFO:colcon.colcon_core.shell:Creating environment hook '/simulation/ros2_sim_ws/install/navigation_pkg/share/navigation_pkg/hook/cmake_prefix_path.ps1'
[1.418s] INFO:colcon.colcon_core.shell:Creating environment descriptor '/simulation/ros2_sim_ws/install/navigation_pkg/share/navigation_pkg/hook/cmake_prefix_path.dsv'
[1.419s] INFO:colcon.colcon_core.shell:Creating environment hook '/simulation/ros2_sim_ws/install/navigation_pkg/share/navigation_pkg/hook/cmake_prefix_path.sh'
[1.421s] Level 1:colcon.colcon_core.environment:checking '/simulation/ros2_sim_ws/install/navigation_pkg/bin'
[1.421s] Level 1:colcon.colcon_core.environment:checking '/simulation/ros2_sim_ws/install/navigation_pkg/lib/pkgconfig/navigation_pkg.pc'
[1.422s] Level 1:colcon.colcon_core.environment:checking '/simulation/ros2_sim_ws/install/navigation_pkg/lib/python3.10/site-packages'
[1.422s] Level 1:colcon.colcon_core.environment:checking '/simulation/ros2_sim_ws/install/navigation_pkg/bin'
[1.423s] INFO:colcon.colcon_core.shell:Creating package script '/simulation/ros2_sim_ws/install/navigation_pkg/share/navigation_pkg/package.ps1'
[1.424s] INFO:colcon.colcon_core.shell:Creating package descriptor '/simulation/ros2_sim_ws/install/navigation_pkg/share/navigation_pkg/package.dsv'
[1.425s] INFO:colcon.colcon_core.shell:Creating package script '/simulation/ros2_sim_ws/install/navigation_pkg/share/navigation_pkg/package.sh'
[1.426s] INFO:colcon.colcon_core.shell:Creating package script '/simulation/ros2_sim_ws/install/navigation_pkg/share/navigation_pkg/package.bash'
[1.427s] INFO:colcon.colcon_core.shell:Creating package script '/simulation/ros2_sim_ws/install/navigation_pkg/share/navigation_pkg/package.zsh'
[1.428s] Level 1:colcon.colcon_core.environment:create_file_with_runtime_dependencies(/simulation/ros2_sim_ws/install/navigation_pkg/share/colcon-core/packages/navigation_pkg)
[1.430s] Level 1:colcon.colcon_core.environment:create_environment_scripts_only(slam_pkg)
[1.431s] Level 1:colcon.colcon_core.environment:checking '/simulation/ros2_sim_ws/install/slam_pkg' for CMake module files
[1.432s] Level 1:colcon.colcon_core.environment:checking '/simulation/ros2_sim_ws/install/slam_pkg' for CMake config files
[1.432s] Level 1:colcon.colcon_core.shell:create_environment_hook('slam_pkg', 'cmake_prefix_path')
[1.433s] INFO:colcon.colcon_core.shell:Creating environment hook '/simulation/ros2_sim_ws/install/slam_pkg/share/slam_pkg/hook/cmake_prefix_path.ps1'
[1.434s] INFO:colcon.colcon_core.shell:Creating environment descriptor '/simulation/ros2_sim_ws/install/slam_pkg/share/slam_pkg/hook/cmake_prefix_path.dsv'
[1.434s] INFO:colcon.colcon_core.shell:Creating environment hook '/simulation/ros2_sim_ws/install/slam_pkg/share/slam_pkg/hook/cmake_prefix_path.sh'
[1.435s] Level 1:colcon.colcon_core.environment:checking '/simulation/ros2_sim_ws/install/slam_pkg/bin'
[1.436s] Level 1:colcon.colcon_core.environment:checking '/simulation/ros2_sim_ws/install/slam_pkg/lib/pkgconfig/slam_pkg.pc'
[1.436s] Level 1:colcon.colcon_core.environment:checking '/simulation/ros2_sim_ws/install/slam_pkg/lib/python3.10/site-packages'
[1.437s] Level 1:colcon.colcon_core.environment:checking '/simulation/ros2_sim_ws/install/slam_pkg/bin'
[1.437s] INFO:colcon.colcon_core.shell:Creating package script '/simulation/ros2_sim_ws/install/slam_pkg/share/slam_pkg/package.ps1'
[1.439s] INFO:colcon.colcon_core.shell:Creating package descriptor '/simulation/ros2_sim_ws/install/slam_pkg/share/slam_pkg/package.dsv'
[1.440s] INFO:colcon.colcon_core.shell:Creating package script '/simulation/ros2_sim_ws/install/slam_pkg/share/slam_pkg/package.sh'
[1.441s] INFO:colcon.colcon_core.shell:Creating package script '/simulation/ros2_sim_ws/install/slam_pkg/share/slam_pkg/package.bash'
[1.441s] INFO:colcon.colcon_core.shell:Creating package script '/simulation/ros2_sim_ws/install/slam_pkg/share/slam_pkg/package.zsh'
[1.442s] Level 1:colcon.colcon_core.environment:create_file_with_runtime_dependencies(/simulation/ros2_sim_ws/install/slam_pkg/share/colcon-core/packages/slam_pkg)
[1.444s] Level 1:colcon.colcon_core.environment:create_environment_scripts_only(learning_package)
[1.445s] Level 1:colcon.colcon_core.environment:checking '/simulation/ros2_sim_ws/install/learning_package' for CMake module files
[1.446s] Level 1:colcon.colcon_core.environment:checking '/simulation/ros2_sim_ws/install/learning_package' for CMake config files
[1.447s] Level 1:colcon.colcon_core.shell:create_environment_hook('learning_package', 'cmake_prefix_path')
[1.447s] INFO:colcon.colcon_core.shell:Creating environment hook '/simulation/ros2_sim_ws/install/learning_package/share/learning_package/hook/cmake_prefix_path.ps1'
[1.448s] INFO:colcon.colcon_core.shell:Creating environment descriptor '/simulation/ros2_sim_ws/install/learning_package/share/learning_package/hook/cmake_prefix_path.dsv'
[1.449s] INFO:colcon.colcon_core.shell:Creating environment hook '/simulation/ros2_sim_ws/install/learning_package/share/learning_package/hook/cmake_prefix_path.sh'
[1.450s] Level 1:colcon.colcon_core.environment:checking '/simulation/ros2_sim_ws/install/learning_package/bin'
[1.450s] Level 1:colcon.colcon_core.environment:checking '/simulation/ros2_sim_ws/install/learning_package/lib/pkgconfig/learning_package.pc'
[1.451s] Level 1:colcon.colcon_core.environment:checking '/simulation/ros2_sim_ws/install/learning_package/lib/python3.10/site-packages'
[1.451s] Level 1:colcon.colcon_core.environment:checking '/simulation/ros2_sim_ws/install/learning_package/bin'
[1.452s] INFO:colcon.colcon_core.shell:Creating package script '/simulation/ros2_sim_ws/install/learning_package/share/learning_package/package.ps1'
[1.453s] INFO:colcon.colcon_core.shell:Creating package descriptor '/simulation/ros2_sim_ws/install/learning_package/share/learning_package/package.dsv'
[1.454s] INFO:colcon.colcon_core.shell:Creating package script '/simulation/ros2_sim_ws/install/learning_package/share/learning_package/package.sh'
[1.455s] INFO:colcon.colcon_core.shell:Creating package script '/simulation/ros2_sim_ws/install/learning_package/share/learning_package/package.bash'
[1.456s] INFO:colcon.colcon_core.shell:Creating package script '/simulation/ros2_sim_ws/install/learning_package/share/learning_package/package.zsh'
[1.457s] Level 1:colcon.colcon_core.environment:create_file_with_runtime_dependencies(/simulation/ros2_sim_ws/install/learning_package/share/colcon-core/packages/learning_package)
[1.476s] Level 1:colcon.colcon_core.environment:create_environment_scripts_only(navigation_pkg)
[1.477s] Level 1:colcon.colcon_core.environment:checking '/simulation/ros2_sim_ws/install/navigation_pkg' for CMake module files
[1.478s] Level 1:colcon.colcon_core.environment:checking '/simulation/ros2_sim_ws/install/navigation_pkg' for CMake config files
[1.478s] Level 1:colcon.colcon_core.shell:create_environment_hook('navigation_pkg', 'cmake_prefix_path')
[1.479s] INFO:colcon.colcon_core.shell:Creating environment hook '/simulation/ros2_sim_ws/install/navigation_pkg/share/navigation_pkg/hook/cmake_prefix_path.ps1'
[1.480s] INFO:colcon.colcon_core.shell:Creating environment descriptor '/simulation/ros2_sim_ws/install/navigation_pkg/share/navigation_pkg/hook/cmake_prefix_path.dsv'
[1.481s] INFO:colcon.colcon_core.shell:Creating environment hook '/simulation/ros2_sim_ws/install/navigation_pkg/share/navigation_pkg/hook/cmake_prefix_path.sh'
[1.483s] Level 1:colcon.colcon_core.environment:checking '/simulation/ros2_sim_ws/install/navigation_pkg/bin'
[1.483s] Level 1:colcon.colcon_core.environment:checking '/simulation/ros2_sim_ws/install/navigation_pkg/lib/pkgconfig/navigation_pkg.pc'
[1.483s] Level 1:colcon.colcon_core.environment:checking '/simulation/ros2_sim_ws/install/navigation_pkg/lib/python3.10/site-packages'
[1.484s] Level 1:colcon.colcon_core.environment:checking '/simulation/ros2_sim_ws/install/navigation_pkg/bin'
[1.485s] INFO:colcon.colcon_core.shell:Creating package script '/simulation/ros2_sim_ws/install/navigation_pkg/share/navigation_pkg/package.ps1'
[1.486s] INFO:colcon.colcon_core.shell:Creating package descriptor '/simulation/ros2_sim_ws/install/navigation_pkg/share/navigation_pkg/package.dsv'
[1.487s] INFO:colcon.colcon_core.shell:Creating package script '/simulation/ros2_sim_ws/install/navigation_pkg/share/navigation_pkg/package.sh'
[1.488s] INFO:colcon.colcon_core.shell:Creating package script '/simulation/ros2_sim_ws/install/navigation_pkg/share/navigation_pkg/package.bash'
[1.489s] INFO:colcon.colcon_core.shell:Creating package script '/simulation/ros2_sim_ws/install/navigation_pkg/share/navigation_pkg/package.zsh'
[1.490s] Level 1:colcon.colcon_core.environment:create_file_with_runtime_dependencies(/simulation/ros2_sim_ws/install/navigation_pkg/share/colcon-core/packages/navigation_pkg)
[1.491s] DEBUG:colcon.colcon_parallel_executor.executor.parallel:closing loop
[1.492s] DEBUG:colcon.colcon_parallel_executor.executor.parallel:loop closed
[1.492s] DEBUG:colcon.colcon_parallel_executor.executor.parallel:run_until_complete finished with '0'
[1.492s] DEBUG:colcon.colcon_core.event_reactor:joining thread
[1.504s] INFO:colcon.colcon_core.plugin_system:Skipping extension 'colcon_notification.desktop_notification.notify_send': Could not find 'notify-send'
[1.505s] INFO:colcon.colcon_core.plugin_system:Skipping extension 'colcon_notification.desktop_notification.terminal_notifier': Not used on non-Darwin systems
[1.505s] INFO:colcon.colcon_core.plugin_system:Skipping extension 'colcon_notification.desktop_notification.win32': Not used on non-Windows systems
[1.505s] INFO:colcon.colcon_notification.desktop_notification:Sending desktop notification using 'notify2'
[1.509s] DEBUG:colcon.colcon_notification.desktop_notification.notify2:Failed to initialize notify2: org.freedesktop.DBus.Error.Spawn.ExecFailed: /usr/bin/dbus-launch terminated abnormally without any error message
[1.510s] DEBUG:colcon.colcon_core.event_reactor:joined thread
[1.512s] INFO:colcon.colcon_core.shell:Creating prefix script '/simulation/ros2_sim_ws/install/local_setup.ps1'
[1.516s] INFO:colcon.colcon_core.shell:Creating prefix util module '/simulation/ros2_sim_ws/install/_local_setup_util_ps1.py'
[1.521s] INFO:colcon.colcon_core.shell:Creating prefix chain script '/simulation/ros2_sim_ws/install/setup.ps1'
[1.525s] INFO:colcon.colcon_core.shell:Creating prefix script '/simulation/ros2_sim_ws/install/local_setup.sh'
[1.527s] INFO:colcon.colcon_core.shell:Creating prefix util module '/simulation/ros2_sim_ws/install/_local_setup_util_sh.py'
[1.529s] INFO:colcon.colcon_core.shell:Creating prefix chain script '/simulation/ros2_sim_ws/install/setup.sh'
[1.532s] INFO:colcon.colcon_core.shell:Creating prefix script '/simulation/ros2_sim_ws/install/local_setup.bash'
[1.534s] INFO:colcon.colcon_core.shell:Creating prefix chain script '/simulation/ros2_sim_ws/install/setup.bash'
[1.538s] INFO:colcon.colcon_core.shell:Creating prefix script '/simulation/ros2_sim_ws/install/local_setup.zsh'
[1.540s] INFO:colcon.colcon_core.shell:Creating prefix chain script '/simulation/ros2_sim_ws/install/setup.zsh'
