[0.014s] Invoking command in '/simulation/build/navigation_pkg': CMAKE_PREFIX_PATH=${CMAKE_PREFIX_PATH}:/opt/ros/humble /usr/bin/cmake --build /simulation/build/navigation_pkg -- -j12 -l12
[0.047s] Invoked command in '/simulation/build/navigation_pkg' returned '0': CMAKE_PREFIX_PATH=${CMAKE_PREFIX_PATH}:/opt/ros/humble /usr/bin/cmake --build /simulation/build/navigation_pkg -- -j12 -l12
[0.056s] Invoking command in '/simulation/build/navigation_pkg': CMAKE_PREFIX_PATH=${CMAKE_PREFIX_PATH}:/opt/ros/humble /usr/bin/cmake --install /simulation/build/navigation_pkg
[0.063s] -- Install configuration: ""
[0.064s] -- Execute custom install script
[0.064s] -- Up-to-date symlink: /simulation/install/navigation_pkg/share/ament_index/resource_index/package_run_dependencies/navigation_pkg
[0.064s] -- Up-to-date symlink: /simulation/install/navigation_pkg/share/ament_index/resource_index/parent_prefix_path/navigation_pkg
[0.064s] -- Up-to-date symlink: /simulation/install/navigation_pkg/share/navigation_pkg/environment/ament_prefix_path.sh
[0.064s] -- Up-to-date symlink: /simulation/install/navigation_pkg/share/navigation_pkg/environment/ament_prefix_path.dsv
[0.064s] -- Up-to-date symlink: /simulation/install/navigation_pkg/share/navigation_pkg/environment/path.sh
[0.064s] -- Up-to-date symlink: /simulation/install/navigation_pkg/share/navigation_pkg/environment/path.dsv
[0.064s] -- Up-to-date symlink: /simulation/install/navigation_pkg/share/navigation_pkg/local_setup.bash
[0.064s] -- Up-to-date symlink: /simulation/install/navigation_pkg/share/navigation_pkg/local_setup.sh
[0.065s] -- Up-to-date symlink: /simulation/install/navigation_pkg/share/navigation_pkg/local_setup.zsh
[0.065s] -- Up-to-date symlink: /simulation/install/navigation_pkg/share/navigation_pkg/local_setup.dsv
[0.065s] -- Symlinking: /simulation/install/navigation_pkg/share/navigation_pkg/package.dsv
[0.073s] -- Up-to-date symlink: /simulation/install/navigation_pkg/share/ament_index/resource_index/packages/navigation_pkg
[0.073s] -- Up-to-date symlink: /simulation/install/navigation_pkg/share/navigation_pkg/cmake/navigation_pkgConfig.cmake
[0.073s] -- Up-to-date symlink: /simulation/install/navigation_pkg/share/navigation_pkg/cmake/navigation_pkgConfig-version.cmake
[0.073s] -- Up-to-date symlink: /simulation/install/navigation_pkg/share/navigation_pkg/package.xml
[0.076s] Invoked command in '/simulation/build/navigation_pkg' returned '0': CMAKE_PREFIX_PATH=${CMAKE_PREFIX_PATH}:/opt/ros/humble /usr/bin/cmake --install /simulation/build/navigation_pkg
