[0.478s] Invoking command in '/simulation/ros2_sim_ws/build/robot_pkg': CMAKE_PREFIX_PATH=/opt/ros/humble /usr/bin/cmake --build /simulation/ros2_sim_ws/build/robot_pkg -- -j8 -l8
[0.559s] -- Found ament_cmake: 1.3.10 (/opt/ros/humble/share/ament_cmake/cmake)
[0.807s] -- Override CMake install command with custom implementation using symlinks instead of copying resources
[0.836s] -- Found ament_lint_auto: 0.12.11 (/opt/ros/humble/share/ament_lint_auto/cmake)
[0.983s] -- Added test 'flake8' to check Python code syntax and style conventions
[0.984s] -- Added test 'lint_cmake' to check CMake code style
[0.985s] -- Added test 'pep257' to check Python code against some of the docstring style conventions in PEP 257
[0.990s] -- Added test 'xmllint' to check XML markup files
[0.993s] -- Configuring done
[0.998s] -- Generating done
[1.002s] -- Build files have been written to: /simulation/ros2_sim_ws/build/robot_pkg
[1.045s] Invoked command in '/simulation/ros2_sim_ws/build/robot_pkg' returned '0': CMAKE_PREFIX_PATH=/opt/ros/humble /usr/bin/cmake --build /simulation/ros2_sim_ws/build/robot_pkg -- -j8 -l8
[1.103s] Invoking command in '/simulation/ros2_sim_ws/build/robot_pkg': CMAKE_PREFIX_PATH=/opt/ros/humble /usr/bin/cmake --install /simulation/ros2_sim_ws/build/robot_pkg
[1.117s] -- Install configuration: ""
[1.118s] -- Execute custom install script
[1.118s] -- Symlinking: /simulation/ros2_sim_ws/install/robot_pkg/share/robot_pkg/launch/joystick.launch.py
[1.136s] -- Up-to-date symlink: /simulation/ros2_sim_ws/install/robot_pkg/share/robot_pkg/launch/launch_sim.launch.py
[1.136s] -- Up-to-date symlink: /simulation/ros2_sim_ws/install/robot_pkg/share/robot_pkg/launch/robot_urdf.launch.py
[1.137s] -- Up-to-date symlink: /simulation/ros2_sim_ws/install/robot_pkg/share/robot_pkg/description/gazebo_control.xacro
[1.137s] -- Up-to-date symlink: /simulation/ros2_sim_ws/install/robot_pkg/share/robot_pkg/description/inertial_macros.xacro
[1.138s] -- Up-to-date symlink: /simulation/ros2_sim_ws/install/robot_pkg/share/robot_pkg/description/lidar.xacro
[1.138s] -- Up-to-date symlink: /simulation/ros2_sim_ws/install/robot_pkg/share/robot_pkg/description/robot.urdf.xacro
[1.138s] -- Up-to-date symlink: /simulation/ros2_sim_ws/install/robot_pkg/share/robot_pkg/description/robot_core.xacro
[1.139s] -- Symlinking: /simulation/ros2_sim_ws/install/robot_pkg/share/robot_pkg/config/joystick.yaml
[1.155s] -- Up-to-date symlink: /simulation/ros2_sim_ws/install/robot_pkg/share/robot_pkg/config/robot_sim.rviz
[1.155s] -- Up-to-date symlink: /simulation/ros2_sim_ws/install/robot_pkg/share/robot_pkg/config/twist_mux.yaml
[1.156s] -- Up-to-date symlink: /simulation/ros2_sim_ws/install/robot_pkg/share/ament_index/resource_index/package_run_dependencies/robot_pkg
[1.156s] -- Up-to-date symlink: /simulation/ros2_sim_ws/install/robot_pkg/share/ament_index/resource_index/parent_prefix_path/robot_pkg
[1.156s] -- Up-to-date symlink: /simulation/ros2_sim_ws/install/robot_pkg/share/robot_pkg/environment/ament_prefix_path.sh
[1.156s] -- Up-to-date symlink: /simulation/ros2_sim_ws/install/robot_pkg/share/robot_pkg/environment/ament_prefix_path.dsv
[1.157s] -- Up-to-date symlink: /simulation/ros2_sim_ws/install/robot_pkg/share/robot_pkg/environment/path.sh
[1.157s] -- Up-to-date symlink: /simulation/ros2_sim_ws/install/robot_pkg/share/robot_pkg/environment/path.dsv
[1.157s] -- Up-to-date symlink: /simulation/ros2_sim_ws/install/robot_pkg/share/robot_pkg/local_setup.bash
[1.157s] -- Up-to-date symlink: /simulation/ros2_sim_ws/install/robot_pkg/share/robot_pkg/local_setup.sh
[1.158s] -- Up-to-date symlink: /simulation/ros2_sim_ws/install/robot_pkg/share/robot_pkg/local_setup.zsh
[1.158s] -- Up-to-date symlink: /simulation/ros2_sim_ws/install/robot_pkg/share/robot_pkg/local_setup.dsv
[1.158s] -- Symlinking: /simulation/ros2_sim_ws/install/robot_pkg/share/robot_pkg/package.dsv
[1.174s] -- Up-to-date symlink: /simulation/ros2_sim_ws/install/robot_pkg/share/ament_index/resource_index/packages/robot_pkg
[1.175s] -- Up-to-date symlink: /simulation/ros2_sim_ws/install/robot_pkg/share/robot_pkg/cmake/robot_pkgConfig.cmake
[1.175s] -- Up-to-date symlink: /simulation/ros2_sim_ws/install/robot_pkg/share/robot_pkg/cmake/robot_pkgConfig-version.cmake
[1.175s] -- Up-to-date symlink: /simulation/ros2_sim_ws/install/robot_pkg/share/robot_pkg/package.xml
[1.178s] Invoked command in '/simulation/ros2_sim_ws/build/robot_pkg' returned '0': CMAKE_PREFIX_PATH=/opt/ros/humble /usr/bin/cmake --install /simulation/ros2_sim_ws/build/robot_pkg
