[0.018s] Invoking command in '/simulation/build/ldlidar_stl_ros2': CMAKE_PREFIX_PATH=/opt/ros/humble /usr/bin/cmake /simulation/ros2_sim_ws/src/ldlidar_stl_ros2 -DAMENT_CMAKE_SYMLINK_INSTALL=1 -DCMAKE_INSTALL_PREFIX=/simulation/install/ldlidar_stl_ros2
[0.104s] -- The C compiler identification is GNU 11.4.0
[0.163s] -- The CXX compiler identification is GNU 11.4.0
[0.169s] -- Detecting C compiler ABI info
[0.226s] -- Detecting C compiler ABI info - done
[0.231s] -- Check for working C compiler: /usr/bin/cc - skipped
[0.231s] -- Detecting C compile features
[0.231s] -- Detecting C compile features - done
[0.233s] -- Detecting CXX compiler ABI info
[0.282s] -- Detecting CXX compiler ABI info - done
[0.290s] -- Check for working CXX compiler: /usr/bin/c++ - skipped
[0.290s] -- Detecting CXX compile features
[0.290s] -- Detecting CXX compile features - done
[0.293s] -- Found ament_cmake: 1.3.11 (/opt/ros/humble/share/ament_cmake/cmake)
[0.403s] -- Found Python3: /usr/bin/python3 (found version "3.10.12") found components: Interpreter 
[0.464s] -- Override CMake install command with custom implementation using symlinks instead of copying resources
[0.502s] -- Found rclcpp: 16.0.11 (/opt/ros/humble/share/rclcpp/cmake)
[0.555s] -- Found rosidl_generator_c: 3.1.6 (/opt/ros/humble/share/rosidl_generator_c/cmake)
[0.561s] -- Found rosidl_adapter: 3.1.6 (/opt/ros/humble/share/rosidl_adapter/cmake)
[0.571s] -- Found rosidl_generator_cpp: 3.1.6 (/opt/ros/humble/share/rosidl_generator_cpp/cmake)
[0.583s] -- Using all available rosidl_typesupport_c: rosidl_typesupport_fastrtps_c;rosidl_typesupport_introspection_c
[0.604s] -- Using all available rosidl_typesupport_cpp: rosidl_typesupport_fastrtps_cpp;rosidl_typesupport_introspection_cpp
[0.654s] -- Found rmw_implementation_cmake: 6.1.2 (/opt/ros/humble/share/rmw_implementation_cmake/cmake)
[0.658s] -- Found rmw_fastrtps_cpp: 6.2.7 (/opt/ros/humble/share/rmw_fastrtps_cpp/cmake)
[0.755s] -- Found OpenSSL: /usr/lib/x86_64-linux-gnu/libcrypto.so (found version "3.0.2")  
[0.780s] -- Found FastRTPS: /opt/ros/humble/include  
[0.817s] -- Using RMW implementation 'rmw_fastrtps_cpp' as default
[0.826s] -- Looking for pthread.h
[0.889s] -- Looking for pthread.h - found
[0.889s] -- Performing Test CMAKE_HAVE_LIBC_PTHREAD
[0.951s] -- Performing Test CMAKE_HAVE_LIBC_PTHREAD - Success
[0.952s] -- Found Threads: TRUE  
[1.009s] -- Found sensor_msgs: 4.2.4 (/opt/ros/humble/share/sensor_msgs/cmake)
[1.043s] -- Found ament_lint_auto: 0.12.11 (/opt/ros/humble/share/ament_lint_auto/cmake)
[1.105s] -- Added test 'copyright' to check source files copyright and LICENSE
[1.107s] -- Added test 'cppcheck' to perform static code analysis on C / C++ code
[1.107s] -- Configured cppcheck include dirs: /simulation/ros2_sim_ws/src/ldlidar_stl_ros2/include;/simulation/ros2_sim_ws/src/ldlidar_stl_ros2/ldlidar_driver/include/core;/simulation/ros2_sim_ws/src/ldlidar_stl_ros2/ldlidar_driver/include/dataprocess;/simulation/ros2_sim_ws/src/ldlidar_stl_ros2/ldlidar_driver/include/filter;/simulation/ros2_sim_ws/src/ldlidar_stl_ros2/ldlidar_driver/include/logger;/simulation/ros2_sim_ws/src/ldlidar_stl_ros2/ldlidar_driver/include/networkcom;/simulation/ros2_sim_ws/src/ldlidar_stl_ros2/ldlidar_driver/include/serialcom
[1.107s] -- Configured cppcheck exclude dirs and/or files: 
[1.110s] -- Added test 'cpplint' to check C / C++ code against the Google style
[1.110s] -- Configured cpplint exclude dirs and/or files: 
[1.110s] -- Added test 'flake8' to check Python code syntax and style conventions
[1.111s] -- Added test 'lint_cmake' to check CMake code style
[1.111s] -- Added test 'pep257' to check Python code against some of the docstring style conventions in PEP 257
[1.113s] -- Added test 'uncrustify' to check C / C++ code style
[1.113s] -- Configured uncrustify additional arguments: 
[1.114s] -- Added test 'xmllint' to check XML markup files
[1.115s] -- Configuring done
[1.121s] -- Generating done
[1.124s] -- Build files have been written to: /simulation/build/ldlidar_stl_ros2
[1.129s] Invoked command in '/simulation/build/ldlidar_stl_ros2' returned '0': CMAKE_PREFIX_PATH=/opt/ros/humble /usr/bin/cmake /simulation/ros2_sim_ws/src/ldlidar_stl_ros2 -DAMENT_CMAKE_SYMLINK_INSTALL=1 -DCMAKE_INSTALL_PREFIX=/simulation/install/ldlidar_stl_ros2
[1.130s] Invoking command in '/simulation/build/ldlidar_stl_ros2': CMAKE_PREFIX_PATH=/opt/ros/humble /usr/bin/cmake --build /simulation/build/ldlidar_stl_ros2 -- -j12 -l12
[1.188s] [ 12%] [32mBuilding CXX object CMakeFiles/ldlidar_stl_ros2_node.dir/src/demo.cpp.o[0m
[1.189s] [ 25%] [32mBuilding CXX object CMakeFiles/ldlidar_stl_ros2_node.dir/ldlidar_driver/src/core/ldlidar_driver.cpp.o[0m
[1.190s] [ 50%] [32mBuilding CXX object CMakeFiles/ldlidar_stl_ros2_node.dir/ldlidar_driver/src/logger/log_module.cpp.o[0m
[1.190s] [ 50%] [32mBuilding CXX object CMakeFiles/ldlidar_stl_ros2_node.dir/ldlidar_driver/src/filter/tofbf.cpp.o[0m
[1.197s] [ 62%] [32mBuilding CXX object CMakeFiles/ldlidar_stl_ros2_node.dir/ldlidar_driver/src/dataprocess/lipkg.cpp.o[0m
[1.201s] [ 75%] [32mBuilding CXX object CMakeFiles/ldlidar_stl_ros2_node.dir/ldlidar_driver/src/serialcom/serial_interface_linux.cpp.o[0m
[1.202s] [ 87%] [32mBuilding CXX object CMakeFiles/ldlidar_stl_ros2_node.dir/ldlidar_driver/src/networkcom/network_socket_interface_linux.cpp.o[0m
[3.983s] [100%] [32m[1mLinking CXX executable ldlidar_stl_ros2_node[0m
[4.146s] [100%] Built target ldlidar_stl_ros2_node
[4.155s] Invoked command in '/simulation/build/ldlidar_stl_ros2' returned '0': CMAKE_PREFIX_PATH=/opt/ros/humble /usr/bin/cmake --build /simulation/build/ldlidar_stl_ros2 -- -j12 -l12
[4.155s] Invoking command in '/simulation/build/ldlidar_stl_ros2': CMAKE_PREFIX_PATH=/opt/ros/humble /usr/bin/cmake --install /simulation/build/ldlidar_stl_ros2
[4.160s] -- Install configuration: ""
[4.160s] -- Execute custom install script
[4.160s] -- Symlinking: /simulation/install/ldlidar_stl_ros2/lib/ldlidar_stl_ros2/ldlidar_stl_ros2_node
[4.168s] -- Symlinking: /simulation/install/ldlidar_stl_ros2/share/ldlidar_stl_ros2//launch/ld06.launch.py
[4.174s] -- Symlinking: /simulation/install/ldlidar_stl_ros2/share/ldlidar_stl_ros2//launch/ld19.launch.py
[4.181s] -- Symlinking: /simulation/install/ldlidar_stl_ros2/share/ldlidar_stl_ros2//launch/lidar_launch.launch.py
[4.188s] -- Symlinking: /simulation/install/ldlidar_stl_ros2/share/ldlidar_stl_ros2//launch/stl27l.launch.py
[4.193s] -- Symlinking: /simulation/install/ldlidar_stl_ros2/share/ldlidar_stl_ros2//launch/viewer_ld06.launch.py
[4.200s] -- Symlinking: /simulation/install/ldlidar_stl_ros2/share/ldlidar_stl_ros2//launch/viewer_ld19.launch.py
[4.205s] -- Symlinking: /simulation/install/ldlidar_stl_ros2/share/ldlidar_stl_ros2//launch/viewer_stl27l.launch.py
[4.210s] -- Symlinking: /simulation/install/ldlidar_stl_ros2/share/ldlidar_stl_ros2//rviz2/ldlidar.rviz
[4.218s] -- Symlinking: /simulation/install/ldlidar_stl_ros2/share/ament_index/resource_index/package_run_dependencies/ldlidar_stl_ros2
[4.225s] -- Symlinking: /simulation/install/ldlidar_stl_ros2/share/ament_index/resource_index/parent_prefix_path/ldlidar_stl_ros2
[4.233s] -- Symlinking: /simulation/install/ldlidar_stl_ros2/share/ldlidar_stl_ros2/environment/ament_prefix_path.sh
[4.238s] -- Symlinking: /simulation/install/ldlidar_stl_ros2/share/ldlidar_stl_ros2/environment/ament_prefix_path.dsv
[4.245s] -- Symlinking: /simulation/install/ldlidar_stl_ros2/share/ldlidar_stl_ros2/environment/path.sh
[4.251s] -- Symlinking: /simulation/install/ldlidar_stl_ros2/share/ldlidar_stl_ros2/environment/path.dsv
[4.257s] -- Symlinking: /simulation/install/ldlidar_stl_ros2/share/ldlidar_stl_ros2/local_setup.bash
[4.264s] -- Symlinking: /simulation/install/ldlidar_stl_ros2/share/ldlidar_stl_ros2/local_setup.sh
[4.270s] -- Symlinking: /simulation/install/ldlidar_stl_ros2/share/ldlidar_stl_ros2/local_setup.zsh
[4.279s] -- Symlinking: /simulation/install/ldlidar_stl_ros2/share/ldlidar_stl_ros2/local_setup.dsv
[4.285s] -- Symlinking: /simulation/install/ldlidar_stl_ros2/share/ldlidar_stl_ros2/package.dsv
[4.292s] -- Symlinking: /simulation/install/ldlidar_stl_ros2/share/ament_index/resource_index/packages/ldlidar_stl_ros2
[4.300s] -- Symlinking: /simulation/install/ldlidar_stl_ros2/share/ldlidar_stl_ros2/cmake/ldlidar_stl_ros2Config.cmake
[4.306s] -- Symlinking: /simulation/install/ldlidar_stl_ros2/share/ldlidar_stl_ros2/cmake/ldlidar_stl_ros2Config-version.cmake
[4.311s] -- Symlinking: /simulation/install/ldlidar_stl_ros2/share/ldlidar_stl_ros2/package.xml
[4.322s] Invoked command in '/simulation/build/ldlidar_stl_ros2' returned '0': CMAKE_PREFIX_PATH=/opt/ros/humble /usr/bin/cmake --install /simulation/build/ldlidar_stl_ros2
