[0.016s] Invoking command in '/simulation/ros2_sim_ws/build/robot_pkg': CMAKE_PREFIX_PATH=${CMAKE_PREFIX_PATH}:/opt/ros/humble /usr/bin/cmake --build /simulation/ros2_sim_ws/build/robot_pkg -- -j8 -l8
[0.055s] Invoked command in '/simulation/ros2_sim_ws/build/robot_pkg' returned '0': CMAKE_PREFIX_PATH=${CMAKE_PREFIX_PATH}:/opt/ros/humble /usr/bin/cmake --build /simulation/ros2_sim_ws/build/robot_pkg -- -j8 -l8
[0.082s] Invoking command in '/simulation/ros2_sim_ws/build/robot_pkg': CMAKE_PREFIX_PATH=${CMAKE_PREFIX_PATH}:/opt/ros/humble /usr/bin/cmake --install /simulation/ros2_sim_ws/build/robot_pkg
[0.089s] -- Install configuration: ""
[0.091s] -- Execute custom install script
[0.091s] -- Up-to-date symlink: /simulation/ros2_sim_ws/install/robot_pkg/share/robot_pkg/launch/launch_sim.launch.py
[0.091s] -- Up-to-date symlink: /simulation/ros2_sim_ws/install/robot_pkg/share/robot_pkg/launch/robot_urdf.launch.py
[0.091s] -- Up-to-date symlink: /simulation/ros2_sim_ws/install/robot_pkg/share/robot_pkg/description/gazebo_control.xacro
[0.091s] -- Up-to-date symlink: /simulation/ros2_sim_ws/install/robot_pkg/share/robot_pkg/description/inertial_macros.xacro
[0.091s] -- Up-to-date symlink: /simulation/ros2_sim_ws/install/robot_pkg/share/robot_pkg/description/robot.urdf.xacro
[0.091s] -- Up-to-date symlink: /simulation/ros2_sim_ws/install/robot_pkg/share/robot_pkg/description/robot_core.xacro
[0.092s] -- Up-to-date symlink: /simulation/ros2_sim_ws/install/robot_pkg/share/robot_pkg/config/robot_sim.rviz
[0.092s] -- Up-to-date symlink: /simulation/ros2_sim_ws/install/robot_pkg/share/ament_index/resource_index/package_run_dependencies/robot_pkg
[0.092s] -- Up-to-date symlink: /simulation/ros2_sim_ws/install/robot_pkg/share/ament_index/resource_index/parent_prefix_path/robot_pkg
[0.092s] -- Up-to-date symlink: /simulation/ros2_sim_ws/install/robot_pkg/share/robot_pkg/environment/ament_prefix_path.sh
[0.093s] -- Up-to-date symlink: /simulation/ros2_sim_ws/install/robot_pkg/share/robot_pkg/environment/ament_prefix_path.dsv
[0.093s] -- Up-to-date symlink: /simulation/ros2_sim_ws/install/robot_pkg/share/robot_pkg/environment/path.sh
[0.093s] -- Up-to-date symlink: /simulation/ros2_sim_ws/install/robot_pkg/share/robot_pkg/environment/path.dsv
[0.093s] -- Up-to-date symlink: /simulation/ros2_sim_ws/install/robot_pkg/share/robot_pkg/local_setup.bash
[0.094s] -- Up-to-date symlink: /simulation/ros2_sim_ws/install/robot_pkg/share/robot_pkg/local_setup.sh
[0.094s] -- Up-to-date symlink: /simulation/ros2_sim_ws/install/robot_pkg/share/robot_pkg/local_setup.zsh
[0.094s] -- Up-to-date symlink: /simulation/ros2_sim_ws/install/robot_pkg/share/robot_pkg/local_setup.dsv
[0.094s] -- Symlinking: /simulation/ros2_sim_ws/install/robot_pkg/share/robot_pkg/package.dsv
[0.105s] -- Up-to-date symlink: /simulation/ros2_sim_ws/install/robot_pkg/share/ament_index/resource_index/packages/robot_pkg
[0.105s] -- Up-to-date symlink: /simulation/ros2_sim_ws/install/robot_pkg/share/robot_pkg/cmake/robot_pkgConfig.cmake
[0.105s] -- Up-to-date symlink: /simulation/ros2_sim_ws/install/robot_pkg/share/robot_pkg/cmake/robot_pkgConfig-version.cmake
[0.105s] -- Up-to-date symlink: /simulation/ros2_sim_ws/install/robot_pkg/share/robot_pkg/package.xml
[0.130s] Invoked command in '/simulation/ros2_sim_ws/build/robot_pkg' returned '0': CMAKE_PREFIX_PATH=${CMAKE_PREFIX_PATH}:/opt/ros/humble /usr/bin/cmake --install /simulation/ros2_sim_ws/build/robot_pkg
