[0.060s] DEBUG:colcon:Command line arguments: ['/usr/bin/colcon', 'build', '--symlink-install']
[0.060s] DEBUG:colcon:Parsed command line arguments: Namespace(log_base=None, log_level=None, verb_name='build', build_base='build', install_base='install', merge_install=False, symlink_install=True, test_result_base=None, continue_on_error=False, executor='parallel', parallel_workers=12, event_handlers=None, ignore_user_meta=False, metas=['./colcon.meta'], base_paths=['.'], packages_ignore=None, packages_ignore_regex=None, paths=None, packages_up_to=None, packages_up_to_regex=None, packages_above=None, packages_above_and_dependencies=None, packages_above_depth=None, packages_select_by_dep=None, packages_skip_by_dep=None, packages_skip_up_to=None, packages_select_build_failed=False, packages_skip_build_finished=False, packages_select_test_failures=False, packages_skip_test_passed=False, packages_select=None, packages_skip=None, packages_select_regex=None, packages_skip_regex=None, packages_start=None, packages_end=None, cmake_args=None, cmake_target=None, cmake_target_skip_unavailable=False, cmake_clean_cache=False, cmake_clean_first=False, cmake_force_configure=False, ament_cmake_args=None, catkin_cmake_args=None, catkin_skip_building_tests=False, mixin_files=None, mixin=None, verb_parser=<colcon_mixin.mixin.mixin_argument.MixinArgumentDecorator object at 0x7ea504376dd0>, verb_extension=<colcon_core.verb.build.BuildVerb object at 0x7ea5043766b0>, main=<bound method BuildVerb.main of <colcon_core.verb.build.BuildVerb object at 0x7ea5043766b0>>, mixin_verb=('build',))
[0.135s] Level 1:colcon.colcon_core.package_discovery:discover_packages(colcon_meta) check parameters
[0.135s] Level 1:colcon.colcon_core.package_discovery:discover_packages(recursive) check parameters
[0.135s] Level 1:colcon.colcon_core.package_discovery:discover_packages(ignore) check parameters
[0.135s] Level 1:colcon.colcon_core.package_discovery:discover_packages(path) check parameters
[0.135s] Level 1:colcon.colcon_core.package_discovery:discover_packages(colcon_meta) discover
[0.135s] Level 1:colcon.colcon_core.package_discovery:discover_packages(recursive) discover
[0.135s] INFO:colcon.colcon_core.package_discovery:Crawling recursively for packages in '/simulation'
[0.135s] Level 1:colcon.colcon_core.package_identification:_identify(.) by extensions ['ignore', 'ignore_ament_install']
[0.135s] Level 1:colcon.colcon_core.package_identification:_identify(.) by extension 'ignore'
[0.135s] Level 1:colcon.colcon_core.package_identification:_identify(.) by extension 'ignore_ament_install'
[0.135s] Level 1:colcon.colcon_core.package_identification:_identify(.) by extensions ['colcon_pkg']
[0.135s] Level 1:colcon.colcon_core.package_identification:_identify(.) by extension 'colcon_pkg'
[0.135s] Level 1:colcon.colcon_core.package_identification:_identify(.) by extensions ['colcon_meta']
[0.135s] Level 1:colcon.colcon_core.package_identification:_identify(.) by extension 'colcon_meta'
[0.135s] Level 1:colcon.colcon_core.package_identification:_identify(.) by extensions ['ros']
[0.135s] Level 1:colcon.colcon_core.package_identification:_identify(.) by extension 'ros'
[0.143s] Level 1:colcon.colcon_core.package_identification:_identify(.) by extensions ['cmake', 'python']
[0.144s] Level 1:colcon.colcon_core.package_identification:_identify(.) by extension 'cmake'
[0.144s] Level 1:colcon.colcon_core.package_identification:_identify(.) by extension 'python'
[0.144s] Level 1:colcon.colcon_core.package_identification:_identify(.) by extensions ['python_setup_py']
[0.144s] Level 1:colcon.colcon_core.package_identification:_identify(.) by extension 'python_setup_py'
[0.144s] Level 1:colcon.colcon_core.package_identification:_identify(build) by extensions ['ignore', 'ignore_ament_install']
[0.144s] Level 1:colcon.colcon_core.package_identification:_identify(build) by extension 'ignore'
[0.144s] Level 1:colcon.colcon_core.package_identification:_identify(build) ignored
[0.144s] Level 1:colcon.colcon_core.package_identification:_identify(config) by extensions ['ignore', 'ignore_ament_install']
[0.144s] Level 1:colcon.colcon_core.package_identification:_identify(config) by extension 'ignore'
[0.144s] Level 1:colcon.colcon_core.package_identification:_identify(config) by extension 'ignore_ament_install'
[0.144s] Level 1:colcon.colcon_core.package_identification:_identify(config) by extensions ['colcon_pkg']
[0.144s] Level 1:colcon.colcon_core.package_identification:_identify(config) by extension 'colcon_pkg'
[0.144s] Level 1:colcon.colcon_core.package_identification:_identify(config) by extensions ['colcon_meta']
[0.144s] Level 1:colcon.colcon_core.package_identification:_identify(config) by extension 'colcon_meta'
[0.144s] Level 1:colcon.colcon_core.package_identification:_identify(config) by extensions ['ros']
[0.144s] Level 1:colcon.colcon_core.package_identification:_identify(config) by extension 'ros'
[0.144s] Level 1:colcon.colcon_core.package_identification:_identify(config) by extensions ['cmake', 'python']
[0.144s] Level 1:colcon.colcon_core.package_identification:_identify(config) by extension 'cmake'
[0.144s] Level 1:colcon.colcon_core.package_identification:_identify(config) by extension 'python'
[0.144s] Level 1:colcon.colcon_core.package_identification:_identify(config) by extensions ['python_setup_py']
[0.144s] Level 1:colcon.colcon_core.package_identification:_identify(config) by extension 'python_setup_py'
[0.145s] Level 1:colcon.colcon_core.package_identification:_identify(install) by extensions ['ignore', 'ignore_ament_install']
[0.145s] Level 1:colcon.colcon_core.package_identification:_identify(install) by extension 'ignore'
[0.145s] Level 1:colcon.colcon_core.package_identification:_identify(install) ignored
[0.145s] Level 1:colcon.colcon_core.package_identification:_identify(log) by extensions ['ignore', 'ignore_ament_install']
[0.145s] Level 1:colcon.colcon_core.package_identification:_identify(log) by extension 'ignore'
[0.145s] Level 1:colcon.colcon_core.package_identification:_identify(log) ignored
[0.145s] Level 1:colcon.colcon_core.package_identification:_identify(ros2_sim_ws) by extensions ['ignore', 'ignore_ament_install']
[0.145s] Level 1:colcon.colcon_core.package_identification:_identify(ros2_sim_ws) by extension 'ignore'
[0.145s] Level 1:colcon.colcon_core.package_identification:_identify(ros2_sim_ws) by extension 'ignore_ament_install'
[0.145s] Level 1:colcon.colcon_core.package_identification:_identify(ros2_sim_ws) by extensions ['colcon_pkg']
[0.145s] Level 1:colcon.colcon_core.package_identification:_identify(ros2_sim_ws) by extension 'colcon_pkg'
[0.145s] Level 1:colcon.colcon_core.package_identification:_identify(ros2_sim_ws) by extensions ['colcon_meta']
[0.145s] Level 1:colcon.colcon_core.package_identification:_identify(ros2_sim_ws) by extension 'colcon_meta'
[0.145s] Level 1:colcon.colcon_core.package_identification:_identify(ros2_sim_ws) by extensions ['ros']
[0.145s] Level 1:colcon.colcon_core.package_identification:_identify(ros2_sim_ws) by extension 'ros'
[0.145s] Level 1:colcon.colcon_core.package_identification:_identify(ros2_sim_ws) by extensions ['cmake', 'python']
[0.145s] Level 1:colcon.colcon_core.package_identification:_identify(ros2_sim_ws) by extension 'cmake'
[0.145s] Level 1:colcon.colcon_core.package_identification:_identify(ros2_sim_ws) by extension 'python'
[0.145s] Level 1:colcon.colcon_core.package_identification:_identify(ros2_sim_ws) by extensions ['python_setup_py']
[0.145s] Level 1:colcon.colcon_core.package_identification:_identify(ros2_sim_ws) by extension 'python_setup_py'
[0.145s] Level 1:colcon.colcon_core.package_identification:_identify(ros2_sim_ws/build) by extensions ['ignore', 'ignore_ament_install']
[0.145s] Level 1:colcon.colcon_core.package_identification:_identify(ros2_sim_ws/build) by extension 'ignore'
[0.145s] Level 1:colcon.colcon_core.package_identification:_identify(ros2_sim_ws/build) ignored
[0.145s] Level 1:colcon.colcon_core.package_identification:_identify(ros2_sim_ws/install) by extensions ['ignore', 'ignore_ament_install']
[0.145s] Level 1:colcon.colcon_core.package_identification:_identify(ros2_sim_ws/install) by extension 'ignore'
[0.145s] Level 1:colcon.colcon_core.package_identification:_identify(ros2_sim_ws/install) ignored
[0.145s] Level 1:colcon.colcon_core.package_identification:_identify(ros2_sim_ws/log) by extensions ['ignore', 'ignore_ament_install']
[0.146s] Level 1:colcon.colcon_core.package_identification:_identify(ros2_sim_ws/log) by extension 'ignore'
[0.146s] Level 1:colcon.colcon_core.package_identification:_identify(ros2_sim_ws/log) ignored
[0.146s] Level 1:colcon.colcon_core.package_identification:_identify(ros2_sim_ws/src) by extensions ['ignore', 'ignore_ament_install']
[0.146s] Level 1:colcon.colcon_core.package_identification:_identify(ros2_sim_ws/src) by extension 'ignore'
[0.146s] Level 1:colcon.colcon_core.package_identification:_identify(ros2_sim_ws/src) by extension 'ignore_ament_install'
[0.146s] Level 1:colcon.colcon_core.package_identification:_identify(ros2_sim_ws/src) by extensions ['colcon_pkg']
[0.146s] Level 1:colcon.colcon_core.package_identification:_identify(ros2_sim_ws/src) by extension 'colcon_pkg'
[0.146s] Level 1:colcon.colcon_core.package_identification:_identify(ros2_sim_ws/src) by extensions ['colcon_meta']
[0.146s] Level 1:colcon.colcon_core.package_identification:_identify(ros2_sim_ws/src) by extension 'colcon_meta'
[0.146s] Level 1:colcon.colcon_core.package_identification:_identify(ros2_sim_ws/src) by extensions ['ros']
[0.146s] Level 1:colcon.colcon_core.package_identification:_identify(ros2_sim_ws/src) by extension 'ros'
[0.146s] Level 1:colcon.colcon_core.package_identification:_identify(ros2_sim_ws/src) by extensions ['cmake', 'python']
[0.146s] Level 1:colcon.colcon_core.package_identification:_identify(ros2_sim_ws/src) by extension 'cmake'
[0.146s] Level 1:colcon.colcon_core.package_identification:_identify(ros2_sim_ws/src) by extension 'python'
[0.146s] Level 1:colcon.colcon_core.package_identification:_identify(ros2_sim_ws/src) by extensions ['python_setup_py']
[0.146s] Level 1:colcon.colcon_core.package_identification:_identify(ros2_sim_ws/src) by extension 'python_setup_py'
[0.146s] Level 1:colcon.colcon_core.package_identification:_identify(ros2_sim_ws/src/ldlidar_stl_ros2) by extensions ['ignore', 'ignore_ament_install']
[0.146s] Level 1:colcon.colcon_core.package_identification:_identify(ros2_sim_ws/src/ldlidar_stl_ros2) by extension 'ignore'
[0.146s] Level 1:colcon.colcon_core.package_identification:_identify(ros2_sim_ws/src/ldlidar_stl_ros2) by extension 'ignore_ament_install'
[0.146s] Level 1:colcon.colcon_core.package_identification:_identify(ros2_sim_ws/src/ldlidar_stl_ros2) by extensions ['colcon_pkg']
[0.146s] Level 1:colcon.colcon_core.package_identification:_identify(ros2_sim_ws/src/ldlidar_stl_ros2) by extension 'colcon_pkg'
[0.146s] Level 1:colcon.colcon_core.package_identification:_identify(ros2_sim_ws/src/ldlidar_stl_ros2) by extensions ['colcon_meta']
[0.146s] Level 1:colcon.colcon_core.package_identification:_identify(ros2_sim_ws/src/ldlidar_stl_ros2) by extension 'colcon_meta'
[0.146s] Level 1:colcon.colcon_core.package_identification:_identify(ros2_sim_ws/src/ldlidar_stl_ros2) by extensions ['ros']
[0.146s] Level 1:colcon.colcon_core.package_identification:_identify(ros2_sim_ws/src/ldlidar_stl_ros2) by extension 'ros'
[0.148s] DEBUG:colcon.colcon_core.package_identification:Package 'ros2_sim_ws/src/ldlidar_stl_ros2' with type 'ros.ament_cmake' and name 'ldlidar_stl_ros2'
[0.148s] Level 1:colcon.colcon_core.package_identification:_identify(ros2_sim_ws/src/navigation_pkg) by extensions ['ignore', 'ignore_ament_install']
[0.148s] Level 1:colcon.colcon_core.package_identification:_identify(ros2_sim_ws/src/navigation_pkg) by extension 'ignore'
[0.148s] Level 1:colcon.colcon_core.package_identification:_identify(ros2_sim_ws/src/navigation_pkg) by extension 'ignore_ament_install'
[0.148s] Level 1:colcon.colcon_core.package_identification:_identify(ros2_sim_ws/src/navigation_pkg) by extensions ['colcon_pkg']
[0.148s] Level 1:colcon.colcon_core.package_identification:_identify(ros2_sim_ws/src/navigation_pkg) by extension 'colcon_pkg'
[0.148s] Level 1:colcon.colcon_core.package_identification:_identify(ros2_sim_ws/src/navigation_pkg) by extensions ['colcon_meta']
[0.148s] Level 1:colcon.colcon_core.package_identification:_identify(ros2_sim_ws/src/navigation_pkg) by extension 'colcon_meta'
[0.148s] Level 1:colcon.colcon_core.package_identification:_identify(ros2_sim_ws/src/navigation_pkg) by extensions ['ros']
[0.148s] Level 1:colcon.colcon_core.package_identification:_identify(ros2_sim_ws/src/navigation_pkg) by extension 'ros'
[0.149s] DEBUG:colcon.colcon_core.package_identification:Package 'ros2_sim_ws/src/navigation_pkg' with type 'ros.ament_cmake' and name 'navigation_pkg'
[0.149s] Level 1:colcon.colcon_core.package_identification:_identify(ros2_sim_ws/src/robot_pkg) by extensions ['ignore', 'ignore_ament_install']
[0.149s] Level 1:colcon.colcon_core.package_identification:_identify(ros2_sim_ws/src/robot_pkg) by extension 'ignore'
[0.149s] Level 1:colcon.colcon_core.package_identification:_identify(ros2_sim_ws/src/robot_pkg) by extension 'ignore_ament_install'
[0.149s] Level 1:colcon.colcon_core.package_identification:_identify(ros2_sim_ws/src/robot_pkg) by extensions ['colcon_pkg']
[0.149s] Level 1:colcon.colcon_core.package_identification:_identify(ros2_sim_ws/src/robot_pkg) by extension 'colcon_pkg'
[0.149s] Level 1:colcon.colcon_core.package_identification:_identify(ros2_sim_ws/src/robot_pkg) by extensions ['colcon_meta']
[0.149s] Level 1:colcon.colcon_core.package_identification:_identify(ros2_sim_ws/src/robot_pkg) by extension 'colcon_meta'
[0.149s] Level 1:colcon.colcon_core.package_identification:_identify(ros2_sim_ws/src/robot_pkg) by extensions ['ros']
[0.149s] Level 1:colcon.colcon_core.package_identification:_identify(ros2_sim_ws/src/robot_pkg) by extension 'ros'
[0.149s] DEBUG:colcon.colcon_core.package_identification:Package 'ros2_sim_ws/src/robot_pkg' with type 'ros.ament_cmake' and name 'robot_pkg'
[0.149s] Level 1:colcon.colcon_core.package_identification:_identify(ros2_sim_ws/src/slam_pkg) by extensions ['ignore', 'ignore_ament_install']
[0.149s] Level 1:colcon.colcon_core.package_identification:_identify(ros2_sim_ws/src/slam_pkg) by extension 'ignore'
[0.150s] Level 1:colcon.colcon_core.package_identification:_identify(ros2_sim_ws/src/slam_pkg) by extension 'ignore_ament_install'
[0.150s] Level 1:colcon.colcon_core.package_identification:_identify(ros2_sim_ws/src/slam_pkg) by extensions ['colcon_pkg']
[0.150s] Level 1:colcon.colcon_core.package_identification:_identify(ros2_sim_ws/src/slam_pkg) by extension 'colcon_pkg'
[0.150s] Level 1:colcon.colcon_core.package_identification:_identify(ros2_sim_ws/src/slam_pkg) by extensions ['colcon_meta']
[0.150s] Level 1:colcon.colcon_core.package_identification:_identify(ros2_sim_ws/src/slam_pkg) by extension 'colcon_meta'
[0.150s] Level 1:colcon.colcon_core.package_identification:_identify(ros2_sim_ws/src/slam_pkg) by extensions ['ros']
[0.150s] Level 1:colcon.colcon_core.package_identification:_identify(ros2_sim_ws/src/slam_pkg) by extension 'ros'
[0.150s] DEBUG:colcon.colcon_core.package_identification:Package 'ros2_sim_ws/src/slam_pkg' with type 'ros.ament_cmake' and name 'slam_pkg'
[0.150s] Level 1:colcon.colcon_core.package_discovery:discover_packages(recursive) using defaults
[0.150s] Level 1:colcon.colcon_core.package_discovery:discover_packages(ignore) discover
[0.150s] Level 1:colcon.colcon_core.package_discovery:discover_packages(ignore) using defaults
[0.150s] Level 1:colcon.colcon_core.package_discovery:discover_packages(path) discover
[0.150s] Level 1:colcon.colcon_core.package_discovery:discover_packages(path) using defaults
[0.163s] Level 5:colcon.colcon_core.verb:set package 'ldlidar_stl_ros2' build argument 'cmake_args' from command line to 'None'
[0.163s] Level 5:colcon.colcon_core.verb:set package 'ldlidar_stl_ros2' build argument 'cmake_target' from command line to 'None'
[0.163s] Level 5:colcon.colcon_core.verb:set package 'ldlidar_stl_ros2' build argument 'cmake_target_skip_unavailable' from command line to 'False'
[0.163s] Level 5:colcon.colcon_core.verb:set package 'ldlidar_stl_ros2' build argument 'cmake_clean_cache' from command line to 'False'
[0.163s] Level 5:colcon.colcon_core.verb:set package 'ldlidar_stl_ros2' build argument 'cmake_clean_first' from command line to 'False'
[0.163s] Level 5:colcon.colcon_core.verb:set package 'ldlidar_stl_ros2' build argument 'cmake_force_configure' from command line to 'False'
[0.163s] Level 5:colcon.colcon_core.verb:set package 'ldlidar_stl_ros2' build argument 'ament_cmake_args' from command line to 'None'
[0.163s] Level 5:colcon.colcon_core.verb:set package 'ldlidar_stl_ros2' build argument 'catkin_cmake_args' from command line to 'None'
[0.164s] Level 5:colcon.colcon_core.verb:set package 'ldlidar_stl_ros2' build argument 'catkin_skip_building_tests' from command line to 'False'
[0.164s] DEBUG:colcon.colcon_core.verb:Building package 'ldlidar_stl_ros2' with the following arguments: {'ament_cmake_args': None, 'build_base': '/simulation/build/ldlidar_stl_ros2', 'catkin_cmake_args': None, 'catkin_skip_building_tests': False, 'cmake_args': None, 'cmake_clean_cache': False, 'cmake_clean_first': False, 'cmake_force_configure': False, 'cmake_target': None, 'cmake_target_skip_unavailable': False, 'install_base': '/simulation/install/ldlidar_stl_ros2', 'merge_install': False, 'path': '/simulation/ros2_sim_ws/src/ldlidar_stl_ros2', 'symlink_install': True, 'test_result_base': None}
[0.164s] Level 5:colcon.colcon_core.verb:set package 'navigation_pkg' build argument 'cmake_args' from command line to 'None'
[0.164s] Level 5:colcon.colcon_core.verb:set package 'navigation_pkg' build argument 'cmake_target' from command line to 'None'
[0.164s] Level 5:colcon.colcon_core.verb:set package 'navigation_pkg' build argument 'cmake_target_skip_unavailable' from command line to 'False'
[0.164s] Level 5:colcon.colcon_core.verb:set package 'navigation_pkg' build argument 'cmake_clean_cache' from command line to 'False'
[0.164s] Level 5:colcon.colcon_core.verb:set package 'navigation_pkg' build argument 'cmake_clean_first' from command line to 'False'
[0.164s] Level 5:colcon.colcon_core.verb:set package 'navigation_pkg' build argument 'cmake_force_configure' from command line to 'False'
[0.164s] Level 5:colcon.colcon_core.verb:set package 'navigation_pkg' build argument 'ament_cmake_args' from command line to 'None'
[0.164s] Level 5:colcon.colcon_core.verb:set package 'navigation_pkg' build argument 'catkin_cmake_args' from command line to 'None'
[0.164s] Level 5:colcon.colcon_core.verb:set package 'navigation_pkg' build argument 'catkin_skip_building_tests' from command line to 'False'
[0.164s] DEBUG:colcon.colcon_core.verb:Building package 'navigation_pkg' with the following arguments: {'ament_cmake_args': None, 'build_base': '/simulation/build/navigation_pkg', 'catkin_cmake_args': None, 'catkin_skip_building_tests': False, 'cmake_args': None, 'cmake_clean_cache': False, 'cmake_clean_first': False, 'cmake_force_configure': False, 'cmake_target': None, 'cmake_target_skip_unavailable': False, 'install_base': '/simulation/install/navigation_pkg', 'merge_install': False, 'path': '/simulation/ros2_sim_ws/src/navigation_pkg', 'symlink_install': True, 'test_result_base': None}
[0.164s] Level 5:colcon.colcon_core.verb:set package 'robot_pkg' build argument 'cmake_args' from command line to 'None'
[0.164s] Level 5:colcon.colcon_core.verb:set package 'robot_pkg' build argument 'cmake_target' from command line to 'None'
[0.164s] Level 5:colcon.colcon_core.verb:set package 'robot_pkg' build argument 'cmake_target_skip_unavailable' from command line to 'False'
[0.164s] Level 5:colcon.colcon_core.verb:set package 'robot_pkg' build argument 'cmake_clean_cache' from command line to 'False'
[0.164s] Level 5:colcon.colcon_core.verb:set package 'robot_pkg' build argument 'cmake_clean_first' from command line to 'False'
[0.164s] Level 5:colcon.colcon_core.verb:set package 'robot_pkg' build argument 'cmake_force_configure' from command line to 'False'
[0.164s] Level 5:colcon.colcon_core.verb:set package 'robot_pkg' build argument 'ament_cmake_args' from command line to 'None'
[0.164s] Level 5:colcon.colcon_core.verb:set package 'robot_pkg' build argument 'catkin_cmake_args' from command line to 'None'
[0.164s] Level 5:colcon.colcon_core.verb:set package 'robot_pkg' build argument 'catkin_skip_building_tests' from command line to 'False'
[0.164s] DEBUG:colcon.colcon_core.verb:Building package 'robot_pkg' with the following arguments: {'ament_cmake_args': None, 'build_base': '/simulation/build/robot_pkg', 'catkin_cmake_args': None, 'catkin_skip_building_tests': False, 'cmake_args': None, 'cmake_clean_cache': False, 'cmake_clean_first': False, 'cmake_force_configure': False, 'cmake_target': None, 'cmake_target_skip_unavailable': False, 'install_base': '/simulation/install/robot_pkg', 'merge_install': False, 'path': '/simulation/ros2_sim_ws/src/robot_pkg', 'symlink_install': True, 'test_result_base': None}
[0.164s] Level 5:colcon.colcon_core.verb:set package 'slam_pkg' build argument 'cmake_args' from command line to 'None'
[0.164s] Level 5:colcon.colcon_core.verb:set package 'slam_pkg' build argument 'cmake_target' from command line to 'None'
[0.164s] Level 5:colcon.colcon_core.verb:set package 'slam_pkg' build argument 'cmake_target_skip_unavailable' from command line to 'False'
[0.164s] Level 5:colcon.colcon_core.verb:set package 'slam_pkg' build argument 'cmake_clean_cache' from command line to 'False'
[0.164s] Level 5:colcon.colcon_core.verb:set package 'slam_pkg' build argument 'cmake_clean_first' from command line to 'False'
[0.164s] Level 5:colcon.colcon_core.verb:set package 'slam_pkg' build argument 'cmake_force_configure' from command line to 'False'
[0.164s] Level 5:colcon.colcon_core.verb:set package 'slam_pkg' build argument 'ament_cmake_args' from command line to 'None'
[0.164s] Level 5:colcon.colcon_core.verb:set package 'slam_pkg' build argument 'catkin_cmake_args' from command line to 'None'
[0.164s] Level 5:colcon.colcon_core.verb:set package 'slam_pkg' build argument 'catkin_skip_building_tests' from command line to 'False'
[0.164s] DEBUG:colcon.colcon_core.verb:Building package 'slam_pkg' with the following arguments: {'ament_cmake_args': None, 'build_base': '/simulation/build/slam_pkg', 'catkin_cmake_args': None, 'catkin_skip_building_tests': False, 'cmake_args': None, 'cmake_clean_cache': False, 'cmake_clean_first': False, 'cmake_force_configure': False, 'cmake_target': None, 'cmake_target_skip_unavailable': False, 'install_base': '/simulation/install/slam_pkg', 'merge_install': False, 'path': '/simulation/ros2_sim_ws/src/slam_pkg', 'symlink_install': True, 'test_result_base': None}
[0.164s] INFO:colcon.colcon_core.executor:Executing jobs using 'parallel' executor
[0.165s] DEBUG:colcon.colcon_parallel_executor.executor.parallel:run_until_complete
[0.165s] INFO:colcon.colcon_ros.task.ament_cmake.build:Building ROS package in '/simulation/ros2_sim_ws/src/ldlidar_stl_ros2' with build type 'ament_cmake'
[0.166s] INFO:colcon.colcon_cmake.task.cmake.build:Building CMake package in '/simulation/ros2_sim_ws/src/ldlidar_stl_ros2'
[0.167s] INFO:colcon.colcon_core.plugin_system:Skipping extension 'colcon_core.shell.bat': Not used on non-Windows systems
[0.167s] INFO:colcon.colcon_core.shell:Skip shell extension 'powershell' for command environment: Not usable outside of PowerShell
[0.167s] DEBUG:colcon.colcon_core.shell:Skip shell extension 'dsv' for command environment
[0.170s] INFO:colcon.colcon_ros.task.ament_cmake.build:Building ROS package in '/simulation/ros2_sim_ws/src/navigation_pkg' with build type 'ament_cmake'
[0.170s] INFO:colcon.colcon_cmake.task.cmake.build:Building CMake package in '/simulation/ros2_sim_ws/src/navigation_pkg'
[0.170s] INFO:colcon.colcon_core.shell:Skip shell extension 'powershell' for command environment: Not usable outside of PowerShell
[0.170s] DEBUG:colcon.colcon_core.shell:Skip shell extension 'dsv' for command environment
[0.173s] INFO:colcon.colcon_ros.task.ament_cmake.build:Building ROS package in '/simulation/ros2_sim_ws/src/robot_pkg' with build type 'ament_cmake'
[0.173s] INFO:colcon.colcon_cmake.task.cmake.build:Building CMake package in '/simulation/ros2_sim_ws/src/robot_pkg'
[0.173s] INFO:colcon.colcon_core.shell:Skip shell extension 'powershell' for command environment: Not usable outside of PowerShell
[0.173s] DEBUG:colcon.colcon_core.shell:Skip shell extension 'dsv' for command environment
[0.176s] INFO:colcon.colcon_ros.task.ament_cmake.build:Building ROS package in '/simulation/ros2_sim_ws/src/slam_pkg' with build type 'ament_cmake'
[0.176s] INFO:colcon.colcon_cmake.task.cmake.build:Building CMake package in '/simulation/ros2_sim_ws/src/slam_pkg'
[0.177s] INFO:colcon.colcon_core.shell:Skip shell extension 'powershell' for command environment: Not usable outside of PowerShell
[0.177s] DEBUG:colcon.colcon_core.shell:Skip shell extension 'dsv' for command environment
[0.185s] DEBUG:colcon.colcon_core.event_handler.log_command:Invoking command in '/simulation/build/ldlidar_stl_ros2': CMAKE_PREFIX_PATH=/opt/ros/humble /usr/bin/cmake --build /simulation/build/ldlidar_stl_ros2 -- -j12 -l12
[0.189s] DEBUG:colcon.colcon_core.event_handler.log_command:Invoking command in '/simulation/build/navigation_pkg': CMAKE_PREFIX_PATH=/opt/ros/humble /usr/bin/cmake --build /simulation/build/navigation_pkg -- -j12 -l12
[0.195s] DEBUG:colcon.colcon_core.event_handler.log_command:Invoking command in '/simulation/build/robot_pkg': CMAKE_PREFIX_PATH=/opt/ros/humble /usr/bin/cmake --build /simulation/build/robot_pkg -- -j12 -l12
[0.203s] DEBUG:colcon.colcon_core.event_handler.log_command:Invoking command in '/simulation/build/slam_pkg': CMAKE_PREFIX_PATH=/opt/ros/humble /usr/bin/cmake --build /simulation/build/slam_pkg -- -j12 -l12
[0.235s] DEBUG:colcon.colcon_core.event_handler.log_command:Invoked command in '/simulation/build/navigation_pkg' returned '0': CMAKE_PREFIX_PATH=/opt/ros/humble /usr/bin/cmake --build /simulation/build/navigation_pkg -- -j12 -l12
[0.244s] DEBUG:colcon.colcon_core.event_handler.log_command:Invoking command in '/simulation/build/navigation_pkg': CMAKE_PREFIX_PATH=/opt/ros/humble /usr/bin/cmake --install /simulation/build/navigation_pkg
[0.246s] DEBUG:colcon.colcon_core.event_handler.log_command:Invoked command in '/simulation/build/robot_pkg' returned '0': CMAKE_PREFIX_PATH=/opt/ros/humble /usr/bin/cmake --build /simulation/build/robot_pkg -- -j12 -l12
[0.247s] DEBUG:colcon.colcon_core.event_handler.log_command:Invoking command in '/simulation/build/robot_pkg': CMAKE_PREFIX_PATH=/opt/ros/humble /usr/bin/cmake --install /simulation/build/robot_pkg
[0.248s] DEBUG:colcon.colcon_core.event_handler.log_command:Invoked command in '/simulation/build/slam_pkg' returned '0': CMAKE_PREFIX_PATH=/opt/ros/humble /usr/bin/cmake --build /simulation/build/slam_pkg -- -j12 -l12
[0.250s] DEBUG:colcon.colcon_core.event_handler.log_command:Invoking command in '/simulation/build/slam_pkg': CMAKE_PREFIX_PATH=/opt/ros/humble /usr/bin/cmake --install /simulation/build/slam_pkg
[0.263s] Level 1:colcon.colcon_core.environment:create_environment_scripts_only(navigation_pkg)
[0.264s] DEBUG:colcon.colcon_core.event_handler.log_command:Invoked command in '/simulation/build/navigation_pkg' returned '0': CMAKE_PREFIX_PATH=/opt/ros/humble /usr/bin/cmake --install /simulation/build/navigation_pkg
[0.267s] Level 1:colcon.colcon_core.environment:checking '/simulation/install/navigation_pkg' for CMake module files
[0.267s] Level 1:colcon.colcon_core.environment:checking '/simulation/install/navigation_pkg' for CMake config files
[0.268s] Level 1:colcon.colcon_core.shell:create_environment_hook('navigation_pkg', 'cmake_prefix_path')
[0.268s] INFO:colcon.colcon_core.shell:Creating environment hook '/simulation/install/navigation_pkg/share/navigation_pkg/hook/cmake_prefix_path.ps1'
[0.269s] INFO:colcon.colcon_core.shell:Creating environment descriptor '/simulation/install/navigation_pkg/share/navigation_pkg/hook/cmake_prefix_path.dsv'
[0.270s] INFO:colcon.colcon_core.shell:Creating environment hook '/simulation/install/navigation_pkg/share/navigation_pkg/hook/cmake_prefix_path.sh'
[0.272s] Level 1:colcon.colcon_core.environment:checking '/simulation/install/navigation_pkg/bin'
[0.272s] Level 1:colcon.colcon_core.environment:checking '/simulation/install/navigation_pkg/lib/pkgconfig/navigation_pkg.pc'
[0.275s] Level 1:colcon.colcon_core.environment:checking '/simulation/install/navigation_pkg/lib/python3.10/site-packages'
[0.275s] Level 1:colcon.colcon_core.environment:checking '/simulation/install/navigation_pkg/bin'
[0.276s] INFO:colcon.colcon_core.shell:Creating package script '/simulation/install/navigation_pkg/share/navigation_pkg/package.ps1'
[0.278s] INFO:colcon.colcon_core.shell:Creating package descriptor '/simulation/install/navigation_pkg/share/navigation_pkg/package.dsv'
[0.279s] INFO:colcon.colcon_core.shell:Creating package script '/simulation/install/navigation_pkg/share/navigation_pkg/package.sh'
[0.280s] INFO:colcon.colcon_core.shell:Creating package script '/simulation/install/navigation_pkg/share/navigation_pkg/package.bash'
[0.282s] INFO:colcon.colcon_core.shell:Creating package script '/simulation/install/navigation_pkg/share/navigation_pkg/package.zsh'
[0.283s] Level 1:colcon.colcon_core.environment:create_file_with_runtime_dependencies(/simulation/install/navigation_pkg/share/colcon-core/packages/navigation_pkg)
[0.284s] Level 1:colcon.colcon_core.environment:create_environment_scripts_only(navigation_pkg)
[0.284s] Level 1:colcon.colcon_core.environment:checking '/simulation/install/navigation_pkg' for CMake module files
[0.285s] Level 1:colcon.colcon_core.environment:checking '/simulation/install/navigation_pkg' for CMake config files
[0.285s] Level 1:colcon.colcon_core.shell:create_environment_hook('navigation_pkg', 'cmake_prefix_path')
[0.286s] INFO:colcon.colcon_core.shell:Creating environment hook '/simulation/install/navigation_pkg/share/navigation_pkg/hook/cmake_prefix_path.ps1'
[0.286s] INFO:colcon.colcon_core.shell:Creating environment descriptor '/simulation/install/navigation_pkg/share/navigation_pkg/hook/cmake_prefix_path.dsv'
[0.287s] INFO:colcon.colcon_core.shell:Creating environment hook '/simulation/install/navigation_pkg/share/navigation_pkg/hook/cmake_prefix_path.sh'
[0.288s] Level 1:colcon.colcon_core.environment:checking '/simulation/install/navigation_pkg/bin'
[0.288s] Level 1:colcon.colcon_core.environment:checking '/simulation/install/navigation_pkg/lib/pkgconfig/navigation_pkg.pc'
[0.288s] Level 1:colcon.colcon_core.environment:checking '/simulation/install/navigation_pkg/lib/python3.10/site-packages'
[0.289s] Level 1:colcon.colcon_core.environment:checking '/simulation/install/navigation_pkg/bin'
[0.289s] INFO:colcon.colcon_core.shell:Creating package script '/simulation/install/navigation_pkg/share/navigation_pkg/package.ps1'
[0.290s] INFO:colcon.colcon_core.shell:Creating package descriptor '/simulation/install/navigation_pkg/share/navigation_pkg/package.dsv'
[0.291s] INFO:colcon.colcon_core.shell:Creating package script '/simulation/install/navigation_pkg/share/navigation_pkg/package.sh'
[0.291s] INFO:colcon.colcon_core.shell:Creating package script '/simulation/install/navigation_pkg/share/navigation_pkg/package.bash'
[0.292s] INFO:colcon.colcon_core.shell:Creating package script '/simulation/install/navigation_pkg/share/navigation_pkg/package.zsh'
[0.293s] Level 1:colcon.colcon_core.environment:create_file_with_runtime_dependencies(/simulation/install/navigation_pkg/share/colcon-core/packages/navigation_pkg)
[0.295s] DEBUG:colcon.colcon_core.event_handler.log_command:Invoked command in '/simulation/build/ldlidar_stl_ros2' returned '0': CMAKE_PREFIX_PATH=/opt/ros/humble /usr/bin/cmake --build /simulation/build/ldlidar_stl_ros2 -- -j12 -l12
[0.296s] DEBUG:colcon.colcon_core.event_handler.log_command:Invoking command in '/simulation/build/ldlidar_stl_ros2': CMAKE_PREFIX_PATH=/opt/ros/humble /usr/bin/cmake --install /simulation/build/ldlidar_stl_ros2
[0.296s] Level 1:colcon.colcon_core.environment:create_environment_scripts_only(robot_pkg)
[0.297s] Level 1:colcon.colcon_core.environment:checking '/simulation/install/robot_pkg' for CMake module files
[0.297s] DEBUG:colcon.colcon_core.event_handler.log_command:Invoked command in '/simulation/build/robot_pkg' returned '0': CMAKE_PREFIX_PATH=/opt/ros/humble /usr/bin/cmake --install /simulation/build/robot_pkg
[0.297s] Level 1:colcon.colcon_core.environment:checking '/simulation/install/robot_pkg' for CMake config files
[0.297s] Level 1:colcon.colcon_core.shell:create_environment_hook('robot_pkg', 'cmake_prefix_path')
[0.298s] INFO:colcon.colcon_core.shell:Creating environment hook '/simulation/install/robot_pkg/share/robot_pkg/hook/cmake_prefix_path.ps1'
[0.298s] INFO:colcon.colcon_core.shell:Creating environment descriptor '/simulation/install/robot_pkg/share/robot_pkg/hook/cmake_prefix_path.dsv'
[0.298s] INFO:colcon.colcon_core.shell:Creating environment hook '/simulation/install/robot_pkg/share/robot_pkg/hook/cmake_prefix_path.sh'
[0.299s] Level 1:colcon.colcon_core.environment:checking '/simulation/install/robot_pkg/bin'
[0.299s] Level 1:colcon.colcon_core.environment:checking '/simulation/install/robot_pkg/lib/pkgconfig/robot_pkg.pc'
[0.299s] Level 1:colcon.colcon_core.environment:checking '/simulation/install/robot_pkg/lib/python3.10/site-packages'
[0.299s] Level 1:colcon.colcon_core.environment:checking '/simulation/install/robot_pkg/bin'
[0.300s] INFO:colcon.colcon_core.shell:Creating package script '/simulation/install/robot_pkg/share/robot_pkg/package.ps1'
[0.300s] INFO:colcon.colcon_core.shell:Creating package descriptor '/simulation/install/robot_pkg/share/robot_pkg/package.dsv'
[0.300s] INFO:colcon.colcon_core.shell:Creating package script '/simulation/install/robot_pkg/share/robot_pkg/package.sh'
[0.301s] INFO:colcon.colcon_core.shell:Creating package script '/simulation/install/robot_pkg/share/robot_pkg/package.bash'
[0.301s] INFO:colcon.colcon_core.shell:Creating package script '/simulation/install/robot_pkg/share/robot_pkg/package.zsh'
[0.301s] Level 1:colcon.colcon_core.environment:create_file_with_runtime_dependencies(/simulation/install/robot_pkg/share/colcon-core/packages/robot_pkg)
[0.302s] Level 1:colcon.colcon_core.environment:create_environment_scripts_only(robot_pkg)
[0.302s] Level 1:colcon.colcon_core.environment:checking '/simulation/install/robot_pkg' for CMake module files
[0.302s] Level 1:colcon.colcon_core.environment:checking '/simulation/install/robot_pkg' for CMake config files
[0.303s] Level 1:colcon.colcon_core.shell:create_environment_hook('robot_pkg', 'cmake_prefix_path')
[0.303s] INFO:colcon.colcon_core.shell:Creating environment hook '/simulation/install/robot_pkg/share/robot_pkg/hook/cmake_prefix_path.ps1'
[0.304s] INFO:colcon.colcon_core.shell:Creating environment descriptor '/simulation/install/robot_pkg/share/robot_pkg/hook/cmake_prefix_path.dsv'
[0.304s] INFO:colcon.colcon_core.shell:Creating environment hook '/simulation/install/robot_pkg/share/robot_pkg/hook/cmake_prefix_path.sh'
[0.305s] Level 1:colcon.colcon_core.environment:checking '/simulation/install/robot_pkg/bin'
[0.305s] Level 1:colcon.colcon_core.environment:checking '/simulation/install/robot_pkg/lib/pkgconfig/robot_pkg.pc'
[0.305s] Level 1:colcon.colcon_core.environment:checking '/simulation/install/robot_pkg/lib/python3.10/site-packages'
[0.305s] Level 1:colcon.colcon_core.environment:checking '/simulation/install/robot_pkg/bin'
[0.306s] INFO:colcon.colcon_core.shell:Creating package script '/simulation/install/robot_pkg/share/robot_pkg/package.ps1'
[0.306s] INFO:colcon.colcon_core.shell:Creating package descriptor '/simulation/install/robot_pkg/share/robot_pkg/package.dsv'
[0.307s] INFO:colcon.colcon_core.shell:Creating package script '/simulation/install/robot_pkg/share/robot_pkg/package.sh'
[0.307s] INFO:colcon.colcon_core.shell:Creating package script '/simulation/install/robot_pkg/share/robot_pkg/package.bash'
[0.307s] INFO:colcon.colcon_core.shell:Creating package script '/simulation/install/robot_pkg/share/robot_pkg/package.zsh'
[0.308s] Level 1:colcon.colcon_core.environment:create_file_with_runtime_dependencies(/simulation/install/robot_pkg/share/colcon-core/packages/robot_pkg)
[0.308s] Level 1:colcon.colcon_core.environment:create_environment_scripts_only(slam_pkg)
[0.308s] Level 1:colcon.colcon_core.environment:checking '/simulation/install/slam_pkg' for CMake module files
[0.310s] DEBUG:colcon.colcon_core.event_handler.log_command:Invoked command in '/simulation/build/slam_pkg' returned '0': CMAKE_PREFIX_PATH=/opt/ros/humble /usr/bin/cmake --install /simulation/build/slam_pkg
[0.310s] Level 1:colcon.colcon_core.environment:checking '/simulation/install/slam_pkg' for CMake config files
[0.311s] Level 1:colcon.colcon_core.shell:create_environment_hook('slam_pkg', 'cmake_prefix_path')
[0.311s] INFO:colcon.colcon_core.shell:Creating environment hook '/simulation/install/slam_pkg/share/slam_pkg/hook/cmake_prefix_path.ps1'
[0.311s] INFO:colcon.colcon_core.shell:Creating environment descriptor '/simulation/install/slam_pkg/share/slam_pkg/hook/cmake_prefix_path.dsv'
[0.312s] INFO:colcon.colcon_core.shell:Creating environment hook '/simulation/install/slam_pkg/share/slam_pkg/hook/cmake_prefix_path.sh'
[0.312s] Level 1:colcon.colcon_core.environment:checking '/simulation/install/slam_pkg/bin'
[0.313s] Level 1:colcon.colcon_core.environment:checking '/simulation/install/slam_pkg/lib/pkgconfig/slam_pkg.pc'
[0.313s] Level 1:colcon.colcon_core.environment:checking '/simulation/install/slam_pkg/lib/python3.10/site-packages'
[0.313s] Level 1:colcon.colcon_core.environment:checking '/simulation/install/slam_pkg/bin'
[0.313s] INFO:colcon.colcon_core.shell:Creating package script '/simulation/install/slam_pkg/share/slam_pkg/package.ps1'
[0.314s] INFO:colcon.colcon_core.shell:Creating package descriptor '/simulation/install/slam_pkg/share/slam_pkg/package.dsv'
[0.314s] INFO:colcon.colcon_core.shell:Creating package script '/simulation/install/slam_pkg/share/slam_pkg/package.sh'
[0.314s] INFO:colcon.colcon_core.shell:Creating package script '/simulation/install/slam_pkg/share/slam_pkg/package.bash'
[0.315s] INFO:colcon.colcon_core.shell:Creating package script '/simulation/install/slam_pkg/share/slam_pkg/package.zsh'
[0.315s] Level 1:colcon.colcon_core.environment:create_file_with_runtime_dependencies(/simulation/install/slam_pkg/share/colcon-core/packages/slam_pkg)
[0.316s] Level 1:colcon.colcon_core.environment:create_environment_scripts_only(slam_pkg)
[0.316s] Level 1:colcon.colcon_core.environment:checking '/simulation/install/slam_pkg' for CMake module files
[0.317s] Level 1:colcon.colcon_core.environment:checking '/simulation/install/slam_pkg' for CMake config files
[0.317s] Level 1:colcon.colcon_core.shell:create_environment_hook('slam_pkg', 'cmake_prefix_path')
[0.317s] INFO:colcon.colcon_core.shell:Creating environment hook '/simulation/install/slam_pkg/share/slam_pkg/hook/cmake_prefix_path.ps1'
[0.318s] INFO:colcon.colcon_core.shell:Creating environment descriptor '/simulation/install/slam_pkg/share/slam_pkg/hook/cmake_prefix_path.dsv'
[0.318s] INFO:colcon.colcon_core.shell:Creating environment hook '/simulation/install/slam_pkg/share/slam_pkg/hook/cmake_prefix_path.sh'
[0.319s] Level 1:colcon.colcon_core.environment:checking '/simulation/install/slam_pkg/bin'
[0.319s] Level 1:colcon.colcon_core.environment:checking '/simulation/install/slam_pkg/lib/pkgconfig/slam_pkg.pc'
[0.320s] Level 1:colcon.colcon_core.environment:checking '/simulation/install/slam_pkg/lib/python3.10/site-packages'
[0.320s] Level 1:colcon.colcon_core.environment:checking '/simulation/install/slam_pkg/bin'
[0.321s] INFO:colcon.colcon_core.shell:Creating package script '/simulation/install/slam_pkg/share/slam_pkg/package.ps1'
[0.321s] INFO:colcon.colcon_core.shell:Creating package descriptor '/simulation/install/slam_pkg/share/slam_pkg/package.dsv'
[0.322s] INFO:colcon.colcon_core.shell:Creating package script '/simulation/install/slam_pkg/share/slam_pkg/package.sh'
[0.322s] INFO:colcon.colcon_core.shell:Creating package script '/simulation/install/slam_pkg/share/slam_pkg/package.bash'
[0.323s] INFO:colcon.colcon_core.shell:Creating package script '/simulation/install/slam_pkg/share/slam_pkg/package.zsh'
[0.323s] Level 1:colcon.colcon_core.environment:create_file_with_runtime_dependencies(/simulation/install/slam_pkg/share/colcon-core/packages/slam_pkg)
[0.327s] Level 1:colcon.colcon_core.environment:create_environment_scripts_only(ldlidar_stl_ros2)
[0.328s] Level 1:colcon.colcon_core.environment:checking '/simulation/install/ldlidar_stl_ros2' for CMake module files
[0.331s] DEBUG:colcon.colcon_core.event_handler.log_command:Invoked command in '/simulation/build/ldlidar_stl_ros2' returned '0': CMAKE_PREFIX_PATH=/opt/ros/humble /usr/bin/cmake --install /simulation/build/ldlidar_stl_ros2
[0.332s] Level 1:colcon.colcon_core.environment:checking '/simulation/install/ldlidar_stl_ros2' for CMake config files
[0.332s] Level 1:colcon.colcon_core.shell:create_environment_hook('ldlidar_stl_ros2', 'cmake_prefix_path')
[0.332s] INFO:colcon.colcon_core.shell:Creating environment hook '/simulation/install/ldlidar_stl_ros2/share/ldlidar_stl_ros2/hook/cmake_prefix_path.ps1'
[0.333s] INFO:colcon.colcon_core.shell:Creating environment descriptor '/simulation/install/ldlidar_stl_ros2/share/ldlidar_stl_ros2/hook/cmake_prefix_path.dsv'
[0.333s] INFO:colcon.colcon_core.shell:Creating environment hook '/simulation/install/ldlidar_stl_ros2/share/ldlidar_stl_ros2/hook/cmake_prefix_path.sh'
[0.334s] Level 1:colcon.colcon_core.environment:checking '/simulation/install/ldlidar_stl_ros2/lib'
[0.334s] Level 1:colcon.colcon_core.environment:checking '/simulation/install/ldlidar_stl_ros2/bin'
[0.334s] Level 1:colcon.colcon_core.environment:checking '/simulation/install/ldlidar_stl_ros2/lib/pkgconfig/ldlidar_stl_ros2.pc'
[0.335s] Level 1:colcon.colcon_core.environment:checking '/simulation/install/ldlidar_stl_ros2/lib/python3.10/site-packages'
[0.335s] Level 1:colcon.colcon_core.environment:checking '/simulation/install/ldlidar_stl_ros2/bin'
[0.335s] INFO:colcon.colcon_core.shell:Creating package script '/simulation/install/ldlidar_stl_ros2/share/ldlidar_stl_ros2/package.ps1'
[0.336s] INFO:colcon.colcon_core.shell:Creating package descriptor '/simulation/install/ldlidar_stl_ros2/share/ldlidar_stl_ros2/package.dsv'
[0.336s] INFO:colcon.colcon_core.shell:Creating package script '/simulation/install/ldlidar_stl_ros2/share/ldlidar_stl_ros2/package.sh'
[0.337s] INFO:colcon.colcon_core.shell:Creating package script '/simulation/install/ldlidar_stl_ros2/share/ldlidar_stl_ros2/package.bash'
[0.337s] INFO:colcon.colcon_core.shell:Creating package script '/simulation/install/ldlidar_stl_ros2/share/ldlidar_stl_ros2/package.zsh'
[0.338s] Level 1:colcon.colcon_core.environment:create_file_with_runtime_dependencies(/simulation/install/ldlidar_stl_ros2/share/colcon-core/packages/ldlidar_stl_ros2)
[0.338s] Level 1:colcon.colcon_core.environment:create_environment_scripts_only(ldlidar_stl_ros2)
[0.339s] Level 1:colcon.colcon_core.environment:checking '/simulation/install/ldlidar_stl_ros2' for CMake module files
[0.339s] Level 1:colcon.colcon_core.environment:checking '/simulation/install/ldlidar_stl_ros2' for CMake config files
[0.339s] Level 1:colcon.colcon_core.shell:create_environment_hook('ldlidar_stl_ros2', 'cmake_prefix_path')
[0.340s] INFO:colcon.colcon_core.shell:Creating environment hook '/simulation/install/ldlidar_stl_ros2/share/ldlidar_stl_ros2/hook/cmake_prefix_path.ps1'
[0.340s] INFO:colcon.colcon_core.shell:Creating environment descriptor '/simulation/install/ldlidar_stl_ros2/share/ldlidar_stl_ros2/hook/cmake_prefix_path.dsv'
[0.341s] INFO:colcon.colcon_core.shell:Creating environment hook '/simulation/install/ldlidar_stl_ros2/share/ldlidar_stl_ros2/hook/cmake_prefix_path.sh'
[0.342s] Level 1:colcon.colcon_core.environment:checking '/simulation/install/ldlidar_stl_ros2/lib'
[0.342s] Level 1:colcon.colcon_core.environment:checking '/simulation/install/ldlidar_stl_ros2/bin'
[0.342s] Level 1:colcon.colcon_core.environment:checking '/simulation/install/ldlidar_stl_ros2/lib/pkgconfig/ldlidar_stl_ros2.pc'
[0.342s] Level 1:colcon.colcon_core.environment:checking '/simulation/install/ldlidar_stl_ros2/lib/python3.10/site-packages'
[0.342s] Level 1:colcon.colcon_core.environment:checking '/simulation/install/ldlidar_stl_ros2/bin'
[0.342s] INFO:colcon.colcon_core.shell:Creating package script '/simulation/install/ldlidar_stl_ros2/share/ldlidar_stl_ros2/package.ps1'
[0.343s] INFO:colcon.colcon_core.shell:Creating package descriptor '/simulation/install/ldlidar_stl_ros2/share/ldlidar_stl_ros2/package.dsv'
[0.343s] INFO:colcon.colcon_core.shell:Creating package script '/simulation/install/ldlidar_stl_ros2/share/ldlidar_stl_ros2/package.sh'
[0.344s] INFO:colcon.colcon_core.shell:Creating package script '/simulation/install/ldlidar_stl_ros2/share/ldlidar_stl_ros2/package.bash'
[0.344s] INFO:colcon.colcon_core.shell:Creating package script '/simulation/install/ldlidar_stl_ros2/share/ldlidar_stl_ros2/package.zsh'
[0.344s] Level 1:colcon.colcon_core.environment:create_file_with_runtime_dependencies(/simulation/install/ldlidar_stl_ros2/share/colcon-core/packages/ldlidar_stl_ros2)
[0.345s] DEBUG:colcon.colcon_parallel_executor.executor.parallel:closing loop
[0.345s] DEBUG:colcon.colcon_parallel_executor.executor.parallel:loop closed
[0.345s] DEBUG:colcon.colcon_parallel_executor.executor.parallel:run_until_complete finished with '0'
[0.346s] DEBUG:colcon.colcon_core.event_reactor:joining thread
[0.352s] INFO:colcon.colcon_core.plugin_system:Skipping extension 'colcon_notification.desktop_notification.notify_send': Could not find 'notify-send'
[0.352s] INFO:colcon.colcon_core.plugin_system:Skipping extension 'colcon_notification.desktop_notification.terminal_notifier': Not used on non-Darwin systems
[0.353s] INFO:colcon.colcon_core.plugin_system:Skipping extension 'colcon_notification.desktop_notification.win32': Not used on non-Windows systems
[0.353s] INFO:colcon.colcon_notification.desktop_notification:Sending desktop notification using 'notify2'
[0.356s] DEBUG:colcon.colcon_notification.desktop_notification.notify2:Failed to initialize notify2: org.freedesktop.DBus.Error.Spawn.ExecFailed: /usr/bin/dbus-launch terminated abnormally without any error message
[0.357s] DEBUG:colcon.colcon_core.event_reactor:joined thread
[0.358s] INFO:colcon.colcon_core.shell:Creating prefix script '/simulation/install/local_setup.ps1'
[0.359s] INFO:colcon.colcon_core.shell:Creating prefix util module '/simulation/install/_local_setup_util_ps1.py'
[0.361s] INFO:colcon.colcon_core.shell:Creating prefix chain script '/simulation/install/setup.ps1'
[0.362s] INFO:colcon.colcon_core.shell:Creating prefix script '/simulation/install/local_setup.sh'
[0.363s] INFO:colcon.colcon_core.shell:Creating prefix util module '/simulation/install/_local_setup_util_sh.py'
[0.363s] INFO:colcon.colcon_core.shell:Creating prefix chain script '/simulation/install/setup.sh'
[0.365s] INFO:colcon.colcon_core.shell:Creating prefix script '/simulation/install/local_setup.bash'
[0.366s] INFO:colcon.colcon_core.shell:Creating prefix chain script '/simulation/install/setup.bash'
[0.367s] INFO:colcon.colcon_core.shell:Creating prefix script '/simulation/install/local_setup.zsh'
[0.367s] INFO:colcon.colcon_core.shell:Creating prefix chain script '/simulation/install/setup.zsh'
