[0.054s] Invoking command in '/simulation/ros2_sim_ws/build/learning_package': CMAKE_PREFIX_PATH=${CMAKE_PREFIX_PATH}:/opt/ros/humble /usr/bin/cmake --build /simulation/ros2_sim_ws/build/learning_package -- -j8 -l8
[0.150s] Invoked command in '/simulation/ros2_sim_ws/build/learning_package' returned '0': CMAKE_PREFIX_PATH=${CMAKE_PREFIX_PATH}:/opt/ros/humble /usr/bin/cmake --build /simulation/ros2_sim_ws/build/learning_package -- -j8 -l8
[0.220s] Invoking command in '/simulation/ros2_sim_ws/build/learning_package': CMAKE_PREFIX_PATH=${CMAKE_PREFIX_PATH}:/opt/ros/humble /usr/bin/cmake --install /simulation/ros2_sim_ws/build/learning_package
[0.238s] -- Install configuration: ""
[0.239s] -- Execute custom install script
[0.240s] -- Up-to-date symlink: /simulation/ros2_sim_ws/install/learning_package/share/learning_package/launch/listener.launch.py
[0.241s] -- Up-to-date symlink: /simulation/ros2_sim_ws/install/learning_package/share/learning_package/launch/robot_sim.launch.py
[0.241s] -- Up-to-date symlink: /simulation/ros2_sim_ws/install/learning_package/share/learning_package/launch/robot_urdf.launch.py
[0.241s] -- Up-to-date symlink: /simulation/ros2_sim_ws/install/learning_package/share/learning_package/launch/talker.launch.py
[0.242s] -- Up-to-date symlink: /simulation/ros2_sim_ws/install/learning_package/share/learning_package/description/example_gazebo.xacro
[0.242s] -- Up-to-date symlink: /simulation/ros2_sim_ws/install/learning_package/share/learning_package/description/example_include.xacro
[0.243s] -- Up-to-date symlink: /simulation/ros2_sim_ws/install/learning_package/share/learning_package/description/example_robot.urdf.xacro
[0.244s] -- Up-to-date symlink: /simulation/ros2_sim_ws/install/learning_package/share/ament_index/resource_index/package_run_dependencies/learning_package
[0.245s] -- Up-to-date symlink: /simulation/ros2_sim_ws/install/learning_package/share/ament_index/resource_index/parent_prefix_path/learning_package
[0.245s] -- Up-to-date symlink: /simulation/ros2_sim_ws/install/learning_package/share/learning_package/environment/ament_prefix_path.sh
[0.246s] -- Up-to-date symlink: /simulation/ros2_sim_ws/install/learning_package/share/learning_package/environment/ament_prefix_path.dsv
[0.247s] -- Up-to-date symlink: /simulation/ros2_sim_ws/install/learning_package/share/learning_package/environment/path.sh
[0.249s] -- Up-to-date symlink: /simulation/ros2_sim_ws/install/learning_package/share/learning_package/environment/path.dsv
[0.249s] -- Up-to-date symlink: /simulation/ros2_sim_ws/install/learning_package/share/learning_package/local_setup.bash
[0.250s] -- Up-to-date symlink: /simulation/ros2_sim_ws/install/learning_package/share/learning_package/local_setup.sh
[0.251s] -- Up-to-date symlink: /simulation/ros2_sim_ws/install/learning_package/share/learning_package/local_setup.zsh
[0.252s] -- Up-to-date symlink: /simulation/ros2_sim_ws/install/learning_package/share/learning_package/local_setup.dsv
[0.253s] -- Symlinking: /simulation/ros2_sim_ws/install/learning_package/share/learning_package/package.dsv
[0.275s] -- Up-to-date symlink: /simulation/ros2_sim_ws/install/learning_package/share/ament_index/resource_index/packages/learning_package
[0.275s] -- Up-to-date symlink: /simulation/ros2_sim_ws/install/learning_package/share/learning_package/cmake/learning_packageConfig.cmake
[0.277s] -- Up-to-date symlink: /simulation/ros2_sim_ws/install/learning_package/share/learning_package/cmake/learning_packageConfig-version.cmake
[0.277s] -- Up-to-date symlink: /simulation/ros2_sim_ws/install/learning_package/share/learning_package/package.xml
[0.341s] Invoked command in '/simulation/ros2_sim_ws/build/learning_package' returned '0': CMAKE_PREFIX_PATH=${CMAKE_PREFIX_PATH}:/opt/ros/humble /usr/bin/cmake --install /simulation/ros2_sim_ws/build/learning_package
