[0.023s] Invoking command in '/simulation/turtlebot3_ws/build/turtlebot3_gazebo': CMAKE_PREFIX_PATH=/opt/ros/humble /usr/bin/cmake /simulation/turtlebot3_ws/src/turtlebot3_simulations/turtlebot3_gazebo -DAMENT_CMAKE_SYMLINK_INSTALL=1 -DCMAKE_INSTALL_PREFIX=/simulation/turtlebot3_ws/install/turtlebot3_gazebo
[0.207s] -- The C compiler identification is GNU 11.4.0
[0.350s] -- The CXX compiler identification is GNU 11.4.0
[0.370s] -- Detecting C compiler ABI info
[0.506s] -- Detecting C compiler ABI info - done
[0.523s] -- Check for working C compiler: /usr/bin/cc - skipped
[0.524s] -- Detecting C compile features
[0.525s] -- Detecting C compile features - done
[0.533s] -- Detecting CXX compiler ABI info
[0.732s] -- Detecting CXX compiler ABI info - done
[0.754s] -- Check for working CXX compiler: /usr/bin/c++ - skipped
[0.754s] -- Detecting CXX compile features
[0.755s] -- Detecting CXX compile features - done
[0.761s] -- Found ament_cmake: 1.3.10 (/opt/ros/humble/share/ament_cmake/cmake)
[1.057s] -- Found Python3: /usr/bin/python3 (found version "3.10.12") found components: Interpreter 
[1.206s] -- Override CMake install command with custom implementation using symlinks instead of copying resources
[1.325s] [31mCMake Error at CMakeLists.txt:23 (find_package):
[1.325s]   By not providing "Findgazebo.cmake" in CMAKE_MODULE_PATH this project has
[1.325s]   asked CMake to find a package configuration file provided by "gazebo", but
[1.325s]   CMake did not find one.
[1.325s] 
[1.326s]   Could not find a package configuration file provided by "gazebo" with any
[1.326s]   of the following names:
[1.326s] 
[1.326s]     gazeboConfig.cmake
[1.326s]     gazebo-config.cmake
[1.326s] 
[1.326s]   Add the installation prefix of "gazebo" to CMAKE_PREFIX_PATH or set
[1.326s]   "gazebo_DIR" to a directory containing one of the above files.  If "gazebo"
[1.326s]   provides a separate development package or SDK, be sure it has been
[1.327s]   installed.
[1.327s] 
[1.327s] [0m
[1.327s] -- Configuring incomplete, errors occurred!
[1.327s] See also "/simulation/turtlebot3_ws/build/turtlebot3_gazebo/CMakeFiles/CMakeOutput.log".
[1.333s] Invoked command in '/simulation/turtlebot3_ws/build/turtlebot3_gazebo' returned '1': CMAKE_PREFIX_PATH=/opt/ros/humble /usr/bin/cmake /simulation/turtlebot3_ws/src/turtlebot3_simulations/turtlebot3_gazebo -DAMENT_CMAKE_SYMLINK_INSTALL=1 -DCMAKE_INSTALL_PREFIX=/simulation/turtlebot3_ws/install/turtlebot3_gazebo
