[0.014s] Invoking command in '/simulation/ros2_sim_ws/build/slam_pkg': CMAKE_PREFIX_PATH=/opt/ros/humble /usr/bin/cmake /simulation/ros2_sim_ws/src/slam_pkg -DAMENT_CMAKE_SYMLINK_INSTALL=1 -DCMAKE_INSTALL_PREFIX=/simulation/ros2_sim_ws/install/slam_pkg
[0.055s] -- The C compiler identification is GNU 11.4.0
[0.097s] -- The CXX compiler identification is GNU 11.4.0
[0.103s] -- Detecting C compiler ABI info
[0.154s] -- Detecting C compiler ABI info - done
[0.161s] -- Check for working C compiler: /usr/bin/cc - skipped
[0.161s] -- Detecting C compile features
[0.162s] -- Detecting C compile features - done
[0.164s] -- Detecting CXX compiler ABI info
[0.229s] -- Detecting CXX compiler ABI info - done
[0.235s] -- Check for working CXX compiler: /usr/bin/c++ - skipped
[0.235s] -- Detecting CXX compile features
[0.235s] -- Detecting CXX compile features - done
[0.238s] -- Found ament_cmake: 1.3.11 (/opt/ros/humble/share/ament_cmake/cmake)
[0.332s] -- Found Python3: /usr/bin/python3 (found version "3.10.12") found components: Interpreter 
[0.382s] -- Override CMake install command with custom implementation using symlinks instead of copying resources
[0.408s] -- Found ament_lint_auto: 0.12.11 (/opt/ros/humble/share/ament_lint_auto/cmake)
[0.465s] -- Added test 'lint_cmake' to check CMake code style
[0.465s] -- Added test 'xmllint' to check XML markup files
[0.466s] -- Configuring done
[0.468s] -- Generating done
[0.469s] -- Build files have been written to: /simulation/ros2_sim_ws/build/slam_pkg
[0.472s] Invoked command in '/simulation/ros2_sim_ws/build/slam_pkg' returned '0': CMAKE_PREFIX_PATH=/opt/ros/humble /usr/bin/cmake /simulation/ros2_sim_ws/src/slam_pkg -DAMENT_CMAKE_SYMLINK_INSTALL=1 -DCMAKE_INSTALL_PREFIX=/simulation/ros2_sim_ws/install/slam_pkg
[0.474s] Invoking command in '/simulation/ros2_sim_ws/build/slam_pkg': CMAKE_PREFIX_PATH=/opt/ros/humble /usr/bin/cmake --build /simulation/ros2_sim_ws/build/slam_pkg -- -j12 -l12
[0.505s] Invoked command in '/simulation/ros2_sim_ws/build/slam_pkg' returned '0': CMAKE_PREFIX_PATH=/opt/ros/humble /usr/bin/cmake --build /simulation/ros2_sim_ws/build/slam_pkg -- -j12 -l12
[0.507s] Invoking command in '/simulation/ros2_sim_ws/build/slam_pkg': CMAKE_PREFIX_PATH=/opt/ros/humble /usr/bin/cmake --install /simulation/ros2_sim_ws/build/slam_pkg
[0.518s] -- Install configuration: ""
[0.518s] -- Execute custom install script
[0.518s] -- Symlinking: /simulation/ros2_sim_ws/install/slam_pkg/share/ament_index/resource_index/package_run_dependencies/slam_pkg
[0.528s] -- Symlinking: /simulation/ros2_sim_ws/install/slam_pkg/share/ament_index/resource_index/parent_prefix_path/slam_pkg
[0.537s] -- Symlinking: /simulation/ros2_sim_ws/install/slam_pkg/share/slam_pkg/environment/ament_prefix_path.sh
[0.546s] -- Symlinking: /simulation/ros2_sim_ws/install/slam_pkg/share/slam_pkg/environment/ament_prefix_path.dsv
[0.555s] -- Symlinking: /simulation/ros2_sim_ws/install/slam_pkg/share/slam_pkg/environment/path.sh
[0.562s] -- Symlinking: /simulation/ros2_sim_ws/install/slam_pkg/share/slam_pkg/environment/path.dsv
[0.569s] -- Symlinking: /simulation/ros2_sim_ws/install/slam_pkg/share/slam_pkg/local_setup.bash
[0.577s] -- Symlinking: /simulation/ros2_sim_ws/install/slam_pkg/share/slam_pkg/local_setup.sh
[0.585s] -- Symlinking: /simulation/ros2_sim_ws/install/slam_pkg/share/slam_pkg/local_setup.zsh
[0.591s] -- Symlinking: /simulation/ros2_sim_ws/install/slam_pkg/share/slam_pkg/local_setup.dsv
[0.598s] -- Symlinking: /simulation/ros2_sim_ws/install/slam_pkg/share/slam_pkg/package.dsv
[0.607s] -- Symlinking: /simulation/ros2_sim_ws/install/slam_pkg/share/ament_index/resource_index/packages/slam_pkg
[0.616s] -- Symlinking: /simulation/ros2_sim_ws/install/slam_pkg/share/slam_pkg/cmake/slam_pkgConfig.cmake
[0.623s] -- Symlinking: /simulation/ros2_sim_ws/install/slam_pkg/share/slam_pkg/cmake/slam_pkgConfig-version.cmake
[0.631s] -- Symlinking: /simulation/ros2_sim_ws/install/slam_pkg/share/slam_pkg/package.xml
[0.637s] Invoked command in '/simulation/ros2_sim_ws/build/slam_pkg' returned '0': CMAKE_PREFIX_PATH=/opt/ros/humble /usr/bin/cmake --install /simulation/ros2_sim_ws/build/slam_pkg
