[0.007s] Invoking command in '/simulation/ros2_sim_ws/src/robot_pkg/build/robot_pkg': CMAKE_PREFIX_PATH=${CMAKE_PREFIX_PATH}:/opt/ros/humble /usr/bin/cmake /simulation/ros2_sim_ws/src/robot_pkg -DCMAKE_INSTALL_PREFIX=/simulation/ros2_sim_ws/src/robot_pkg/install/robot_pkg
[0.142s] -- The C compiler identification is GNU 11.4.0
[0.242s] -- The CXX compiler identification is GNU 11.4.0
[0.248s] -- Detecting C compiler ABI info
[0.304s] -- Detecting C compiler ABI info - done
[0.313s] -- Check for working C compiler: /usr/bin/cc - skipped
[0.314s] -- Detecting C compile features
[0.314s] -- Detecting C compile features - done
[0.318s] -- Detecting CXX compiler ABI info
[0.380s] -- Detecting CXX compiler ABI info - done
[0.385s] -- Check for working CXX compiler: /usr/bin/c++ - skipped
[0.385s] -- Detecting CXX compile features
[0.385s] -- Detecting CXX compile features - done
[0.389s] -- Found ament_cmake: 1.3.11 (/opt/ros/humble/share/ament_cmake/cmake)
[0.482s] -- Found Python3: /usr/bin/python3 (found version "3.10.12") found components: Interpreter 
[0.589s] -- Found ament_lint_auto: 0.12.11 (/opt/ros/humble/share/ament_lint_auto/cmake)
[0.671s] -- Added test 'cppcheck' to perform static code analysis on C / C++ code
[0.671s] -- Configured cppcheck include dirs: 
[0.671s] -- Configured cppcheck exclude dirs and/or files: 
[0.672s] -- Added test 'flake8' to check Python code syntax and style conventions
[0.673s] -- Added test 'lint_cmake' to check CMake code style
[0.674s] -- Added test 'pep257' to check Python code against some of the docstring style conventions in PEP 257
[0.676s] -- Added test 'uncrustify' to check C / C++ code style
[0.677s] -- Configured uncrustify additional arguments: 
[0.677s] -- Added test 'xmllint' to check XML markup files
[0.678s] -- Configuring done
[0.680s] -- Generating done
[0.682s] -- Build files have been written to: /simulation/ros2_sim_ws/src/robot_pkg/build/robot_pkg
[0.686s] Invoked command in '/simulation/ros2_sim_ws/src/robot_pkg/build/robot_pkg' returned '0': CMAKE_PREFIX_PATH=${CMAKE_PREFIX_PATH}:/opt/ros/humble /usr/bin/cmake /simulation/ros2_sim_ws/src/robot_pkg -DCMAKE_INSTALL_PREFIX=/simulation/ros2_sim_ws/src/robot_pkg/install/robot_pkg
[0.689s] Invoking command in '/simulation/ros2_sim_ws/src/robot_pkg/build/robot_pkg': CMAKE_PREFIX_PATH=${CMAKE_PREFIX_PATH}:/opt/ros/humble /usr/bin/cmake --build /simulation/ros2_sim_ws/src/robot_pkg/build/robot_pkg -- -j12 -l12
[0.721s] Invoked command in '/simulation/ros2_sim_ws/src/robot_pkg/build/robot_pkg' returned '0': CMAKE_PREFIX_PATH=${CMAKE_PREFIX_PATH}:/opt/ros/humble /usr/bin/cmake --build /simulation/ros2_sim_ws/src/robot_pkg/build/robot_pkg -- -j12 -l12
[0.732s] Invoking command in '/simulation/ros2_sim_ws/src/robot_pkg/build/robot_pkg': CMAKE_PREFIX_PATH=${CMAKE_PREFIX_PATH}:/opt/ros/humble /usr/bin/cmake --install /simulation/ros2_sim_ws/src/robot_pkg/build/robot_pkg
[0.737s] -- Install configuration: ""
[0.737s] -- Installing: /simulation/ros2_sim_ws/src/robot_pkg/install/robot_pkg/share/robot_pkg/launch
[0.737s] -- Installing: /simulation/ros2_sim_ws/src/robot_pkg/install/robot_pkg/share/robot_pkg/launch/joystick.launch.py
[0.737s] -- Installing: /simulation/ros2_sim_ws/src/robot_pkg/install/robot_pkg/share/robot_pkg/launch/robot_urdf.launch.py
[0.737s] -- Installing: /simulation/ros2_sim_ws/src/robot_pkg/install/robot_pkg/share/robot_pkg/launch/launch_sim.launch.py
[0.737s] -- Installing: /simulation/ros2_sim_ws/src/robot_pkg/install/robot_pkg/share/robot_pkg/description
[0.737s] -- Installing: /simulation/ros2_sim_ws/src/robot_pkg/install/robot_pkg/share/robot_pkg/description/robot_core.xacro
[0.737s] -- Installing: /simulation/ros2_sim_ws/src/robot_pkg/install/robot_pkg/share/robot_pkg/description/inertial_macros.xacro
[0.737s] -- Installing: /simulation/ros2_sim_ws/src/robot_pkg/install/robot_pkg/share/robot_pkg/description/gazebo_control.xacro
[0.737s] -- Installing: /simulation/ros2_sim_ws/src/robot_pkg/install/robot_pkg/share/robot_pkg/description/lidar.xacro
[0.738s] -- Installing: /simulation/ros2_sim_ws/src/robot_pkg/install/robot_pkg/share/robot_pkg/description/robot.urdf.xacro
[0.738s] -- Installing: /simulation/ros2_sim_ws/src/robot_pkg/install/robot_pkg/share/robot_pkg/config
[0.738s] -- Installing: /simulation/ros2_sim_ws/src/robot_pkg/install/robot_pkg/share/robot_pkg/config/twist_mux.yaml
[0.738s] -- Installing: /simulation/ros2_sim_ws/src/robot_pkg/install/robot_pkg/share/robot_pkg/config/robot_sim.rviz
[0.738s] [31mCMake Error at cmake_install.cmake:54 (file):
[0.738s]   file INSTALL cannot find
[0.738s]   "/simulation/ros2_sim_ws/src/robot_pkg/scripts/uart_publisher.py": No such
[0.738s]   file or directory.
[0.738s] 
[0.738s] [0m
[0.738s] -- Installing: /simulation/ros2_sim_ws/src/robot_pkg/install/robot_pkg/share/robot_pkg/config/joystick.yaml
[0.739s] Invoked command in '/simulation/ros2_sim_ws/src/robot_pkg/build/robot_pkg' returned '1': CMAKE_PREFIX_PATH=${CMAKE_PREFIX_PATH}:/opt/ros/humble /usr/bin/cmake --install /simulation/ros2_sim_ws/src/robot_pkg/build/robot_pkg
