[0.016s] Invoking command in '/simulation/ros2_sim_ws/build/navigation_pkg': CMAKE_PREFIX_PATH=${CMAKE_PREFIX_PATH}:/opt/ros/humble /usr/bin/cmake /simulation/ros2_sim_ws/src/navigation_pkg -DCMAKE_INSTALL_PREFIX=/simulation/ros2_sim_ws/install/navigation_pkg
[0.031s] -- Found ament_cmake: 1.3.10 (/opt/ros/humble/share/ament_cmake/cmake)
[0.145s] -- Override CMake install command with custom implementation using symlinks instead of copying resources
[0.165s] -- Found ament_lint_auto: 0.12.11 (/opt/ros/humble/share/ament_lint_auto/cmake)
[0.234s] -- Added test 'lint_cmake' to check CMake code style
[0.236s] -- Added test 'xmllint' to check XML markup files
[0.238s] -- Configuring done
[0.242s] -- Generating done
[0.243s] -- Build files have been written to: /simulation/ros2_sim_ws/build/navigation_pkg
[0.246s] Invoked command in '/simulation/ros2_sim_ws/build/navigation_pkg' returned '0': CMAKE_PREFIX_PATH=${CMAKE_PREFIX_PATH}:/opt/ros/humble /usr/bin/cmake /simulation/ros2_sim_ws/src/navigation_pkg -DCMAKE_INSTALL_PREFIX=/simulation/ros2_sim_ws/install/navigation_pkg
[0.248s] Invoking command in '/simulation/ros2_sim_ws/build/navigation_pkg': CMAKE_PREFIX_PATH=${CMAKE_PREFIX_PATH}:/opt/ros/humble /usr/bin/cmake --build /simulation/ros2_sim_ws/build/navigation_pkg -- -j8 -l8
[0.281s] Invoked command in '/simulation/ros2_sim_ws/build/navigation_pkg' returned '0': CMAKE_PREFIX_PATH=${CMAKE_PREFIX_PATH}:/opt/ros/humble /usr/bin/cmake --build /simulation/ros2_sim_ws/build/navigation_pkg -- -j8 -l8
[0.308s] Invoking command in '/simulation/ros2_sim_ws/build/navigation_pkg': CMAKE_PREFIX_PATH=${CMAKE_PREFIX_PATH}:/opt/ros/humble /usr/bin/cmake --install /simulation/ros2_sim_ws/build/navigation_pkg
[0.314s] -- Install configuration: ""
[0.314s] -- Execute custom install script
[0.315s] -- Up-to-date symlink: /simulation/ros2_sim_ws/install/navigation_pkg/share/ament_index/resource_index/package_run_dependencies/navigation_pkg
[0.315s] -- Up-to-date symlink: /simulation/ros2_sim_ws/install/navigation_pkg/share/ament_index/resource_index/parent_prefix_path/navigation_pkg
[0.315s] -- Up-to-date symlink: /simulation/ros2_sim_ws/install/navigation_pkg/share/navigation_pkg/environment/ament_prefix_path.sh
[0.315s] -- Up-to-date symlink: /simulation/ros2_sim_ws/install/navigation_pkg/share/navigation_pkg/environment/ament_prefix_path.dsv
[0.316s] -- Up-to-date symlink: /simulation/ros2_sim_ws/install/navigation_pkg/share/navigation_pkg/environment/path.sh
[0.316s] -- Up-to-date symlink: /simulation/ros2_sim_ws/install/navigation_pkg/share/navigation_pkg/environment/path.dsv
[0.316s] -- Up-to-date symlink: /simulation/ros2_sim_ws/install/navigation_pkg/share/navigation_pkg/local_setup.bash
[0.317s] -- Up-to-date symlink: /simulation/ros2_sim_ws/install/navigation_pkg/share/navigation_pkg/local_setup.sh
[0.317s] -- Up-to-date symlink: /simulation/ros2_sim_ws/install/navigation_pkg/share/navigation_pkg/local_setup.zsh
[0.317s] -- Up-to-date symlink: /simulation/ros2_sim_ws/install/navigation_pkg/share/navigation_pkg/local_setup.dsv
[0.317s] -- Symlinking: /simulation/ros2_sim_ws/install/navigation_pkg/share/navigation_pkg/package.dsv
[0.325s] -- Up-to-date symlink: /simulation/ros2_sim_ws/install/navigation_pkg/share/ament_index/resource_index/packages/navigation_pkg
[0.326s] -- Up-to-date symlink: /simulation/ros2_sim_ws/install/navigation_pkg/share/navigation_pkg/cmake/navigation_pkgConfig.cmake
[0.326s] -- Up-to-date symlink: /simulation/ros2_sim_ws/install/navigation_pkg/share/navigation_pkg/cmake/navigation_pkgConfig-version.cmake
[0.326s] -- Up-to-date symlink: /simulation/ros2_sim_ws/install/navigation_pkg/share/navigation_pkg/package.xml
[0.346s] Invoked command in '/simulation/ros2_sim_ws/build/navigation_pkg' returned '0': CMAKE_PREFIX_PATH=${CMAKE_PREFIX_PATH}:/opt/ros/humble /usr/bin/cmake --install /simulation/ros2_sim_ws/build/navigation_pkg
