[0.016s] Invoking command in '/simulation/build/navigation_pkg': CMAKE_PREFIX_PATH=${CMAKE_PREFIX_PATH}:/opt/ros/humble /usr/bin/cmake --build /simulation/build/navigation_pkg -- -j12 -l12
[0.069s] Invoked command in '/simulation/build/navigation_pkg' returned '0': CMAKE_PREFIX_PATH=${CMAKE_PREFIX_PATH}:/opt/ros/humble /usr/bin/cmake --build /simulation/build/navigation_pkg -- -j12 -l12
[0.070s] Invoking command in '/simulation/build/navigation_pkg': CMAKE_PREFIX_PATH=${CMAKE_PREFIX_PATH}:/opt/ros/humble /usr/bin/cmake --install /simulation/build/navigation_pkg
[0.079s] -- Install configuration: ""
[0.080s] -- Execute custom install script
[0.080s] -- Up-to-date symlink: /simulation/install/navigation_pkg/share/ament_index/resource_index/package_run_dependencies/navigation_pkg
[0.080s] -- Up-to-date symlink: /simulation/install/navigation_pkg/share/ament_index/resource_index/parent_prefix_path/navigation_pkg
[0.081s] -- Up-to-date symlink: /simulation/install/navigation_pkg/share/navigation_pkg/environment/ament_prefix_path.sh
[0.081s] -- Up-to-date symlink: /simulation/install/navigation_pkg/share/navigation_pkg/environment/ament_prefix_path.dsv
[0.081s] -- Up-to-date symlink: /simulation/install/navigation_pkg/share/navigation_pkg/environment/path.sh
[0.081s] -- Up-to-date symlink: /simulation/install/navigation_pkg/share/navigation_pkg/environment/path.dsv
[0.082s] -- Up-to-date symlink: /simulation/install/navigation_pkg/share/navigation_pkg/local_setup.bash
[0.082s] -- Up-to-date symlink: /simulation/install/navigation_pkg/share/navigation_pkg/local_setup.sh
[0.082s] -- Up-to-date symlink: /simulation/install/navigation_pkg/share/navigation_pkg/local_setup.zsh
[0.082s] -- Up-to-date symlink: /simulation/install/navigation_pkg/share/navigation_pkg/local_setup.dsv
[0.082s] -- Symlinking: /simulation/install/navigation_pkg/share/navigation_pkg/package.dsv
[0.092s] -- Up-to-date symlink: /simulation/install/navigation_pkg/share/ament_index/resource_index/packages/navigation_pkg
[0.093s] -- Up-to-date symlink: /simulation/install/navigation_pkg/share/navigation_pkg/cmake/navigation_pkgConfig.cmake
[0.093s] -- Up-to-date symlink: /simulation/install/navigation_pkg/share/navigation_pkg/cmake/navigation_pkgConfig-version.cmake
[0.093s] -- Up-to-date symlink: /simulation/install/navigation_pkg/share/navigation_pkg/package.xml
[0.110s] Invoked command in '/simulation/build/navigation_pkg' returned '0': CMAKE_PREFIX_PATH=${CMAKE_PREFIX_PATH}:/opt/ros/humble /usr/bin/cmake --install /simulation/build/navigation_pkg
