[0.077s] DEBUG:colcon:Command line arguments: ['/usr/bin/colcon', 'build', '--symlink-install']
[0.077s] DEBUG:colcon:Parsed command line arguments: Namespace(log_base=None, log_level=None, verb_name='build', build_base='build', install_base='install', merge_install=False, symlink_install=True, test_result_base=None, continue_on_error=False, executor='parallel', parallel_workers=8, event_handlers=None, ignore_user_meta=False, metas=['./colcon.meta'], base_paths=['.'], packages_ignore=None, packages_ignore_regex=None, paths=None, packages_up_to=None, packages_up_to_regex=None, packages_above=None, packages_above_and_dependencies=None, packages_above_depth=None, packages_select_by_dep=None, packages_skip_by_dep=None, packages_skip_up_to=None, packages_select_build_failed=False, packages_skip_build_finished=False, packages_select_test_failures=False, packages_skip_test_passed=False, packages_select=None, packages_skip=None, packages_select_regex=None, packages_skip_regex=None, packages_start=None, packages_end=None, cmake_args=None, cmake_target=None, cmake_target_skip_unavailable=False, cmake_clean_cache=False, cmake_clean_first=False, cmake_force_configure=False, ament_cmake_args=None, catkin_cmake_args=None, catkin_skip_building_tests=False, mixin_files=None, mixin=None, verb_parser=<colcon_mixin.mixin.mixin_argument.MixinArgumentDecorator object at 0x71fd1e4aeb60>, verb_extension=<colcon_core.verb.build.BuildVerb object at 0x71fd1e5f32b0>, main=<bound method BuildVerb.main of <colcon_core.verb.build.BuildVerb object at 0x71fd1e5f32b0>>, mixin_verb=('build',))
[0.162s] Level 1:colcon.colcon_core.package_discovery:discover_packages(colcon_meta) check parameters
[0.163s] Level 1:colcon.colcon_core.package_discovery:discover_packages(recursive) check parameters
[0.163s] Level 1:colcon.colcon_core.package_discovery:discover_packages(ignore) check parameters
[0.163s] Level 1:colcon.colcon_core.package_discovery:discover_packages(path) check parameters
[0.163s] Level 1:colcon.colcon_core.package_discovery:discover_packages(colcon_meta) discover
[0.163s] Level 1:colcon.colcon_core.package_discovery:discover_packages(recursive) discover
[0.163s] INFO:colcon.colcon_core.package_discovery:Crawling recursively for packages in '/simulation/ros2_sim_ws'
[0.163s] Level 1:colcon.colcon_core.package_identification:_identify(.) by extensions ['ignore', 'ignore_ament_install']
[0.163s] Level 1:colcon.colcon_core.package_identification:_identify(.) by extension 'ignore'
[0.163s] Level 1:colcon.colcon_core.package_identification:_identify(.) by extension 'ignore_ament_install'
[0.163s] Level 1:colcon.colcon_core.package_identification:_identify(.) by extensions ['colcon_pkg']
[0.163s] Level 1:colcon.colcon_core.package_identification:_identify(.) by extension 'colcon_pkg'
[0.163s] Level 1:colcon.colcon_core.package_identification:_identify(.) by extensions ['colcon_meta']
[0.163s] Level 1:colcon.colcon_core.package_identification:_identify(.) by extension 'colcon_meta'
[0.163s] Level 1:colcon.colcon_core.package_identification:_identify(.) by extensions ['ros']
[0.163s] Level 1:colcon.colcon_core.package_identification:_identify(.) by extension 'ros'
[0.172s] Level 1:colcon.colcon_core.package_identification:_identify(.) by extensions ['cmake', 'python']
[0.172s] Level 1:colcon.colcon_core.package_identification:_identify(.) by extension 'cmake'
[0.172s] Level 1:colcon.colcon_core.package_identification:_identify(.) by extension 'python'
[0.172s] Level 1:colcon.colcon_core.package_identification:_identify(.) by extensions ['python_setup_py']
[0.172s] Level 1:colcon.colcon_core.package_identification:_identify(.) by extension 'python_setup_py'
[0.172s] Level 1:colcon.colcon_core.package_identification:_identify(build) by extensions ['ignore', 'ignore_ament_install']
[0.172s] Level 1:colcon.colcon_core.package_identification:_identify(build) by extension 'ignore'
[0.172s] Level 1:colcon.colcon_core.package_identification:_identify(build) ignored
[0.173s] Level 1:colcon.colcon_core.package_identification:_identify(install) by extensions ['ignore', 'ignore_ament_install']
[0.173s] Level 1:colcon.colcon_core.package_identification:_identify(install) by extension 'ignore'
[0.173s] Level 1:colcon.colcon_core.package_identification:_identify(install) ignored
[0.173s] Level 1:colcon.colcon_core.package_identification:_identify(log) by extensions ['ignore', 'ignore_ament_install']
[0.173s] Level 1:colcon.colcon_core.package_identification:_identify(log) by extension 'ignore'
[0.173s] Level 1:colcon.colcon_core.package_identification:_identify(log) ignored
[0.173s] Level 1:colcon.colcon_core.package_identification:_identify(src) by extensions ['ignore', 'ignore_ament_install']
[0.173s] Level 1:colcon.colcon_core.package_identification:_identify(src) by extension 'ignore'
[0.173s] Level 1:colcon.colcon_core.package_identification:_identify(src) by extension 'ignore_ament_install'
[0.173s] Level 1:colcon.colcon_core.package_identification:_identify(src) by extensions ['colcon_pkg']
[0.173s] Level 1:colcon.colcon_core.package_identification:_identify(src) by extension 'colcon_pkg'
[0.173s] Level 1:colcon.colcon_core.package_identification:_identify(src) by extensions ['colcon_meta']
[0.173s] Level 1:colcon.colcon_core.package_identification:_identify(src) by extension 'colcon_meta'
[0.173s] Level 1:colcon.colcon_core.package_identification:_identify(src) by extensions ['ros']
[0.173s] Level 1:colcon.colcon_core.package_identification:_identify(src) by extension 'ros'
[0.173s] Level 1:colcon.colcon_core.package_identification:_identify(src) by extensions ['cmake', 'python']
[0.173s] Level 1:colcon.colcon_core.package_identification:_identify(src) by extension 'cmake'
[0.173s] Level 1:colcon.colcon_core.package_identification:_identify(src) by extension 'python'
[0.174s] Level 1:colcon.colcon_core.package_identification:_identify(src) by extensions ['python_setup_py']
[0.174s] Level 1:colcon.colcon_core.package_identification:_identify(src) by extension 'python_setup_py'
[0.174s] Level 1:colcon.colcon_core.package_identification:_identify(src/learning_package) by extensions ['ignore', 'ignore_ament_install']
[0.174s] Level 1:colcon.colcon_core.package_identification:_identify(src/learning_package) by extension 'ignore'
[0.174s] Level 1:colcon.colcon_core.package_identification:_identify(src/learning_package) by extension 'ignore_ament_install'
[0.174s] Level 1:colcon.colcon_core.package_identification:_identify(src/learning_package) by extensions ['colcon_pkg']
[0.174s] Level 1:colcon.colcon_core.package_identification:_identify(src/learning_package) by extension 'colcon_pkg'
[0.174s] Level 1:colcon.colcon_core.package_identification:_identify(src/learning_package) by extensions ['colcon_meta']
[0.174s] Level 1:colcon.colcon_core.package_identification:_identify(src/learning_package) by extension 'colcon_meta'
[0.174s] Level 1:colcon.colcon_core.package_identification:_identify(src/learning_package) by extensions ['ros']
[0.174s] Level 1:colcon.colcon_core.package_identification:_identify(src/learning_package) by extension 'ros'
[0.176s] DEBUG:colcon.colcon_core.package_identification:Package 'src/learning_package' with type 'ros.ament_cmake' and name 'learning_package'
[0.176s] Level 1:colcon.colcon_core.package_identification:_identify(src/navigation_pkg) by extensions ['ignore', 'ignore_ament_install']
[0.176s] Level 1:colcon.colcon_core.package_identification:_identify(src/navigation_pkg) by extension 'ignore'
[0.176s] Level 1:colcon.colcon_core.package_identification:_identify(src/navigation_pkg) by extension 'ignore_ament_install'
[0.176s] Level 1:colcon.colcon_core.package_identification:_identify(src/navigation_pkg) by extensions ['colcon_pkg']
[0.176s] Level 1:colcon.colcon_core.package_identification:_identify(src/navigation_pkg) by extension 'colcon_pkg'
[0.176s] Level 1:colcon.colcon_core.package_identification:_identify(src/navigation_pkg) by extensions ['colcon_meta']
[0.176s] Level 1:colcon.colcon_core.package_identification:_identify(src/navigation_pkg) by extension 'colcon_meta'
[0.176s] Level 1:colcon.colcon_core.package_identification:_identify(src/navigation_pkg) by extensions ['ros']
[0.176s] Level 1:colcon.colcon_core.package_identification:_identify(src/navigation_pkg) by extension 'ros'
[0.177s] DEBUG:colcon.colcon_core.package_identification:Package 'src/navigation_pkg' with type 'ros.ament_cmake' and name 'navigation_pkg'
[0.177s] Level 1:colcon.colcon_core.package_identification:_identify(src/robot_pkg) by extensions ['ignore', 'ignore_ament_install']
[0.177s] Level 1:colcon.colcon_core.package_identification:_identify(src/robot_pkg) by extension 'ignore'
[0.177s] Level 1:colcon.colcon_core.package_identification:_identify(src/robot_pkg) by extension 'ignore_ament_install'
[0.177s] Level 1:colcon.colcon_core.package_identification:_identify(src/robot_pkg) by extensions ['colcon_pkg']
[0.177s] Level 1:colcon.colcon_core.package_identification:_identify(src/robot_pkg) by extension 'colcon_pkg'
[0.177s] Level 1:colcon.colcon_core.package_identification:_identify(src/robot_pkg) by extensions ['colcon_meta']
[0.177s] Level 1:colcon.colcon_core.package_identification:_identify(src/robot_pkg) by extension 'colcon_meta'
[0.177s] Level 1:colcon.colcon_core.package_identification:_identify(src/robot_pkg) by extensions ['ros']
[0.177s] Level 1:colcon.colcon_core.package_identification:_identify(src/robot_pkg) by extension 'ros'
[0.178s] DEBUG:colcon.colcon_core.package_identification:Package 'src/robot_pkg' with type 'ros.ament_cmake' and name 'robot_pkg'
[0.178s] Level 1:colcon.colcon_core.package_identification:_identify(src/slam_pkg) by extensions ['ignore', 'ignore_ament_install']
[0.178s] Level 1:colcon.colcon_core.package_identification:_identify(src/slam_pkg) by extension 'ignore'
[0.178s] Level 1:colcon.colcon_core.package_identification:_identify(src/slam_pkg) by extension 'ignore_ament_install'
[0.178s] Level 1:colcon.colcon_core.package_identification:_identify(src/slam_pkg) by extensions ['colcon_pkg']
[0.178s] Level 1:colcon.colcon_core.package_identification:_identify(src/slam_pkg) by extension 'colcon_pkg'
[0.178s] Level 1:colcon.colcon_core.package_identification:_identify(src/slam_pkg) by extensions ['colcon_meta']
[0.178s] Level 1:colcon.colcon_core.package_identification:_identify(src/slam_pkg) by extension 'colcon_meta'
[0.178s] Level 1:colcon.colcon_core.package_identification:_identify(src/slam_pkg) by extensions ['ros']
[0.178s] Level 1:colcon.colcon_core.package_identification:_identify(src/slam_pkg) by extension 'ros'
[0.178s] DEBUG:colcon.colcon_core.package_identification:Package 'src/slam_pkg' with type 'ros.ament_cmake' and name 'slam_pkg'
[0.178s] Level 1:colcon.colcon_core.package_discovery:discover_packages(recursive) using defaults
[0.179s] Level 1:colcon.colcon_core.package_discovery:discover_packages(ignore) discover
[0.179s] Level 1:colcon.colcon_core.package_discovery:discover_packages(ignore) using defaults
[0.179s] Level 1:colcon.colcon_core.package_discovery:discover_packages(path) discover
[0.179s] Level 1:colcon.colcon_core.package_discovery:discover_packages(path) using defaults
[0.195s] Level 5:colcon.colcon_core.verb:set package 'learning_package' build argument 'cmake_args' from command line to 'None'
[0.195s] Level 5:colcon.colcon_core.verb:set package 'learning_package' build argument 'cmake_target' from command line to 'None'
[0.195s] Level 5:colcon.colcon_core.verb:set package 'learning_package' build argument 'cmake_target_skip_unavailable' from command line to 'False'
[0.195s] Level 5:colcon.colcon_core.verb:set package 'learning_package' build argument 'cmake_clean_cache' from command line to 'False'
[0.196s] Level 5:colcon.colcon_core.verb:set package 'learning_package' build argument 'cmake_clean_first' from command line to 'False'
[0.196s] Level 5:colcon.colcon_core.verb:set package 'learning_package' build argument 'cmake_force_configure' from command line to 'False'
[0.196s] Level 5:colcon.colcon_core.verb:set package 'learning_package' build argument 'ament_cmake_args' from command line to 'None'
[0.196s] Level 5:colcon.colcon_core.verb:set package 'learning_package' build argument 'catkin_cmake_args' from command line to 'None'
[0.196s] Level 5:colcon.colcon_core.verb:set package 'learning_package' build argument 'catkin_skip_building_tests' from command line to 'False'
[0.196s] DEBUG:colcon.colcon_core.verb:Building package 'learning_package' with the following arguments: {'ament_cmake_args': None, 'build_base': '/simulation/ros2_sim_ws/build/learning_package', 'catkin_cmake_args': None, 'catkin_skip_building_tests': False, 'cmake_args': None, 'cmake_clean_cache': False, 'cmake_clean_first': False, 'cmake_force_configure': False, 'cmake_target': None, 'cmake_target_skip_unavailable': False, 'install_base': '/simulation/ros2_sim_ws/install/learning_package', 'merge_install': False, 'path': '/simulation/ros2_sim_ws/src/learning_package', 'symlink_install': True, 'test_result_base': None}
[0.196s] Level 5:colcon.colcon_core.verb:set package 'navigation_pkg' build argument 'cmake_args' from command line to 'None'
[0.196s] Level 5:colcon.colcon_core.verb:set package 'navigation_pkg' build argument 'cmake_target' from command line to 'None'
[0.196s] Level 5:colcon.colcon_core.verb:set package 'navigation_pkg' build argument 'cmake_target_skip_unavailable' from command line to 'False'
[0.196s] Level 5:colcon.colcon_core.verb:set package 'navigation_pkg' build argument 'cmake_clean_cache' from command line to 'False'
[0.196s] Level 5:colcon.colcon_core.verb:set package 'navigation_pkg' build argument 'cmake_clean_first' from command line to 'False'
[0.196s] Level 5:colcon.colcon_core.verb:set package 'navigation_pkg' build argument 'cmake_force_configure' from command line to 'False'
[0.196s] Level 5:colcon.colcon_core.verb:set package 'navigation_pkg' build argument 'ament_cmake_args' from command line to 'None'
[0.196s] Level 5:colcon.colcon_core.verb:set package 'navigation_pkg' build argument 'catkin_cmake_args' from command line to 'None'
[0.196s] Level 5:colcon.colcon_core.verb:set package 'navigation_pkg' build argument 'catkin_skip_building_tests' from command line to 'False'
[0.196s] DEBUG:colcon.colcon_core.verb:Building package 'navigation_pkg' with the following arguments: {'ament_cmake_args': None, 'build_base': '/simulation/ros2_sim_ws/build/navigation_pkg', 'catkin_cmake_args': None, 'catkin_skip_building_tests': False, 'cmake_args': None, 'cmake_clean_cache': False, 'cmake_clean_first': False, 'cmake_force_configure': False, 'cmake_target': None, 'cmake_target_skip_unavailable': False, 'install_base': '/simulation/ros2_sim_ws/install/navigation_pkg', 'merge_install': False, 'path': '/simulation/ros2_sim_ws/src/navigation_pkg', 'symlink_install': True, 'test_result_base': None}
[0.197s] Level 5:colcon.colcon_core.verb:set package 'robot_pkg' build argument 'cmake_args' from command line to 'None'
[0.197s] Level 5:colcon.colcon_core.verb:set package 'robot_pkg' build argument 'cmake_target' from command line to 'None'
[0.197s] Level 5:colcon.colcon_core.verb:set package 'robot_pkg' build argument 'cmake_target_skip_unavailable' from command line to 'False'
[0.197s] Level 5:colcon.colcon_core.verb:set package 'robot_pkg' build argument 'cmake_clean_cache' from command line to 'False'
[0.197s] Level 5:colcon.colcon_core.verb:set package 'robot_pkg' build argument 'cmake_clean_first' from command line to 'False'
[0.197s] Level 5:colcon.colcon_core.verb:set package 'robot_pkg' build argument 'cmake_force_configure' from command line to 'False'
[0.197s] Level 5:colcon.colcon_core.verb:set package 'robot_pkg' build argument 'ament_cmake_args' from command line to 'None'
[0.197s] Level 5:colcon.colcon_core.verb:set package 'robot_pkg' build argument 'catkin_cmake_args' from command line to 'None'
[0.197s] Level 5:colcon.colcon_core.verb:set package 'robot_pkg' build argument 'catkin_skip_building_tests' from command line to 'False'
[0.197s] DEBUG:colcon.colcon_core.verb:Building package 'robot_pkg' with the following arguments: {'ament_cmake_args': None, 'build_base': '/simulation/ros2_sim_ws/build/robot_pkg', 'catkin_cmake_args': None, 'catkin_skip_building_tests': False, 'cmake_args': None, 'cmake_clean_cache': False, 'cmake_clean_first': False, 'cmake_force_configure': False, 'cmake_target': None, 'cmake_target_skip_unavailable': False, 'install_base': '/simulation/ros2_sim_ws/install/robot_pkg', 'merge_install': False, 'path': '/simulation/ros2_sim_ws/src/robot_pkg', 'symlink_install': True, 'test_result_base': None}
[0.197s] Level 5:colcon.colcon_core.verb:set package 'slam_pkg' build argument 'cmake_args' from command line to 'None'
[0.197s] Level 5:colcon.colcon_core.verb:set package 'slam_pkg' build argument 'cmake_target' from command line to 'None'
[0.197s] Level 5:colcon.colcon_core.verb:set package 'slam_pkg' build argument 'cmake_target_skip_unavailable' from command line to 'False'
[0.197s] Level 5:colcon.colcon_core.verb:set package 'slam_pkg' build argument 'cmake_clean_cache' from command line to 'False'
[0.197s] Level 5:colcon.colcon_core.verb:set package 'slam_pkg' build argument 'cmake_clean_first' from command line to 'False'
[0.197s] Level 5:colcon.colcon_core.verb:set package 'slam_pkg' build argument 'cmake_force_configure' from command line to 'False'
[0.197s] Level 5:colcon.colcon_core.verb:set package 'slam_pkg' build argument 'ament_cmake_args' from command line to 'None'
[0.197s] Level 5:colcon.colcon_core.verb:set package 'slam_pkg' build argument 'catkin_cmake_args' from command line to 'None'
[0.197s] Level 5:colcon.colcon_core.verb:set package 'slam_pkg' build argument 'catkin_skip_building_tests' from command line to 'False'
[0.197s] DEBUG:colcon.colcon_core.verb:Building package 'slam_pkg' with the following arguments: {'ament_cmake_args': None, 'build_base': '/simulation/ros2_sim_ws/build/slam_pkg', 'catkin_cmake_args': None, 'catkin_skip_building_tests': False, 'cmake_args': None, 'cmake_clean_cache': False, 'cmake_clean_first': False, 'cmake_force_configure': False, 'cmake_target': None, 'cmake_target_skip_unavailable': False, 'install_base': '/simulation/ros2_sim_ws/install/slam_pkg', 'merge_install': False, 'path': '/simulation/ros2_sim_ws/src/slam_pkg', 'symlink_install': True, 'test_result_base': None}
[0.197s] INFO:colcon.colcon_core.executor:Executing jobs using 'parallel' executor
[0.198s] DEBUG:colcon.colcon_parallel_executor.executor.parallel:run_until_complete
[0.198s] INFO:colcon.colcon_ros.task.ament_cmake.build:Building ROS package in '/simulation/ros2_sim_ws/src/learning_package' with build type 'ament_cmake'
[0.199s] INFO:colcon.colcon_cmake.task.cmake.build:Building CMake package in '/simulation/ros2_sim_ws/src/learning_package'
[0.200s] INFO:colcon.colcon_core.plugin_system:Skipping extension 'colcon_core.shell.bat': Not used on non-Windows systems
[0.200s] INFO:colcon.colcon_core.shell:Skip shell extension 'powershell' for command environment: Not usable outside of PowerShell
[0.200s] DEBUG:colcon.colcon_core.shell:Skip shell extension 'dsv' for command environment
[0.203s] INFO:colcon.colcon_ros.task.ament_cmake.build:Building ROS package in '/simulation/ros2_sim_ws/src/navigation_pkg' with build type 'ament_cmake'
[0.204s] INFO:colcon.colcon_cmake.task.cmake.build:Building CMake package in '/simulation/ros2_sim_ws/src/navigation_pkg'
[0.204s] INFO:colcon.colcon_core.shell:Skip shell extension 'powershell' for command environment: Not usable outside of PowerShell
[0.204s] DEBUG:colcon.colcon_core.shell:Skip shell extension 'dsv' for command environment
[0.207s] INFO:colcon.colcon_ros.task.ament_cmake.build:Building ROS package in '/simulation/ros2_sim_ws/src/robot_pkg' with build type 'ament_cmake'
[0.207s] INFO:colcon.colcon_cmake.task.cmake.build:Building CMake package in '/simulation/ros2_sim_ws/src/robot_pkg'
[0.207s] INFO:colcon.colcon_core.shell:Skip shell extension 'powershell' for command environment: Not usable outside of PowerShell
[0.208s] DEBUG:colcon.colcon_core.shell:Skip shell extension 'dsv' for command environment
[0.211s] INFO:colcon.colcon_ros.task.ament_cmake.build:Building ROS package in '/simulation/ros2_sim_ws/src/slam_pkg' with build type 'ament_cmake'
[0.211s] INFO:colcon.colcon_cmake.task.cmake.build:Building CMake package in '/simulation/ros2_sim_ws/src/slam_pkg'
[0.212s] INFO:colcon.colcon_core.shell:Skip shell extension 'powershell' for command environment: Not usable outside of PowerShell
[0.212s] DEBUG:colcon.colcon_core.shell:Skip shell extension 'dsv' for command environment
[0.220s] DEBUG:colcon.colcon_core.event_handler.log_command:Invoking command in '/simulation/ros2_sim_ws/build/learning_package': CMAKE_PREFIX_PATH=${CMAKE_PREFIX_PATH}:/opt/ros/humble /usr/bin/cmake --build /simulation/ros2_sim_ws/build/learning_package -- -j8 -l8
[0.223s] DEBUG:colcon.colcon_core.event_handler.log_command:Invoking command in '/simulation/ros2_sim_ws/build/navigation_pkg': CMAKE_PREFIX_PATH=${CMAKE_PREFIX_PATH}:/opt/ros/humble /usr/bin/cmake --build /simulation/ros2_sim_ws/build/navigation_pkg -- -j8 -l8
[0.228s] DEBUG:colcon.colcon_core.event_handler.log_command:Invoking command in '/simulation/ros2_sim_ws/build/robot_pkg': CMAKE_PREFIX_PATH=${CMAKE_PREFIX_PATH}:/opt/ros/humble /usr/bin/cmake --build /simulation/ros2_sim_ws/build/robot_pkg -- -j8 -l8
[0.233s] DEBUG:colcon.colcon_core.event_handler.log_command:Invoking command in '/simulation/ros2_sim_ws/build/slam_pkg': CMAKE_PREFIX_PATH=${CMAKE_PREFIX_PATH}:/opt/ros/humble /usr/bin/cmake --build /simulation/ros2_sim_ws/build/slam_pkg -- -j8 -l8
[0.280s] DEBUG:colcon.colcon_core.event_handler.log_command:Invoked command in '/simulation/ros2_sim_ws/build/learning_package' returned '0': CMAKE_PREFIX_PATH=${CMAKE_PREFIX_PATH}:/opt/ros/humble /usr/bin/cmake --build /simulation/ros2_sim_ws/build/learning_package -- -j8 -l8
[0.291s] DEBUG:colcon.colcon_core.event_handler.log_command:Invoked command in '/simulation/ros2_sim_ws/build/navigation_pkg' returned '0': CMAKE_PREFIX_PATH=${CMAKE_PREFIX_PATH}:/opt/ros/humble /usr/bin/cmake --build /simulation/ros2_sim_ws/build/navigation_pkg -- -j8 -l8
[0.295s] DEBUG:colcon.colcon_core.event_handler.log_command:Invoked command in '/simulation/ros2_sim_ws/build/robot_pkg' returned '0': CMAKE_PREFIX_PATH=${CMAKE_PREFIX_PATH}:/opt/ros/humble /usr/bin/cmake --build /simulation/ros2_sim_ws/build/robot_pkg -- -j8 -l8
[0.302s] DEBUG:colcon.colcon_core.event_handler.log_command:Invoked command in '/simulation/ros2_sim_ws/build/slam_pkg' returned '0': CMAKE_PREFIX_PATH=${CMAKE_PREFIX_PATH}:/opt/ros/humble /usr/bin/cmake --build /simulation/ros2_sim_ws/build/slam_pkg -- -j8 -l8
[0.331s] DEBUG:colcon.colcon_core.event_handler.log_command:Invoking command in '/simulation/ros2_sim_ws/build/navigation_pkg': CMAKE_PREFIX_PATH=${CMAKE_PREFIX_PATH}:/opt/ros/humble /usr/bin/cmake --install /simulation/ros2_sim_ws/build/navigation_pkg
[0.333s] DEBUG:colcon.colcon_core.event_handler.log_command:Invoking command in '/simulation/ros2_sim_ws/build/learning_package': CMAKE_PREFIX_PATH=${CMAKE_PREFIX_PATH}:/opt/ros/humble /usr/bin/cmake --install /simulation/ros2_sim_ws/build/learning_package
[0.334s] DEBUG:colcon.colcon_core.event_handler.log_command:Invoking command in '/simulation/ros2_sim_ws/build/robot_pkg': CMAKE_PREFIX_PATH=${CMAKE_PREFIX_PATH}:/opt/ros/humble /usr/bin/cmake --install /simulation/ros2_sim_ws/build/robot_pkg
[0.335s] DEBUG:colcon.colcon_core.event_handler.log_command:Invoking command in '/simulation/ros2_sim_ws/build/slam_pkg': CMAKE_PREFIX_PATH=${CMAKE_PREFIX_PATH}:/opt/ros/humble /usr/bin/cmake --install /simulation/ros2_sim_ws/build/slam_pkg
[0.353s] Level 1:colcon.colcon_core.environment:create_environment_scripts_only(navigation_pkg)
[0.356s] DEBUG:colcon.colcon_core.event_handler.log_command:Invoked command in '/simulation/ros2_sim_ws/build/navigation_pkg' returned '0': CMAKE_PREFIX_PATH=${CMAKE_PREFIX_PATH}:/opt/ros/humble /usr/bin/cmake --install /simulation/ros2_sim_ws/build/navigation_pkg
[0.358s] Level 1:colcon.colcon_core.environment:checking '/simulation/ros2_sim_ws/install/navigation_pkg' for CMake module files
[0.358s] Level 1:colcon.colcon_core.environment:checking '/simulation/ros2_sim_ws/install/navigation_pkg' for CMake config files
[0.358s] Level 1:colcon.colcon_core.shell:create_environment_hook('navigation_pkg', 'cmake_prefix_path')
[0.359s] INFO:colcon.colcon_core.shell:Creating environment hook '/simulation/ros2_sim_ws/install/navigation_pkg/share/navigation_pkg/hook/cmake_prefix_path.ps1'
[0.359s] INFO:colcon.colcon_core.shell:Creating environment descriptor '/simulation/ros2_sim_ws/install/navigation_pkg/share/navigation_pkg/hook/cmake_prefix_path.dsv'
[0.359s] INFO:colcon.colcon_core.shell:Creating environment hook '/simulation/ros2_sim_ws/install/navigation_pkg/share/navigation_pkg/hook/cmake_prefix_path.sh'
[0.360s] Level 1:colcon.colcon_core.environment:checking '/simulation/ros2_sim_ws/install/navigation_pkg/bin'
[0.360s] Level 1:colcon.colcon_core.environment:checking '/simulation/ros2_sim_ws/install/navigation_pkg/lib/pkgconfig/navigation_pkg.pc'
[0.362s] Level 1:colcon.colcon_core.environment:checking '/simulation/ros2_sim_ws/install/navigation_pkg/lib/python3.10/site-packages'
[0.362s] Level 1:colcon.colcon_core.environment:checking '/simulation/ros2_sim_ws/install/navigation_pkg/bin'
[0.362s] INFO:colcon.colcon_core.shell:Creating package script '/simulation/ros2_sim_ws/install/navigation_pkg/share/navigation_pkg/package.ps1'
[0.362s] INFO:colcon.colcon_core.shell:Creating package descriptor '/simulation/ros2_sim_ws/install/navigation_pkg/share/navigation_pkg/package.dsv'
[0.363s] INFO:colcon.colcon_core.shell:Creating package script '/simulation/ros2_sim_ws/install/navigation_pkg/share/navigation_pkg/package.sh'
[0.363s] INFO:colcon.colcon_core.shell:Creating package script '/simulation/ros2_sim_ws/install/navigation_pkg/share/navigation_pkg/package.bash'
[0.364s] INFO:colcon.colcon_core.shell:Creating package script '/simulation/ros2_sim_ws/install/navigation_pkg/share/navigation_pkg/package.zsh'
[0.364s] Level 1:colcon.colcon_core.environment:create_file_with_runtime_dependencies(/simulation/ros2_sim_ws/install/navigation_pkg/share/colcon-core/packages/navigation_pkg)
[0.366s] Level 1:colcon.colcon_core.environment:create_environment_scripts_only(robot_pkg)
[0.366s] Level 1:colcon.colcon_core.environment:checking '/simulation/ros2_sim_ws/install/robot_pkg' for CMake module files
[0.366s] DEBUG:colcon.colcon_core.event_handler.log_command:Invoked command in '/simulation/ros2_sim_ws/build/robot_pkg' returned '0': CMAKE_PREFIX_PATH=${CMAKE_PREFIX_PATH}:/opt/ros/humble /usr/bin/cmake --install /simulation/ros2_sim_ws/build/robot_pkg
[0.367s] Level 1:colcon.colcon_core.environment:checking '/simulation/ros2_sim_ws/install/robot_pkg' for CMake config files
[0.367s] Level 1:colcon.colcon_core.shell:create_environment_hook('robot_pkg', 'cmake_prefix_path')
[0.367s] INFO:colcon.colcon_core.shell:Creating environment hook '/simulation/ros2_sim_ws/install/robot_pkg/share/robot_pkg/hook/cmake_prefix_path.ps1'
[0.367s] INFO:colcon.colcon_core.shell:Creating environment descriptor '/simulation/ros2_sim_ws/install/robot_pkg/share/robot_pkg/hook/cmake_prefix_path.dsv'
[0.368s] INFO:colcon.colcon_core.shell:Creating environment hook '/simulation/ros2_sim_ws/install/robot_pkg/share/robot_pkg/hook/cmake_prefix_path.sh'
[0.368s] Level 1:colcon.colcon_core.environment:checking '/simulation/ros2_sim_ws/install/robot_pkg/bin'
[0.368s] Level 1:colcon.colcon_core.environment:checking '/simulation/ros2_sim_ws/install/robot_pkg/lib/pkgconfig/robot_pkg.pc'
[0.368s] Level 1:colcon.colcon_core.environment:checking '/simulation/ros2_sim_ws/install/robot_pkg/lib/python3.10/site-packages'
[0.368s] Level 1:colcon.colcon_core.environment:checking '/simulation/ros2_sim_ws/install/robot_pkg/bin'
[0.368s] INFO:colcon.colcon_core.shell:Creating package script '/simulation/ros2_sim_ws/install/robot_pkg/share/robot_pkg/package.ps1'
[0.369s] INFO:colcon.colcon_core.shell:Creating package descriptor '/simulation/ros2_sim_ws/install/robot_pkg/share/robot_pkg/package.dsv'
[0.369s] INFO:colcon.colcon_core.shell:Creating package script '/simulation/ros2_sim_ws/install/robot_pkg/share/robot_pkg/package.sh'
[0.369s] INFO:colcon.colcon_core.shell:Creating package script '/simulation/ros2_sim_ws/install/robot_pkg/share/robot_pkg/package.bash'
[0.370s] INFO:colcon.colcon_core.shell:Creating package script '/simulation/ros2_sim_ws/install/robot_pkg/share/robot_pkg/package.zsh'
[0.370s] Level 1:colcon.colcon_core.environment:create_file_with_runtime_dependencies(/simulation/ros2_sim_ws/install/robot_pkg/share/colcon-core/packages/robot_pkg)
[0.371s] Level 1:colcon.colcon_core.environment:create_environment_scripts_only(learning_package)
[0.371s] Level 1:colcon.colcon_core.environment:checking '/simulation/ros2_sim_ws/install/learning_package' for CMake module files
[0.371s] DEBUG:colcon.colcon_core.event_handler.log_command:Invoked command in '/simulation/ros2_sim_ws/build/learning_package' returned '0': CMAKE_PREFIX_PATH=${CMAKE_PREFIX_PATH}:/opt/ros/humble /usr/bin/cmake --install /simulation/ros2_sim_ws/build/learning_package
[0.371s] Level 1:colcon.colcon_core.environment:checking '/simulation/ros2_sim_ws/install/learning_package' for CMake config files
[0.372s] Level 1:colcon.colcon_core.shell:create_environment_hook('learning_package', 'cmake_prefix_path')
[0.372s] INFO:colcon.colcon_core.shell:Creating environment hook '/simulation/ros2_sim_ws/install/learning_package/share/learning_package/hook/cmake_prefix_path.ps1'
[0.372s] INFO:colcon.colcon_core.shell:Creating environment descriptor '/simulation/ros2_sim_ws/install/learning_package/share/learning_package/hook/cmake_prefix_path.dsv'
[0.373s] INFO:colcon.colcon_core.shell:Creating environment hook '/simulation/ros2_sim_ws/install/learning_package/share/learning_package/hook/cmake_prefix_path.sh'
[0.373s] Level 1:colcon.colcon_core.environment:checking '/simulation/ros2_sim_ws/install/learning_package/bin'
[0.373s] Level 1:colcon.colcon_core.environment:checking '/simulation/ros2_sim_ws/install/learning_package/lib/pkgconfig/learning_package.pc'
[0.373s] Level 1:colcon.colcon_core.environment:checking '/simulation/ros2_sim_ws/install/learning_package/lib/python3.10/site-packages'
[0.373s] Level 1:colcon.colcon_core.environment:checking '/simulation/ros2_sim_ws/install/learning_package/bin'
[0.374s] INFO:colcon.colcon_core.shell:Creating package script '/simulation/ros2_sim_ws/install/learning_package/share/learning_package/package.ps1'
[0.374s] INFO:colcon.colcon_core.shell:Creating package descriptor '/simulation/ros2_sim_ws/install/learning_package/share/learning_package/package.dsv'
[0.374s] INFO:colcon.colcon_core.shell:Creating package script '/simulation/ros2_sim_ws/install/learning_package/share/learning_package/package.sh'
[0.375s] INFO:colcon.colcon_core.shell:Creating package script '/simulation/ros2_sim_ws/install/learning_package/share/learning_package/package.bash'
[0.375s] INFO:colcon.colcon_core.shell:Creating package script '/simulation/ros2_sim_ws/install/learning_package/share/learning_package/package.zsh'
[0.375s] Level 1:colcon.colcon_core.environment:create_file_with_runtime_dependencies(/simulation/ros2_sim_ws/install/learning_package/share/colcon-core/packages/learning_package)
[0.376s] Level 1:colcon.colcon_core.environment:create_environment_scripts_only(slam_pkg)
[0.376s] Level 1:colcon.colcon_core.environment:checking '/simulation/ros2_sim_ws/install/slam_pkg' for CMake module files
[0.377s] DEBUG:colcon.colcon_core.event_handler.log_command:Invoked command in '/simulation/ros2_sim_ws/build/slam_pkg' returned '0': CMAKE_PREFIX_PATH=${CMAKE_PREFIX_PATH}:/opt/ros/humble /usr/bin/cmake --install /simulation/ros2_sim_ws/build/slam_pkg
[0.377s] Level 1:colcon.colcon_core.environment:checking '/simulation/ros2_sim_ws/install/slam_pkg' for CMake config files
[0.378s] Level 1:colcon.colcon_core.shell:create_environment_hook('slam_pkg', 'cmake_prefix_path')
[0.378s] INFO:colcon.colcon_core.shell:Creating environment hook '/simulation/ros2_sim_ws/install/slam_pkg/share/slam_pkg/hook/cmake_prefix_path.ps1'
[0.379s] INFO:colcon.colcon_core.shell:Creating environment descriptor '/simulation/ros2_sim_ws/install/slam_pkg/share/slam_pkg/hook/cmake_prefix_path.dsv'
[0.379s] INFO:colcon.colcon_core.shell:Creating environment hook '/simulation/ros2_sim_ws/install/slam_pkg/share/slam_pkg/hook/cmake_prefix_path.sh'
[0.380s] Level 1:colcon.colcon_core.environment:checking '/simulation/ros2_sim_ws/install/slam_pkg/bin'
[0.380s] Level 1:colcon.colcon_core.environment:checking '/simulation/ros2_sim_ws/install/slam_pkg/lib/pkgconfig/slam_pkg.pc'
[0.380s] Level 1:colcon.colcon_core.environment:checking '/simulation/ros2_sim_ws/install/slam_pkg/lib/python3.10/site-packages'
[0.381s] Level 1:colcon.colcon_core.environment:checking '/simulation/ros2_sim_ws/install/slam_pkg/bin'
[0.381s] INFO:colcon.colcon_core.shell:Creating package script '/simulation/ros2_sim_ws/install/slam_pkg/share/slam_pkg/package.ps1'
[0.382s] INFO:colcon.colcon_core.shell:Creating package descriptor '/simulation/ros2_sim_ws/install/slam_pkg/share/slam_pkg/package.dsv'
[0.383s] INFO:colcon.colcon_core.shell:Creating package script '/simulation/ros2_sim_ws/install/slam_pkg/share/slam_pkg/package.sh'
[0.383s] INFO:colcon.colcon_core.shell:Creating package script '/simulation/ros2_sim_ws/install/slam_pkg/share/slam_pkg/package.bash'
[0.384s] INFO:colcon.colcon_core.shell:Creating package script '/simulation/ros2_sim_ws/install/slam_pkg/share/slam_pkg/package.zsh'
[0.384s] Level 1:colcon.colcon_core.environment:create_file_with_runtime_dependencies(/simulation/ros2_sim_ws/install/slam_pkg/share/colcon-core/packages/slam_pkg)
[0.386s] Level 1:colcon.colcon_core.environment:create_environment_scripts_only(navigation_pkg)
[0.386s] Level 1:colcon.colcon_core.environment:checking '/simulation/ros2_sim_ws/install/navigation_pkg' for CMake module files
[0.386s] Level 1:colcon.colcon_core.environment:checking '/simulation/ros2_sim_ws/install/navigation_pkg' for CMake config files
[0.387s] Level 1:colcon.colcon_core.shell:create_environment_hook('navigation_pkg', 'cmake_prefix_path')
[0.387s] INFO:colcon.colcon_core.shell:Creating environment hook '/simulation/ros2_sim_ws/install/navigation_pkg/share/navigation_pkg/hook/cmake_prefix_path.ps1'
[0.387s] INFO:colcon.colcon_core.shell:Creating environment descriptor '/simulation/ros2_sim_ws/install/navigation_pkg/share/navigation_pkg/hook/cmake_prefix_path.dsv'
[0.388s] INFO:colcon.colcon_core.shell:Creating environment hook '/simulation/ros2_sim_ws/install/navigation_pkg/share/navigation_pkg/hook/cmake_prefix_path.sh'
[0.388s] Level 1:colcon.colcon_core.environment:checking '/simulation/ros2_sim_ws/install/navigation_pkg/bin'
[0.388s] Level 1:colcon.colcon_core.environment:checking '/simulation/ros2_sim_ws/install/navigation_pkg/lib/pkgconfig/navigation_pkg.pc'
[0.389s] Level 1:colcon.colcon_core.environment:checking '/simulation/ros2_sim_ws/install/navigation_pkg/lib/python3.10/site-packages'
[0.389s] Level 1:colcon.colcon_core.environment:checking '/simulation/ros2_sim_ws/install/navigation_pkg/bin'
[0.389s] INFO:colcon.colcon_core.shell:Creating package script '/simulation/ros2_sim_ws/install/navigation_pkg/share/navigation_pkg/package.ps1'
[0.390s] INFO:colcon.colcon_core.shell:Creating package descriptor '/simulation/ros2_sim_ws/install/navigation_pkg/share/navigation_pkg/package.dsv'
[0.390s] INFO:colcon.colcon_core.shell:Creating package script '/simulation/ros2_sim_ws/install/navigation_pkg/share/navigation_pkg/package.sh'
[0.391s] INFO:colcon.colcon_core.shell:Creating package script '/simulation/ros2_sim_ws/install/navigation_pkg/share/navigation_pkg/package.bash'
[0.391s] INFO:colcon.colcon_core.shell:Creating package script '/simulation/ros2_sim_ws/install/navigation_pkg/share/navigation_pkg/package.zsh'
[0.391s] Level 1:colcon.colcon_core.environment:create_file_with_runtime_dependencies(/simulation/ros2_sim_ws/install/navigation_pkg/share/colcon-core/packages/navigation_pkg)
[0.392s] Level 1:colcon.colcon_core.environment:create_environment_scripts_only(robot_pkg)
[0.392s] Level 1:colcon.colcon_core.environment:checking '/simulation/ros2_sim_ws/install/robot_pkg' for CMake module files
[0.393s] Level 1:colcon.colcon_core.environment:checking '/simulation/ros2_sim_ws/install/robot_pkg' for CMake config files
[0.393s] Level 1:colcon.colcon_core.shell:create_environment_hook('robot_pkg', 'cmake_prefix_path')
[0.394s] INFO:colcon.colcon_core.shell:Creating environment hook '/simulation/ros2_sim_ws/install/robot_pkg/share/robot_pkg/hook/cmake_prefix_path.ps1'
[0.394s] INFO:colcon.colcon_core.shell:Creating environment descriptor '/simulation/ros2_sim_ws/install/robot_pkg/share/robot_pkg/hook/cmake_prefix_path.dsv'
[0.394s] INFO:colcon.colcon_core.shell:Creating environment hook '/simulation/ros2_sim_ws/install/robot_pkg/share/robot_pkg/hook/cmake_prefix_path.sh'
[0.395s] Level 1:colcon.colcon_core.environment:checking '/simulation/ros2_sim_ws/install/robot_pkg/bin'
[0.395s] Level 1:colcon.colcon_core.environment:checking '/simulation/ros2_sim_ws/install/robot_pkg/lib/pkgconfig/robot_pkg.pc'
[0.395s] Level 1:colcon.colcon_core.environment:checking '/simulation/ros2_sim_ws/install/robot_pkg/lib/python3.10/site-packages'
[0.395s] Level 1:colcon.colcon_core.environment:checking '/simulation/ros2_sim_ws/install/robot_pkg/bin'
[0.395s] INFO:colcon.colcon_core.shell:Creating package script '/simulation/ros2_sim_ws/install/robot_pkg/share/robot_pkg/package.ps1'
[0.396s] INFO:colcon.colcon_core.shell:Creating package descriptor '/simulation/ros2_sim_ws/install/robot_pkg/share/robot_pkg/package.dsv'
[0.396s] INFO:colcon.colcon_core.shell:Creating package script '/simulation/ros2_sim_ws/install/robot_pkg/share/robot_pkg/package.sh'
[0.397s] INFO:colcon.colcon_core.shell:Creating package script '/simulation/ros2_sim_ws/install/robot_pkg/share/robot_pkg/package.bash'
[0.397s] INFO:colcon.colcon_core.shell:Creating package script '/simulation/ros2_sim_ws/install/robot_pkg/share/robot_pkg/package.zsh'
[0.397s] Level 1:colcon.colcon_core.environment:create_file_with_runtime_dependencies(/simulation/ros2_sim_ws/install/robot_pkg/share/colcon-core/packages/robot_pkg)
[0.398s] Level 1:colcon.colcon_core.environment:create_environment_scripts_only(learning_package)
[0.398s] Level 1:colcon.colcon_core.environment:checking '/simulation/ros2_sim_ws/install/learning_package' for CMake module files
[0.399s] Level 1:colcon.colcon_core.environment:checking '/simulation/ros2_sim_ws/install/learning_package' for CMake config files
[0.399s] Level 1:colcon.colcon_core.shell:create_environment_hook('learning_package', 'cmake_prefix_path')
[0.400s] INFO:colcon.colcon_core.shell:Creating environment hook '/simulation/ros2_sim_ws/install/learning_package/share/learning_package/hook/cmake_prefix_path.ps1'
[0.400s] INFO:colcon.colcon_core.shell:Creating environment descriptor '/simulation/ros2_sim_ws/install/learning_package/share/learning_package/hook/cmake_prefix_path.dsv'
[0.400s] INFO:colcon.colcon_core.shell:Creating environment hook '/simulation/ros2_sim_ws/install/learning_package/share/learning_package/hook/cmake_prefix_path.sh'
[0.401s] Level 1:colcon.colcon_core.environment:checking '/simulation/ros2_sim_ws/install/learning_package/bin'
[0.401s] Level 1:colcon.colcon_core.environment:checking '/simulation/ros2_sim_ws/install/learning_package/lib/pkgconfig/learning_package.pc'
[0.401s] Level 1:colcon.colcon_core.environment:checking '/simulation/ros2_sim_ws/install/learning_package/lib/python3.10/site-packages'
[0.401s] Level 1:colcon.colcon_core.environment:checking '/simulation/ros2_sim_ws/install/learning_package/bin'
[0.401s] INFO:colcon.colcon_core.shell:Creating package script '/simulation/ros2_sim_ws/install/learning_package/share/learning_package/package.ps1'
[0.402s] INFO:colcon.colcon_core.shell:Creating package descriptor '/simulation/ros2_sim_ws/install/learning_package/share/learning_package/package.dsv'
[0.402s] INFO:colcon.colcon_core.shell:Creating package script '/simulation/ros2_sim_ws/install/learning_package/share/learning_package/package.sh'
[0.403s] INFO:colcon.colcon_core.shell:Creating package script '/simulation/ros2_sim_ws/install/learning_package/share/learning_package/package.bash'
[0.403s] INFO:colcon.colcon_core.shell:Creating package script '/simulation/ros2_sim_ws/install/learning_package/share/learning_package/package.zsh'
[0.403s] Level 1:colcon.colcon_core.environment:create_file_with_runtime_dependencies(/simulation/ros2_sim_ws/install/learning_package/share/colcon-core/packages/learning_package)
[0.404s] Level 1:colcon.colcon_core.environment:create_environment_scripts_only(slam_pkg)
[0.404s] Level 1:colcon.colcon_core.environment:checking '/simulation/ros2_sim_ws/install/slam_pkg' for CMake module files
[0.405s] Level 1:colcon.colcon_core.environment:checking '/simulation/ros2_sim_ws/install/slam_pkg' for CMake config files
[0.405s] Level 1:colcon.colcon_core.shell:create_environment_hook('slam_pkg', 'cmake_prefix_path')
[0.405s] INFO:colcon.colcon_core.shell:Creating environment hook '/simulation/ros2_sim_ws/install/slam_pkg/share/slam_pkg/hook/cmake_prefix_path.ps1'
[0.406s] INFO:colcon.colcon_core.shell:Creating environment descriptor '/simulation/ros2_sim_ws/install/slam_pkg/share/slam_pkg/hook/cmake_prefix_path.dsv'
[0.406s] INFO:colcon.colcon_core.shell:Creating environment hook '/simulation/ros2_sim_ws/install/slam_pkg/share/slam_pkg/hook/cmake_prefix_path.sh'
[0.407s] Level 1:colcon.colcon_core.environment:checking '/simulation/ros2_sim_ws/install/slam_pkg/bin'
[0.407s] Level 1:colcon.colcon_core.environment:checking '/simulation/ros2_sim_ws/install/slam_pkg/lib/pkgconfig/slam_pkg.pc'
[0.407s] Level 1:colcon.colcon_core.environment:checking '/simulation/ros2_sim_ws/install/slam_pkg/lib/python3.10/site-packages'
[0.407s] Level 1:colcon.colcon_core.environment:checking '/simulation/ros2_sim_ws/install/slam_pkg/bin'
[0.408s] INFO:colcon.colcon_core.shell:Creating package script '/simulation/ros2_sim_ws/install/slam_pkg/share/slam_pkg/package.ps1'
[0.408s] INFO:colcon.colcon_core.shell:Creating package descriptor '/simulation/ros2_sim_ws/install/slam_pkg/share/slam_pkg/package.dsv'
[0.409s] INFO:colcon.colcon_core.shell:Creating package script '/simulation/ros2_sim_ws/install/slam_pkg/share/slam_pkg/package.sh'
[0.409s] INFO:colcon.colcon_core.shell:Creating package script '/simulation/ros2_sim_ws/install/slam_pkg/share/slam_pkg/package.bash'
[0.410s] INFO:colcon.colcon_core.shell:Creating package script '/simulation/ros2_sim_ws/install/slam_pkg/share/slam_pkg/package.zsh'
[0.410s] Level 1:colcon.colcon_core.environment:create_file_with_runtime_dependencies(/simulation/ros2_sim_ws/install/slam_pkg/share/colcon-core/packages/slam_pkg)
[0.410s] DEBUG:colcon.colcon_parallel_executor.executor.parallel:closing loop
[0.411s] DEBUG:colcon.colcon_parallel_executor.executor.parallel:loop closed
[0.411s] DEBUG:colcon.colcon_parallel_executor.executor.parallel:run_until_complete finished with '0'
[0.411s] DEBUG:colcon.colcon_core.event_reactor:joining thread
[0.417s] INFO:colcon.colcon_core.plugin_system:Skipping extension 'colcon_notification.desktop_notification.notify_send': Could not find 'notify-send'
[0.417s] INFO:colcon.colcon_core.plugin_system:Skipping extension 'colcon_notification.desktop_notification.terminal_notifier': Not used on non-Darwin systems
[0.417s] INFO:colcon.colcon_core.plugin_system:Skipping extension 'colcon_notification.desktop_notification.win32': Not used on non-Windows systems
[0.417s] INFO:colcon.colcon_notification.desktop_notification:Sending desktop notification using 'notify2'
[0.420s] DEBUG:colcon.colcon_notification.desktop_notification.notify2:Failed to initialize notify2: org.freedesktop.DBus.Error.Spawn.ExecFailed: /usr/bin/dbus-launch terminated abnormally without any error message
[0.420s] DEBUG:colcon.colcon_core.event_reactor:joined thread
[0.420s] INFO:colcon.colcon_core.shell:Creating prefix script '/simulation/ros2_sim_ws/install/local_setup.ps1'
[0.422s] INFO:colcon.colcon_core.shell:Creating prefix util module '/simulation/ros2_sim_ws/install/_local_setup_util_ps1.py'
[0.424s] INFO:colcon.colcon_core.shell:Creating prefix chain script '/simulation/ros2_sim_ws/install/setup.ps1'
[0.426s] INFO:colcon.colcon_core.shell:Creating prefix script '/simulation/ros2_sim_ws/install/local_setup.sh'
[0.427s] INFO:colcon.colcon_core.shell:Creating prefix util module '/simulation/ros2_sim_ws/install/_local_setup_util_sh.py'
[0.427s] INFO:colcon.colcon_core.shell:Creating prefix chain script '/simulation/ros2_sim_ws/install/setup.sh'
[0.429s] INFO:colcon.colcon_core.shell:Creating prefix script '/simulation/ros2_sim_ws/install/local_setup.bash'
[0.429s] INFO:colcon.colcon_core.shell:Creating prefix chain script '/simulation/ros2_sim_ws/install/setup.bash'
[0.430s] INFO:colcon.colcon_core.shell:Creating prefix script '/simulation/ros2_sim_ws/install/local_setup.zsh'
[0.431s] INFO:colcon.colcon_core.shell:Creating prefix chain script '/simulation/ros2_sim_ws/install/setup.zsh'
