[0.018s] Invoking command in '/simulation/build/ldlidar_stl_ros2': CMAKE_PREFIX_PATH=/opt/ros/humble /usr/bin/cmake --build /simulation/build/ldlidar_stl_ros2 -- -j12 -l12
[0.094s] [100%] Built target ldlidar_stl_ros2_node
[0.129s] Invoked command in '/simulation/build/ldlidar_stl_ros2' returned '0': CMAKE_PREFIX_PATH=/opt/ros/humble /usr/bin/cmake --build /simulation/build/ldlidar_stl_ros2 -- -j12 -l12
[0.130s] Invoking command in '/simulation/build/ldlidar_stl_ros2': CMAKE_PREFIX_PATH=/opt/ros/humble /usr/bin/cmake --install /simulation/build/ldlidar_stl_ros2
[0.159s] -- Install configuration: ""
[0.160s] -- Execute custom install script
[0.160s] -- Up-to-date symlink: /simulation/install/ldlidar_stl_ros2/lib/ldlidar_stl_ros2/ldlidar_stl_ros2_node
[0.160s] -- Up-to-date symlink: /simulation/install/ldlidar_stl_ros2/share/ldlidar_stl_ros2//launch/ld06.launch.py
[0.160s] -- Up-to-date symlink: /simulation/install/ldlidar_stl_ros2/share/ldlidar_stl_ros2//launch/ld19.launch.py
[0.161s] -- Up-to-date symlink: /simulation/install/ldlidar_stl_ros2/share/ldlidar_stl_ros2//launch/stl27l.launch.py
[0.162s] -- Up-to-date symlink: /simulation/install/ldlidar_stl_ros2/share/ldlidar_stl_ros2//launch/viewer_ld06.launch.py
[0.162s] -- Up-to-date symlink: /simulation/install/ldlidar_stl_ros2/share/ldlidar_stl_ros2//launch/viewer_ld19.launch.py
[0.162s] -- Up-to-date symlink: /simulation/install/ldlidar_stl_ros2/share/ldlidar_stl_ros2//launch/viewer_stl27l.launch.py
[0.163s] -- Up-to-date symlink: /simulation/install/ldlidar_stl_ros2/share/ldlidar_stl_ros2//rviz2/ldlidar.rviz
[0.163s] -- Up-to-date symlink: /simulation/install/ldlidar_stl_ros2/share/ament_index/resource_index/package_run_dependencies/ldlidar_stl_ros2
[0.163s] -- Up-to-date symlink: /simulation/install/ldlidar_stl_ros2/share/ament_index/resource_index/parent_prefix_path/ldlidar_stl_ros2
[0.163s] -- Up-to-date symlink: /simulation/install/ldlidar_stl_ros2/share/ldlidar_stl_ros2/environment/ament_prefix_path.sh
[0.163s] -- Up-to-date symlink: /simulation/install/ldlidar_stl_ros2/share/ldlidar_stl_ros2/environment/ament_prefix_path.dsv
[0.163s] -- Up-to-date symlink: /simulation/install/ldlidar_stl_ros2/share/ldlidar_stl_ros2/environment/path.sh
[0.164s] -- Up-to-date symlink: /simulation/install/ldlidar_stl_ros2/share/ldlidar_stl_ros2/environment/path.dsv
[0.164s] -- Up-to-date symlink: /simulation/install/ldlidar_stl_ros2/share/ldlidar_stl_ros2/local_setup.bash
[0.164s] -- Up-to-date symlink: /simulation/install/ldlidar_stl_ros2/share/ldlidar_stl_ros2/local_setup.sh
[0.164s] -- Up-to-date symlink: /simulation/install/ldlidar_stl_ros2/share/ldlidar_stl_ros2/local_setup.zsh
[0.164s] -- Up-to-date symlink: /simulation/install/ldlidar_stl_ros2/share/ldlidar_stl_ros2/local_setup.dsv
[0.164s] -- Symlinking: /simulation/install/ldlidar_stl_ros2/share/ldlidar_stl_ros2/package.dsv
[0.165s] -- Up-to-date symlink: /simulation/install/ldlidar_stl_ros2/share/ament_index/resource_index/packages/ldlidar_stl_ros2
[0.165s] -- Up-to-date symlink: /simulation/install/ldlidar_stl_ros2/share/ldlidar_stl_ros2/cmake/ldlidar_stl_ros2Config.cmake
[0.165s] -- Up-to-date symlink: /simulation/install/ldlidar_stl_ros2/share/ldlidar_stl_ros2/cmake/ldlidar_stl_ros2Config-version.cmake
[0.165s] -- Up-to-date symlink: /simulation/install/ldlidar_stl_ros2/share/ldlidar_stl_ros2/package.xml
[0.165s] Invoked command in '/simulation/build/ldlidar_stl_ros2' returned '0': CMAKE_PREFIX_PATH=/opt/ros/humble /usr/bin/cmake --install /simulation/build/ldlidar_stl_ros2
