[0.013s] Invoking command in '/simulation/build/robot_pkg': CMAKE_PREFIX_PATH=/opt/ros/humble /usr/bin/cmake --build /simulation/build/robot_pkg -- -j12 -l12
[0.031s] -- Found ament_cmake: 1.3.11 (/opt/ros/humble/share/ament_cmake/cmake)
[0.128s] -- Override CMake install command with custom implementation using symlinks instead of copying resources
[0.135s] -- Found ament_lint_auto: 0.12.11 (/opt/ros/humble/share/ament_lint_auto/cmake)
[0.198s] -- Added test 'flake8' to check Python code syntax and style conventions
[0.198s] -- Added test 'lint_cmake' to check CMake code style
[0.198s] -- Added test 'pep257' to check Python code against some of the docstring style conventions in PEP 257
[0.199s] -- Added test 'xmllint' to check XML markup files
[0.199s] -- Configuring done
[0.201s] -- Generating done
[0.202s] -- Build files have been written to: /simulation/build/robot_pkg
[0.223s] Invoked command in '/simulation/build/robot_pkg' returned '0': CMAKE_PREFIX_PATH=/opt/ros/humble /usr/bin/cmake --build /simulation/build/robot_pkg -- -j12 -l12
[0.224s] Invoking command in '/simulation/build/robot_pkg': CMAKE_PREFIX_PATH=/opt/ros/humble /usr/bin/cmake --install /simulation/build/robot_pkg
[0.230s] -- Install configuration: ""
[0.230s] -- Execute custom install script
[0.230s] -- Up-to-date symlink: /simulation/install/robot_pkg/share/robot_pkg/launch/launch_sim.launch.py
[0.231s] -- Up-to-date symlink: /simulation/install/robot_pkg/share/robot_pkg/launch/robot_urdf.launch.py
[0.231s] -- Up-to-date symlink: /simulation/install/robot_pkg/share/robot_pkg/description/gazebo_control.xacro
[0.231s] -- Up-to-date symlink: /simulation/install/robot_pkg/share/robot_pkg/description/inertial_macros.xacro
[0.231s] -- Up-to-date symlink: /simulation/install/robot_pkg/share/robot_pkg/description/lidar.xacro
[0.231s] -- Up-to-date symlink: /simulation/install/robot_pkg/share/robot_pkg/description/robot.urdf.xacro
[0.232s] -- Up-to-date symlink: /simulation/install/robot_pkg/share/robot_pkg/description/robot_core.xacro
[0.232s] -- Up-to-date symlink: /simulation/install/robot_pkg/share/robot_pkg/config/robot_sim.rviz
[0.232s] -- Up-to-date symlink: /simulation/install/robot_pkg/share/ament_index/resource_index/package_run_dependencies/robot_pkg
[0.232s] -- Up-to-date symlink: /simulation/install/robot_pkg/share/ament_index/resource_index/parent_prefix_path/robot_pkg
[0.233s] -- Up-to-date symlink: /simulation/install/robot_pkg/share/robot_pkg/environment/ament_prefix_path.sh
[0.233s] -- Up-to-date symlink: /simulation/install/robot_pkg/share/robot_pkg/environment/ament_prefix_path.dsv
[0.233s] -- Up-to-date symlink: /simulation/install/robot_pkg/share/robot_pkg/environment/path.sh
[0.233s] -- Up-to-date symlink: /simulation/install/robot_pkg/share/robot_pkg/environment/path.dsv
[0.233s] -- Up-to-date symlink: /simulation/install/robot_pkg/share/robot_pkg/local_setup.bash
[0.233s] -- Up-to-date symlink: /simulation/install/robot_pkg/share/robot_pkg/local_setup.sh
[0.234s] -- Up-to-date symlink: /simulation/install/robot_pkg/share/robot_pkg/local_setup.zsh
[0.234s] -- Up-to-date symlink: /simulation/install/robot_pkg/share/robot_pkg/local_setup.dsv
[0.234s] -- Symlinking: /simulation/install/robot_pkg/share/robot_pkg/package.dsv
[0.242s] -- Up-to-date symlink: /simulation/install/robot_pkg/share/ament_index/resource_index/packages/robot_pkg
[0.242s] -- Up-to-date symlink: /simulation/install/robot_pkg/share/robot_pkg/cmake/robot_pkgConfig.cmake
[0.242s] -- Up-to-date symlink: /simulation/install/robot_pkg/share/robot_pkg/cmake/robot_pkgConfig-version.cmake
[0.242s] -- Up-to-date symlink: /simulation/install/robot_pkg/share/robot_pkg/package.xml
[0.252s] Invoked command in '/simulation/build/robot_pkg' returned '0': CMAKE_PREFIX_PATH=/opt/ros/humble /usr/bin/cmake --install /simulation/build/robot_pkg
