[0.042s] Invoking command in '/simulation/ros2_sim_ws/build/slam_pkg': CMAKE_PREFIX_PATH=${CMAKE_PREFIX_PATH}:/opt/ros/humble /usr/bin/cmake /simulation/ros2_sim_ws/src/slam_pkg -DCMAKE_INSTALL_PREFIX=/simulation/ros2_sim_ws/install/slam_pkg
[0.068s] -- Found ament_cmake: 1.3.10 (/opt/ros/humble/share/ament_cmake/cmake)
[0.312s] -- Override CMake install command with custom implementation using symlinks instead of copying resources
[0.338s] -- Found ament_lint_auto: 0.12.11 (/opt/ros/humble/share/ament_lint_auto/cmake)
[0.565s] -- Added test 'lint_cmake' to check CMake code style
[0.566s] -- Added test 'xmllint' to check XML markup files
[0.567s] -- Configuring done
[0.576s] -- Generating done
[0.580s] -- Build files have been written to: /simulation/ros2_sim_ws/build/slam_pkg
[0.590s] Invoked command in '/simulation/ros2_sim_ws/build/slam_pkg' returned '0': CMAKE_PREFIX_PATH=${CMAKE_PREFIX_PATH}:/opt/ros/humble /usr/bin/cmake /simulation/ros2_sim_ws/src/slam_pkg -DCMAKE_INSTALL_PREFIX=/simulation/ros2_sim_ws/install/slam_pkg
[0.592s] Invoking command in '/simulation/ros2_sim_ws/build/slam_pkg': CMAKE_PREFIX_PATH=${CMAKE_PREFIX_PATH}:/opt/ros/humble /usr/bin/cmake --build /simulation/ros2_sim_ws/build/slam_pkg -- -j8 -l8
[0.681s] Invoked command in '/simulation/ros2_sim_ws/build/slam_pkg' returned '0': CMAKE_PREFIX_PATH=${CMAKE_PREFIX_PATH}:/opt/ros/humble /usr/bin/cmake --build /simulation/ros2_sim_ws/build/slam_pkg -- -j8 -l8
[0.734s] Invoking command in '/simulation/ros2_sim_ws/build/slam_pkg': CMAKE_PREFIX_PATH=${CMAKE_PREFIX_PATH}:/opt/ros/humble /usr/bin/cmake --install /simulation/ros2_sim_ws/build/slam_pkg
[0.751s] -- Install configuration: ""
[0.752s] -- Execute custom install script
[0.753s] -- Up-to-date symlink: /simulation/ros2_sim_ws/install/slam_pkg/share/ament_index/resource_index/package_run_dependencies/slam_pkg
[0.754s] -- Up-to-date symlink: /simulation/ros2_sim_ws/install/slam_pkg/share/ament_index/resource_index/parent_prefix_path/slam_pkg
[0.754s] -- Up-to-date symlink: /simulation/ros2_sim_ws/install/slam_pkg/share/slam_pkg/environment/ament_prefix_path.sh
[0.754s] -- Up-to-date symlink: /simulation/ros2_sim_ws/install/slam_pkg/share/slam_pkg/environment/ament_prefix_path.dsv
[0.755s] -- Up-to-date symlink: /simulation/ros2_sim_ws/install/slam_pkg/share/slam_pkg/environment/path.sh
[0.755s] -- Up-to-date symlink: /simulation/ros2_sim_ws/install/slam_pkg/share/slam_pkg/environment/path.dsv
[0.756s] -- Up-to-date symlink: /simulation/ros2_sim_ws/install/slam_pkg/share/slam_pkg/local_setup.bash
[0.756s] -- Up-to-date symlink: /simulation/ros2_sim_ws/install/slam_pkg/share/slam_pkg/local_setup.sh
[0.756s] -- Up-to-date symlink: /simulation/ros2_sim_ws/install/slam_pkg/share/slam_pkg/local_setup.zsh
[0.757s] -- Up-to-date symlink: /simulation/ros2_sim_ws/install/slam_pkg/share/slam_pkg/local_setup.dsv
[0.757s] -- Symlinking: /simulation/ros2_sim_ws/install/slam_pkg/share/slam_pkg/package.dsv
[0.781s] -- Up-to-date symlink: /simulation/ros2_sim_ws/install/slam_pkg/share/ament_index/resource_index/packages/slam_pkg
[0.781s] -- Up-to-date symlink: /simulation/ros2_sim_ws/install/slam_pkg/share/slam_pkg/cmake/slam_pkgConfig.cmake
[0.781s] -- Up-to-date symlink: /simulation/ros2_sim_ws/install/slam_pkg/share/slam_pkg/cmake/slam_pkgConfig-version.cmake
[0.781s] -- Up-to-date symlink: /simulation/ros2_sim_ws/install/slam_pkg/share/slam_pkg/package.xml
[0.806s] Invoked command in '/simulation/ros2_sim_ws/build/slam_pkg' returned '0': CMAKE_PREFIX_PATH=${CMAKE_PREFIX_PATH}:/opt/ros/humble /usr/bin/cmake --install /simulation/ros2_sim_ws/build/slam_pkg
